<?xml version="1.0" encoding="UTF-8"?>
<testsuite name="SuppliesTest" tests="11" skipped="0" failures="0" errors="0" timestamp="2022-04-04T08:49:41" hostname="bekzat-Lenovo-Legion-Y530-15ICH" time="3.381">
  <properties/>
  <testcase name="testCreateNewSupplies" classname="SuppliesTest" time="0.077"/>
  <testcase name="testDeleteSupplies" classname="SuppliesTest" time="0.067"/>
  <testcase name="testGetSuppliesAll" classname="SuppliesTest" time="0.11"/>
  <testcase name="testGetSuppliesByDate" classname="SuppliesTest" time="0.1"/>
  <testcase name="testGetSuppliesByDateAfter" classname="SuppliesTest" time="0.103"/>
  <testcase name="testGetSuppliesByDateBefore" classname="SuppliesTest" time="0.112"/>
  <testcase name="testGetSuppliesById" classname="SuppliesTest" time="0.066"/>
  <testcase name="testGetSuppliesByStatus" classname="SuppliesTest" time="0.1"/>
  <testcase name="testGetSuppliesByStorePeriod" classname="SuppliesTest" time="1.904"/>
  <testcase name="testGetSuppliesBySupplier" classname="SuppliesTest" time="0.651"/>
  <testcase name="testUpdateSupplies" classname="SuppliesTest" time="0.083"/>
  <system-out><![CDATA[11:49:41.423 [Test worker] DEBUG org.hibernate.engine.transaction.internal.TransactionImpl - On TransactionImpl creation, JpaCompliance#isJpaTransactionComplianceEnabled == false
11:49:41.423 [Test worker] DEBUG org.hibernate.engine.transaction.internal.TransactionImpl - begin
11:49:41.423 [Test worker] DEBUG org.hibernate.engine.spi.ActionQueue - Executing identity-insert immediately
11:49:41.423 [Test worker] DEBUG org.hibernate.SQL - insert into suppliers (address, contact, email, supplier_name) values (?, ?, ?, ?)
Hibernate: insert into suppliers (address, contact, email, supplier_name) values (?, ?, ?, ?)
11:49:41.424 [Test worker] DEBUG org.hibernate.id.IdentifierGeneratorHelper - Natively generated identity: 294
11:49:41.424 [Test worker] DEBUG org.hibernate.resource.jdbc.internal.ResourceRegistryStandardImpl - HHH000387: ResultSet's statement was not registered
11:49:41.424 [Test worker] DEBUG org.hibernate.engine.transaction.internal.TransactionImpl - committing
11:49:41.424 [Test worker] DEBUG org.hibernate.event.internal.AbstractFlushingEventListener - Processing flush-time cascades
11:49:41.424 [Test worker] DEBUG org.hibernate.event.internal.AbstractFlushingEventListener - Dirty checking collections
11:49:41.424 [Test worker] DEBUG org.hibernate.event.internal.AbstractFlushingEventListener - Flushed: 0 insertions, 0 updates, 0 deletions to 1 objects
11:49:41.424 [Test worker] DEBUG org.hibernate.event.internal.AbstractFlushingEventListener - Flushed: 0 (re)creations, 0 updates, 0 removals to 0 collections
11:49:41.424 [Test worker] DEBUG org.hibernate.internal.util.EntityPrinter - Listing entities:
11:49:41.424 [Test worker] DEBUG org.hibernate.internal.util.EntityPrinter - web_prak.java.classes.Suppliers{address=улица Пятницкая, д27, contact=+7 (926) 059-17-93, supplier_name=Казакова Алиса, supplier_id=294, email=wokker0@infoseek.co.jp}
11:49:41.439 [Test worker] DEBUG org.hibernate.resource.jdbc.internal.LogicalConnectionManagedImpl - Initiating JDBC connection release from afterTransaction
11:49:41.439 [Test worker] DEBUG org.hibernate.resource.jdbc.internal.LogicalConnectionManagedImpl - Initiating JDBC connection release from afterTransaction
11:49:41.440 [Test worker] DEBUG org.hibernate.engine.transaction.internal.TransactionImpl - On TransactionImpl creation, JpaCompliance#isJpaTransactionComplianceEnabled == false
11:49:41.440 [Test worker] DEBUG org.hibernate.engine.transaction.internal.TransactionImpl - begin
11:49:41.440 [Test worker] DEBUG org.hibernate.engine.spi.ActionQueue - Executing identity-insert immediately
11:49:41.440 [Test worker] DEBUG org.hibernate.SQL - insert into supplies (data_supply, status, store_period, supplier_id) values (?, ?, ?, ?)
Hibernate: insert into supplies (data_supply, status, store_period, supplier_id) values (?, ?, ?, ?)
11:49:41.442 [Test worker] DEBUG org.hibernate.id.IdentifierGeneratorHelper - Natively generated identity: 277
11:49:41.442 [Test worker] DEBUG org.hibernate.resource.jdbc.internal.ResourceRegistryStandardImpl - HHH000387: ResultSet's statement was not registered
11:49:41.442 [Test worker] DEBUG org.hibernate.engine.transaction.internal.TransactionImpl - committing
11:49:41.442 [Test worker] DEBUG org.hibernate.event.internal.AbstractFlushingEventListener - Processing flush-time cascades
11:49:41.442 [Test worker] DEBUG org.hibernate.event.internal.AbstractFlushingEventListener - Dirty checking collections
11:49:41.442 [Test worker] DEBUG org.hibernate.event.internal.AbstractFlushingEventListener - Flushed: 0 insertions, 0 updates, 0 deletions to 1 objects
11:49:41.442 [Test worker] DEBUG org.hibernate.event.internal.AbstractFlushingEventListener - Flushed: 0 (re)creations, 0 updates, 0 removals to 0 collections
11:49:41.442 [Test worker] DEBUG org.hibernate.internal.util.EntityPrinter - Listing entities:
11:49:41.443 [Test worker] DEBUG org.hibernate.internal.util.EntityPrinter - web_prak.java.classes.Supplies{supply_id=277, data_supply=2022-01-05, store_period=120, supplier_id=web_prak.java.classes.Suppliers#294, status=в процессе}
11:49:41.455 [Test worker] DEBUG org.hibernate.resource.jdbc.internal.LogicalConnectionManagedImpl - Initiating JDBC connection release from afterTransaction
11:49:41.455 [Test worker] DEBUG org.hibernate.resource.jdbc.internal.LogicalConnectionManagedImpl - Initiating JDBC connection release from afterTransaction
11:49:41.456 [Test worker] DEBUG org.hibernate.SQL - select supplies0_.supply_id as supply_i1_6_0_, supplies0_.data_supply as data_sup2_6_0_, supplies0_.status as status3_6_0_, supplies0_.store_period as store_pe4_6_0_, supplies0_.supplier_id as supplier5_6_0_, suppliers1_.supplier_id as supplier1_5_1_, suppliers1_.address as address2_5_1_, suppliers1_.contact as contact3_5_1_, suppliers1_.email as email4_5_1_, suppliers1_.supplier_name as supplier5_5_1_ from supplies supplies0_ left outer join suppliers suppliers1_ on supplies0_.supplier_id=suppliers1_.supplier_id where supplies0_.supply_id=?
Hibernate: select supplies0_.supply_id as supply_i1_6_0_, supplies0_.data_supply as data_sup2_6_0_, supplies0_.status as status3_6_0_, supplies0_.store_period as store_pe4_6_0_, supplies0_.supplier_id as supplier5_6_0_, suppliers1_.supplier_id as supplier1_5_1_, suppliers1_.address as address2_5_1_, suppliers1_.contact as contact3_5_1_, suppliers1_.email as email4_5_1_, suppliers1_.supplier_name as supplier5_5_1_ from supplies supplies0_ left outer join suppliers suppliers1_ on supplies0_.supplier_id=suppliers1_.supplier_id where supplies0_.supply_id=?
11:49:41.458 [Test worker] DEBUG org.hibernate.loader.plan.exec.process.internal.EntityReferenceInitializerImpl - On call to EntityIdentifierReaderImpl#resolve, EntityKey was already known; should only happen on root returns with an optional identifier specified
11:49:41.458 [Test worker] DEBUG org.hibernate.engine.internal.TwoPhaseLoad - Resolving attributes for [web_prak.java.classes.Supplies#277]
11:49:41.458 [Test worker] DEBUG org.hibernate.engine.internal.TwoPhaseLoad - Processing attribute `data_supply` : value = 2022-01-05
11:49:41.458 [Test worker] DEBUG org.hibernate.engine.internal.TwoPhaseLoad - Attribute (`data_supply`)  - enhanced for lazy-loading? - false
11:49:41.458 [Test worker] DEBUG org.hibernate.engine.internal.TwoPhaseLoad - Processing attribute `status` : value = в процессе
11:49:41.458 [Test worker] DEBUG org.hibernate.engine.internal.TwoPhaseLoad - Attribute (`status`)  - enhanced for lazy-loading? - false
11:49:41.458 [Test worker] DEBUG org.hibernate.engine.internal.TwoPhaseLoad - Processing attribute `store_period` : value = 120
11:49:41.458 [Test worker] DEBUG org.hibernate.engine.internal.TwoPhaseLoad - Attribute (`store_period`)  - enhanced for lazy-loading? - false
11:49:41.458 [Test worker] DEBUG org.hibernate.engine.internal.TwoPhaseLoad - Processing attribute `supplier_id` : value = 294
11:49:41.458 [Test worker] DEBUG org.hibernate.engine.internal.TwoPhaseLoad - Attribute (`supplier_id`)  - enhanced for lazy-loading? - false
11:49:41.459 [Test worker] DEBUG org.hibernate.engine.internal.TwoPhaseLoad - Done materializing entity [web_prak.java.classes.Supplies#277]
11:49:41.459 [Test worker] DEBUG org.hibernate.engine.internal.TwoPhaseLoad - Resolving attributes for [web_prak.java.classes.Suppliers#294]
11:49:41.459 [Test worker] DEBUG org.hibernate.engine.internal.TwoPhaseLoad - Processing attribute `address` : value = улица Пятницкая, д27
11:49:41.459 [Test worker] DEBUG org.hibernate.engine.internal.TwoPhaseLoad - Attribute (`address`)  - enhanced for lazy-loading? - false
11:49:41.459 [Test worker] DEBUG org.hibernate.engine.internal.TwoPhaseLoad - Processing attribute `contact` : value = +7 (926) 059-17-93
11:49:41.459 [Test worker] DEBUG org.hibernate.engine.internal.TwoPhaseLoad - Attribute (`contact`)  - enhanced for lazy-loading? - false
11:49:41.459 [Test worker] DEBUG org.hibernate.engine.internal.TwoPhaseLoad - Processing attribute `email` : value = wokker0@infoseek.co.jp
11:49:41.459 [Test worker] DEBUG org.hibernate.engine.internal.TwoPhaseLoad - Attribute (`email`)  - enhanced for lazy-loading? - false
11:49:41.459 [Test worker] DEBUG org.hibernate.engine.internal.TwoPhaseLoad - Processing attribute `supplier_name` : value = Казакова Алиса
11:49:41.459 [Test worker] DEBUG org.hibernate.engine.internal.TwoPhaseLoad - Attribute (`supplier_name`)  - enhanced for lazy-loading? - false
11:49:41.459 [Test worker] DEBUG org.hibernate.engine.internal.TwoPhaseLoad - Done materializing entity [web_prak.java.classes.Suppliers#294]
11:49:41.459 [Test worker] DEBUG org.hibernate.loader.entity.plan.AbstractLoadPlanBasedEntityLoader - Done entity load : web_prak.java.classes.Supplies#277
11:49:41.459 [Test worker] DEBUG org.hibernate.resource.jdbc.internal.LogicalConnectionManagedImpl - Initiating JDBC connection release from afterTransaction
11:49:41.460 [Test worker] DEBUG org.hibernate.engine.transaction.internal.TransactionImpl - On TransactionImpl creation, JpaCompliance#isJpaTransactionComplianceEnabled == false
11:49:41.460 [Test worker] DEBUG org.hibernate.engine.transaction.internal.TransactionImpl - begin
11:49:41.460 [Test worker] DEBUG org.hibernate.engine.transaction.internal.TransactionImpl - committing
11:49:41.460 [Test worker] DEBUG org.hibernate.event.internal.AbstractFlushingEventListener - Processing flush-time cascades
11:49:41.460 [Test worker] DEBUG org.hibernate.event.internal.AbstractFlushingEventListener - Dirty checking collections
11:49:41.461 [Test worker] DEBUG org.hibernate.event.internal.AbstractFlushingEventListener - Flushed: 0 insertions, 0 updates, 1 deletions to 1 objects
11:49:41.461 [Test worker] DEBUG org.hibernate.event.internal.AbstractFlushingEventListener - Flushed: 0 (re)creations, 0 updates, 0 removals to 0 collections
11:49:41.461 [Test worker] DEBUG org.hibernate.internal.util.EntityPrinter - Listing entities:
11:49:41.461 [Test worker] DEBUG org.hibernate.internal.util.EntityPrinter - web_prak.java.classes.Supplies{supply_id=277, data_supply=2022-01-05, store_period=120, supplier_id=web_prak.java.classes.Suppliers#294, status=в процессе}
11:49:41.461 [Test worker] DEBUG org.hibernate.SQL - delete from supplies where supply_id=?
Hibernate: delete from supplies where supply_id=?
11:49:41.484 [Test worker] DEBUG org.hibernate.resource.jdbc.internal.LogicalConnectionManagedImpl - Initiating JDBC connection release from afterTransaction
11:49:41.484 [Test worker] DEBUG org.hibernate.resource.jdbc.internal.LogicalConnectionManagedImpl - Initiating JDBC connection release from afterTransaction
11:49:41.484 [Test worker] DEBUG org.hibernate.engine.jdbc.internal.JdbcCoordinatorImpl - HHH000420: Closing un-released batch
11:49:41.484 [Test worker] DEBUG org.hibernate.engine.transaction.internal.TransactionImpl - On TransactionImpl creation, JpaCompliance#isJpaTransactionComplianceEnabled == false
11:49:41.484 [Test worker] DEBUG org.hibernate.engine.transaction.internal.TransactionImpl - begin
11:49:41.485 [Test worker] DEBUG org.hibernate.engine.transaction.internal.TransactionImpl - committing
11:49:41.485 [Test worker] DEBUG org.hibernate.event.internal.AbstractFlushingEventListener - Processing flush-time cascades
11:49:41.485 [Test worker] DEBUG org.hibernate.event.internal.AbstractFlushingEventListener - Dirty checking collections
11:49:41.485 [Test worker] DEBUG org.hibernate.event.internal.AbstractFlushingEventListener - Flushed: 0 insertions, 0 updates, 1 deletions to 1 objects
11:49:41.485 [Test worker] DEBUG org.hibernate.event.internal.AbstractFlushingEventListener - Flushed: 0 (re)creations, 0 updates, 0 removals to 0 collections
11:49:41.485 [Test worker] DEBUG org.hibernate.internal.util.EntityPrinter - Listing entities:
11:49:41.485 [Test worker] DEBUG org.hibernate.internal.util.EntityPrinter - web_prak.java.classes.Suppliers{address=улица Пятницкая, д27, contact=+7 (926) 059-17-93, supplier_name=Казакова Алиса, supplier_id=294, email=wokker0@infoseek.co.jp}
11:49:41.485 [Test worker] DEBUG org.hibernate.SQL - delete from suppliers where supplier_id=?
Hibernate: delete from suppliers where supplier_id=?
11:49:41.500 [Test worker] DEBUG org.hibernate.resource.jdbc.internal.LogicalConnectionManagedImpl - Initiating JDBC connection release from afterTransaction
11:49:41.500 [Test worker] DEBUG org.hibernate.resource.jdbc.internal.LogicalConnectionManagedImpl - Initiating JDBC connection release from afterTransaction
11:49:41.500 [Test worker] DEBUG org.hibernate.engine.jdbc.internal.JdbcCoordinatorImpl - HHH000420: Closing un-released batch
11:49:41.501 [Test worker] DEBUG org.hibernate.engine.transaction.internal.TransactionImpl - On TransactionImpl creation, JpaCompliance#isJpaTransactionComplianceEnabled == false
11:49:41.501 [Test worker] DEBUG org.hibernate.engine.transaction.internal.TransactionImpl - begin
11:49:41.502 [Test worker] DEBUG org.hibernate.engine.spi.ActionQueue - Executing identity-insert immediately
11:49:41.502 [Test worker] DEBUG org.hibernate.SQL - insert into suppliers (address, contact, email, supplier_name) values (?, ?, ?, ?)
Hibernate: insert into suppliers (address, contact, email, supplier_name) values (?, ?, ?, ?)
11:49:41.503 [Test worker] DEBUG org.hibernate.id.IdentifierGeneratorHelper - Natively generated identity: 295
11:49:41.503 [Test worker] DEBUG org.hibernate.resource.jdbc.internal.ResourceRegistryStandardImpl - HHH000387: ResultSet's statement was not registered
11:49:41.503 [Test worker] DEBUG org.hibernate.engine.transaction.internal.TransactionImpl - committing
11:49:41.503 [Test worker] DEBUG org.hibernate.event.internal.AbstractFlushingEventListener - Processing flush-time cascades
11:49:41.503 [Test worker] DEBUG org.hibernate.event.internal.AbstractFlushingEventListener - Dirty checking collections
11:49:41.503 [Test worker] DEBUG org.hibernate.event.internal.AbstractFlushingEventListener - Flushed: 0 insertions, 0 updates, 0 deletions to 1 objects
11:49:41.503 [Test worker] DEBUG org.hibernate.event.internal.AbstractFlushingEventListener - Flushed: 0 (re)creations, 0 updates, 0 removals to 0 collections
11:49:41.503 [Test worker] DEBUG org.hibernate.internal.util.EntityPrinter - Listing entities:
11:49:41.503 [Test worker] DEBUG org.hibernate.internal.util.EntityPrinter - web_prak.java.classes.Suppliers{address=улица Пятницкая, д27, contact=+7 (926) 059-17-93, supplier_name=Казакова Алиса, supplier_id=295, email=wokker0@infoseek.co.jp}
11:49:41.517 [Test worker] DEBUG org.hibernate.resource.jdbc.internal.LogicalConnectionManagedImpl - Initiating JDBC connection release from afterTransaction
11:49:41.517 [Test worker] DEBUG org.hibernate.resource.jdbc.internal.LogicalConnectionManagedImpl - Initiating JDBC connection release from afterTransaction
11:49:41.517 [Test worker] DEBUG org.hibernate.engine.transaction.internal.TransactionImpl - On TransactionImpl creation, JpaCompliance#isJpaTransactionComplianceEnabled == false
11:49:41.517 [Test worker] DEBUG org.hibernate.engine.transaction.internal.TransactionImpl - begin
11:49:41.517 [Test worker] DEBUG org.hibernate.engine.spi.ActionQueue - Executing identity-insert immediately
11:49:41.517 [Test worker] DEBUG org.hibernate.SQL - insert into supplies (data_supply, status, store_period, supplier_id) values (?, ?, ?, ?)
Hibernate: insert into supplies (data_supply, status, store_period, supplier_id) values (?, ?, ?, ?)
11:49:41.518 [Test worker] DEBUG org.hibernate.id.IdentifierGeneratorHelper - Natively generated identity: 278
11:49:41.518 [Test worker] DEBUG org.hibernate.resource.jdbc.internal.ResourceRegistryStandardImpl - HHH000387: ResultSet's statement was not registered
11:49:41.519 [Test worker] DEBUG org.hibernate.engine.transaction.internal.TransactionImpl - committing
11:49:41.519 [Test worker] DEBUG org.hibernate.event.internal.AbstractFlushingEventListener - Processing flush-time cascades
11:49:41.519 [Test worker] DEBUG org.hibernate.event.internal.AbstractFlushingEventListener - Dirty checking collections
11:49:41.519 [Test worker] DEBUG org.hibernate.event.internal.AbstractFlushingEventListener - Flushed: 0 insertions, 0 updates, 0 deletions to 1 objects
11:49:41.519 [Test worker] DEBUG org.hibernate.event.internal.AbstractFlushingEventListener - Flushed: 0 (re)creations, 0 updates, 0 removals to 0 collections
11:49:41.519 [Test worker] DEBUG org.hibernate.internal.util.EntityPrinter - Listing entities:
11:49:41.519 [Test worker] DEBUG org.hibernate.internal.util.EntityPrinter - web_prak.java.classes.Supplies{supply_id=278, data_supply=2022-01-05, store_period=120, supplier_id=web_prak.java.classes.Suppliers#295, status=в процессе}
11:49:41.533 [Test worker] DEBUG org.hibernate.resource.jdbc.internal.LogicalConnectionManagedImpl - Initiating JDBC connection release from afterTransaction
11:49:41.533 [Test worker] DEBUG org.hibernate.resource.jdbc.internal.LogicalConnectionManagedImpl - Initiating JDBC connection release from afterTransaction
11:49:41.534 [Test worker] DEBUG org.hibernate.SQL - select supplies0_.supply_id as supply_i1_6_0_, supplies0_.data_supply as data_sup2_6_0_, supplies0_.status as status3_6_0_, supplies0_.store_period as store_pe4_6_0_, supplies0_.supplier_id as supplier5_6_0_, suppliers1_.supplier_id as supplier1_5_1_, suppliers1_.address as address2_5_1_, suppliers1_.contact as contact3_5_1_, suppliers1_.email as email4_5_1_, suppliers1_.supplier_name as supplier5_5_1_ from supplies supplies0_ left outer join suppliers suppliers1_ on supplies0_.supplier_id=suppliers1_.supplier_id where supplies0_.supply_id=?
Hibernate: select supplies0_.supply_id as supply_i1_6_0_, supplies0_.data_supply as data_sup2_6_0_, supplies0_.status as status3_6_0_, supplies0_.store_period as store_pe4_6_0_, supplies0_.supplier_id as supplier5_6_0_, suppliers1_.supplier_id as supplier1_5_1_, suppliers1_.address as address2_5_1_, suppliers1_.contact as contact3_5_1_, suppliers1_.email as email4_5_1_, suppliers1_.supplier_name as supplier5_5_1_ from supplies supplies0_ left outer join suppliers suppliers1_ on supplies0_.supplier_id=suppliers1_.supplier_id where supplies0_.supply_id=?
11:49:41.534 [Test worker] DEBUG org.hibernate.loader.plan.exec.process.internal.EntityReferenceInitializerImpl - On call to EntityIdentifierReaderImpl#resolve, EntityKey was already known; should only happen on root returns with an optional identifier specified
11:49:41.535 [Test worker] DEBUG org.hibernate.engine.internal.TwoPhaseLoad - Resolving attributes for [web_prak.java.classes.Supplies#278]
11:49:41.535 [Test worker] DEBUG org.hibernate.engine.internal.TwoPhaseLoad - Processing attribute `data_supply` : value = 2022-01-05
11:49:41.535 [Test worker] DEBUG org.hibernate.engine.internal.TwoPhaseLoad - Attribute (`data_supply`)  - enhanced for lazy-loading? - false
11:49:41.535 [Test worker] DEBUG org.hibernate.engine.internal.TwoPhaseLoad - Processing attribute `status` : value = в процессе
11:49:41.535 [Test worker] DEBUG org.hibernate.engine.internal.TwoPhaseLoad - Attribute (`status`)  - enhanced for lazy-loading? - false
11:49:41.535 [Test worker] DEBUG org.hibernate.engine.internal.TwoPhaseLoad - Processing attribute `store_period` : value = 120
11:49:41.535 [Test worker] DEBUG org.hibernate.engine.internal.TwoPhaseLoad - Attribute (`store_period`)  - enhanced for lazy-loading? - false
11:49:41.535 [Test worker] DEBUG org.hibernate.engine.internal.TwoPhaseLoad - Processing attribute `supplier_id` : value = 295
11:49:41.535 [Test worker] DEBUG org.hibernate.engine.internal.TwoPhaseLoad - Attribute (`supplier_id`)  - enhanced for lazy-loading? - false
11:49:41.535 [Test worker] DEBUG org.hibernate.engine.internal.TwoPhaseLoad - Done materializing entity [web_prak.java.classes.Supplies#278]
11:49:41.535 [Test worker] DEBUG org.hibernate.engine.internal.TwoPhaseLoad - Resolving attributes for [web_prak.java.classes.Suppliers#295]
11:49:41.535 [Test worker] DEBUG org.hibernate.engine.internal.TwoPhaseLoad - Processing attribute `address` : value = улица Пятницкая, д27
11:49:41.535 [Test worker] DEBUG org.hibernate.engine.internal.TwoPhaseLoad - Attribute (`address`)  - enhanced for lazy-loading? - false
11:49:41.535 [Test worker] DEBUG org.hibernate.engine.internal.TwoPhaseLoad - Processing attribute `contact` : value = +7 (926) 059-17-93
11:49:41.535 [Test worker] DEBUG org.hibernate.engine.internal.TwoPhaseLoad - Attribute (`contact`)  - enhanced for lazy-loading? - false
11:49:41.535 [Test worker] DEBUG org.hibernate.engine.internal.TwoPhaseLoad - Processing attribute `email` : value = wokker0@infoseek.co.jp
11:49:41.535 [Test worker] DEBUG org.hibernate.engine.internal.TwoPhaseLoad - Attribute (`email`)  - enhanced for lazy-loading? - false
11:49:41.535 [Test worker] DEBUG org.hibernate.engine.internal.TwoPhaseLoad - Processing attribute `supplier_name` : value = Казакова Алиса
11:49:41.535 [Test worker] DEBUG org.hibernate.engine.internal.TwoPhaseLoad - Attribute (`supplier_name`)  - enhanced for lazy-loading? - false
11:49:41.535 [Test worker] DEBUG org.hibernate.engine.internal.TwoPhaseLoad - Done materializing entity [web_prak.java.classes.Suppliers#295]
11:49:41.535 [Test worker] DEBUG org.hibernate.loader.entity.plan.AbstractLoadPlanBasedEntityLoader - Done entity load : web_prak.java.classes.Supplies#278
11:49:41.535 [Test worker] DEBUG org.hibernate.resource.jdbc.internal.LogicalConnectionManagedImpl - Initiating JDBC connection release from afterTransaction
11:49:41.535 [Test worker] DEBUG org.hibernate.engine.transaction.internal.TransactionImpl - On TransactionImpl creation, JpaCompliance#isJpaTransactionComplianceEnabled == false
11:49:41.535 [Test worker] DEBUG org.hibernate.engine.transaction.internal.TransactionImpl - begin
11:49:41.535 [Test worker] DEBUG org.hibernate.engine.transaction.internal.TransactionImpl - committing
11:49:41.535 [Test worker] DEBUG org.hibernate.event.internal.AbstractFlushingEventListener - Processing flush-time cascades
11:49:41.535 [Test worker] DEBUG org.hibernate.event.internal.AbstractFlushingEventListener - Dirty checking collections
11:49:41.535 [Test worker] DEBUG org.hibernate.event.internal.AbstractFlushingEventListener - Flushed: 0 insertions, 0 updates, 1 deletions to 1 objects
11:49:41.535 [Test worker] DEBUG org.hibernate.event.internal.AbstractFlushingEventListener - Flushed: 0 (re)creations, 0 updates, 0 removals to 0 collections
11:49:41.535 [Test worker] DEBUG org.hibernate.internal.util.EntityPrinter - Listing entities:
11:49:41.535 [Test worker] DEBUG org.hibernate.internal.util.EntityPrinter - web_prak.java.classes.Supplies{supply_id=278, data_supply=2022-01-05, store_period=120, supplier_id=web_prak.java.classes.Suppliers#295, status=в процессе}
11:49:41.536 [Test worker] DEBUG org.hibernate.SQL - delete from supplies where supply_id=?
Hibernate: delete from supplies where supply_id=?
11:49:41.551 [Test worker] DEBUG org.hibernate.resource.jdbc.internal.LogicalConnectionManagedImpl - Initiating JDBC connection release from afterTransaction
11:49:41.551 [Test worker] DEBUG org.hibernate.resource.jdbc.internal.LogicalConnectionManagedImpl - Initiating JDBC connection release from afterTransaction
11:49:41.551 [Test worker] DEBUG org.hibernate.engine.jdbc.internal.JdbcCoordinatorImpl - HHH000420: Closing un-released batch
11:49:41.551 [Test worker] DEBUG org.hibernate.engine.transaction.internal.TransactionImpl - On TransactionImpl creation, JpaCompliance#isJpaTransactionComplianceEnabled == false
11:49:41.551 [Test worker] DEBUG org.hibernate.engine.transaction.internal.TransactionImpl - begin
11:49:41.551 [Test worker] DEBUG org.hibernate.engine.transaction.internal.TransactionImpl - committing
11:49:41.551 [Test worker] DEBUG org.hibernate.event.internal.AbstractFlushingEventListener - Processing flush-time cascades
11:49:41.551 [Test worker] DEBUG org.hibernate.event.internal.AbstractFlushingEventListener - Dirty checking collections
11:49:41.551 [Test worker] DEBUG org.hibernate.event.internal.AbstractFlushingEventListener - Flushed: 0 insertions, 0 updates, 1 deletions to 1 objects
11:49:41.551 [Test worker] DEBUG org.hibernate.event.internal.AbstractFlushingEventListener - Flushed: 0 (re)creations, 0 updates, 0 removals to 0 collections
11:49:41.551 [Test worker] DEBUG org.hibernate.internal.util.EntityPrinter - Listing entities:
11:49:41.551 [Test worker] DEBUG org.hibernate.internal.util.EntityPrinter - web_prak.java.classes.Suppliers{address=улица Пятницкая, д27, contact=+7 (926) 059-17-93, supplier_name=Казакова Алиса, supplier_id=295, email=wokker0@infoseek.co.jp}
11:49:41.551 [Test worker] DEBUG org.hibernate.SQL - delete from suppliers where supplier_id=?
Hibernate: delete from suppliers where supplier_id=?
11:49:41.567 [Test worker] DEBUG org.hibernate.resource.jdbc.internal.LogicalConnectionManagedImpl - Initiating JDBC connection release from afterTransaction
11:49:41.567 [Test worker] DEBUG org.hibernate.resource.jdbc.internal.LogicalConnectionManagedImpl - Initiating JDBC connection release from afterTransaction
11:49:41.567 [Test worker] DEBUG org.hibernate.engine.jdbc.internal.JdbcCoordinatorImpl - HHH000420: Closing un-released batch
11:49:41.567 [Test worker] DEBUG org.hibernate.SQL - select supplies0_.supply_id as supply_i1_6_0_, supplies0_.data_supply as data_sup2_6_0_, supplies0_.status as status3_6_0_, supplies0_.store_period as store_pe4_6_0_, supplies0_.supplier_id as supplier5_6_0_, suppliers1_.supplier_id as supplier1_5_1_, suppliers1_.address as address2_5_1_, suppliers1_.contact as contact3_5_1_, suppliers1_.email as email4_5_1_, suppliers1_.supplier_name as supplier5_5_1_ from supplies supplies0_ left outer join suppliers suppliers1_ on supplies0_.supplier_id=suppliers1_.supplier_id where supplies0_.supply_id=?
Hibernate: select supplies0_.supply_id as supply_i1_6_0_, supplies0_.data_supply as data_sup2_6_0_, supplies0_.status as status3_6_0_, supplies0_.store_period as store_pe4_6_0_, supplies0_.supplier_id as supplier5_6_0_, suppliers1_.supplier_id as supplier1_5_1_, suppliers1_.address as address2_5_1_, suppliers1_.contact as contact3_5_1_, suppliers1_.email as email4_5_1_, suppliers1_.supplier_name as supplier5_5_1_ from supplies supplies0_ left outer join suppliers suppliers1_ on supplies0_.supplier_id=suppliers1_.supplier_id where supplies0_.supply_id=?
11:49:41.568 [Test worker] DEBUG org.hibernate.loader.entity.plan.AbstractLoadPlanBasedEntityLoader - Done entity load : web_prak.java.classes.Supplies#278
11:49:41.568 [Test worker] DEBUG org.hibernate.resource.jdbc.internal.LogicalConnectionManagedImpl - Initiating JDBC connection release from afterTransaction
11:49:41.569 [Test worker] DEBUG org.hibernate.engine.transaction.internal.TransactionImpl - On TransactionImpl creation, JpaCompliance#isJpaTransactionComplianceEnabled == false
11:49:41.569 [Test worker] DEBUG org.hibernate.engine.transaction.internal.TransactionImpl - begin
11:49:41.569 [Test worker] DEBUG org.hibernate.engine.spi.ActionQueue - Executing identity-insert immediately
11:49:41.569 [Test worker] DEBUG org.hibernate.SQL - insert into suppliers (address, contact, email, supplier_name) values (?, ?, ?, ?)
Hibernate: insert into suppliers (address, contact, email, supplier_name) values (?, ?, ?, ?)
11:49:41.569 [Test worker] DEBUG org.hibernate.id.IdentifierGeneratorHelper - Natively generated identity: 296
11:49:41.569 [Test worker] DEBUG org.hibernate.resource.jdbc.internal.ResourceRegistryStandardImpl - HHH000387: ResultSet's statement was not registered
11:49:41.569 [Test worker] DEBUG org.hibernate.engine.transaction.internal.TransactionImpl - committing
11:49:41.569 [Test worker] DEBUG org.hibernate.event.internal.AbstractFlushingEventListener - Processing flush-time cascades
11:49:41.569 [Test worker] DEBUG org.hibernate.event.internal.AbstractFlushingEventListener - Dirty checking collections
11:49:41.570 [Test worker] DEBUG org.hibernate.event.internal.AbstractFlushingEventListener - Flushed: 0 insertions, 0 updates, 0 deletions to 1 objects
11:49:41.570 [Test worker] DEBUG org.hibernate.event.internal.AbstractFlushingEventListener - Flushed: 0 (re)creations, 0 updates, 0 removals to 0 collections
11:49:41.570 [Test worker] DEBUG org.hibernate.internal.util.EntityPrinter - Listing entities:
11:49:41.570 [Test worker] DEBUG org.hibernate.internal.util.EntityPrinter - web_prak.java.classes.Suppliers{address=улица Пятницкая, д27, contact=+7 (926) 059-17-93, supplier_name=Казакова Алиса, supplier_id=296, email=wokker0@infoseek.co.jp}
11:49:41.584 [Test worker] DEBUG org.hibernate.resource.jdbc.internal.LogicalConnectionManagedImpl - Initiating JDBC connection release from afterTransaction
11:49:41.584 [Test worker] DEBUG org.hibernate.resource.jdbc.internal.LogicalConnectionManagedImpl - Initiating JDBC connection release from afterTransaction
11:49:41.585 [Test worker] DEBUG org.hibernate.engine.transaction.internal.TransactionImpl - On TransactionImpl creation, JpaCompliance#isJpaTransactionComplianceEnabled == false
11:49:41.585 [Test worker] DEBUG org.hibernate.engine.transaction.internal.TransactionImpl - begin
11:49:41.585 [Test worker] DEBUG org.hibernate.engine.spi.ActionQueue - Executing identity-insert immediately
11:49:41.586 [Test worker] DEBUG org.hibernate.SQL - insert into supplies (data_supply, status, store_period, supplier_id) values (?, ?, ?, ?)
Hibernate: insert into supplies (data_supply, status, store_period, supplier_id) values (?, ?, ?, ?)
11:49:41.587 [Test worker] DEBUG org.hibernate.id.IdentifierGeneratorHelper - Natively generated identity: 279
11:49:41.588 [Test worker] DEBUG org.hibernate.resource.jdbc.internal.ResourceRegistryStandardImpl - HHH000387: ResultSet's statement was not registered
11:49:41.588 [Test worker] DEBUG org.hibernate.engine.transaction.internal.TransactionImpl - committing
11:49:41.588 [Test worker] DEBUG org.hibernate.event.internal.AbstractFlushingEventListener - Processing flush-time cascades
11:49:41.588 [Test worker] DEBUG org.hibernate.event.internal.AbstractFlushingEventListener - Dirty checking collections
11:49:41.588 [Test worker] DEBUG org.hibernate.event.internal.AbstractFlushingEventListener - Flushed: 0 insertions, 0 updates, 0 deletions to 1 objects
11:49:41.588 [Test worker] DEBUG org.hibernate.event.internal.AbstractFlushingEventListener - Flushed: 0 (re)creations, 0 updates, 0 removals to 0 collections
11:49:41.588 [Test worker] DEBUG org.hibernate.internal.util.EntityPrinter - Listing entities:
11:49:41.588 [Test worker] DEBUG org.hibernate.internal.util.EntityPrinter - web_prak.java.classes.Supplies{supply_id=279, data_supply=2022-01-05, store_period=120, supplier_id=web_prak.java.classes.Suppliers#296, status=в процессе}
11:49:41.601 [Test worker] DEBUG org.hibernate.resource.jdbc.internal.LogicalConnectionManagedImpl - Initiating JDBC connection release from afterTransaction
11:49:41.601 [Test worker] DEBUG org.hibernate.resource.jdbc.internal.LogicalConnectionManagedImpl - Initiating JDBC connection release from afterTransaction
11:49:41.601 [Test worker] DEBUG org.hibernate.engine.transaction.internal.TransactionImpl - On TransactionImpl creation, JpaCompliance#isJpaTransactionComplianceEnabled == false
11:49:41.601 [Test worker] DEBUG org.hibernate.engine.transaction.internal.TransactionImpl - begin
11:49:41.601 [Test worker] DEBUG org.hibernate.engine.spi.ActionQueue - Executing identity-insert immediately
11:49:41.602 [Test worker] DEBUG org.hibernate.SQL - insert into supplies (data_supply, status, store_period, supplier_id) values (?, ?, ?, ?)
Hibernate: insert into supplies (data_supply, status, store_period, supplier_id) values (?, ?, ?, ?)
11:49:41.603 [Test worker] DEBUG org.hibernate.id.IdentifierGeneratorHelper - Natively generated identity: 280
11:49:41.604 [Test worker] DEBUG org.hibernate.resource.jdbc.internal.ResourceRegistryStandardImpl - HHH000387: ResultSet's statement was not registered
11:49:41.604 [Test worker] DEBUG org.hibernate.engine.transaction.internal.TransactionImpl - committing
11:49:41.604 [Test worker] DEBUG org.hibernate.event.internal.AbstractFlushingEventListener - Processing flush-time cascades
11:49:41.604 [Test worker] DEBUG org.hibernate.event.internal.AbstractFlushingEventListener - Dirty checking collections
11:49:41.604 [Test worker] DEBUG org.hibernate.event.internal.AbstractFlushingEventListener - Flushed: 0 insertions, 0 updates, 0 deletions to 1 objects
11:49:41.604 [Test worker] DEBUG org.hibernate.event.internal.AbstractFlushingEventListener - Flushed: 0 (re)creations, 0 updates, 0 removals to 0 collections
11:49:41.604 [Test worker] DEBUG org.hibernate.internal.util.EntityPrinter - Listing entities:
11:49:41.604 [Test worker] DEBUG org.hibernate.internal.util.EntityPrinter - web_prak.java.classes.Supplies{supply_id=280, data_supply=2022-01-05, store_period=100, supplier_id=web_prak.java.classes.Suppliers#296, status=в процессе}
11:49:41.618 [Test worker] DEBUG org.hibernate.resource.jdbc.internal.LogicalConnectionManagedImpl - Initiating JDBC connection release from afterTransaction
11:49:41.618 [Test worker] DEBUG org.hibernate.resource.jdbc.internal.LogicalConnectionManagedImpl - Initiating JDBC connection release from afterTransaction
11:49:41.619 [Test worker] DEBUG org.hibernate.query.criteria.internal.CriteriaQueryImpl - Rendered criteria query -> select generatedAlias0 from Supplies as generatedAlias0
11:49:41.619 [Test worker] DEBUG org.hibernate.hql.internal.ast.QueryTranslatorImpl - parse() - HQL: select generatedAlias0 from web_prak.java.classes.Supplies as generatedAlias0
11:49:41.620 [Test worker] DEBUG org.hibernate.hql.internal.ast.ErrorTracker - throwQueryException() : no errors
11:49:41.620 [Test worker] DEBUG org.hibernate.hql.internal.ast.QueryTranslatorImpl - --- HQL AST ---
 \-[QUERY] Node: 'query'
    \-[SELECT_FROM] Node: 'SELECT_FROM'
       +-[FROM] Node: 'from'
       |  \-[RANGE] Node: 'RANGE'
       |     +-[DOT] Node: '.'
       |     |  +-[DOT] Node: '.'
       |     |  |  +-[DOT] Node: '.'
       |     |  |  |  +-[IDENT] Node: 'web_prak'
       |     |  |  |  \-[IDENT] Node: 'java'
       |     |  |  \-[IDENT] Node: 'classes'
       |     |  \-[IDENT] Node: 'Supplies'
       |     \-[ALIAS] Node: 'generatedAlias0'
       \-[SELECT] Node: 'select'
          \-[IDENT] Node: 'generatedAlias0'

11:49:41.620 [Test worker] DEBUG org.hibernate.hql.internal.antlr.HqlSqlBaseWalker - select << begin [level=1, statement=select]
11:49:41.621 [Test worker] DEBUG org.hibernate.hql.internal.ast.tree.FromElement - FromClause{level=1} : web_prak.java.classes.Supplies (generatedAlias0) -> supplies0_
11:49:41.621 [Test worker] DEBUG org.hibernate.hql.internal.ast.tree.FromReferenceNode - Resolved : generatedAlias0 -> supplies0_.supply_id
11:49:41.621 [Test worker] DEBUG org.hibernate.hql.internal.antlr.HqlSqlBaseWalker - select : finishing up [level=1, statement=select]
11:49:41.621 [Test worker] DEBUG org.hibernate.hql.internal.ast.HqlSqlWalker - processQuery() :  ( SELECT ( {select clause} supplies0_.supply_id ) ( FromClause{level=1} supplies supplies0_ ) )
11:49:41.622 [Test worker] DEBUG org.hibernate.hql.internal.ast.util.JoinProcessor - Tables referenced from query nodes:
 \-QueryNode
    +-SelectClause
    | referencedTables(entity Supplies): [supplies]
    |  +-IdentNode
    |  | persister: SingleTableEntityPersister(web_prak.java.classes.Supplies)
    |  | originalText: generatedAlias0
    |  \-SqlFragment
    \-FromClause
       \-FromElement

11:49:41.622 [Test worker] DEBUG org.hibernate.hql.internal.ast.util.JoinProcessor - Using FROM fragment [supplies supplies0_]
11:49:41.622 [Test worker] DEBUG org.hibernate.hql.internal.antlr.HqlSqlBaseWalker - select >> end [level=1, statement=select]
11:49:41.623 [Test worker] DEBUG org.hibernate.hql.internal.ast.QueryTranslatorImpl - --- SQL AST ---
 \-[SELECT] QueryNode: 'SELECT'  querySpaces (supplies)
    +-[SELECT_CLAUSE] SelectClause: '{select clause}'
    |  +-[ALIAS_REF] IdentNode: 'supplies0_.supply_id as supply_i1_6_' {alias=generatedAlias0, className=web_prak.java.classes.Supplies, tableAlias=supplies0_}
    |  \-[SQL_TOKEN] SqlFragment: 'supplies0_.data_supply as data_sup2_6_, supplies0_.status as status3_6_, supplies0_.store_period as store_pe4_6_, supplies0_.supplier_id as supplier5_6_'
    \-[FROM] FromClause: 'from' FromClause{level=1, fromElementCounter=1, fromElements=1, fromElementByClassAlias=[generatedAlias0], fromElementByTableAlias=[supplies0_], fromElementsByPath=[], collectionJoinFromElementsByPath=[], impliedElements=[]}
       \-[FROM_FRAGMENT] FromElement: 'supplies supplies0_' FromElement{explicit,not a collection join,not a fetch join,fetch non-lazy properties,classAlias=generatedAlias0,role=null,tableName=supplies,tableAlias=supplies0_,origin=null,columns={,className=web_prak.java.classes.Supplies}}

11:49:41.623 [Test worker] DEBUG org.hibernate.hql.internal.ast.ErrorTracker - throwQueryException() : no errors
11:49:41.623 [Test worker] DEBUG org.hibernate.hql.internal.ast.QueryTranslatorImpl - HQL: select generatedAlias0 from web_prak.java.classes.Supplies as generatedAlias0
11:49:41.623 [Test worker] DEBUG org.hibernate.hql.internal.ast.QueryTranslatorImpl - SQL: select supplies0_.supply_id as supply_i1_6_, supplies0_.data_supply as data_sup2_6_, supplies0_.status as status3_6_, supplies0_.store_period as store_pe4_6_, supplies0_.supplier_id as supplier5_6_ from supplies supplies0_
11:49:41.623 [Test worker] DEBUG org.hibernate.hql.internal.ast.ErrorTracker - throwQueryException() : no errors
11:49:41.624 [Test worker] DEBUG org.hibernate.SQL - select supplies0_.supply_id as supply_i1_6_, supplies0_.data_supply as data_sup2_6_, supplies0_.status as status3_6_, supplies0_.store_period as store_pe4_6_, supplies0_.supplier_id as supplier5_6_ from supplies supplies0_
Hibernate: select supplies0_.supply_id as supply_i1_6_, supplies0_.data_supply as data_sup2_6_, supplies0_.status as status3_6_, supplies0_.store_period as store_pe4_6_, supplies0_.supplier_id as supplier5_6_ from supplies supplies0_
11:49:41.626 [Test worker] DEBUG org.hibernate.loader.Loader - Result set row: 0
11:49:41.626 [Test worker] DEBUG org.hibernate.loader.Loader - Result row: EntityKey[web_prak.java.classes.Supplies#279]
11:49:41.626 [Test worker] DEBUG org.hibernate.loader.Loader - Result set row: 1
11:49:41.626 [Test worker] DEBUG org.hibernate.loader.Loader - Result row: EntityKey[web_prak.java.classes.Supplies#280]
11:49:41.628 [Test worker] DEBUG org.hibernate.engine.internal.TwoPhaseLoad - Resolving attributes for [web_prak.java.classes.Supplies#279]
11:49:41.628 [Test worker] DEBUG org.hibernate.engine.internal.TwoPhaseLoad - Processing attribute `data_supply` : value = 2022-01-05
11:49:41.628 [Test worker] DEBUG org.hibernate.engine.internal.TwoPhaseLoad - Attribute (`data_supply`)  - enhanced for lazy-loading? - false
11:49:41.628 [Test worker] DEBUG org.hibernate.engine.internal.TwoPhaseLoad - Processing attribute `status` : value = в процессе
11:49:41.628 [Test worker] DEBUG org.hibernate.engine.internal.TwoPhaseLoad - Attribute (`status`)  - enhanced for lazy-loading? - false
11:49:41.628 [Test worker] DEBUG org.hibernate.engine.internal.TwoPhaseLoad - Processing attribute `store_period` : value = 120
11:49:41.628 [Test worker] DEBUG org.hibernate.engine.internal.TwoPhaseLoad - Attribute (`store_period`)  - enhanced for lazy-loading? - false
11:49:41.628 [Test worker] DEBUG org.hibernate.engine.internal.TwoPhaseLoad - Processing attribute `supplier_id` : value = 296
11:49:41.628 [Test worker] DEBUG org.hibernate.engine.internal.TwoPhaseLoad - Attribute (`supplier_id`)  - enhanced for lazy-loading? - false
11:49:41.628 [Test worker] DEBUG org.hibernate.SQL - select suppliers0_.supplier_id as supplier1_5_0_, suppliers0_.address as address2_5_0_, suppliers0_.contact as contact3_5_0_, suppliers0_.email as email4_5_0_, suppliers0_.supplier_name as supplier5_5_0_ from suppliers suppliers0_ where suppliers0_.supplier_id=?
Hibernate: select suppliers0_.supplier_id as supplier1_5_0_, suppliers0_.address as address2_5_0_, suppliers0_.contact as contact3_5_0_, suppliers0_.email as email4_5_0_, suppliers0_.supplier_name as supplier5_5_0_ from suppliers suppliers0_ where suppliers0_.supplier_id=?
11:49:41.629 [Test worker] DEBUG org.hibernate.loader.plan.exec.process.internal.EntityReferenceInitializerImpl - On call to EntityIdentifierReaderImpl#resolve, EntityKey was already known; should only happen on root returns with an optional identifier specified
11:49:41.630 [Test worker] DEBUG org.hibernate.engine.internal.TwoPhaseLoad - Resolving attributes for [web_prak.java.classes.Suppliers#296]
11:49:41.630 [Test worker] DEBUG org.hibernate.engine.internal.TwoPhaseLoad - Processing attribute `address` : value = улица Пятницкая, д27
11:49:41.630 [Test worker] DEBUG org.hibernate.engine.internal.TwoPhaseLoad - Attribute (`address`)  - enhanced for lazy-loading? - false
11:49:41.630 [Test worker] DEBUG org.hibernate.engine.internal.TwoPhaseLoad - Processing attribute `contact` : value = +7 (926) 059-17-93
11:49:41.630 [Test worker] DEBUG org.hibernate.engine.internal.TwoPhaseLoad - Attribute (`contact`)  - enhanced for lazy-loading? - false
11:49:41.630 [Test worker] DEBUG org.hibernate.engine.internal.TwoPhaseLoad - Processing attribute `email` : value = wokker0@infoseek.co.jp
11:49:41.630 [Test worker] DEBUG org.hibernate.engine.internal.TwoPhaseLoad - Attribute (`email`)  - enhanced for lazy-loading? - false
11:49:41.630 [Test worker] DEBUG org.hibernate.engine.internal.TwoPhaseLoad - Processing attribute `supplier_name` : value = Казакова Алиса
11:49:41.630 [Test worker] DEBUG org.hibernate.engine.internal.TwoPhaseLoad - Attribute (`supplier_name`)  - enhanced for lazy-loading? - false
11:49:41.630 [Test worker] DEBUG org.hibernate.engine.internal.TwoPhaseLoad - Done materializing entity [web_prak.java.classes.Suppliers#296]
11:49:41.630 [Test worker] DEBUG org.hibernate.loader.entity.plan.AbstractLoadPlanBasedEntityLoader - Done entity load : web_prak.java.classes.Suppliers#296
11:49:41.631 [Test worker] DEBUG org.hibernate.engine.internal.TwoPhaseLoad - Done materializing entity [web_prak.java.classes.Supplies#279]
11:49:41.631 [Test worker] DEBUG org.hibernate.engine.internal.TwoPhaseLoad - Resolving attributes for [web_prak.java.classes.Supplies#280]
11:49:41.631 [Test worker] DEBUG org.hibernate.engine.internal.TwoPhaseLoad - Processing attribute `data_supply` : value = 2022-01-05
11:49:41.631 [Test worker] DEBUG org.hibernate.engine.internal.TwoPhaseLoad - Attribute (`data_supply`)  - enhanced for lazy-loading? - false
11:49:41.631 [Test worker] DEBUG org.hibernate.engine.internal.TwoPhaseLoad - Processing attribute `status` : value = в процессе
11:49:41.631 [Test worker] DEBUG org.hibernate.engine.internal.TwoPhaseLoad - Attribute (`status`)  - enhanced for lazy-loading? - false
11:49:41.631 [Test worker] DEBUG org.hibernate.engine.internal.TwoPhaseLoad - Processing attribute `store_period` : value = 100
11:49:41.631 [Test worker] DEBUG org.hibernate.engine.internal.TwoPhaseLoad - Attribute (`store_period`)  - enhanced for lazy-loading? - false
11:49:41.631 [Test worker] DEBUG org.hibernate.engine.internal.TwoPhaseLoad - Processing attribute `supplier_id` : value = 296
11:49:41.631 [Test worker] DEBUG org.hibernate.engine.internal.TwoPhaseLoad - Attribute (`supplier_id`)  - enhanced for lazy-loading? - false
11:49:41.631 [Test worker] DEBUG org.hibernate.engine.internal.TwoPhaseLoad - Done materializing entity [web_prak.java.classes.Supplies#280]
11:49:41.631 [Test worker] DEBUG org.hibernate.resource.jdbc.internal.LogicalConnectionManagedImpl - Initiating JDBC connection release from afterTransaction
11:49:41.633 [Test worker] DEBUG org.hibernate.engine.transaction.internal.TransactionImpl - On TransactionImpl creation, JpaCompliance#isJpaTransactionComplianceEnabled == false
11:49:41.633 [Test worker] DEBUG org.hibernate.engine.transaction.internal.TransactionImpl - begin
11:49:41.633 [Test worker] DEBUG org.hibernate.engine.transaction.internal.TransactionImpl - committing
11:49:41.633 [Test worker] DEBUG org.hibernate.event.internal.AbstractFlushingEventListener - Processing flush-time cascades
11:49:41.633 [Test worker] DEBUG org.hibernate.event.internal.AbstractFlushingEventListener - Dirty checking collections
11:49:41.633 [Test worker] DEBUG org.hibernate.event.internal.AbstractFlushingEventListener - Flushed: 0 insertions, 0 updates, 1 deletions to 1 objects
11:49:41.633 [Test worker] DEBUG org.hibernate.event.internal.AbstractFlushingEventListener - Flushed: 0 (re)creations, 0 updates, 0 removals to 0 collections
11:49:41.634 [Test worker] DEBUG org.hibernate.internal.util.EntityPrinter - Listing entities:
11:49:41.634 [Test worker] DEBUG org.hibernate.internal.util.EntityPrinter - web_prak.java.classes.Supplies{supply_id=279, data_supply=2022-01-05, store_period=120, supplier_id=web_prak.java.classes.Suppliers#296, status=в процессе}
11:49:41.634 [Test worker] DEBUG org.hibernate.SQL - delete from supplies where supply_id=?
Hibernate: delete from supplies where supply_id=?
11:49:41.645 [Test worker] DEBUG org.hibernate.resource.jdbc.internal.LogicalConnectionManagedImpl - Initiating JDBC connection release from afterTransaction
11:49:41.645 [Test worker] DEBUG org.hibernate.resource.jdbc.internal.LogicalConnectionManagedImpl - Initiating JDBC connection release from afterTransaction
11:49:41.645 [Test worker] DEBUG org.hibernate.engine.jdbc.internal.JdbcCoordinatorImpl - HHH000420: Closing un-released batch
11:49:41.646 [Test worker] DEBUG org.hibernate.engine.transaction.internal.TransactionImpl - On TransactionImpl creation, JpaCompliance#isJpaTransactionComplianceEnabled == false
11:49:41.646 [Test worker] DEBUG org.hibernate.engine.transaction.internal.TransactionImpl - begin
11:49:41.646 [Test worker] DEBUG org.hibernate.engine.transaction.internal.TransactionImpl - committing
11:49:41.646 [Test worker] DEBUG org.hibernate.event.internal.AbstractFlushingEventListener - Processing flush-time cascades
11:49:41.646 [Test worker] DEBUG org.hibernate.event.internal.AbstractFlushingEventListener - Dirty checking collections
11:49:41.647 [Test worker] DEBUG org.hibernate.event.internal.AbstractFlushingEventListener - Flushed: 0 insertions, 0 updates, 1 deletions to 1 objects
11:49:41.647 [Test worker] DEBUG org.hibernate.event.internal.AbstractFlushingEventListener - Flushed: 0 (re)creations, 0 updates, 0 removals to 0 collections
11:49:41.647 [Test worker] DEBUG org.hibernate.internal.util.EntityPrinter - Listing entities:
11:49:41.647 [Test worker] DEBUG org.hibernate.internal.util.EntityPrinter - web_prak.java.classes.Supplies{supply_id=280, data_supply=2022-01-05, store_period=100, supplier_id=web_prak.java.classes.Suppliers#296, status=в процессе}
11:49:41.647 [Test worker] DEBUG org.hibernate.SQL - delete from supplies where supply_id=?
Hibernate: delete from supplies where supply_id=?
11:49:41.662 [Test worker] DEBUG org.hibernate.resource.jdbc.internal.LogicalConnectionManagedImpl - Initiating JDBC connection release from afterTransaction
11:49:41.663 [Test worker] DEBUG org.hibernate.resource.jdbc.internal.LogicalConnectionManagedImpl - Initiating JDBC connection release from afterTransaction
11:49:41.663 [Test worker] DEBUG org.hibernate.engine.jdbc.internal.JdbcCoordinatorImpl - HHH000420: Closing un-released batch
11:49:41.663 [Test worker] DEBUG org.hibernate.engine.transaction.internal.TransactionImpl - On TransactionImpl creation, JpaCompliance#isJpaTransactionComplianceEnabled == false
11:49:41.663 [Test worker] DEBUG org.hibernate.engine.transaction.internal.TransactionImpl - begin
11:49:41.663 [Test worker] DEBUG org.hibernate.engine.transaction.internal.TransactionImpl - committing
11:49:41.663 [Test worker] DEBUG org.hibernate.event.internal.AbstractFlushingEventListener - Processing flush-time cascades
11:49:41.664 [Test worker] DEBUG org.hibernate.event.internal.AbstractFlushingEventListener - Dirty checking collections
11:49:41.664 [Test worker] DEBUG org.hibernate.event.internal.AbstractFlushingEventListener - Flushed: 0 insertions, 0 updates, 1 deletions to 1 objects
11:49:41.664 [Test worker] DEBUG org.hibernate.event.internal.AbstractFlushingEventListener - Flushed: 0 (re)creations, 0 updates, 0 removals to 0 collections
11:49:41.664 [Test worker] DEBUG org.hibernate.internal.util.EntityPrinter - Listing entities:
11:49:41.664 [Test worker] DEBUG org.hibernate.internal.util.EntityPrinter - web_prak.java.classes.Suppliers{address=улица Пятницкая, д27, contact=+7 (926) 059-17-93, supplier_name=Казакова Алиса, supplier_id=296, email=wokker0@infoseek.co.jp}
11:49:41.664 [Test worker] DEBUG org.hibernate.SQL - delete from suppliers where supplier_id=?
Hibernate: delete from suppliers where supplier_id=?
11:49:41.679 [Test worker] DEBUG org.hibernate.resource.jdbc.internal.LogicalConnectionManagedImpl - Initiating JDBC connection release from afterTransaction
11:49:41.679 [Test worker] DEBUG org.hibernate.resource.jdbc.internal.LogicalConnectionManagedImpl - Initiating JDBC connection release from afterTransaction
11:49:41.679 [Test worker] DEBUG org.hibernate.engine.jdbc.internal.JdbcCoordinatorImpl - HHH000420: Closing un-released batch
11:49:41.681 [Test worker] DEBUG org.hibernate.engine.transaction.internal.TransactionImpl - On TransactionImpl creation, JpaCompliance#isJpaTransactionComplianceEnabled == false
11:49:41.681 [Test worker] DEBUG org.hibernate.engine.transaction.internal.TransactionImpl - begin
11:49:41.681 [Test worker] DEBUG org.hibernate.engine.spi.ActionQueue - Executing identity-insert immediately
11:49:41.681 [Test worker] DEBUG org.hibernate.SQL - insert into suppliers (address, contact, email, supplier_name) values (?, ?, ?, ?)
Hibernate: insert into suppliers (address, contact, email, supplier_name) values (?, ?, ?, ?)
11:49:41.682 [Test worker] DEBUG org.hibernate.id.IdentifierGeneratorHelper - Natively generated identity: 297
11:49:41.682 [Test worker] DEBUG org.hibernate.resource.jdbc.internal.ResourceRegistryStandardImpl - HHH000387: ResultSet's statement was not registered
11:49:41.682 [Test worker] DEBUG org.hibernate.engine.transaction.internal.TransactionImpl - committing
11:49:41.682 [Test worker] DEBUG org.hibernate.event.internal.AbstractFlushingEventListener - Processing flush-time cascades
11:49:41.682 [Test worker] DEBUG org.hibernate.event.internal.AbstractFlushingEventListener - Dirty checking collections
11:49:41.682 [Test worker] DEBUG org.hibernate.event.internal.AbstractFlushingEventListener - Flushed: 0 insertions, 0 updates, 0 deletions to 1 objects
11:49:41.682 [Test worker] DEBUG org.hibernate.event.internal.AbstractFlushingEventListener - Flushed: 0 (re)creations, 0 updates, 0 removals to 0 collections
11:49:41.682 [Test worker] DEBUG org.hibernate.internal.util.EntityPrinter - Listing entities:
11:49:41.683 [Test worker] DEBUG org.hibernate.internal.util.EntityPrinter - web_prak.java.classes.Suppliers{address=улица Пятницкая, д27, contact=+7 (926) 059-17-93, supplier_name=Казакова Алиса, supplier_id=297, email=wokker0@infoseek.co.jp}
11:49:41.696 [Test worker] DEBUG org.hibernate.resource.jdbc.internal.LogicalConnectionManagedImpl - Initiating JDBC connection release from afterTransaction
11:49:41.696 [Test worker] DEBUG org.hibernate.resource.jdbc.internal.LogicalConnectionManagedImpl - Initiating JDBC connection release from afterTransaction
11:49:41.696 [Test worker] DEBUG org.hibernate.engine.transaction.internal.TransactionImpl - On TransactionImpl creation, JpaCompliance#isJpaTransactionComplianceEnabled == false
11:49:41.696 [Test worker] DEBUG org.hibernate.engine.transaction.internal.TransactionImpl - begin
11:49:41.696 [Test worker] DEBUG org.hibernate.engine.spi.ActionQueue - Executing identity-insert immediately
11:49:41.696 [Test worker] DEBUG org.hibernate.SQL - insert into supplies (data_supply, status, store_period, supplier_id) values (?, ?, ?, ?)
Hibernate: insert into supplies (data_supply, status, store_period, supplier_id) values (?, ?, ?, ?)
11:49:41.697 [Test worker] DEBUG org.hibernate.id.IdentifierGeneratorHelper - Natively generated identity: 281
11:49:41.697 [Test worker] DEBUG org.hibernate.resource.jdbc.internal.ResourceRegistryStandardImpl - HHH000387: ResultSet's statement was not registered
11:49:41.697 [Test worker] DEBUG org.hibernate.engine.transaction.internal.TransactionImpl - committing
11:49:41.697 [Test worker] DEBUG org.hibernate.event.internal.AbstractFlushingEventListener - Processing flush-time cascades
11:49:41.697 [Test worker] DEBUG org.hibernate.event.internal.AbstractFlushingEventListener - Dirty checking collections
11:49:41.697 [Test worker] DEBUG org.hibernate.event.internal.AbstractFlushingEventListener - Flushed: 0 insertions, 0 updates, 0 deletions to 1 objects
11:49:41.697 [Test worker] DEBUG org.hibernate.event.internal.AbstractFlushingEventListener - Flushed: 0 (re)creations, 0 updates, 0 removals to 0 collections
11:49:41.697 [Test worker] DEBUG org.hibernate.internal.util.EntityPrinter - Listing entities:
11:49:41.697 [Test worker] DEBUG org.hibernate.internal.util.EntityPrinter - web_prak.java.classes.Supplies{supply_id=281, data_supply=2022-01-05, store_period=120, supplier_id=web_prak.java.classes.Suppliers#297, status=в процессе}
11:49:41.713 [Test worker] DEBUG org.hibernate.resource.jdbc.internal.LogicalConnectionManagedImpl - Initiating JDBC connection release from afterTransaction
11:49:41.713 [Test worker] DEBUG org.hibernate.resource.jdbc.internal.LogicalConnectionManagedImpl - Initiating JDBC connection release from afterTransaction
11:49:41.713 [Test worker] DEBUG org.hibernate.engine.transaction.internal.TransactionImpl - On TransactionImpl creation, JpaCompliance#isJpaTransactionComplianceEnabled == false
11:49:41.713 [Test worker] DEBUG org.hibernate.engine.transaction.internal.TransactionImpl - begin
11:49:41.713 [Test worker] DEBUG org.hibernate.engine.spi.ActionQueue - Executing identity-insert immediately
11:49:41.713 [Test worker] DEBUG org.hibernate.SQL - insert into supplies (data_supply, status, store_period, supplier_id) values (?, ?, ?, ?)
Hibernate: insert into supplies (data_supply, status, store_period, supplier_id) values (?, ?, ?, ?)
11:49:41.714 [Test worker] DEBUG org.hibernate.id.IdentifierGeneratorHelper - Natively generated identity: 282
11:49:41.714 [Test worker] DEBUG org.hibernate.resource.jdbc.internal.ResourceRegistryStandardImpl - HHH000387: ResultSet's statement was not registered
11:49:41.714 [Test worker] DEBUG org.hibernate.engine.transaction.internal.TransactionImpl - committing
11:49:41.714 [Test worker] DEBUG org.hibernate.event.internal.AbstractFlushingEventListener - Processing flush-time cascades
11:49:41.714 [Test worker] DEBUG org.hibernate.event.internal.AbstractFlushingEventListener - Dirty checking collections
11:49:41.714 [Test worker] DEBUG org.hibernate.event.internal.AbstractFlushingEventListener - Flushed: 0 insertions, 0 updates, 0 deletions to 1 objects
11:49:41.714 [Test worker] DEBUG org.hibernate.event.internal.AbstractFlushingEventListener - Flushed: 0 (re)creations, 0 updates, 0 removals to 0 collections
11:49:41.714 [Test worker] DEBUG org.hibernate.internal.util.EntityPrinter - Listing entities:
11:49:41.714 [Test worker] DEBUG org.hibernate.internal.util.EntityPrinter - web_prak.java.classes.Supplies{supply_id=282, data_supply=2022-01-05, store_period=100, supplier_id=web_prak.java.classes.Suppliers#297, status=в процессе}
11:49:41.729 [Test worker] DEBUG org.hibernate.resource.jdbc.internal.LogicalConnectionManagedImpl - Initiating JDBC connection release from afterTransaction
11:49:41.729 [Test worker] DEBUG org.hibernate.resource.jdbc.internal.LogicalConnectionManagedImpl - Initiating JDBC connection release from afterTransaction
11:49:41.730 [Test worker] DEBUG org.hibernate.hql.internal.ast.QueryTranslatorImpl - parse() - HQL: FROM web_prak.java.classes.Supplies WHERE data_supply = :param
11:49:41.730 [Test worker] DEBUG org.hibernate.hql.internal.ast.ErrorTracker - throwQueryException() : no errors
11:49:41.730 [Test worker] DEBUG org.hibernate.hql.internal.ast.QueryTranslatorImpl - --- HQL AST ---
 \-[QUERY] Node: 'query'
    +-[SELECT_FROM] Node: 'SELECT_FROM'
    |  \-[FROM] Node: 'FROM'
    |     \-[RANGE] Node: 'RANGE'
    |        \-[DOT] Node: '.'
    |           +-[DOT] Node: '.'
    |           |  +-[DOT] Node: '.'
    |           |  |  +-[IDENT] Node: 'web_prak'
    |           |  |  \-[IDENT] Node: 'java'
    |           |  \-[IDENT] Node: 'classes'
    |           \-[IDENT] Node: 'Supplies'
    \-[WHERE] Node: 'WHERE'
       \-[EQ] Node: '='
          +-[IDENT] Node: 'data_supply'
          \-[COLON] Node: ':'
             \-[IDENT] Node: 'param'

11:49:41.730 [Test worker] DEBUG org.hibernate.hql.internal.antlr.HqlSqlBaseWalker - select << begin [level=1, statement=select]
11:49:41.730 [Test worker] DEBUG org.hibernate.hql.internal.ast.tree.FromElement - FromClause{level=1} : web_prak.java.classes.Supplies (<no alias>) -> supplies0_
11:49:41.730 [Test worker] DEBUG org.hibernate.hql.internal.ast.tree.FromReferenceNode - Resolved : {synthetic-alias} -> {synthetic-alias}
11:49:41.730 [Test worker] DEBUG org.hibernate.hql.internal.ast.tree.DotNode - getDataType() : data_supply -> org.hibernate.type.DateType@64bba0eb
11:49:41.730 [Test worker] DEBUG org.hibernate.hql.internal.ast.tree.FromReferenceNode - Resolved : {synthetic-alias}.data_supply -> supplies0_.data_supply
11:49:41.730 [Test worker] DEBUG org.hibernate.hql.internal.antlr.HqlSqlBaseWalker - select : finishing up [level=1, statement=select]
11:49:41.730 [Test worker] DEBUG org.hibernate.hql.internal.ast.HqlSqlWalker - processQuery() :  ( SELECT ( FromClause{level=1} supplies supplies0_ ) ( WHERE ( = ( supplies0_.data_supply {synthetic-alias} data_supply ) ? ) ) )
11:49:41.731 [Test worker] DEBUG org.hibernate.hql.internal.ast.HqlSqlWalker - Derived SELECT clause created.
11:49:41.731 [Test worker] DEBUG org.hibernate.hql.internal.ast.util.JoinProcessor - Tables referenced from query nodes:
 \-QueryNode
    +-SelectClause
    | referencedTables(entity Supplies): [supplies]
    |  +-SelectExpressionImpl
    |  | persister: SingleTableEntityPersister(web_prak.java.classes.Supplies)
    |  \-SqlFragment
    +-FromClause
    |  \-FromElement
    \-SqlNode
       \-BinaryLogicOperatorNode
          +-DotNode
          | persister: SingleTableEntityPersister(web_prak.java.classes.Supplies)
          | path: {synthetic-alias}.data_supply
          |  +-IdentNode
          |  | persister: SingleTableEntityPersister(web_prak.java.classes.Supplies)
          |  | originalText: {synthetic-alias}
          |  \-IdentNode
          |    persister: null
          |    originalText: data_supply
          \-ParameterNode

11:49:41.731 [Test worker] DEBUG org.hibernate.hql.internal.ast.util.JoinProcessor - Using FROM fragment [supplies supplies0_]
11:49:41.731 [Test worker] DEBUG org.hibernate.hql.internal.antlr.HqlSqlBaseWalker - select >> end [level=1, statement=select]
11:49:41.731 [Test worker] DEBUG org.hibernate.hql.internal.ast.QueryTranslatorImpl - --- SQL AST ---
 \-[SELECT] QueryNode: 'SELECT'  querySpaces (supplies)
    +-[SELECT_CLAUSE] SelectClause: '{derived select clause}'
    |  +-[SELECT_EXPR] SelectExpressionImpl: 'supplies0_.supply_id as supply_i1_6_' {FromElement{explicit,not a collection join,not a fetch join,fetch non-lazy properties,classAlias=null,role=null,tableName=supplies,tableAlias=supplies0_,origin=null,columns={,className=web_prak.java.classes.Supplies}}}
    |  \-[SQL_TOKEN] SqlFragment: 'supplies0_.data_supply as data_sup2_6_, supplies0_.status as status3_6_, supplies0_.store_period as store_pe4_6_, supplies0_.supplier_id as supplier5_6_'
    +-[FROM] FromClause: 'FROM' FromClause{level=1, fromElementCounter=1, fromElements=1, fromElementByClassAlias=[], fromElementByTableAlias=[supplies0_], fromElementsByPath=[], collectionJoinFromElementsByPath=[], impliedElements=[]}
    |  \-[FROM_FRAGMENT] FromElement: 'supplies supplies0_' FromElement{explicit,not a collection join,not a fetch join,fetch non-lazy properties,classAlias=null,role=null,tableName=supplies,tableAlias=supplies0_,origin=null,columns={,className=web_prak.java.classes.Supplies}}
    \-[WHERE] SqlNode: 'WHERE'
       \-[EQ] BinaryLogicOperatorNode: '='
          +-[DOT] DotNode: 'supplies0_.data_supply' {propertyName=data_supply,dereferenceType=PRIMITIVE,getPropertyPath=data_supply,path={synthetic-alias}.data_supply,tableAlias=supplies0_,className=web_prak.java.classes.Supplies,classAlias=null}
          |  +-[IDENT] IdentNode: '{synthetic-alias}' {originalText={synthetic-alias}}
          |  \-[IDENT] IdentNode: 'data_supply' {originalText=data_supply}
          \-[NAMED_PARAM] ParameterNode: '?' {name=param, expectedType=org.hibernate.type.DateType@64bba0eb}

11:49:41.731 [Test worker] DEBUG org.hibernate.hql.internal.ast.ErrorTracker - throwQueryException() : no errors
11:49:41.731 [Test worker] DEBUG org.hibernate.hql.internal.ast.QueryTranslatorImpl - HQL: FROM web_prak.java.classes.Supplies WHERE data_supply = :param
11:49:41.731 [Test worker] DEBUG org.hibernate.hql.internal.ast.QueryTranslatorImpl - SQL: select supplies0_.supply_id as supply_i1_6_, supplies0_.data_supply as data_sup2_6_, supplies0_.status as status3_6_, supplies0_.store_period as store_pe4_6_, supplies0_.supplier_id as supplier5_6_ from supplies supplies0_ where supplies0_.data_supply=?
11:49:41.731 [Test worker] DEBUG org.hibernate.hql.internal.ast.ErrorTracker - throwQueryException() : no errors
11:49:41.731 [Test worker] DEBUG org.hibernate.SQL - select supplies0_.supply_id as supply_i1_6_, supplies0_.data_supply as data_sup2_6_, supplies0_.status as status3_6_, supplies0_.store_period as store_pe4_6_, supplies0_.supplier_id as supplier5_6_ from supplies supplies0_ where supplies0_.data_supply=?
Hibernate: select supplies0_.supply_id as supply_i1_6_, supplies0_.data_supply as data_sup2_6_, supplies0_.status as status3_6_, supplies0_.store_period as store_pe4_6_, supplies0_.supplier_id as supplier5_6_ from supplies supplies0_ where supplies0_.data_supply=?
11:49:41.732 [Test worker] DEBUG org.hibernate.loader.Loader - Result set row: 0
11:49:41.732 [Test worker] DEBUG org.hibernate.loader.Loader - Result row: EntityKey[web_prak.java.classes.Supplies#281]
11:49:41.732 [Test worker] DEBUG org.hibernate.loader.Loader - Result set row: 1
11:49:41.732 [Test worker] DEBUG org.hibernate.loader.Loader - Result row: EntityKey[web_prak.java.classes.Supplies#282]
11:49:41.732 [Test worker] DEBUG org.hibernate.engine.internal.TwoPhaseLoad - Resolving attributes for [web_prak.java.classes.Supplies#281]
11:49:41.732 [Test worker] DEBUG org.hibernate.engine.internal.TwoPhaseLoad - Processing attribute `data_supply` : value = 2022-01-05
11:49:41.732 [Test worker] DEBUG org.hibernate.engine.internal.TwoPhaseLoad - Attribute (`data_supply`)  - enhanced for lazy-loading? - false
11:49:41.732 [Test worker] DEBUG org.hibernate.engine.internal.TwoPhaseLoad - Processing attribute `status` : value = в процессе
11:49:41.732 [Test worker] DEBUG org.hibernate.engine.internal.TwoPhaseLoad - Attribute (`status`)  - enhanced for lazy-loading? - false
11:49:41.732 [Test worker] DEBUG org.hibernate.engine.internal.TwoPhaseLoad - Processing attribute `store_period` : value = 120
11:49:41.732 [Test worker] DEBUG org.hibernate.engine.internal.TwoPhaseLoad - Attribute (`store_period`)  - enhanced for lazy-loading? - false
11:49:41.732 [Test worker] DEBUG org.hibernate.engine.internal.TwoPhaseLoad - Processing attribute `supplier_id` : value = 297
11:49:41.732 [Test worker] DEBUG org.hibernate.engine.internal.TwoPhaseLoad - Attribute (`supplier_id`)  - enhanced for lazy-loading? - false
11:49:41.733 [Test worker] DEBUG org.hibernate.SQL - select suppliers0_.supplier_id as supplier1_5_0_, suppliers0_.address as address2_5_0_, suppliers0_.contact as contact3_5_0_, suppliers0_.email as email4_5_0_, suppliers0_.supplier_name as supplier5_5_0_ from suppliers suppliers0_ where suppliers0_.supplier_id=?
Hibernate: select suppliers0_.supplier_id as supplier1_5_0_, suppliers0_.address as address2_5_0_, suppliers0_.contact as contact3_5_0_, suppliers0_.email as email4_5_0_, suppliers0_.supplier_name as supplier5_5_0_ from suppliers suppliers0_ where suppliers0_.supplier_id=?
11:49:41.733 [Test worker] DEBUG org.hibernate.loader.plan.exec.process.internal.EntityReferenceInitializerImpl - On call to EntityIdentifierReaderImpl#resolve, EntityKey was already known; should only happen on root returns with an optional identifier specified
11:49:41.733 [Test worker] DEBUG org.hibernate.engine.internal.TwoPhaseLoad - Resolving attributes for [web_prak.java.classes.Suppliers#297]
11:49:41.733 [Test worker] DEBUG org.hibernate.engine.internal.TwoPhaseLoad - Processing attribute `address` : value = улица Пятницкая, д27
11:49:41.733 [Test worker] DEBUG org.hibernate.engine.internal.TwoPhaseLoad - Attribute (`address`)  - enhanced for lazy-loading? - false
11:49:41.733 [Test worker] DEBUG org.hibernate.engine.internal.TwoPhaseLoad - Processing attribute `contact` : value = +7 (926) 059-17-93
11:49:41.733 [Test worker] DEBUG org.hibernate.engine.internal.TwoPhaseLoad - Attribute (`contact`)  - enhanced for lazy-loading? - false
11:49:41.733 [Test worker] DEBUG org.hibernate.engine.internal.TwoPhaseLoad - Processing attribute `email` : value = wokker0@infoseek.co.jp
11:49:41.733 [Test worker] DEBUG org.hibernate.engine.internal.TwoPhaseLoad - Attribute (`email`)  - enhanced for lazy-loading? - false
11:49:41.733 [Test worker] DEBUG org.hibernate.engine.internal.TwoPhaseLoad - Processing attribute `supplier_name` : value = Казакова Алиса
11:49:41.733 [Test worker] DEBUG org.hibernate.engine.internal.TwoPhaseLoad - Attribute (`supplier_name`)  - enhanced for lazy-loading? - false
11:49:41.733 [Test worker] DEBUG org.hibernate.engine.internal.TwoPhaseLoad - Done materializing entity [web_prak.java.classes.Suppliers#297]
11:49:41.733 [Test worker] DEBUG org.hibernate.loader.entity.plan.AbstractLoadPlanBasedEntityLoader - Done entity load : web_prak.java.classes.Suppliers#297
11:49:41.733 [Test worker] DEBUG org.hibernate.engine.internal.TwoPhaseLoad - Done materializing entity [web_prak.java.classes.Supplies#281]
11:49:41.733 [Test worker] DEBUG org.hibernate.engine.internal.TwoPhaseLoad - Resolving attributes for [web_prak.java.classes.Supplies#282]
11:49:41.733 [Test worker] DEBUG org.hibernate.engine.internal.TwoPhaseLoad - Processing attribute `data_supply` : value = 2022-01-05
11:49:41.733 [Test worker] DEBUG org.hibernate.engine.internal.TwoPhaseLoad - Attribute (`data_supply`)  - enhanced for lazy-loading? - false
11:49:41.733 [Test worker] DEBUG org.hibernate.engine.internal.TwoPhaseLoad - Processing attribute `status` : value = в процессе
11:49:41.733 [Test worker] DEBUG org.hibernate.engine.internal.TwoPhaseLoad - Attribute (`status`)  - enhanced for lazy-loading? - false
11:49:41.733 [Test worker] DEBUG org.hibernate.engine.internal.TwoPhaseLoad - Processing attribute `store_period` : value = 100
11:49:41.733 [Test worker] DEBUG org.hibernate.engine.internal.TwoPhaseLoad - Attribute (`store_period`)  - enhanced for lazy-loading? - false
11:49:41.733 [Test worker] DEBUG org.hibernate.engine.internal.TwoPhaseLoad - Processing attribute `supplier_id` : value = 297
11:49:41.733 [Test worker] DEBUG org.hibernate.engine.internal.TwoPhaseLoad - Attribute (`supplier_id`)  - enhanced for lazy-loading? - false
11:49:41.733 [Test worker] DEBUG org.hibernate.engine.internal.TwoPhaseLoad - Done materializing entity [web_prak.java.classes.Supplies#282]
11:49:41.733 [Test worker] DEBUG org.hibernate.resource.jdbc.internal.LogicalConnectionManagedImpl - Initiating JDBC connection release from afterTransaction
11:49:41.734 [Test worker] DEBUG org.hibernate.engine.transaction.internal.TransactionImpl - On TransactionImpl creation, JpaCompliance#isJpaTransactionComplianceEnabled == false
11:49:41.734 [Test worker] DEBUG org.hibernate.engine.transaction.internal.TransactionImpl - begin
11:49:41.734 [Test worker] DEBUG org.hibernate.engine.transaction.internal.TransactionImpl - committing
11:49:41.734 [Test worker] DEBUG org.hibernate.event.internal.AbstractFlushingEventListener - Processing flush-time cascades
11:49:41.734 [Test worker] DEBUG org.hibernate.event.internal.AbstractFlushingEventListener - Dirty checking collections
11:49:41.734 [Test worker] DEBUG org.hibernate.event.internal.AbstractFlushingEventListener - Flushed: 0 insertions, 0 updates, 1 deletions to 1 objects
11:49:41.734 [Test worker] DEBUG org.hibernate.event.internal.AbstractFlushingEventListener - Flushed: 0 (re)creations, 0 updates, 0 removals to 0 collections
11:49:41.734 [Test worker] DEBUG org.hibernate.internal.util.EntityPrinter - Listing entities:
11:49:41.734 [Test worker] DEBUG org.hibernate.internal.util.EntityPrinter - web_prak.java.classes.Supplies{supply_id=281, data_supply=2022-01-05, store_period=120, supplier_id=web_prak.java.classes.Suppliers#297, status=в процессе}
11:49:41.734 [Test worker] DEBUG org.hibernate.SQL - delete from supplies where supply_id=?
Hibernate: delete from supplies where supply_id=?
11:49:41.746 [Test worker] DEBUG org.hibernate.resource.jdbc.internal.LogicalConnectionManagedImpl - Initiating JDBC connection release from afterTransaction
11:49:41.746 [Test worker] DEBUG org.hibernate.resource.jdbc.internal.LogicalConnectionManagedImpl - Initiating JDBC connection release from afterTransaction
11:49:41.746 [Test worker] DEBUG org.hibernate.engine.jdbc.internal.JdbcCoordinatorImpl - HHH000420: Closing un-released batch
11:49:41.746 [Test worker] DEBUG org.hibernate.engine.transaction.internal.TransactionImpl - On TransactionImpl creation, JpaCompliance#isJpaTransactionComplianceEnabled == false
11:49:41.746 [Test worker] DEBUG org.hibernate.engine.transaction.internal.TransactionImpl - begin
11:49:41.746 [Test worker] DEBUG org.hibernate.engine.transaction.internal.TransactionImpl - committing
11:49:41.746 [Test worker] DEBUG org.hibernate.event.internal.AbstractFlushingEventListener - Processing flush-time cascades
11:49:41.746 [Test worker] DEBUG org.hibernate.event.internal.AbstractFlushingEventListener - Dirty checking collections
11:49:41.747 [Test worker] DEBUG org.hibernate.event.internal.AbstractFlushingEventListener - Flushed: 0 insertions, 0 updates, 1 deletions to 1 objects
11:49:41.747 [Test worker] DEBUG org.hibernate.event.internal.AbstractFlushingEventListener - Flushed: 0 (re)creations, 0 updates, 0 removals to 0 collections
11:49:41.747 [Test worker] DEBUG org.hibernate.internal.util.EntityPrinter - Listing entities:
11:49:41.747 [Test worker] DEBUG org.hibernate.internal.util.EntityPrinter - web_prak.java.classes.Supplies{supply_id=282, data_supply=2022-01-05, store_period=100, supplier_id=web_prak.java.classes.Suppliers#297, status=в процессе}
11:49:41.747 [Test worker] DEBUG org.hibernate.SQL - delete from supplies where supply_id=?
Hibernate: delete from supplies where supply_id=?
11:49:41.762 [Test worker] DEBUG org.hibernate.resource.jdbc.internal.LogicalConnectionManagedImpl - Initiating JDBC connection release from afterTransaction
11:49:41.762 [Test worker] DEBUG org.hibernate.resource.jdbc.internal.LogicalConnectionManagedImpl - Initiating JDBC connection release from afterTransaction
11:49:41.762 [Test worker] DEBUG org.hibernate.engine.jdbc.internal.JdbcCoordinatorImpl - HHH000420: Closing un-released batch
11:49:41.762 [Test worker] DEBUG org.hibernate.engine.transaction.internal.TransactionImpl - On TransactionImpl creation, JpaCompliance#isJpaTransactionComplianceEnabled == false
11:49:41.762 [Test worker] DEBUG org.hibernate.engine.transaction.internal.TransactionImpl - begin
11:49:41.763 [Test worker] DEBUG org.hibernate.engine.transaction.internal.TransactionImpl - committing
11:49:41.763 [Test worker] DEBUG org.hibernate.event.internal.AbstractFlushingEventListener - Processing flush-time cascades
11:49:41.763 [Test worker] DEBUG org.hibernate.event.internal.AbstractFlushingEventListener - Dirty checking collections
11:49:41.763 [Test worker] DEBUG org.hibernate.event.internal.AbstractFlushingEventListener - Flushed: 0 insertions, 0 updates, 1 deletions to 1 objects
11:49:41.763 [Test worker] DEBUG org.hibernate.event.internal.AbstractFlushingEventListener - Flushed: 0 (re)creations, 0 updates, 0 removals to 0 collections
11:49:41.763 [Test worker] DEBUG org.hibernate.internal.util.EntityPrinter - Listing entities:
11:49:41.763 [Test worker] DEBUG org.hibernate.internal.util.EntityPrinter - web_prak.java.classes.Suppliers{address=улица Пятницкая, д27, contact=+7 (926) 059-17-93, supplier_name=Казакова Алиса, supplier_id=297, email=wokker0@infoseek.co.jp}
11:49:41.763 [Test worker] DEBUG org.hibernate.SQL - delete from suppliers where supplier_id=?
Hibernate: delete from suppliers where supplier_id=?
11:49:41.779 [Test worker] DEBUG org.hibernate.resource.jdbc.internal.LogicalConnectionManagedImpl - Initiating JDBC connection release from afterTransaction
11:49:41.779 [Test worker] DEBUG org.hibernate.resource.jdbc.internal.LogicalConnectionManagedImpl - Initiating JDBC connection release from afterTransaction
11:49:41.779 [Test worker] DEBUG org.hibernate.engine.jdbc.internal.JdbcCoordinatorImpl - HHH000420: Closing un-released batch
11:49:41.780 [Test worker] DEBUG org.hibernate.engine.transaction.internal.TransactionImpl - On TransactionImpl creation, JpaCompliance#isJpaTransactionComplianceEnabled == false
11:49:41.780 [Test worker] DEBUG org.hibernate.engine.transaction.internal.TransactionImpl - begin
11:49:41.780 [Test worker] DEBUG org.hibernate.engine.spi.ActionQueue - Executing identity-insert immediately
11:49:41.780 [Test worker] DEBUG org.hibernate.SQL - insert into suppliers (address, contact, email, supplier_name) values (?, ?, ?, ?)
Hibernate: insert into suppliers (address, contact, email, supplier_name) values (?, ?, ?, ?)
11:49:41.781 [Test worker] DEBUG org.hibernate.id.IdentifierGeneratorHelper - Natively generated identity: 298
11:49:41.781 [Test worker] DEBUG org.hibernate.resource.jdbc.internal.ResourceRegistryStandardImpl - HHH000387: ResultSet's statement was not registered
11:49:41.781 [Test worker] DEBUG org.hibernate.engine.transaction.internal.TransactionImpl - committing
11:49:41.781 [Test worker] DEBUG org.hibernate.event.internal.AbstractFlushingEventListener - Processing flush-time cascades
11:49:41.781 [Test worker] DEBUG org.hibernate.event.internal.AbstractFlushingEventListener - Dirty checking collections
11:49:41.781 [Test worker] DEBUG org.hibernate.event.internal.AbstractFlushingEventListener - Flushed: 0 insertions, 0 updates, 0 deletions to 1 objects
11:49:41.781 [Test worker] DEBUG org.hibernate.event.internal.AbstractFlushingEventListener - Flushed: 0 (re)creations, 0 updates, 0 removals to 0 collections
11:49:41.781 [Test worker] DEBUG org.hibernate.internal.util.EntityPrinter - Listing entities:
11:49:41.781 [Test worker] DEBUG org.hibernate.internal.util.EntityPrinter - web_prak.java.classes.Suppliers{address=улица Пятницкая, д27, contact=+7 (926) 059-17-93, supplier_name=Казакова Алиса, supplier_id=298, email=wokker0@infoseek.co.jp}
11:49:41.796 [Test worker] DEBUG org.hibernate.resource.jdbc.internal.LogicalConnectionManagedImpl - Initiating JDBC connection release from afterTransaction
11:49:41.796 [Test worker] DEBUG org.hibernate.resource.jdbc.internal.LogicalConnectionManagedImpl - Initiating JDBC connection release from afterTransaction
11:49:41.796 [Test worker] DEBUG org.hibernate.engine.transaction.internal.TransactionImpl - On TransactionImpl creation, JpaCompliance#isJpaTransactionComplianceEnabled == false
11:49:41.796 [Test worker] DEBUG org.hibernate.engine.transaction.internal.TransactionImpl - begin
11:49:41.796 [Test worker] DEBUG org.hibernate.engine.spi.ActionQueue - Executing identity-insert immediately
11:49:41.796 [Test worker] DEBUG org.hibernate.SQL - insert into supplies (data_supply, status, store_period, supplier_id) values (?, ?, ?, ?)
Hibernate: insert into supplies (data_supply, status, store_period, supplier_id) values (?, ?, ?, ?)
11:49:41.797 [Test worker] DEBUG org.hibernate.id.IdentifierGeneratorHelper - Natively generated identity: 283
11:49:41.797 [Test worker] DEBUG org.hibernate.resource.jdbc.internal.ResourceRegistryStandardImpl - HHH000387: ResultSet's statement was not registered
11:49:41.797 [Test worker] DEBUG org.hibernate.engine.transaction.internal.TransactionImpl - committing
11:49:41.797 [Test worker] DEBUG org.hibernate.event.internal.AbstractFlushingEventListener - Processing flush-time cascades
11:49:41.797 [Test worker] DEBUG org.hibernate.event.internal.AbstractFlushingEventListener - Dirty checking collections
11:49:41.797 [Test worker] DEBUG org.hibernate.event.internal.AbstractFlushingEventListener - Flushed: 0 insertions, 0 updates, 0 deletions to 1 objects
11:49:41.797 [Test worker] DEBUG org.hibernate.event.internal.AbstractFlushingEventListener - Flushed: 0 (re)creations, 0 updates, 0 removals to 0 collections
11:49:41.797 [Test worker] DEBUG org.hibernate.internal.util.EntityPrinter - Listing entities:
11:49:41.797 [Test worker] DEBUG org.hibernate.internal.util.EntityPrinter - web_prak.java.classes.Supplies{supply_id=283, data_supply=2022-01-05, store_period=120, supplier_id=web_prak.java.classes.Suppliers#298, status=в процессе}
11:49:41.815 [Test worker] DEBUG org.hibernate.resource.jdbc.internal.LogicalConnectionManagedImpl - Initiating JDBC connection release from afterTransaction
11:49:41.815 [Test worker] DEBUG org.hibernate.resource.jdbc.internal.LogicalConnectionManagedImpl - Initiating JDBC connection release from afterTransaction
11:49:41.816 [Test worker] DEBUG org.hibernate.engine.transaction.internal.TransactionImpl - On TransactionImpl creation, JpaCompliance#isJpaTransactionComplianceEnabled == false
11:49:41.816 [Test worker] DEBUG org.hibernate.engine.transaction.internal.TransactionImpl - begin
11:49:41.816 [Test worker] DEBUG org.hibernate.engine.spi.ActionQueue - Executing identity-insert immediately
11:49:41.816 [Test worker] DEBUG org.hibernate.SQL - insert into supplies (data_supply, status, store_period, supplier_id) values (?, ?, ?, ?)
Hibernate: insert into supplies (data_supply, status, store_period, supplier_id) values (?, ?, ?, ?)
11:49:41.816 [Test worker] DEBUG org.hibernate.id.IdentifierGeneratorHelper - Natively generated identity: 284
[...]
11:49:44.704 [Test worker] DEBUG org.hibernate.internal.util.EntityPrinter - web_prak.java.classes.Suppliers{address=улица Пятницкая, д27, contact=+7 (926) 059-17-93, supplier_name=Казакова Алиса, supplier_id=303, email=wokker0@infoseek.co.jp}
11:49:44.704 [Test worker] DEBUG org.hibernate.SQL - delete from suppliers where supplier_id=?
Hibernate: delete from suppliers where supplier_id=?
11:49:44.720 [Test worker] DEBUG org.hibernate.resource.jdbc.internal.LogicalConnectionManagedImpl - Initiating JDBC connection release from afterTransaction
11:49:44.720 [Test worker] DEBUG org.hibernate.resource.jdbc.internal.LogicalConnectionManagedImpl - Initiating JDBC connection release from afterTransaction
11:49:44.720 [Test worker] DEBUG org.hibernate.engine.jdbc.internal.JdbcCoordinatorImpl - HHH000420: Closing un-released batch
11:49:44.721 [Test worker] DEBUG org.hibernate.engine.transaction.internal.TransactionImpl - On TransactionImpl creation, JpaCompliance#isJpaTransactionComplianceEnabled == false
11:49:44.721 [Test worker] DEBUG org.hibernate.engine.transaction.internal.TransactionImpl - begin
11:49:44.721 [Test worker] DEBUG org.hibernate.engine.spi.ActionQueue - Executing identity-insert immediately
11:49:44.721 [Test worker] DEBUG org.hibernate.SQL - insert into suppliers (address, contact, email, supplier_name) values (?, ?, ?, ?)
Hibernate: insert into suppliers (address, contact, email, supplier_name) values (?, ?, ?, ?)
11:49:44.722 [Test worker] DEBUG org.hibernate.id.IdentifierGeneratorHelper - Natively generated identity: 304
11:49:44.722 [Test worker] DEBUG org.hibernate.resource.jdbc.internal.ResourceRegistryStandardImpl - HHH000387: ResultSet's statement was not registered
11:49:44.722 [Test worker] DEBUG org.hibernate.engine.transaction.internal.TransactionImpl - committing
11:49:44.722 [Test worker] DEBUG org.hibernate.event.internal.AbstractFlushingEventListener - Processing flush-time cascades
11:49:44.722 [Test worker] DEBUG org.hibernate.event.internal.AbstractFlushingEventListener - Dirty checking collections
11:49:44.722 [Test worker] DEBUG org.hibernate.event.internal.AbstractFlushingEventListener - Flushed: 0 insertions, 0 updates, 0 deletions to 1 objects
11:49:44.722 [Test worker] DEBUG org.hibernate.event.internal.AbstractFlushingEventListener - Flushed: 0 (re)creations, 0 updates, 0 removals to 0 collections
11:49:44.722 [Test worker] DEBUG org.hibernate.internal.util.EntityPrinter - Listing entities:
11:49:44.722 [Test worker] DEBUG org.hibernate.internal.util.EntityPrinter - web_prak.java.classes.Suppliers{address=улица Пятницкая, д27, contact=+7 (926) 059-17-93, supplier_name=Казакова Алиса, supplier_id=304, email=wokker0@infoseek.co.jp}
11:49:44.736 [Test worker] DEBUG org.hibernate.resource.jdbc.internal.LogicalConnectionManagedImpl - Initiating JDBC connection release from afterTransaction
11:49:44.736 [Test worker] DEBUG org.hibernate.resource.jdbc.internal.LogicalConnectionManagedImpl - Initiating JDBC connection release from afterTransaction
11:49:44.737 [Test worker] DEBUG org.hibernate.engine.transaction.internal.TransactionImpl - On TransactionImpl creation, JpaCompliance#isJpaTransactionComplianceEnabled == false
11:49:44.737 [Test worker] DEBUG org.hibernate.engine.transaction.internal.TransactionImpl - begin
11:49:44.737 [Test worker] DEBUG org.hibernate.engine.spi.ActionQueue - Executing identity-insert immediately
11:49:44.737 [Test worker] DEBUG org.hibernate.SQL - insert into supplies (data_supply, status, store_period, supplier_id) values (?, ?, ?, ?)
Hibernate: insert into supplies (data_supply, status, store_period, supplier_id) values (?, ?, ?, ?)
11:49:44.738 [Test worker] DEBUG org.hibernate.id.IdentifierGeneratorHelper - Natively generated identity: 294
11:49:44.738 [Test worker] DEBUG org.hibernate.resource.jdbc.internal.ResourceRegistryStandardImpl - HHH000387: ResultSet's statement was not registered
11:49:44.738 [Test worker] DEBUG org.hibernate.engine.transaction.internal.TransactionImpl - committing
11:49:44.738 [Test worker] DEBUG org.hibernate.event.internal.AbstractFlushingEventListener - Processing flush-time cascades
11:49:44.738 [Test worker] DEBUG org.hibernate.event.internal.AbstractFlushingEventListener - Dirty checking collections
11:49:44.738 [Test worker] DEBUG org.hibernate.event.internal.AbstractFlushingEventListener - Flushed: 0 insertions, 0 updates, 0 deletions to 1 objects
11:49:44.738 [Test worker] DEBUG org.hibernate.event.internal.AbstractFlushingEventListener - Flushed: 0 (re)creations, 0 updates, 0 removals to 0 collections
11:49:44.738 [Test worker] DEBUG org.hibernate.internal.util.EntityPrinter - Listing entities:
11:49:44.738 [Test worker] DEBUG org.hibernate.internal.util.EntityPrinter - web_prak.java.classes.Supplies{supply_id=294, data_supply=2022-01-05, store_period=120, supplier_id=web_prak.java.classes.Suppliers#304, status=в процессе}
11:49:44.754 [Test worker] DEBUG org.hibernate.resource.jdbc.internal.LogicalConnectionManagedImpl - Initiating JDBC connection release from afterTransaction
11:49:44.754 [Test worker] DEBUG org.hibernate.resource.jdbc.internal.LogicalConnectionManagedImpl - Initiating JDBC connection release from afterTransaction
11:49:44.754 [Test worker] DEBUG org.hibernate.SQL - select supplies0_.supply_id as supply_i1_6_0_, supplies0_.data_supply as data_sup2_6_0_, supplies0_.status as status3_6_0_, supplies0_.store_period as store_pe4_6_0_, supplies0_.supplier_id as supplier5_6_0_, suppliers1_.supplier_id as supplier1_5_1_, suppliers1_.address as address2_5_1_, suppliers1_.contact as contact3_5_1_, suppliers1_.email as email4_5_1_, suppliers1_.supplier_name as supplier5_5_1_ from supplies supplies0_ left outer join suppliers suppliers1_ on supplies0_.supplier_id=suppliers1_.supplier_id where supplies0_.supply_id=?
Hibernate: select supplies0_.supply_id as supply_i1_6_0_, supplies0_.data_supply as data_sup2_6_0_, supplies0_.status as status3_6_0_, supplies0_.store_period as store_pe4_6_0_, supplies0_.supplier_id as supplier5_6_0_, suppliers1_.supplier_id as supplier1_5_1_, suppliers1_.address as address2_5_1_, suppliers1_.contact as contact3_5_1_, suppliers1_.email as email4_5_1_, suppliers1_.supplier_name as supplier5_5_1_ from supplies supplies0_ left outer join suppliers suppliers1_ on supplies0_.supplier_id=suppliers1_.supplier_id where supplies0_.supply_id=?
11:49:44.754 [Test worker] DEBUG org.hibernate.loader.plan.exec.process.internal.EntityReferenceInitializerImpl - On call to EntityIdentifierReaderImpl#resolve, EntityKey was already known; should only happen on root returns with an optional identifier specified
11:49:44.755 [Test worker] DEBUG org.hibernate.engine.internal.TwoPhaseLoad - Resolving attributes for [web_prak.java.classes.Supplies#294]
11:49:44.755 [Test worker] DEBUG org.hibernate.engine.internal.TwoPhaseLoad - Processing attribute `data_supply` : value = 2022-01-05
11:49:44.755 [Test worker] DEBUG org.hibernate.engine.internal.TwoPhaseLoad - Attribute (`data_supply`)  - enhanced for lazy-loading? - false
11:49:44.755 [Test worker] DEBUG org.hibernate.engine.internal.TwoPhaseLoad - Processing attribute `status` : value = в процессе
11:49:44.755 [Test worker] DEBUG org.hibernate.engine.internal.TwoPhaseLoad - Attribute (`status`)  - enhanced for lazy-loading? - false
11:49:44.755 [Test worker] DEBUG org.hibernate.engine.internal.TwoPhaseLoad - Processing attribute `store_period` : value = 120
11:49:44.755 [Test worker] DEBUG org.hibernate.engine.internal.TwoPhaseLoad - Attribute (`store_period`)  - enhanced for lazy-loading? - false
11:49:44.755 [Test worker] DEBUG org.hibernate.engine.internal.TwoPhaseLoad - Processing attribute `supplier_id` : value = 304
11:49:44.755 [Test worker] DEBUG org.hibernate.engine.internal.TwoPhaseLoad - Attribute (`supplier_id`)  - enhanced for lazy-loading? - false
11:49:44.755 [Test worker] DEBUG org.hibernate.engine.internal.TwoPhaseLoad - Done materializing entity [web_prak.java.classes.Supplies#294]
11:49:44.755 [Test worker] DEBUG org.hibernate.engine.internal.TwoPhaseLoad - Resolving attributes for [web_prak.java.classes.Suppliers#304]
11:49:44.755 [Test worker] DEBUG org.hibernate.engine.internal.TwoPhaseLoad - Processing attribute `address` : value = улица Пятницкая, д27
11:49:44.755 [Test worker] DEBUG org.hibernate.engine.internal.TwoPhaseLoad - Attribute (`address`)  - enhanced for lazy-loading? - false
11:49:44.755 [Test worker] DEBUG org.hibernate.engine.internal.TwoPhaseLoad - Processing attribute `contact` : value = +7 (926) 059-17-93
11:49:44.755 [Test worker] DEBUG org.hibernate.engine.internal.TwoPhaseLoad - Attribute (`contact`)  - enhanced for lazy-loading? - false
11:49:44.755 [Test worker] DEBUG org.hibernate.engine.internal.TwoPhaseLoad - Processing attribute `email` : value = wokker0@infoseek.co.jp
11:49:44.755 [Test worker] DEBUG org.hibernate.engine.internal.TwoPhaseLoad - Attribute (`email`)  - enhanced for lazy-loading? - false
11:49:44.755 [Test worker] DEBUG org.hibernate.engine.internal.TwoPhaseLoad - Processing attribute `supplier_name` : value = Казакова Алиса
11:49:44.755 [Test worker] DEBUG org.hibernate.engine.internal.TwoPhaseLoad - Attribute (`supplier_name`)  - enhanced for lazy-loading? - false
11:49:44.755 [Test worker] DEBUG org.hibernate.engine.internal.TwoPhaseLoad - Done materializing entity [web_prak.java.classes.Suppliers#304]
11:49:44.755 [Test worker] DEBUG org.hibernate.loader.entity.plan.AbstractLoadPlanBasedEntityLoader - Done entity load : web_prak.java.classes.Supplies#294
11:49:44.755 [Test worker] DEBUG org.hibernate.resource.jdbc.internal.LogicalConnectionManagedImpl - Initiating JDBC connection release from afterTransaction
11:49:44.755 [Test worker] DEBUG org.hibernate.engine.transaction.internal.TransactionImpl - On TransactionImpl creation, JpaCompliance#isJpaTransactionComplianceEnabled == false
11:49:44.755 [Test worker] DEBUG org.hibernate.engine.transaction.internal.TransactionImpl - begin
11:49:44.755 [Test worker] DEBUG org.hibernate.engine.transaction.internal.TransactionImpl - committing
11:49:44.755 [Test worker] DEBUG org.hibernate.event.internal.AbstractFlushingEventListener - Processing flush-time cascades
11:49:44.755 [Test worker] DEBUG org.hibernate.event.internal.AbstractFlushingEventListener - Dirty checking collections
11:49:44.755 [Test worker] DEBUG org.hibernate.event.internal.AbstractFlushingEventListener - Flushed: 0 insertions, 1 updates, 0 deletions to 1 objects
11:49:44.755 [Test worker] DEBUG org.hibernate.event.internal.AbstractFlushingEventListener - Flushed: 0 (re)creations, 0 updates, 0 removals to 0 collections
11:49:44.755 [Test worker] DEBUG org.hibernate.internal.util.EntityPrinter - Listing entities:
11:49:44.755 [Test worker] DEBUG org.hibernate.internal.util.EntityPrinter - web_prak.java.classes.Supplies{supply_id=294, data_supply=2022-08-10, store_period=120, supplier_id=web_prak.java.classes.Suppliers#304, status=в процессе}
11:49:44.756 [Test worker] DEBUG org.hibernate.SQL - update supplies set data_supply=?, status=?, store_period=?, supplier_id=? where supply_id=?
Hibernate: update supplies set data_supply=?, status=?, store_period=?, supplier_id=? where supply_id=?
11:49:44.770 [Test worker] DEBUG org.hibernate.resource.jdbc.internal.LogicalConnectionManagedImpl - Initiating JDBC connection release from afterTransaction
11:49:44.770 [Test worker] DEBUG org.hibernate.resource.jdbc.internal.LogicalConnectionManagedImpl - Initiating JDBC connection release from afterTransaction
11:49:44.770 [Test worker] DEBUG org.hibernate.engine.jdbc.internal.JdbcCoordinatorImpl - HHH000420: Closing un-released batch
11:49:44.771 [Test worker] DEBUG org.hibernate.SQL - select supplies0_.supply_id as supply_i1_6_0_, supplies0_.data_supply as data_sup2_6_0_, supplies0_.status as status3_6_0_, supplies0_.store_period as store_pe4_6_0_, supplies0_.supplier_id as supplier5_6_0_, suppliers1_.supplier_id as supplier1_5_1_, suppliers1_.address as address2_5_1_, suppliers1_.contact as contact3_5_1_, suppliers1_.email as email4_5_1_, suppliers1_.supplier_name as supplier5_5_1_ from supplies supplies0_ left outer join suppliers suppliers1_ on supplies0_.supplier_id=suppliers1_.supplier_id where supplies0_.supply_id=?
Hibernate: select supplies0_.supply_id as supply_i1_6_0_, supplies0_.data_supply as data_sup2_6_0_, supplies0_.status as status3_6_0_, supplies0_.store_period as store_pe4_6_0_, supplies0_.supplier_id as supplier5_6_0_, suppliers1_.supplier_id as supplier1_5_1_, suppliers1_.address as address2_5_1_, suppliers1_.contact as contact3_5_1_, suppliers1_.email as email4_5_1_, suppliers1_.supplier_name as supplier5_5_1_ from supplies supplies0_ left outer join suppliers suppliers1_ on supplies0_.supplier_id=suppliers1_.supplier_id where supplies0_.supply_id=?
11:49:44.771 [Test worker] DEBUG org.hibernate.loader.plan.exec.process.internal.EntityReferenceInitializerImpl - On call to EntityIdentifierReaderImpl#resolve, EntityKey was already known; should only happen on root returns with an optional identifier specified
11:49:44.772 [Test worker] DEBUG org.hibernate.engine.internal.TwoPhaseLoad - Resolving attributes for [web_prak.java.classes.Supplies#294]
11:49:44.772 [Test worker] DEBUG org.hibernate.engine.internal.TwoPhaseLoad - Processing attribute `data_supply` : value = 2022-08-10
11:49:44.772 [Test worker] DEBUG org.hibernate.engine.internal.TwoPhaseLoad - Attribute (`data_supply`)  - enhanced for lazy-loading? - false
11:49:44.772 [Test worker] DEBUG org.hibernate.engine.internal.TwoPhaseLoad - Processing attribute `status` : value = в процессе
11:49:44.772 [Test worker] DEBUG org.hibernate.engine.internal.TwoPhaseLoad - Attribute (`status`)  - enhanced for lazy-loading? - false
11:49:44.772 [Test worker] DEBUG org.hibernate.engine.internal.TwoPhaseLoad - Processing attribute `store_period` : value = 120
11:49:44.772 [Test worker] DEBUG org.hibernate.engine.internal.TwoPhaseLoad - Attribute (`store_period`)  - enhanced for lazy-loading? - false
11:49:44.772 [Test worker] DEBUG org.hibernate.engine.internal.TwoPhaseLoad - Processing attribute `supplier_id` : value = 304
11:49:44.772 [Test worker] DEBUG org.hibernate.engine.internal.TwoPhaseLoad - Attribute (`supplier_id`)  - enhanced for lazy-loading? - false
11:49:44.772 [Test worker] DEBUG org.hibernate.engine.internal.TwoPhaseLoad - Done materializing entity [web_prak.java.classes.Supplies#294]
11:49:44.772 [Test worker] DEBUG org.hibernate.engine.internal.TwoPhaseLoad - Resolving attributes for [web_prak.java.classes.Suppliers#304]
11:49:44.772 [Test worker] DEBUG org.hibernate.engine.internal.TwoPhaseLoad - Processing attribute `address` : value = улица Пятницкая, д27
11:49:44.772 [Test worker] DEBUG org.hibernate.engine.internal.TwoPhaseLoad - Attribute (`address`)  - enhanced for lazy-loading? - false
11:49:44.772 [Test worker] DEBUG org.hibernate.engine.internal.TwoPhaseLoad - Processing attribute `contact` : value = +7 (926) 059-17-93
11:49:44.772 [Test worker] DEBUG org.hibernate.engine.internal.TwoPhaseLoad - Attribute (`contact`)  - enhanced for lazy-loading? - false
11:49:44.772 [Test worker] DEBUG org.hibernate.engine.internal.TwoPhaseLoad - Processing attribute `email` : value = wokker0@infoseek.co.jp
11:49:44.772 [Test worker] DEBUG org.hibernate.engine.internal.TwoPhaseLoad - Attribute (`email`)  - enhanced for lazy-loading? - false
11:49:44.772 [Test worker] DEBUG org.hibernate.engine.internal.TwoPhaseLoad - Processing attribute `supplier_name` : value = Казакова Алиса
11:49:44.772 [Test worker] DEBUG org.hibernate.engine.internal.TwoPhaseLoad - Attribute (`supplier_name`)  - enhanced for lazy-loading? - false
11:49:44.772 [Test worker] DEBUG org.hibernate.engine.internal.TwoPhaseLoad - Done materializing entity [web_prak.java.classes.Suppliers#304]
11:49:44.772 [Test worker] DEBUG org.hibernate.loader.entity.plan.AbstractLoadPlanBasedEntityLoader - Done entity load : web_prak.java.classes.Supplies#294
11:49:44.772 [Test worker] DEBUG org.hibernate.resource.jdbc.internal.LogicalConnectionManagedImpl - Initiating JDBC connection release from afterTransaction
11:49:44.773 [Test worker] DEBUG org.hibernate.engine.transaction.internal.TransactionImpl - On TransactionImpl creation, JpaCompliance#isJpaTransactionComplianceEnabled == false
11:49:44.773 [Test worker] DEBUG org.hibernate.engine.transaction.internal.TransactionImpl - begin
11:49:44.773 [Test worker] DEBUG org.hibernate.engine.transaction.internal.TransactionImpl - committing
11:49:44.773 [Test worker] DEBUG org.hibernate.event.internal.AbstractFlushingEventListener - Processing flush-time cascades
11:49:44.773 [Test worker] DEBUG org.hibernate.event.internal.AbstractFlushingEventListener - Dirty checking collections
11:49:44.773 [Test worker] DEBUG org.hibernate.event.internal.AbstractFlushingEventListener - Flushed: 0 insertions, 0 updates, 1 deletions to 1 objects
11:49:44.773 [Test worker] DEBUG org.hibernate.event.internal.AbstractFlushingEventListener - Flushed: 0 (re)creations, 0 updates, 0 removals to 0 collections
11:49:44.773 [Test worker] DEBUG org.hibernate.internal.util.EntityPrinter - Listing entities:
11:49:44.773 [Test worker] DEBUG org.hibernate.internal.util.EntityPrinter - web_prak.java.classes.Supplies{supply_id=294, data_supply=2022-08-10, store_period=120, supplier_id=web_prak.java.classes.Suppliers#304, status=в процессе}
11:49:44.773 [Test worker] DEBUG org.hibernate.SQL - delete from supplies where supply_id=?
Hibernate: delete from supplies where supply_id=?
11:49:44.787 [Test worker] DEBUG org.hibernate.resource.jdbc.internal.LogicalConnectionManagedImpl - Initiating JDBC connection release from afterTransaction
11:49:44.787 [Test worker] DEBUG org.hibernate.resource.jdbc.internal.LogicalConnectionManagedImpl - Initiating JDBC connection release from afterTransaction
11:49:44.787 [Test worker] DEBUG org.hibernate.engine.jdbc.internal.JdbcCoordinatorImpl - HHH000420: Closing un-released batch
11:49:44.787 [Test worker] DEBUG org.hibernate.engine.transaction.internal.TransactionImpl - On TransactionImpl creation, JpaCompliance#isJpaTransactionComplianceEnabled == false
11:49:44.787 [Test worker] DEBUG org.hibernate.engine.transaction.internal.TransactionImpl - begin
11:49:44.787 [Test worker] DEBUG org.hibernate.engine.transaction.internal.TransactionImpl - committing
11:49:44.787 [Test worker] DEBUG org.hibernate.event.internal.AbstractFlushingEventListener - Processing flush-time cascades
11:49:44.787 [Test worker] DEBUG org.hibernate.event.internal.AbstractFlushingEventListener - Dirty checking collections
11:49:44.788 [Test worker] DEBUG org.hibernate.event.internal.AbstractFlushingEventListener - Flushed: 0 insertions, 0 updates, 1 deletions to 1 objects
11:49:44.788 [Test worker] DEBUG org.hibernate.event.internal.AbstractFlushingEventListener - Flushed: 0 (re)creations, 0 updates, 0 removals to 0 collections
11:49:44.788 [Test worker] DEBUG org.hibernate.internal.util.EntityPrinter - Listing entities:
11:49:44.788 [Test worker] DEBUG org.hibernate.internal.util.EntityPrinter - web_prak.java.classes.Suppliers{address=улица Пятницкая, д27, contact=+7 (926) 059-17-93, supplier_name=Казакова Алиса, supplier_id=304, email=wokker0@infoseek.co.jp}
11:49:44.788 [Test worker] DEBUG org.hibernate.SQL - delete from suppliers where supplier_id=?
Hibernate: delete from suppliers where supplier_id=?
11:49:44.804 [Test worker] DEBUG org.hibernate.resource.jdbc.internal.LogicalConnectionManagedImpl - Initiating JDBC connection release from afterTransaction
11:49:44.804 [Test worker] DEBUG org.hibernate.resource.jdbc.internal.LogicalConnectionManagedImpl - Initiating JDBC connection release from afterTransaction
11:49:44.804 [Test worker] DEBUG org.hibernate.engine.jdbc.internal.JdbcCoordinatorImpl - HHH000420: Closing un-released batch
]]></system-out>
  <system-err><![CDATA[]]></system-err>
</testsuite>
