<?xml version="1.0" encoding="UTF-8"?>
<testsuite name="DeliveriesListTest" tests="9" skipped="0" failures="0" errors="0" timestamp="2022-04-04T08:49:30" hostname="bekzat-Lenovo-Legion-Y530-15ICH" time="3.114">
  <properties/>
  <testcase name="testCreateNewDeliveries_List" classname="DeliveriesListTest" time="0.178"/>
  <testcase name="testGetAllDeliveriesList" classname="DeliveriesListTest" time="0.233"/>
  <testcase name="testGetDeliveriesListByDelivery" classname="DeliveriesListTest" time="0.268"/>
  <testcase name="testGetDeliveriesListByLessQuantity" classname="DeliveriesListTest" time="0.753"/>
  <testcase name="testGetDeliveriesListByMoreQuantity" classname="DeliveriesListTest" time="0.804"/>
  <testcase name="testGetDeliveriesListByProduct" classname="DeliveriesListTest" time="0.224"/>
  <testcase name="testGetDeliveriesListByQuantity" classname="DeliveriesListTest" time="0.233"/>
  <testcase name="testGetDeliveries_ListById" classname="DeliveriesListTest" time="0.206"/>
  <testcase name="testUpdateDeliveries_List" classname="DeliveriesListTest" time="0.21"/>
  <system-out><![CDATA[11:49:30.782 [Test worker] DEBUG org.hibernate.engine.transaction.internal.TransactionImpl - On TransactionImpl creation, JpaCompliance#isJpaTransactionComplianceEnabled == false
11:49:30.782 [Test worker] DEBUG org.hibernate.engine.transaction.internal.TransactionImpl - begin
11:49:30.782 [Test worker] DEBUG org.hibernate.engine.spi.ActionQueue - Executing identity-insert immediately
11:49:30.782 [Test worker] DEBUG org.hibernate.SQL - insert into register_place (free, storage_location) values (?, ?)
Hibernate: insert into register_place (free, storage_location) values (?, ?)
11:49:30.783 [Test worker] DEBUG org.hibernate.id.IdentifierGeneratorHelper - Natively generated identity: 520
11:49:30.783 [Test worker] DEBUG org.hibernate.resource.jdbc.internal.ResourceRegistryStandardImpl - HHH000387: ResultSet's statement was not registered
11:49:30.783 [Test worker] DEBUG org.hibernate.engine.transaction.internal.TransactionImpl - committing
11:49:30.783 [Test worker] DEBUG org.hibernate.event.internal.AbstractFlushingEventListener - Processing flush-time cascades
11:49:30.783 [Test worker] DEBUG org.hibernate.event.internal.AbstractFlushingEventListener - Dirty checking collections
11:49:30.783 [Test worker] DEBUG org.hibernate.event.internal.AbstractFlushingEventListener - Flushed: 0 insertions, 0 updates, 0 deletions to 1 objects
11:49:30.783 [Test worker] DEBUG org.hibernate.event.internal.AbstractFlushingEventListener - Flushed: 0 (re)creations, 0 updates, 0 removals to 0 collections
11:49:30.783 [Test worker] DEBUG org.hibernate.internal.util.EntityPrinter - Listing entities:
11:49:30.784 [Test worker] DEBUG org.hibernate.internal.util.EntityPrinter - web_prak.java.classes.Register_place{storage_location=02 10 03, free=нет, place_id=520}
11:49:30.798 [Test worker] DEBUG org.hibernate.resource.jdbc.internal.LogicalConnectionManagedImpl - Initiating JDBC connection release from afterTransaction
11:49:30.798 [Test worker] DEBUG org.hibernate.resource.jdbc.internal.LogicalConnectionManagedImpl - Initiating JDBC connection release from afterTransaction
11:49:30.799 [Test worker] DEBUG org.hibernate.engine.transaction.internal.TransactionImpl - On TransactionImpl creation, JpaCompliance#isJpaTransactionComplianceEnabled == false
11:49:30.799 [Test worker] DEBUG org.hibernate.engine.transaction.internal.TransactionImpl - begin
11:49:30.799 [Test worker] DEBUG org.hibernate.engine.spi.ActionQueue - Executing identity-insert immediately
11:49:30.799 [Test worker] DEBUG org.hibernate.SQL - insert into products (expiration_date_from, expiration_date_to, measure, place_id, product_name, quantity, type) values (?, ?, ?, ?, ?, ?, ?)
Hibernate: insert into products (expiration_date_from, expiration_date_to, measure, place_id, product_name, quantity, type) values (?, ?, ?, ?, ?, ?, ?)
11:49:30.801 [Test worker] DEBUG org.hibernate.id.IdentifierGeneratorHelper - Natively generated identity: 416
11:49:30.801 [Test worker] DEBUG org.hibernate.resource.jdbc.internal.ResourceRegistryStandardImpl - HHH000387: ResultSet's statement was not registered
11:49:30.801 [Test worker] DEBUG org.hibernate.engine.transaction.internal.TransactionImpl - committing
11:49:30.801 [Test worker] DEBUG org.hibernate.event.internal.AbstractFlushingEventListener - Processing flush-time cascades
11:49:30.801 [Test worker] DEBUG org.hibernate.event.internal.AbstractFlushingEventListener - Dirty checking collections
11:49:30.801 [Test worker] DEBUG org.hibernate.event.internal.AbstractFlushingEventListener - Flushed: 0 insertions, 0 updates, 0 deletions to 1 objects
11:49:30.801 [Test worker] DEBUG org.hibernate.event.internal.AbstractFlushingEventListener - Flushed: 0 (re)creations, 0 updates, 0 removals to 0 collections
11:49:30.801 [Test worker] DEBUG org.hibernate.internal.util.EntityPrinter - Listing entities:
11:49:30.802 [Test worker] DEBUG org.hibernate.internal.util.EntityPrinter - web_prak.java.classes.Products{measure=штук, quantity=5, expiration_date_to=2022-08-01, product_id=416, expiration_date_from=2021-08-01, type=Ноутбуки, product_name=Asus Rog Strix, place_id=web_prak.java.classes.Register_place#520}
11:49:30.814 [Test worker] DEBUG org.hibernate.resource.jdbc.internal.LogicalConnectionManagedImpl - Initiating JDBC connection release from afterTransaction
11:49:30.814 [Test worker] DEBUG org.hibernate.resource.jdbc.internal.LogicalConnectionManagedImpl - Initiating JDBC connection release from afterTransaction
11:49:30.815 [Test worker] DEBUG org.hibernate.engine.transaction.internal.TransactionImpl - On TransactionImpl creation, JpaCompliance#isJpaTransactionComplianceEnabled == false
11:49:30.815 [Test worker] DEBUG org.hibernate.engine.transaction.internal.TransactionImpl - begin
11:49:30.815 [Test worker] DEBUG org.hibernate.engine.spi.ActionQueue - Executing identity-insert immediately
11:49:30.815 [Test worker] DEBUG org.hibernate.SQL - insert into clients (address, client_name, contact, email) values (?, ?, ?, ?)
Hibernate: insert into clients (address, client_name, contact, email) values (?, ?, ?, ?)
11:49:30.816 [Test worker] DEBUG org.hibernate.id.IdentifierGeneratorHelper - Natively generated identity: 395
11:49:30.816 [Test worker] DEBUG org.hibernate.resource.jdbc.internal.ResourceRegistryStandardImpl - HHH000387: ResultSet's statement was not registered
11:49:30.816 [Test worker] DEBUG org.hibernate.engine.transaction.internal.TransactionImpl - committing
11:49:30.816 [Test worker] DEBUG org.hibernate.event.internal.AbstractFlushingEventListener - Processing flush-time cascades
11:49:30.816 [Test worker] DEBUG org.hibernate.event.internal.AbstractFlushingEventListener - Dirty checking collections
11:49:30.816 [Test worker] DEBUG org.hibernate.event.internal.AbstractFlushingEventListener - Flushed: 0 insertions, 0 updates, 0 deletions to 1 objects
11:49:30.816 [Test worker] DEBUG org.hibernate.event.internal.AbstractFlushingEventListener - Flushed: 0 (re)creations, 0 updates, 0 removals to 0 collections
11:49:30.816 [Test worker] DEBUG org.hibernate.internal.util.EntityPrinter - Listing entities:
11:49:30.816 [Test worker] DEBUG org.hibernate.internal.util.EntityPrinter - web_prak.java.classes.Clients{address=Ярославское шоссе д26, contact=+7 (976) 130-93-80, client_name=Иван Иванов, client_id=395, email=cromaint0@go.com}
11:49:30.831 [Test worker] DEBUG org.hibernate.resource.jdbc.internal.LogicalConnectionManagedImpl - Initiating JDBC connection release from afterTransaction
11:49:30.832 [Test worker] DEBUG org.hibernate.resource.jdbc.internal.LogicalConnectionManagedImpl - Initiating JDBC connection release from afterTransaction
11:49:30.832 [Test worker] DEBUG org.hibernate.engine.transaction.internal.TransactionImpl - On TransactionImpl creation, JpaCompliance#isJpaTransactionComplianceEnabled == false
11:49:30.832 [Test worker] DEBUG org.hibernate.engine.transaction.internal.TransactionImpl - begin
11:49:30.832 [Test worker] DEBUG org.hibernate.engine.spi.ActionQueue - Executing identity-insert immediately
11:49:30.832 [Test worker] DEBUG org.hibernate.SQL - insert into deliveries (client_id, date_issue, status) values (?, ?, ?)
Hibernate: insert into deliveries (client_id, date_issue, status) values (?, ?, ?)
11:49:30.833 [Test worker] DEBUG org.hibernate.id.IdentifierGeneratorHelper - Natively generated identity: 246
11:49:30.833 [Test worker] DEBUG org.hibernate.resource.jdbc.internal.ResourceRegistryStandardImpl - HHH000387: ResultSet's statement was not registered
11:49:30.833 [Test worker] DEBUG org.hibernate.engine.transaction.internal.TransactionImpl - committing
11:49:30.834 [Test worker] DEBUG org.hibernate.event.internal.AbstractFlushingEventListener - Processing flush-time cascades
11:49:30.834 [Test worker] DEBUG org.hibernate.event.internal.AbstractFlushingEventListener - Dirty checking collections
11:49:30.834 [Test worker] DEBUG org.hibernate.event.internal.AbstractFlushingEventListener - Flushed: 0 insertions, 0 updates, 0 deletions to 1 objects
11:49:30.834 [Test worker] DEBUG org.hibernate.event.internal.AbstractFlushingEventListener - Flushed: 0 (re)creations, 0 updates, 0 removals to 0 collections
11:49:30.834 [Test worker] DEBUG org.hibernate.internal.util.EntityPrinter - Listing entities:
11:49:30.834 [Test worker] DEBUG org.hibernate.internal.util.EntityPrinter - web_prak.java.classes.Deliveries{delivery_id=246, client_id=web_prak.java.classes.Clients#395, date_issue=2022-02-05, status=завершен}
11:49:30.848 [Test worker] DEBUG org.hibernate.resource.jdbc.internal.LogicalConnectionManagedImpl - Initiating JDBC connection release from afterTransaction
11:49:30.848 [Test worker] DEBUG org.hibernate.resource.jdbc.internal.LogicalConnectionManagedImpl - Initiating JDBC connection release from afterTransaction
11:49:30.848 [Test worker] DEBUG org.hibernate.engine.transaction.internal.TransactionImpl - On TransactionImpl creation, JpaCompliance#isJpaTransactionComplianceEnabled == false
11:49:30.848 [Test worker] DEBUG org.hibernate.engine.transaction.internal.TransactionImpl - begin
11:49:30.848 [Test worker] DEBUG org.hibernate.engine.spi.ActionQueue - Executing identity-insert immediately
11:49:30.848 [Test worker] DEBUG org.hibernate.SQL - insert into deliveries_list (delivery_id, product_id, quantity) values (?, ?, ?)
Hibernate: insert into deliveries_list (delivery_id, product_id, quantity) values (?, ?, ?)
11:49:30.849 [Test worker] DEBUG org.hibernate.id.IdentifierGeneratorHelper - Natively generated identity: 164
11:49:30.850 [Test worker] DEBUG org.hibernate.resource.jdbc.internal.ResourceRegistryStandardImpl - HHH000387: ResultSet's statement was not registered
11:49:30.850 [Test worker] DEBUG org.hibernate.engine.transaction.internal.TransactionImpl - committing
11:49:30.850 [Test worker] DEBUG org.hibernate.event.internal.AbstractFlushingEventListener - Processing flush-time cascades
11:49:30.850 [Test worker] DEBUG org.hibernate.event.internal.AbstractFlushingEventListener - Dirty checking collections
11:49:30.850 [Test worker] DEBUG org.hibernate.event.internal.AbstractFlushingEventListener - Flushed: 0 insertions, 0 updates, 0 deletions to 1 objects
11:49:30.850 [Test worker] DEBUG org.hibernate.event.internal.AbstractFlushingEventListener - Flushed: 0 (re)creations, 0 updates, 0 removals to 0 collections
11:49:30.850 [Test worker] DEBUG org.hibernate.internal.util.EntityPrinter - Listing entities:
11:49:30.850 [Test worker] DEBUG org.hibernate.internal.util.EntityPrinter - web_prak.java.classes.Deliveries_list{deliveries_list_id=164, quantity=6, delivery_id=web_prak.java.classes.Deliveries#246, product_id=web_prak.java.classes.Products#416}
11:49:30.865 [Test worker] DEBUG org.hibernate.resource.jdbc.internal.LogicalConnectionManagedImpl - Initiating JDBC connection release from afterTransaction
11:49:30.865 [Test worker] DEBUG org.hibernate.resource.jdbc.internal.LogicalConnectionManagedImpl - Initiating JDBC connection release from afterTransaction
11:49:30.866 [Test worker] DEBUG org.hibernate.SQL - select deliveries0_.deliveries_list_id as deliveri1_2_0_, deliveries0_.delivery_id as delivery3_2_0_, deliveries0_.product_id as product_4_2_0_, deliveries0_.quantity as quantity2_2_0_, deliveries1_.delivery_id as delivery1_1_1_, deliveries1_.client_id as client_i4_1_1_, deliveries1_.date_issue as date_iss2_1_1_, deliveries1_.status as status3_1_1_, clients2_.client_id as client_i1_0_2_, clients2_.address as address2_0_2_, clients2_.client_name as client_n3_0_2_, clients2_.contact as contact4_0_2_, clients2_.email as email5_0_2_, products3_.product_id as product_1_3_3_, products3_.expiration_date_from as expirati2_3_3_, products3_.expiration_date_to as expirati3_3_3_, products3_.measure as measure4_3_3_, products3_.place_id as place_id8_3_3_, products3_.product_name as product_5_3_3_, products3_.quantity as quantity6_3_3_, products3_.type as type7_3_3_, register_p4_.place_id as place_id1_4_4_, register_p4_.free as free2_4_4_, register_p4_.storage_location as storage_3_4_4_ from deliveries_list deliveries0_ left outer join deliveries deliveries1_ on deliveries0_.delivery_id=deliveries1_.delivery_id left outer join clients clients2_ on deliveries1_.client_id=clients2_.client_id left outer join products products3_ on deliveries0_.product_id=products3_.product_id left outer join register_place register_p4_ on products3_.place_id=register_p4_.place_id where deliveries0_.deliveries_list_id=?
Hibernate: select deliveries0_.deliveries_list_id as deliveri1_2_0_, deliveries0_.delivery_id as delivery3_2_0_, deliveries0_.product_id as product_4_2_0_, deliveries0_.quantity as quantity2_2_0_, deliveries1_.delivery_id as delivery1_1_1_, deliveries1_.client_id as client_i4_1_1_, deliveries1_.date_issue as date_iss2_1_1_, deliveries1_.status as status3_1_1_, clients2_.client_id as client_i1_0_2_, clients2_.address as address2_0_2_, clients2_.client_name as client_n3_0_2_, clients2_.contact as contact4_0_2_, clients2_.email as email5_0_2_, products3_.product_id as product_1_3_3_, products3_.expiration_date_from as expirati2_3_3_, products3_.expiration_date_to as expirati3_3_3_, products3_.measure as measure4_3_3_, products3_.place_id as place_id8_3_3_, products3_.product_name as product_5_3_3_, products3_.quantity as quantity6_3_3_, products3_.type as type7_3_3_, register_p4_.place_id as place_id1_4_4_, register_p4_.free as free2_4_4_, register_p4_.storage_location as storage_3_4_4_ from deliveries_list deliveries0_ left outer join deliveries deliveries1_ on deliveries0_.delivery_id=deliveries1_.delivery_id left outer join clients clients2_ on deliveries1_.client_id=clients2_.client_id left outer join products products3_ on deliveries0_.product_id=products3_.product_id left outer join register_place register_p4_ on products3_.place_id=register_p4_.place_id where deliveries0_.deliveries_list_id=?
11:49:30.868 [Test worker] DEBUG org.hibernate.loader.plan.exec.process.internal.EntityReferenceInitializerImpl - On call to EntityIdentifierReaderImpl#resolve, EntityKey was already known; should only happen on root returns with an optional identifier specified
11:49:30.870 [Test worker] DEBUG org.hibernate.engine.internal.TwoPhaseLoad - Resolving attributes for [web_prak.java.classes.Deliveries_list#164]
11:49:30.870 [Test worker] DEBUG org.hibernate.engine.internal.TwoPhaseLoad - Processing attribute `delivery_id` : value = 246
11:49:30.870 [Test worker] DEBUG org.hibernate.engine.internal.TwoPhaseLoad - Attribute (`delivery_id`)  - enhanced for lazy-loading? - false
11:49:30.870 [Test worker] DEBUG org.hibernate.engine.internal.TwoPhaseLoad - Processing attribute `product_id` : value = 416
11:49:30.870 [Test worker] DEBUG org.hibernate.engine.internal.TwoPhaseLoad - Attribute (`product_id`)  - enhanced for lazy-loading? - false
11:49:30.870 [Test worker] DEBUG org.hibernate.engine.internal.TwoPhaseLoad - Processing attribute `quantity` : value = 6
11:49:30.870 [Test worker] DEBUG org.hibernate.engine.internal.TwoPhaseLoad - Attribute (`quantity`)  - enhanced for lazy-loading? - false
11:49:30.871 [Test worker] DEBUG org.hibernate.engine.internal.TwoPhaseLoad - Done materializing entity [web_prak.java.classes.Deliveries_list#164]
11:49:30.871 [Test worker] DEBUG org.hibernate.engine.internal.TwoPhaseLoad - Resolving attributes for [web_prak.java.classes.Deliveries#246]
11:49:30.871 [Test worker] DEBUG org.hibernate.engine.internal.TwoPhaseLoad - Processing attribute `client_id` : value = 395
11:49:30.871 [Test worker] DEBUG org.hibernate.engine.internal.TwoPhaseLoad - Attribute (`client_id`)  - enhanced for lazy-loading? - false
11:49:30.871 [Test worker] DEBUG org.hibernate.engine.internal.TwoPhaseLoad - Processing attribute `date_issue` : value = 2022-02-05
11:49:30.871 [Test worker] DEBUG org.hibernate.engine.internal.TwoPhaseLoad - Attribute (`date_issue`)  - enhanced for lazy-loading? - false
11:49:30.871 [Test worker] DEBUG org.hibernate.engine.internal.TwoPhaseLoad - Processing attribute `status` : value = завершен
11:49:30.871 [Test worker] DEBUG org.hibernate.engine.internal.TwoPhaseLoad - Attribute (`status`)  - enhanced for lazy-loading? - false
11:49:30.871 [Test worker] DEBUG org.hibernate.engine.internal.TwoPhaseLoad - Done materializing entity [web_prak.java.classes.Deliveries#246]
11:49:30.871 [Test worker] DEBUG org.hibernate.engine.internal.TwoPhaseLoad - Resolving attributes for [web_prak.java.classes.Clients#395]
11:49:30.871 [Test worker] DEBUG org.hibernate.engine.internal.TwoPhaseLoad - Processing attribute `address` : value = Ярославское шоссе д26
11:49:30.871 [Test worker] DEBUG org.hibernate.engine.internal.TwoPhaseLoad - Attribute (`address`)  - enhanced for lazy-loading? - false
11:49:30.871 [Test worker] DEBUG org.hibernate.engine.internal.TwoPhaseLoad - Processing attribute `client_name` : value = Иван Иванов
11:49:30.871 [Test worker] DEBUG org.hibernate.engine.internal.TwoPhaseLoad - Attribute (`client_name`)  - enhanced for lazy-loading? - false
11:49:30.871 [Test worker] DEBUG org.hibernate.engine.internal.TwoPhaseLoad - Processing attribute `contact` : value = +7 (976) 130-93-80
11:49:30.871 [Test worker] DEBUG org.hibernate.engine.internal.TwoPhaseLoad - Attribute (`contact`)  - enhanced for lazy-loading? - false
11:49:30.871 [Test worker] DEBUG org.hibernate.engine.internal.TwoPhaseLoad - Processing attribute `email` : value = cromaint0@go.com
11:49:30.871 [Test worker] DEBUG org.hibernate.engine.internal.TwoPhaseLoad - Attribute (`email`)  - enhanced for lazy-loading? - false
11:49:30.871 [Test worker] DEBUG org.hibernate.engine.internal.TwoPhaseLoad - Done materializing entity [web_prak.java.classes.Clients#395]
11:49:30.871 [Test worker] DEBUG org.hibernate.engine.internal.TwoPhaseLoad - Resolving attributes for [web_prak.java.classes.Products#416]
11:49:30.871 [Test worker] DEBUG org.hibernate.engine.internal.TwoPhaseLoad - Processing attribute `expiration_date_from` : value = 2021-08-01
11:49:30.871 [Test worker] DEBUG org.hibernate.engine.internal.TwoPhaseLoad - Attribute (`expiration_date_from`)  - enhanced for lazy-loading? - false
11:49:30.871 [Test worker] DEBUG org.hibernate.engine.internal.TwoPhaseLoad - Processing attribute `expiration_date_to` : value = 2022-08-01
11:49:30.871 [Test worker] DEBUG org.hibernate.engine.internal.TwoPhaseLoad - Attribute (`expiration_date_to`)  - enhanced for lazy-loading? - false
11:49:30.871 [Test worker] DEBUG org.hibernate.engine.internal.TwoPhaseLoad - Processing attribute `measure` : value = штук
11:49:30.871 [Test worker] DEBUG org.hibernate.engine.internal.TwoPhaseLoad - Attribute (`measure`)  - enhanced for lazy-loading? - false
11:49:30.871 [Test worker] DEBUG org.hibernate.engine.internal.TwoPhaseLoad - Processing attribute `place_id` : value = 520
11:49:30.871 [Test worker] DEBUG org.hibernate.engine.internal.TwoPhaseLoad - Attribute (`place_id`)  - enhanced for lazy-loading? - false
11:49:30.872 [Test worker] DEBUG org.hibernate.engine.internal.TwoPhaseLoad - Processing attribute `product_name` : value = Asus Rog Strix
11:49:30.872 [Test worker] DEBUG org.hibernate.engine.internal.TwoPhaseLoad - Attribute (`product_name`)  - enhanced for lazy-loading? - false
11:49:30.872 [Test worker] DEBUG org.hibernate.engine.internal.TwoPhaseLoad - Processing attribute `quantity` : value = 5
11:49:30.872 [Test worker] DEBUG org.hibernate.engine.internal.TwoPhaseLoad - Attribute (`quantity`)  - enhanced for lazy-loading? - false
11:49:30.872 [Test worker] DEBUG org.hibernate.engine.internal.TwoPhaseLoad - Processing attribute `type` : value = Ноутбуки
11:49:30.872 [Test worker] DEBUG org.hibernate.engine.internal.TwoPhaseLoad - Attribute (`type`)  - enhanced for lazy-loading? - false
11:49:30.872 [Test worker] DEBUG org.hibernate.engine.internal.TwoPhaseLoad - Done materializing entity [web_prak.java.classes.Products#416]
11:49:30.872 [Test worker] DEBUG org.hibernate.engine.internal.TwoPhaseLoad - Resolving attributes for [web_prak.java.classes.Register_place#520]
11:49:30.872 [Test worker] DEBUG org.hibernate.engine.internal.TwoPhaseLoad - Processing attribute `free` : value = нет
11:49:30.872 [Test worker] DEBUG org.hibernate.engine.internal.TwoPhaseLoad - Attribute (`free`)  - enhanced for lazy-loading? - false
11:49:30.872 [Test worker] DEBUG org.hibernate.engine.internal.TwoPhaseLoad - Processing attribute `storage_location` : value = 02 10 03
11:49:30.872 [Test worker] DEBUG org.hibernate.engine.internal.TwoPhaseLoad - Attribute (`storage_location`)  - enhanced for lazy-loading? - false
11:49:30.872 [Test worker] DEBUG org.hibernate.engine.internal.TwoPhaseLoad - Done materializing entity [web_prak.java.classes.Register_place#520]
11:49:30.873 [Test worker] DEBUG org.hibernate.loader.entity.plan.AbstractLoadPlanBasedEntityLoader - Done entity load : web_prak.java.classes.Deliveries_list#164
11:49:30.873 [Test worker] DEBUG org.hibernate.resource.jdbc.internal.LogicalConnectionManagedImpl - Initiating JDBC connection release from afterTransaction
11:49:30.874 [Test worker] DEBUG org.hibernate.engine.transaction.internal.TransactionImpl - On TransactionImpl creation, JpaCompliance#isJpaTransactionComplianceEnabled == false
11:49:30.874 [Test worker] DEBUG org.hibernate.engine.transaction.internal.TransactionImpl - begin
11:49:30.874 [Test worker] DEBUG org.hibernate.engine.transaction.internal.TransactionImpl - committing
11:49:30.875 [Test worker] DEBUG org.hibernate.event.internal.AbstractFlushingEventListener - Processing flush-time cascades
11:49:30.875 [Test worker] DEBUG org.hibernate.event.internal.AbstractFlushingEventListener - Dirty checking collections
11:49:30.875 [Test worker] DEBUG org.hibernate.event.internal.AbstractFlushingEventListener - Flushed: 0 insertions, 0 updates, 1 deletions to 1 objects
11:49:30.875 [Test worker] DEBUG org.hibernate.event.internal.AbstractFlushingEventListener - Flushed: 0 (re)creations, 0 updates, 0 removals to 0 collections
11:49:30.875 [Test worker] DEBUG org.hibernate.internal.util.EntityPrinter - Listing entities:
11:49:30.875 [Test worker] DEBUG org.hibernate.internal.util.EntityPrinter - web_prak.java.classes.Deliveries_list{deliveries_list_id=164, quantity=6, delivery_id=web_prak.java.classes.Deliveries#246, product_id=web_prak.java.classes.Products#416}
11:49:30.875 [Test worker] DEBUG org.hibernate.SQL - delete from deliveries_list where deliveries_list_id=?
Hibernate: delete from deliveries_list where deliveries_list_id=?
11:49:30.892 [Test worker] DEBUG org.hibernate.resource.jdbc.internal.LogicalConnectionManagedImpl - Initiating JDBC connection release from afterTransaction
11:49:30.892 [Test worker] DEBUG org.hibernate.resource.jdbc.internal.LogicalConnectionManagedImpl - Initiating JDBC connection release from afterTransaction
11:49:30.893 [Test worker] DEBUG org.hibernate.engine.jdbc.internal.JdbcCoordinatorImpl - HHH000420: Closing un-released batch
11:49:30.893 [Test worker] DEBUG org.hibernate.engine.transaction.internal.TransactionImpl - On TransactionImpl creation, JpaCompliance#isJpaTransactionComplianceEnabled == false
11:49:30.893 [Test worker] DEBUG org.hibernate.engine.transaction.internal.TransactionImpl - begin
11:49:30.893 [Test worker] DEBUG org.hibernate.engine.transaction.internal.TransactionImpl - committing
11:49:30.893 [Test worker] DEBUG org.hibernate.event.internal.AbstractFlushingEventListener - Processing flush-time cascades
11:49:30.893 [Test worker] DEBUG org.hibernate.event.internal.AbstractFlushingEventListener - Dirty checking collections
11:49:30.893 [Test worker] DEBUG org.hibernate.event.internal.AbstractFlushingEventListener - Flushed: 0 insertions, 0 updates, 1 deletions to 1 objects
11:49:30.893 [Test worker] DEBUG org.hibernate.event.internal.AbstractFlushingEventListener - Flushed: 0 (re)creations, 0 updates, 0 removals to 0 collections
11:49:30.893 [Test worker] DEBUG org.hibernate.internal.util.EntityPrinter - Listing entities:
11:49:30.893 [Test worker] DEBUG org.hibernate.internal.util.EntityPrinter - web_prak.java.classes.Products{measure=штук, quantity=5, expiration_date_to=2022-08-01, product_id=416, expiration_date_from=2021-08-01, type=Ноутбуки, product_name=Asus Rog Strix, place_id=web_prak.java.classes.Register_place#520}
11:49:30.893 [Test worker] DEBUG org.hibernate.SQL - delete from products where product_id=?
Hibernate: delete from products where product_id=?
11:49:30.910 [Test worker] DEBUG org.hibernate.resource.jdbc.internal.LogicalConnectionManagedImpl - Initiating JDBC connection release from afterTransaction
11:49:30.910 [Test worker] DEBUG org.hibernate.resource.jdbc.internal.LogicalConnectionManagedImpl - Initiating JDBC connection release from afterTransaction
11:49:30.910 [Test worker] DEBUG org.hibernate.engine.jdbc.internal.JdbcCoordinatorImpl - HHH000420: Closing un-released batch
11:49:30.910 [Test worker] DEBUG org.hibernate.engine.transaction.internal.TransactionImpl - On TransactionImpl creation, JpaCompliance#isJpaTransactionComplianceEnabled == false
11:49:30.910 [Test worker] DEBUG org.hibernate.engine.transaction.internal.TransactionImpl - begin
11:49:30.910 [Test worker] DEBUG org.hibernate.engine.transaction.internal.TransactionImpl - committing
11:49:30.910 [Test worker] DEBUG org.hibernate.event.internal.AbstractFlushingEventListener - Processing flush-time cascades
11:49:30.910 [Test worker] DEBUG org.hibernate.event.internal.AbstractFlushingEventListener - Dirty checking collections
11:49:30.910 [Test worker] DEBUG org.hibernate.event.internal.AbstractFlushingEventListener - Flushed: 0 insertions, 0 updates, 1 deletions to 1 objects
11:49:30.910 [Test worker] DEBUG org.hibernate.event.internal.AbstractFlushingEventListener - Flushed: 0 (re)creations, 0 updates, 0 removals to 0 collections
11:49:30.910 [Test worker] DEBUG org.hibernate.internal.util.EntityPrinter - Listing entities:
11:49:30.910 [Test worker] DEBUG org.hibernate.internal.util.EntityPrinter - web_prak.java.classes.Register_place{storage_location=02 10 03, free=нет, place_id=520}
11:49:30.911 [Test worker] DEBUG org.hibernate.SQL - delete from register_place where place_id=?
Hibernate: delete from register_place where place_id=?
11:49:30.926 [Test worker] DEBUG org.hibernate.resource.jdbc.internal.LogicalConnectionManagedImpl - Initiating JDBC connection release from afterTransaction
11:49:30.926 [Test worker] DEBUG org.hibernate.resource.jdbc.internal.LogicalConnectionManagedImpl - Initiating JDBC connection release from afterTransaction
11:49:30.926 [Test worker] DEBUG org.hibernate.engine.jdbc.internal.JdbcCoordinatorImpl - HHH000420: Closing un-released batch
11:49:30.927 [Test worker] DEBUG org.hibernate.engine.transaction.internal.TransactionImpl - On TransactionImpl creation, JpaCompliance#isJpaTransactionComplianceEnabled == false
11:49:30.927 [Test worker] DEBUG org.hibernate.engine.transaction.internal.TransactionImpl - begin
11:49:30.927 [Test worker] DEBUG org.hibernate.engine.transaction.internal.TransactionImpl - committing
11:49:30.927 [Test worker] DEBUG org.hibernate.event.internal.AbstractFlushingEventListener - Processing flush-time cascades
11:49:30.927 [Test worker] DEBUG org.hibernate.event.internal.AbstractFlushingEventListener - Dirty checking collections
11:49:30.927 [Test worker] DEBUG org.hibernate.event.internal.AbstractFlushingEventListener - Flushed: 0 insertions, 0 updates, 1 deletions to 1 objects
11:49:30.927 [Test worker] DEBUG org.hibernate.event.internal.AbstractFlushingEventListener - Flushed: 0 (re)creations, 0 updates, 0 removals to 0 collections
11:49:30.927 [Test worker] DEBUG org.hibernate.internal.util.EntityPrinter - Listing entities:
11:49:30.928 [Test worker] DEBUG org.hibernate.internal.util.EntityPrinter - web_prak.java.classes.Deliveries{delivery_id=246, client_id=web_prak.java.classes.Clients#395, date_issue=2022-02-05, status=завершен}
11:49:30.928 [Test worker] DEBUG org.hibernate.SQL - delete from deliveries where delivery_id=?
Hibernate: delete from deliveries where delivery_id=?
11:49:30.943 [Test worker] DEBUG org.hibernate.resource.jdbc.internal.LogicalConnectionManagedImpl - Initiating JDBC connection release from afterTransaction
11:49:30.943 [Test worker] DEBUG org.hibernate.resource.jdbc.internal.LogicalConnectionManagedImpl - Initiating JDBC connection release from afterTransaction
11:49:30.943 [Test worker] DEBUG org.hibernate.engine.jdbc.internal.JdbcCoordinatorImpl - HHH000420: Closing un-released batch
11:49:30.944 [Test worker] DEBUG org.hibernate.engine.transaction.internal.TransactionImpl - On TransactionImpl creation, JpaCompliance#isJpaTransactionComplianceEnabled == false
11:49:30.944 [Test worker] DEBUG org.hibernate.engine.transaction.internal.TransactionImpl - begin
11:49:30.944 [Test worker] DEBUG org.hibernate.engine.transaction.internal.TransactionImpl - committing
11:49:30.944 [Test worker] DEBUG org.hibernate.event.internal.AbstractFlushingEventListener - Processing flush-time cascades
11:49:30.944 [Test worker] DEBUG org.hibernate.event.internal.AbstractFlushingEventListener - Dirty checking collections
11:49:30.944 [Test worker] DEBUG org.hibernate.event.internal.AbstractFlushingEventListener - Flushed: 0 insertions, 0 updates, 1 deletions to 1 objects
11:49:30.944 [Test worker] DEBUG org.hibernate.event.internal.AbstractFlushingEventListener - Flushed: 0 (re)creations, 0 updates, 0 removals to 0 collections
11:49:30.944 [Test worker] DEBUG org.hibernate.internal.util.EntityPrinter - Listing entities:
11:49:30.944 [Test worker] DEBUG org.hibernate.internal.util.EntityPrinter - web_prak.java.classes.Clients{address=Ярославское шоссе д26, contact=+7 (976) 130-93-80, client_name=Иван Иванов, client_id=395, email=cromaint0@go.com}
11:49:30.944 [Test worker] DEBUG org.hibernate.SQL - delete from clients where client_id=?
Hibernate: delete from clients where client_id=?
11:49:30.960 [Test worker] DEBUG org.hibernate.resource.jdbc.internal.LogicalConnectionManagedImpl - Initiating JDBC connection release from afterTransaction
11:49:30.960 [Test worker] DEBUG org.hibernate.resource.jdbc.internal.LogicalConnectionManagedImpl - Initiating JDBC connection release from afterTransaction
11:49:30.960 [Test worker] DEBUG org.hibernate.engine.jdbc.internal.JdbcCoordinatorImpl - HHH000420: Closing un-released batch
11:49:30.961 [Test worker] DEBUG org.hibernate.engine.transaction.internal.TransactionImpl - On TransactionImpl creation, JpaCompliance#isJpaTransactionComplianceEnabled == false
11:49:30.961 [Test worker] DEBUG org.hibernate.engine.transaction.internal.TransactionImpl - begin
11:49:30.961 [Test worker] DEBUG org.hibernate.engine.spi.ActionQueue - Executing identity-insert immediately
11:49:30.961 [Test worker] DEBUG org.hibernate.SQL - insert into register_place (free, storage_location) values (?, ?)
Hibernate: insert into register_place (free, storage_location) values (?, ?)
11:49:30.962 [Test worker] DEBUG org.hibernate.id.IdentifierGeneratorHelper - Natively generated identity: 521
11:49:30.962 [Test worker] DEBUG org.hibernate.resource.jdbc.internal.ResourceRegistryStandardImpl - HHH000387: ResultSet's statement was not registered
11:49:30.962 [Test worker] DEBUG org.hibernate.engine.transaction.internal.TransactionImpl - committing
11:49:30.962 [Test worker] DEBUG org.hibernate.event.internal.AbstractFlushingEventListener - Processing flush-time cascades
11:49:30.962 [Test worker] DEBUG org.hibernate.event.internal.AbstractFlushingEventListener - Dirty checking collections
11:49:30.962 [Test worker] DEBUG org.hibernate.event.internal.AbstractFlushingEventListener - Flushed: 0 insertions, 0 updates, 0 deletions to 1 objects
11:49:30.963 [Test worker] DEBUG org.hibernate.event.internal.AbstractFlushingEventListener - Flushed: 0 (re)creations, 0 updates, 0 removals to 0 collections
11:49:30.963 [Test worker] DEBUG org.hibernate.internal.util.EntityPrinter - Listing entities:
11:49:30.963 [Test worker] DEBUG org.hibernate.internal.util.EntityPrinter - web_prak.java.classes.Register_place{storage_location=02 10 03, free=нет, place_id=521}
11:49:30.977 [Test worker] DEBUG org.hibernate.resource.jdbc.internal.LogicalConnectionManagedImpl - Initiating JDBC connection release from afterTransaction
11:49:30.977 [Test worker] DEBUG org.hibernate.resource.jdbc.internal.LogicalConnectionManagedImpl - Initiating JDBC connection release from afterTransaction
11:49:30.977 [Test worker] DEBUG org.hibernate.engine.transaction.internal.TransactionImpl - On TransactionImpl creation, JpaCompliance#isJpaTransactionComplianceEnabled == false
11:49:30.977 [Test worker] DEBUG org.hibernate.engine.transaction.internal.TransactionImpl - begin
11:49:30.977 [Test worker] DEBUG org.hibernate.engine.spi.ActionQueue - Executing identity-insert immediately
11:49:30.977 [Test worker] DEBUG org.hibernate.SQL - insert into products (expiration_date_from, expiration_date_to, measure, place_id, product_name, quantity, type) values (?, ?, ?, ?, ?, ?, ?)
Hibernate: insert into products (expiration_date_from, expiration_date_to, measure, place_id, product_name, quantity, type) values (?, ?, ?, ?, ?, ?, ?)
11:49:30.978 [Test worker] DEBUG org.hibernate.id.IdentifierGeneratorHelper - Natively generated identity: 417
11:49:30.978 [Test worker] DEBUG org.hibernate.resource.jdbc.internal.ResourceRegistryStandardImpl - HHH000387: ResultSet's statement was not registered
11:49:30.978 [Test worker] DEBUG org.hibernate.engine.transaction.internal.TransactionImpl - committing
11:49:30.979 [Test worker] DEBUG org.hibernate.event.internal.AbstractFlushingEventListener - Processing flush-time cascades
11:49:30.979 [Test worker] DEBUG org.hibernate.event.internal.AbstractFlushingEventListener - Dirty checking collections
11:49:30.979 [Test worker] DEBUG org.hibernate.event.internal.AbstractFlushingEventListener - Flushed: 0 insertions, 0 updates, 0 deletions to 1 objects
11:49:30.979 [Test worker] DEBUG org.hibernate.event.internal.AbstractFlushingEventListener - Flushed: 0 (re)creations, 0 updates, 0 removals to 0 collections
11:49:30.979 [Test worker] DEBUG org.hibernate.internal.util.EntityPrinter - Listing entities:
11:49:30.979 [Test worker] DEBUG org.hibernate.internal.util.EntityPrinter - web_prak.java.classes.Products{measure=штук, quantity=5, expiration_date_to=2022-08-01, product_id=417, expiration_date_from=2021-08-01, type=Ноутбуки, product_name=Asus Rog Strix, place_id=web_prak.java.classes.Register_place#521}
11:49:30.993 [Test worker] DEBUG org.hibernate.resource.jdbc.internal.LogicalConnectionManagedImpl - Initiating JDBC connection release from afterTransaction
11:49:30.993 [Test worker] DEBUG org.hibernate.resource.jdbc.internal.LogicalConnectionManagedImpl - Initiating JDBC connection release from afterTransaction
11:49:30.993 [Test worker] DEBUG org.hibernate.engine.transaction.internal.TransactionImpl - On TransactionImpl creation, JpaCompliance#isJpaTransactionComplianceEnabled == false
11:49:30.993 [Test worker] DEBUG org.hibernate.engine.transaction.internal.TransactionImpl - begin
11:49:30.994 [Test worker] DEBUG org.hibernate.engine.spi.ActionQueue - Executing identity-insert immediately
11:49:30.994 [Test worker] DEBUG org.hibernate.SQL - insert into clients (address, client_name, contact, email) values (?, ?, ?, ?)
Hibernate: insert into clients (address, client_name, contact, email) values (?, ?, ?, ?)
11:49:30.994 [Test worker] DEBUG org.hibernate.id.IdentifierGeneratorHelper - Natively generated identity: 396
11:49:30.994 [Test worker] DEBUG org.hibernate.resource.jdbc.internal.ResourceRegistryStandardImpl - HHH000387: ResultSet's statement was not registered
11:49:30.995 [Test worker] DEBUG org.hibernate.engine.transaction.internal.TransactionImpl - committing
11:49:30.995 [Test worker] DEBUG org.hibernate.event.internal.AbstractFlushingEventListener - Processing flush-time cascades
11:49:30.995 [Test worker] DEBUG org.hibernate.event.internal.AbstractFlushingEventListener - Dirty checking collections
11:49:30.995 [Test worker] DEBUG org.hibernate.event.internal.AbstractFlushingEventListener - Flushed: 0 insertions, 0 updates, 0 deletions to 1 objects
11:49:30.995 [Test worker] DEBUG org.hibernate.event.internal.AbstractFlushingEventListener - Flushed: 0 (re)creations, 0 updates, 0 removals to 0 collections
11:49:30.995 [Test worker] DEBUG org.hibernate.internal.util.EntityPrinter - Listing entities:
11:49:30.995 [Test worker] DEBUG org.hibernate.internal.util.EntityPrinter - web_prak.java.classes.Clients{address=Ярославское шоссе д26, contact=+7 (976) 130-93-80, client_name=Иван Иванов, client_id=396, email=cromaint0@go.com}
11:49:31.010 [Test worker] DEBUG org.hibernate.resource.jdbc.internal.LogicalConnectionManagedImpl - Initiating JDBC connection release from afterTransaction
11:49:31.010 [Test worker] DEBUG org.hibernate.resource.jdbc.internal.LogicalConnectionManagedImpl - Initiating JDBC connection release from afterTransaction
11:49:31.011 [Test worker] DEBUG org.hibernate.engine.transaction.internal.TransactionImpl - On TransactionImpl creation, JpaCompliance#isJpaTransactionComplianceEnabled == false
11:49:31.011 [Test worker] DEBUG org.hibernate.engine.transaction.internal.TransactionImpl - begin
11:49:31.011 [Test worker] DEBUG org.hibernate.engine.spi.ActionQueue - Executing identity-insert immediately
11:49:31.011 [Test worker] DEBUG org.hibernate.SQL - insert into deliveries (client_id, date_issue, status) values (?, ?, ?)
Hibernate: insert into deliveries (client_id, date_issue, status) values (?, ?, ?)
11:49:31.012 [Test worker] DEBUG org.hibernate.id.IdentifierGeneratorHelper - Natively generated identity: 247
11:49:31.012 [Test worker] DEBUG org.hibernate.resource.jdbc.internal.ResourceRegistryStandardImpl - HHH000387: ResultSet's statement was not registered
11:49:31.012 [Test worker] DEBUG org.hibernate.engine.transaction.internal.TransactionImpl - committing
11:49:31.012 [Test worker] DEBUG org.hibernate.event.internal.AbstractFlushingEventListener - Processing flush-time cascades
11:49:31.012 [Test worker] DEBUG org.hibernate.event.internal.AbstractFlushingEventListener - Dirty checking collections
11:49:31.012 [Test worker] DEBUG org.hibernate.event.internal.AbstractFlushingEventListener - Flushed: 0 insertions, 0 updates, 0 deletions to 1 objects
11:49:31.012 [Test worker] DEBUG org.hibernate.event.internal.AbstractFlushingEventListener - Flushed: 0 (re)creations, 0 updates, 0 removals to 0 collections
11:49:31.012 [Test worker] DEBUG org.hibernate.internal.util.EntityPrinter - Listing entities:
11:49:31.012 [Test worker] DEBUG org.hibernate.internal.util.EntityPrinter - web_prak.java.classes.Deliveries{delivery_id=247, client_id=web_prak.java.classes.Clients#396, date_issue=2022-02-05, status=завершен}
11:49:31.027 [Test worker] DEBUG org.hibernate.resource.jdbc.internal.LogicalConnectionManagedImpl - Initiating JDBC connection release from afterTransaction
11:49:31.027 [Test worker] DEBUG org.hibernate.resource.jdbc.internal.LogicalConnectionManagedImpl - Initiating JDBC connection release from afterTransaction
11:49:31.027 [Test worker] DEBUG org.hibernate.engine.transaction.internal.TransactionImpl - On TransactionImpl creation, JpaCompliance#isJpaTransactionComplianceEnabled == false
11:49:31.027 [Test worker] DEBUG org.hibernate.engine.transaction.internal.TransactionImpl - begin
11:49:31.027 [Test worker] DEBUG org.hibernate.engine.spi.ActionQueue - Executing identity-insert immediately
11:49:31.027 [Test worker] DEBUG org.hibernate.SQL - insert into deliveries_list (delivery_id, product_id, quantity) values (?, ?, ?)
Hibernate: insert into deliveries_list (delivery_id, product_id, quantity) values (?, ?, ?)
11:49:31.028 [Test worker] DEBUG org.hibernate.id.IdentifierGeneratorHelper - Natively generated identity: 165
11:49:31.028 [Test worker] DEBUG org.hibernate.resource.jdbc.internal.ResourceRegistryStandardImpl - HHH000387: ResultSet's statement was not registered
11:49:31.028 [Test worker] DEBUG org.hibernate.engine.transaction.internal.TransactionImpl - committing
11:49:31.028 [Test worker] DEBUG org.hibernate.event.internal.AbstractFlushingEventListener - Processing flush-time cascades
11:49:31.029 [Test worker] DEBUG org.hibernate.event.internal.AbstractFlushingEventListener - Dirty checking collections
11:49:31.029 [Test worker] DEBUG org.hibernate.event.internal.AbstractFlushingEventListener - Flushed: 0 insertions, 0 updates, 0 deletions to 1 objects
11:49:31.029 [Test worker] DEBUG org.hibernate.event.internal.AbstractFlushingEventListener - Flushed: 0 (re)creations, 0 updates, 0 removals to 0 collections
11:49:31.029 [Test worker] DEBUG org.hibernate.internal.util.EntityPrinter - Listing entities:
11:49:31.029 [Test worker] DEBUG org.hibernate.internal.util.EntityPrinter - web_prak.java.classes.Deliveries_list{deliveries_list_id=165, quantity=5, delivery_id=web_prak.java.classes.Deliveries#247, product_id=web_prak.java.classes.Products#417}
11:49:31.044 [Test worker] DEBUG org.hibernate.resource.jdbc.internal.LogicalConnectionManagedImpl - Initiating JDBC connection release from afterTransaction
11:49:31.044 [Test worker] DEBUG org.hibernate.resource.jdbc.internal.LogicalConnectionManagedImpl - Initiating JDBC connection release from afterTransaction
11:49:31.044 [Test worker] DEBUG org.hibernate.engine.transaction.internal.TransactionImpl - On TransactionImpl creation, JpaCompliance#isJpaTransactionComplianceEnabled == false
11:49:31.044 [Test worker] DEBUG org.hibernate.engine.transaction.internal.TransactionImpl - begin
11:49:31.045 [Test worker] DEBUG org.hibernate.engine.spi.ActionQueue - Executing identity-insert immediately
11:49:31.045 [Test worker] DEBUG org.hibernate.SQL - insert into deliveries_list (delivery_id, product_id, quantity) values (?, ?, ?)
Hibernate: insert into deliveries_list (delivery_id, product_id, quantity) values (?, ?, ?)
11:49:31.046 [Test worker] DEBUG org.hibernate.id.IdentifierGeneratorHelper - Natively generated identity: 166
11:49:31.046 [Test worker] DEBUG org.hibernate.resource.jdbc.internal.ResourceRegistryStandardImpl - HHH000387: ResultSet's statement was not registered
11:49:31.047 [Test worker] DEBUG org.hibernate.engine.transaction.internal.TransactionImpl - committing
11:49:31.047 [Test worker] DEBUG org.hibernate.event.internal.AbstractFlushingEventListener - Processing flush-time cascades
11:49:31.047 [Test worker] DEBUG org.hibernate.event.internal.AbstractFlushingEventListener - Dirty checking collections
11:49:31.047 [Test worker] DEBUG org.hibernate.event.internal.AbstractFlushingEventListener - Flushed: 0 insertions, 0 updates, 0 deletions to 1 objects
11:49:31.047 [Test worker] DEBUG org.hibernate.event.internal.AbstractFlushingEventListener - Flushed: 0 (re)creations, 0 updates, 0 removals to 0 collections
11:49:31.047 [Test worker] DEBUG org.hibernate.internal.util.EntityPrinter - Listing entities:
11:49:31.047 [Test worker] DEBUG org.hibernate.internal.util.EntityPrinter - web_prak.java.classes.Deliveries_list{deliveries_list_id=166, quantity=5, delivery_id=web_prak.java.classes.Deliveries#247, product_id=web_prak.java.classes.Products#417}
11:49:31.060 [Test worker] DEBUG org.hibernate.resource.jdbc.internal.LogicalConnectionManagedImpl - Initiating JDBC connection release from afterTransaction
11:49:31.061 [Test worker] DEBUG org.hibernate.resource.jdbc.internal.LogicalConnectionManagedImpl - Initiating JDBC connection release from afterTransaction
11:49:31.061 [Test worker] DEBUG org.hibernate.query.criteria.internal.CriteriaQueryImpl - Rendered criteria query -> select generatedAlias0 from Deliveries_list as generatedAlias0
11:49:31.062 [Test worker] DEBUG org.hibernate.hql.internal.ast.QueryTranslatorImpl - parse() - HQL: select generatedAlias0 from web_prak.java.classes.Deliveries_list as generatedAlias0
11:49:31.063 [Test worker] DEBUG org.hibernate.hql.internal.ast.ErrorTracker - throwQueryException() : no errors
11:49:31.063 [Test worker] DEBUG org.hibernate.hql.internal.ast.QueryTranslatorImpl - --- HQL AST ---
 \-[QUERY] Node: 'query'
    \-[SELECT_FROM] Node: 'SELECT_FROM'
       +-[FROM] Node: 'from'
       |  \-[RANGE] Node: 'RANGE'
       |     +-[DOT] Node: '.'
       |     |  +-[DOT] Node: '.'
       |     |  |  +-[DOT] Node: '.'
       |     |  |  |  +-[IDENT] Node: 'web_prak'
       |     |  |  |  \-[IDENT] Node: 'java'
       |     |  |  \-[IDENT] Node: 'classes'
       |     |  \-[IDENT] Node: 'Deliveries_list'
       |     \-[ALIAS] Node: 'generatedAlias0'
       \-[SELECT] Node: 'select'
          \-[IDENT] Node: 'generatedAlias0'

11:49:31.064 [Test worker] DEBUG org.hibernate.hql.internal.antlr.HqlSqlBaseWalker - select << begin [level=1, statement=select]
11:49:31.064 [Test worker] DEBUG org.hibernate.hql.internal.ast.tree.FromElement - FromClause{level=1} : web_prak.java.classes.Deliveries_list (generatedAlias0) -> deliveries0_
11:49:31.064 [Test worker] DEBUG org.hibernate.hql.internal.ast.tree.FromReferenceNode - Resolved : generatedAlias0 -> deliveries0_.deliveries_list_id
11:49:31.064 [Test worker] DEBUG org.hibernate.hql.internal.antlr.HqlSqlBaseWalker - select : finishing up [level=1, statement=select]
11:49:31.064 [Test worker] DEBUG org.hibernate.hql.internal.ast.HqlSqlWalker - processQuery() :  ( SELECT ( {select clause} deliveries0_.deliveries_list_id ) ( FromClause{level=1} deliveries_list deliveries0_ ) )
11:49:31.065 [Test worker] DEBUG org.hibernate.hql.internal.ast.util.JoinProcessor - Tables referenced from query nodes:
 \-QueryNode
    +-SelectClause
    | referencedTables(entity Deliveries_list): [deliveries_list]
    |  +-IdentNode
    |  | persister: SingleTableEntityPersister(web_prak.java.classes.Deliveries_list)
    |  | originalText: generatedAlias0
    |  \-SqlFragment
    \-FromClause
       \-FromElement

11:49:31.065 [Test worker] DEBUG org.hibernate.hql.internal.ast.util.JoinProcessor - Using FROM fragment [deliveries_list deliveries0_]
11:49:31.065 [Test worker] DEBUG org.hibernate.hql.internal.antlr.HqlSqlBaseWalker - select >> end [level=1, statement=select]
11:49:31.065 [Test worker] DEBUG org.hibernate.hql.internal.ast.QueryTranslatorImpl - --- SQL AST ---
 \-[SELECT] QueryNode: 'SELECT'  querySpaces (deliveries_list)
    +-[SELECT_CLAUSE] SelectClause: '{select clause}'
    |  +-[ALIAS_REF] IdentNode: 'deliveries0_.deliveries_list_id as deliveri1_2_' {alias=generatedAlias0, className=web_prak.java.classes.Deliveries_list, tableAlias=deliveries0_}
    |  \-[SQL_TOKEN] SqlFragment: 'deliveries0_.delivery_id as delivery3_2_, deliveries0_.product_id as product_4_2_, deliveries0_.quantity as quantity2_2_'
    \-[FROM] FromClause: 'from' FromClause{level=1, fromElementCounter=1, fromElements=1, fromElementByClassAlias=[generatedAlias0], fromElementByTableAlias=[deliveries0_], fromElementsByPath=[], collectionJoinFromElementsByPath=[], impliedElements=[]}
       \-[FROM_FRAGMENT] FromElement: 'deliveries_list deliveries0_' FromElement{explicit,not a collection join,not a fetch join,fetch non-lazy properties,classAlias=generatedAlias0,role=null,tableName=deliveries_list,tableAlias=deliveries0_,origin=null,columns={,className=web_prak.java.classes.Deliveries_list}}

11:49:31.065 [Test worker] DEBUG org.hibernate.hql.internal.ast.ErrorTracker - throwQueryException() : no errors
11:49:31.066 [Test worker] DEBUG org.hibernate.hql.internal.ast.QueryTranslatorImpl - HQL: select generatedAlias0 from web_prak.java.classes.Deliveries_list as generatedAlias0
11:49:31.066 [Test worker] DEBUG org.hibernate.hql.internal.ast.QueryTranslatorImpl - SQL: select deliveries0_.deliveries_list_id as deliveri1_2_, deliveries0_.delivery_id as delivery3_2_, deliveries0_.product_id as product_4_2_, deliveries0_.quantity as quantity2_2_ from deliveries_list deliveries0_
11:49:31.066 [Test worker] DEBUG org.hibernate.hql.internal.ast.ErrorTracker - throwQueryException() : no errors
11:49:31.066 [Test worker] DEBUG org.hibernate.SQL - select deliveries0_.deliveries_list_id as deliveri1_2_, deliveries0_.delivery_id as delivery3_2_, deliveries0_.product_id as product_4_2_, deliveries0_.quantity as quantity2_2_ from deliveries_list deliveries0_
Hibernate: select deliveries0_.deliveries_list_id as deliveri1_2_, deliveries0_.delivery_id as delivery3_2_, deliveries0_.product_id as product_4_2_, deliveries0_.quantity as quantity2_2_ from deliveries_list deliveries0_
11:49:31.067 [Test worker] DEBUG org.hibernate.loader.Loader - Result set row: 0
11:49:31.067 [Test worker] DEBUG org.hibernate.loader.Loader - Result row: EntityKey[web_prak.java.classes.Deliveries_list#165]
11:49:31.068 [Test worker] DEBUG org.hibernate.loader.Loader - Result set row: 1
11:49:31.068 [Test worker] DEBUG org.hibernate.loader.Loader - Result row: EntityKey[web_prak.java.classes.Deliveries_list#166]
11:49:31.068 [Test worker] DEBUG org.hibernate.engine.internal.TwoPhaseLoad - Resolving attributes for [web_prak.java.classes.Deliveries_list#165]
11:49:31.068 [Test worker] DEBUG org.hibernate.engine.internal.TwoPhaseLoad - Processing attribute `delivery_id` : value = 247
11:49:31.068 [Test worker] DEBUG org.hibernate.engine.internal.TwoPhaseLoad - Attribute (`delivery_id`)  - enhanced for lazy-loading? - false
11:49:31.068 [Test worker] DEBUG org.hibernate.SQL - select deliveries0_.delivery_id as delivery1_1_0_, deliveries0_.client_id as client_i4_1_0_, deliveries0_.date_issue as date_iss2_1_0_, deliveries0_.status as status3_1_0_, clients1_.client_id as client_i1_0_1_, clients1_.address as address2_0_1_, clients1_.client_name as client_n3_0_1_, clients1_.contact as contact4_0_1_, clients1_.email as email5_0_1_ from deliveries deliveries0_ left outer join clients clients1_ on deliveries0_.client_id=clients1_.client_id where deliveries0_.delivery_id=?
Hibernate: select deliveries0_.delivery_id as delivery1_1_0_, deliveries0_.client_id as client_i4_1_0_, deliveries0_.date_issue as date_iss2_1_0_, deliveries0_.status as status3_1_0_, clients1_.client_id as client_i1_0_1_, clients1_.address as address2_0_1_, clients1_.client_name as client_n3_0_1_, clients1_.contact as contact4_0_1_, clients1_.email as email5_0_1_ from deliveries deliveries0_ left outer join clients clients1_ on deliveries0_.client_id=clients1_.client_id where deliveries0_.delivery_id=?
11:49:31.070 [Test worker] DEBUG org.hibernate.loader.plan.exec.process.internal.EntityReferenceInitializerImpl - On call to EntityIdentifierReaderImpl#resolve, EntityKey was already known; should only happen on root returns with an optional identifier specified
11:49:31.070 [Test worker] DEBUG org.hibernate.engine.internal.TwoPhaseLoad - Resolving attributes for [web_prak.java.classes.Deliveries#247]
11:49:31.070 [Test worker] DEBUG org.hibernate.engine.internal.TwoPhaseLoad - Processing attribute `client_id` : value = 396
11:49:31.070 [Test worker] DEBUG org.hibernate.engine.internal.TwoPhaseLoad - Attribute (`client_id`)  - enhanced for lazy-loading? - false
11:49:31.071 [Test worker] DEBUG org.hibernate.engine.internal.TwoPhaseLoad - Processing attribute `date_issue` : value = 2022-02-05
11:49:31.071 [Test worker] DEBUG org.hibernate.engine.internal.TwoPhaseLoad - Attribute (`date_issue`)  - enhanced for lazy-loading? - false
11:49:31.071 [Test worker] DEBUG org.hibernate.engine.internal.TwoPhaseLoad - Processing attribute `status` : value = завершен
11:49:31.071 [Test worker] DEBUG org.hibernate.engine.internal.TwoPhaseLoad - Attribute (`status`)  - enhanced for lazy-loading? - false
11:49:31.071 [Test worker] DEBUG org.hibernate.engine.internal.TwoPhaseLoad - Done materializing entity [web_prak.java.classes.Deliveries#247]
11:49:31.071 [Test worker] DEBUG org.hibernate.engine.internal.TwoPhaseLoad - Resolving attributes for [web_prak.java.classes.Clients#396]
11:49:31.071 [Test worker] DEBUG org.hibernate.engine.internal.TwoPhaseLoad - Processing attribute `address` : value = Ярославское шоссе д26
11:49:31.071 [Test worker] DEBUG org.hibernate.engine.internal.TwoPhaseLoad - Attribute (`address`)  - enhanced for lazy-loading? - false
11:49:31.071 [Test worker] DEBUG org.hibernate.engine.internal.TwoPhaseLoad - Processing attribute `client_name` : value = Иван Иванов
11:49:31.071 [Test worker] DEBUG org.hibernate.engine.internal.TwoPhaseLoad - Attribute (`client_name`)  - enhanced for lazy-loading? - false
11:49:31.071 [Test worker] DEBUG org.hibernate.engine.internal.TwoPhaseLoad - Processing attribute `contact` : value = +7 (976) 130-93-80
11:49:31.071 [Test worker] DEBUG org.hibernate.engine.internal.TwoPhaseLoad - Attribute (`contact`)  - enhanced for lazy-loading? - false
11:49:31.071 [Test worker] DEBUG org.hibernate.engine.internal.TwoPhaseLoad - Processing attribute `email` : value = cromaint0@go.com
11:49:31.071 [Test worker] DEBUG org.hibernate.engine.internal.TwoPhaseLoad - Attribute (`email`)  - enhanced for lazy-loading? - false
11:49:31.071 [Test worker] DEBUG org.hibernate.engine.internal.TwoPhaseLoad - Done materializing entity [web_prak.java.classes.Clients#396]
11:49:31.071 [Test worker] DEBUG org.hibernate.loader.entity.plan.AbstractLoadPlanBasedEntityLoader - Done entity load : web_prak.java.classes.Deliveries#247
11:49:31.071 [Test worker] DEBUG org.hibernate.engine.internal.TwoPhaseLoad - Processing attribute `product_id` : value = 417
11:49:31.071 [Test worker] DEBUG org.hibernate.engine.internal.TwoPhaseLoad - Attribute (`product_id`)  - enhanced for lazy-loading? - false
11:49:31.072 [Test worker] DEBUG org.hibernate.SQL - select products0_.product_id as product_1_3_0_, products0_.expiration_date_from as expirati2_3_0_, products0_.expiration_date_to as expirati3_3_0_, products0_.measure as measure4_3_0_, products0_.place_id as place_id8_3_0_, products0_.product_name as product_5_3_0_, products0_.quantity as quantity6_3_0_, products0_.type as type7_3_0_, register_p1_.place_id as place_id1_4_1_, register_p1_.free as free2_4_1_, register_p1_.storage_location as storage_3_4_1_ from products products0_ left outer join register_place register_p1_ on products0_.place_id=register_p1_.place_id where products0_.product_id=?
Hibernate: select products0_.product_id as product_1_3_0_, products0_.expiration_date_from as expirati2_3_0_, products0_.expiration_date_to as expirati3_3_0_, products0_.measure as measure4_3_0_, products0_.place_id as place_id8_3_0_, products0_.product_name as product_5_3_0_, products0_.quantity as quantity6_3_0_, products0_.type as type7_3_0_, register_p1_.place_id as place_id1_4_1_, register_p1_.free as free2_4_1_, register_p1_.storage_location as storage_3_4_1_ from products products0_ left outer join register_place register_p1_ on products0_.place_id=register_p1_.place_id where products0_.product_id=?
11:49:31.074 [Test worker] DEBUG org.hibernate.loader.plan.exec.process.internal.EntityReferenceInitializerImpl - On call to EntityIdentifierReaderImpl#resolve, EntityKey was already known; should only happen on root returns with an optional identifier specified
11:49:31.075 [Test worker] DEBUG org.hibernate.engine.internal.TwoPhaseLoad - Resolving attributes for [web_prak.java.classes.Products#417]
11:49:31.075 [Test worker] DEBUG org.hibernate.engine.internal.TwoPhaseLoad - Processing attribute `expiration_date_from` : value = 2021-08-01
11:49:31.075 [Test worker] DEBUG org.hibernate.engine.internal.TwoPhaseLoad - Attribute (`expiration_date_from`)  - enhanced for lazy-loading? - false
11:49:31.075 [Test worker] DEBUG org.hibernate.engine.internal.TwoPhaseLoad - Processing attribute `expiration_date_to` : value = 2022-08-01
11:49:31.075 [Test worker] DEBUG org.hibernate.engine.internal.TwoPhaseLoad - Attribute (`expiration_date_to`)  - enhanced for lazy-loading? - false
11:49:31.075 [Test worker] DEBUG org.hibernate.engine.internal.TwoPhaseLoad - Processing attribute `measure` : value = штук
11:49:31.075 [Test worker] DEBUG org.hibernate.engine.internal.TwoPhaseLoad - Attribute (`measure`)  - enhanced for lazy-loading? - false
11:49:31.075 [Test worker] DEBUG org.hibernate.engine.internal.TwoPhaseLoad - Processing attribute `place_id` : value = 521
11:49:31.075 [Test worker] DEBUG org.hibernate.engine.internal.TwoPhaseLoad - Attribute (`place_id`)  - enhanced for lazy-loading? - false
11:49:31.075 [Test worker] DEBUG org.hibernate.engine.internal.TwoPhaseLoad - Processing attribute `product_name` : value = Asus Rog Strix
11:49:31.075 [Test worker] DEBUG org.hibernate.engine.internal.TwoPhaseLoad - Attribute (`product_name`)  - enhanced for lazy-loading? - false
11:49:31.075 [Test worker] DEBUG org.hibernate.engine.internal.TwoPhaseLoad - Processing attribute `quantity` : value = 5
11:49:31.075 [Test worker] DEBUG org.hibernate.engine.internal.TwoPhaseLoad - Attribute (`quantity`)  - enhanced for lazy-loading? - false
11:49:31.075 [Test worker] DEBUG org.hibernate.engine.internal.TwoPhaseLoad - Processing attribute `type` : value = Ноутбуки
11:49:31.075 [Test worker] DEBUG org.hibernate.engine.internal.TwoPhaseLoad - Attribute (`type`)  - enhanced for lazy-loading? - false
11:49:31.075 [Test worker] DEBUG org.hibernate.engine.internal.TwoPhaseLoad - Done materializing entity [web_prak.java.classes.Products#417]
11:49:31.075 [Test worker] DEBUG org.hibernate.engine.internal.TwoPhaseLoad - Resolving attributes for [web_prak.java.classes.Register_place#521]
11:49:31.075 [Test worker] DEBUG org.hibernate.engine.internal.TwoPhaseLoad - Processing attribute `free` : value = нет
11:49:31.075 [Test worker] DEBUG org.hibernate.engine.internal.TwoPhaseLoad - Attribute (`free`)  - enhanced for lazy-loading? - false
11:49:31.075 [Test worker] DEBUG org.hibernate.engine.internal.TwoPhaseLoad - Processing attribute `storage_location` : value = 02 10 03
11:49:31.075 [Test worker] DEBUG org.hibernate.engine.internal.TwoPhaseLoad - Attribute (`storage_location`)  - enhanced for lazy-loading? - false
11:49:31.075 [Test worker] DEBUG org.hibernate.engine.internal.TwoPhaseLoad - Done materializing entity [web_prak.java.classes.Register_place#521]
11:49:31.076 [Test worker] DEBUG org.hibernate.loader.entity.plan.AbstractLoadPlanBasedEntityLoader - Done entity load : web_prak.java.classes.Products#417
11:49:31.076 [Test worker] DEBUG org.hibernate.engine.internal.TwoPhaseLoad - Processing attribute `quantity` : value = 5
11:49:31.076 [Test worker] DEBUG org.hibernate.engine.internal.TwoPhaseLoad - Attribute (`quantity`)  - enhanced for lazy-loading? - false
11:49:31.076 [Test worker] DEBUG org.hibernate.engine.internal.TwoPhaseLoad - Done materializing entity [web_prak.java.classes.Deliveries_list#165]
11:49:31.076 [Test worker] DEBUG org.hibernate.engine.internal.TwoPhaseLoad - Resolving attributes for [web_prak.java.classes.Deliveries_list#166]
11:49:31.076 [Test worker] DEBUG org.hibernate.engine.internal.TwoPhaseLoad - Processing attribute `delivery_id` : value = 247
11:49:31.076 [Test worker] DEBUG org.hibernate.engine.internal.TwoPhaseLoad - Attribute (`delivery_id`)  - enhanced for lazy-loading? - false
11:49:31.076 [Test worker] DEBUG org.hibernate.engine.internal.TwoPhaseLoad - Processing attribute `product_id` : value = 417
11:49:31.076 [Test worker] DEBUG org.hibernate.engine.internal.TwoPhaseLoad - Attribute (`product_id`)  - enhanced for lazy-loading? - false
11:49:31.076 [Test worker] DEBUG org.hibernate.engine.internal.TwoPhaseLoad - Processing attribute `quantity` : value = 5
11:49:31.076 [Test worker] DEBUG org.hibernate.engine.internal.TwoPhaseLoad - Attribute (`quantity`)  - enhanced for lazy-loading? - false
11:49:31.076 [Test worker] DEBUG org.hibernate.engine.internal.TwoPhaseLoad - Done materializing entity [web_prak.java.classes.Deliveries_list#166]
11:49:31.076 [Test worker] DEBUG org.hibernate.resource.jdbc.internal.LogicalConnectionManagedImpl - Initiating JDBC connection release from afterTransaction
11:49:31.096 [Test worker] DEBUG org.hibernate.engine.transaction.internal.TransactionImpl - On TransactionImpl creation, JpaCompliance#isJpaTransactionComplianceEnabled == false
11:49:31.096 [Test worker] DEBUG org.hibernate.engine.transaction.internal.TransactionImpl - begin
11:49:31.097 [Test worker] DEBUG org.hibernate.engine.transaction.internal.TransactionImpl - committing
11:49:31.097 [Test worker] DEBUG org.hibernate.event.internal.AbstractFlushingEventListener - Processing flush-time cascades
11:49:31.097 [Test worker] DEBUG org.hibernate.event.internal.AbstractFlushingEventListener - Dirty checking collections
11:49:31.097 [Test worker] DEBUG org.hibernate.event.internal.AbstractFlushingEventListener - Flushed: 0 insertions, 0 updates, 1 deletions to 1 objects
11:49:31.097 [Test worker] DEBUG org.hibernate.event.internal.AbstractFlushingEventListener - Flushed: 0 (re)creations, 0 updates, 0 removals to 0 collections
11:49:31.097 [Test worker] DEBUG org.hibernate.internal.util.EntityPrinter - Listing entities:
11:49:31.097 [Test worker] DEBUG org.hibernate.internal.util.EntityPrinter - web_prak.java.classes.Deliveries_list{deliveries_list_id=165, quantity=5, delivery_id=web_prak.java.classes.Deliveries#247, product_id=web_prak.java.classes.Products#417}
11:49:31.097 [Test worker] DEBUG org.hibernate.SQL - delete from deliveries_list where deliveries_list_id=?
Hibernate: delete from deliveries_list where deliveries_list_id=?
11:49:31.111 [Test worker] DEBUG org.hibernate.resource.jdbc.internal.LogicalConnectionManagedImpl - Initiating JDBC connection release from afterTransaction
11:49:31.111 [Test worker] DEBUG org.hibernate.resource.jdbc.internal.LogicalConnectionManagedImpl - Initiating JDBC connection release from afterTransaction
11:49:31.111 [Test worker] DEBUG org.hibernate.engine.jdbc.internal.JdbcCoordinatorImpl - HHH000420: Closing un-released batch
11:49:31.111 [Test worker] DEBUG org.hibernate.engine.transaction.internal.TransactionImpl - On TransactionImpl creation, JpaCompliance#isJpaTransactionComplianceEnabled == false
11:49:31.111 [Test worker] DEBUG org.hibernate.engine.transaction.internal.TransactionImpl - begin
11:49:31.112 [Test worker] DEBUG org.hibernate.engine.transaction.internal.TransactionImpl - committing
11:49:31.112 [Test worker] DEBUG org.hibernate.event.internal.AbstractFlushingEventListener - Processing flush-time cascades
11:49:31.112 [Test worker] DEBUG org.hibernate.event.internal.AbstractFlushingEventListener - Dirty checking collections
11:49:31.112 [Test worker] DEBUG org.hibernate.event.internal.AbstractFlushingEventListener - Flushed: 0 insertions, 0 updates, 1 deletions to 1 objects
11:49:31.112 [Test worker] DEBUG org.hibernate.event.internal.AbstractFlushingEventListener - Flushed: 0 (re)creations, 0 updates, 0 removals to 0 collections
11:49:31.112 [Test worker] DEBUG org.hibernate.internal.util.EntityPrinter - Listing entities:
11:49:31.112 [Test worker] DEBUG org.hibernate.internal.util.EntityPrinter - web_prak.java.classes.Deliveries_list{deliveries_list_id=166, quantity=5, delivery_id=web_prak.java.classes.Deliveries#247, product_id=web_prak.java.classes.Products#417}
11:49:31.112 [Test worker] DEBUG org.hibernate.SQL - delete from deliveries_list where deliveries_list_id=?
Hibernate: delete from deliveries_list where deliveries_list_id=?
11:49:31.127 [Test worker] DEBUG org.hibernate.resource.jdbc.internal.LogicalConnectionManagedImpl - Initiating JDBC connection release from afterTransaction
11:49:31.127 [Test worker] DEBUG org.hibernate.resource.jdbc.internal.LogicalConnectionManagedImpl - Initiating JDBC connection release from afterTransaction
11:49:31.127 [Test worker] DEBUG org.hibernate.engine.jdbc.internal.JdbcCoordinatorImpl - HHH000420: Closing un-released batch
11:49:31.127 [Test worker] DEBUG org.hibernate.engine.transaction.internal.TransactionImpl - On TransactionImpl creation, JpaCompliance#isJpaTransactionComplianceEnabled == false
11:49:31.127 [Test worker] DEBUG org.hibernate.engine.transaction.internal.TransactionImpl - begin
11:49:31.127 [Test worker] DEBUG org.hibernate.engine.transaction.internal.TransactionImpl - committing
11:49:31.128 [Test worker] DEBUG org.hibernate.event.internal.AbstractFlushingEventListener - Processing flush-time cascades
11:49:31.128 [Test worker] DEBUG org.hibernate.event.internal.AbstractFlushingEventListener - Dirty checking collections
11:49:31.128 [Test worker] DEBUG org.hibernate.event.internal.AbstractFlushingEventListener - Flushed: 0 insertions, 0 updates, 1 deletions to 1 objects
11:49:31.128 [Test worker] DEBUG org.hibernate.event.internal.AbstractFlushingEventListener - Flushed: 0 (re)creations, 0 updates, 0 removals to 0 collections
11:49:31.128 [Test worker] DEBUG org.hibernate.internal.util.EntityPrinter - Listing entities:
11:49:31.128 [Test worker] DEBUG org.hibernate.internal.util.EntityPrinter - web_prak.java.classes.Products{measure=штук, quantity=5, expiration_date_to=2022-08-01, product_id=417, expiration_date_from=2021-08-01, type=Ноутбуки, product_name=Asus Rog Strix, place_id=web_prak.java.classes.Register_place#521}
11:49:31.128 [Test worker] DEBUG org.hibernate.SQL - delete from products where product_id=?
Hibernate: delete from products where product_id=?
11:49:31.144 [Test worker] DEBUG org.hibernate.resource.jdbc.internal.LogicalConnectionManagedImpl - Initiating JDBC connection release from afterTransaction
11:49:31.144 [Test worker] DEBUG org.hibernate.resource.jdbc.internal.LogicalConnectionManagedImpl - Initiating JDBC connection release from afterTransaction
11:49:31.144 [Test worker] DEBUG org.hibernate.engine.jdbc.internal.JdbcCoordinatorImpl - HHH000420: Closing un-released batch
11:49:31.144 [Test worker] DEBUG org.hibernate.engine.transaction.internal.TransactionImpl - On TransactionImpl creation, JpaCompliance#isJpaTransactionComplianceEnabled == false
11:49:31.144 [Test worker] DEBUG org.hibernate.engine.transaction.internal.TransactionImpl - begin
11:49:31.145 [Test worker] DEBUG org.hibernate.engine.transaction.internal.TransactionImpl - committing
11:49:31.145 [Test worker] DEBUG org.hibernate.event.internal.AbstractFlushingEventListener - Processing flush-time cascades
11:49:31.145 [Test worker] DEBUG org.hibernate.event.internal.AbstractFlushingEventListener - Dirty checking collections
11:49:31.145 [Test worker] DEBUG org.hibernate.event.internal.AbstractFlushingEventListener - Flushed: 0 insertions, 0 updates, 1 deletions to 1 objects
11:49:31.145 [Test worker] DEBUG org.hibernate.event.internal.AbstractFlushingEventListener - Flushed: 0 (re)creations, 0 updates, 0 removals to 0 collections
11:49:31.145 [Test worker] DEBUG org.hibernate.internal.util.EntityPrinter - Listing entities:
11:49:31.145 [Test worker] DEBUG org.hibernate.internal.util.EntityPrinter - web_prak.java.classes.Register_place{storage_location=02 10 03, free=нет, place_id=521}
11:49:31.145 [Test worker] DEBUG org.hibernate.SQL - delete from register_place where place_id=?
Hibernate: delete from register_place where place_id=?
11:49:31.160 [Test worker] DEBUG org.hibernate.resource.jdbc.internal.LogicalConnectionManagedImpl - Initiating JDBC connection release from afterTransaction
11:49:31.161 [Test worker] DEBUG org.hibernate.resource.jdbc.internal.LogicalConnectionManagedImpl - Initiating JDBC connection release from afterTransaction
11:49:31.161 [Test worker] DEBUG org.hibernate.engine.jdbc.internal.JdbcCoordinatorImpl - HHH000420: Closing un-released batch
11:49:31.161 [Test worker] DEBUG org.hibernate.engine.transaction.internal.TransactionImpl - On TransactionImpl creation, JpaCompliance#isJpaTransactionComplianceEnabled == false
11:49:31.161 [Test worker] DEBUG org.hibernate.engine.transaction.internal.TransactionImpl - begin
11:49:31.161 [Test worker] DEBUG org.hibernate.engine.transaction.internal.TransactionImpl - committing
11:49:31.161 [Test worker] DEBUG org.hibernate.event.internal.AbstractFlushingEventListener - Processing flush-time cascades
11:49:31.161 [Test worker] DEBUG org.hibernate.event.internal.AbstractFlushingEventListener - Dirty checking collections
11:49:31.161 [Test worker] DEBUG org.hibernate.event.internal.AbstractFlushingEventListener - Flushed: 0 insertions, 0 updates, 1 deletions to 1 objects
11:49:31.161 [Test worker] DEBUG org.hibernate.event.internal.AbstractFlushingEventListener - Flushed: 0 (re)creations, 0 updates, 0 removals to 0 collections
11:49:31.161 [Test worker] DEBUG org.hibernate.internal.util.EntityPrinter - Listing entities:
11:49:31.161 [Test worker] DEBUG org.hibernate.internal.util.EntityPrinter - web_prak.java.classes.Deliveries{delivery_id=247, client_id=web_prak.java.classes.Clients#396, date_issue=2022-02-05, status=завершен}
11:49:31.162 [Test worker] DEBUG org.hibernate.SQL - delete from deliveries where delivery_id=?
Hibernate: delete from deliveries where delivery_id=?
11:49:31.178 [Test worker] DEBUG org.hibernate.resource.jdbc.internal.LogicalConnectionManagedImpl - Initiating JDBC connection release from afterTransaction
11:49:31.178 [Test worker] DEBUG org.hibernate.resource.jdbc.internal.LogicalConnectionManagedImpl - Initiating JDBC connection release from afterTransaction
11:49:31.178 [Test worker] DEBUG org.hibernate.engine.jdbc.internal.JdbcCoordinatorImpl - HHH000420: Closing un-released batch
11:49:31.178 [Test worker] DEBUG org.hibernate.engine.transaction.internal.TransactionImpl - On TransactionImpl creation, JpaCompliance#isJpaTransactionComplianceEnabled == false
11:49:31.178 [Test worker] DEBUG org.hibernate.engine.transaction.internal.TransactionImpl - begin
11:49:31.178 [Test worker] DEBUG org.hibernate.engine.transaction.internal.TransactionImpl - committing
11:49:31.178 [Test worker] DEBUG org.hibernate.event.internal.AbstractFlushingEventListener - Processing flush-time cascades
11:49:31.178 [Test worker] DEBUG org.hibernate.event.internal.AbstractFlushingEventListener - Dirty checking collections
11:49:31.179 [Test worker] DEBUG org.hibernate.event.internal.AbstractFlushingEventListener - Flushed: 0 insertions, 0 updates, 1 deletions to 1 objects
11:49:31.179 [Test worker] DEBUG org.hibernate.event.internal.AbstractFlushingEventListener - Flushed: 0 (re)creations, 0 updates, 0 removals to 0 collections
11:49:31.179 [Test worker] DEBUG org.hibernate.internal.util.EntityPrinter - Listing entities:
11:49:31.179 [Test worker] DEBUG org.hibernate.internal.util.EntityPrinter - web_prak.java.classes.Clients{address=Ярославское шоссе д26, contact=+7 (976) 130-93-80, client_name=Иван Иванов, client_id=396, email=cromaint0@go.com}
11:49:31.179 [Test worker] DEBUG org.hibernate.SQL - delete from clients where client_id=?
Hibernate: delete from clients where client_id=?
11:49:31.194 [Test worker] DEBUG org.hibernate.resource.jdbc.internal.LogicalConnectionManagedImpl - Initiating JDBC connection release from afterTransaction
11:49:31.194 [Test worker] DEBUG org.hibernate.resource.jdbc.internal.LogicalConnectionManagedImpl - Initiating JDBC connection release from afterTransaction
11:49:31.194 [Test worker] DEBUG org.hibernate.engine.jdbc.internal.JdbcCoordinatorImpl - HHH000420: Closing un-released batch
11:49:31.195 [Test worker] DEBUG org.hibernate.engine.transaction.internal.TransactionImpl - On TransactionImpl creation, JpaCompliance#isJpaTransactionComplianceEnabled == false
11:49:31.195 [Test worker] DEBUG org.hibernate.engine.transaction.internal.TransactionImpl - begin
11:49:31.195 [Test worker] DEBUG org.hibernate.engine.spi.ActionQueue - Executing identity-insert immediately
11:49:31.195 [Test worker] DEBUG org.hibernate.SQL - insert into register_place (free, storage_location) values (?, ?)
Hibernate: insert into register_place (free, storage_location) values (?, ?)
11:49:31.196 [Test worker] DEBUG org.hibernate.id.IdentifierGeneratorHelper - Natively generated identity: 522
11:49:31.196 [Test worker] DEBUG org.hibernate.resource.jdbc.internal.ResourceRegistryStandardImpl - HHH000387: ResultSet's statement was not registered
11:49:31.196 [Test worker] DEBUG org.hibernate.engine.transaction.internal.TransactionImpl - committing
11:49:31.196 [Test worker] DEBUG org.hibernate.event.internal.AbstractFlushingEventListener - Processing flush-time cascades
11:49:31.196 [Test worker] DEBUG org.hibernate.event.internal.AbstractFlushingEventListener - Dirty checking collections
11:49:31.196 [Test worker] DEBUG org.hibernate.event.internal.AbstractFlushingEventListener - Flushed: 0 insertions, 0 updates, 0 deletions to 1 objects
11:49:31.196 [Test worker] DEBUG org.hibernate.event.internal.AbstractFlushingEventListener - Flushed: 0 (re)creations, 0 updates, 0 removals to 0 collections
11:49:31.196 [Test worker] DEBUG org.hibernate.internal.util.EntityPrinter - Listing entities:
11:49:31.196 [Test worker] DEBUG org.hibernate.internal.util.EntityPrinter - web_prak.java.classes.Register_place{storage_location=02 10 03, free=нет, place_id=522}
11:49:31.211 [Test worker] DEBUG org.hibernate.resource.jdbc.internal.LogicalConnectionManagedImpl - Initiating JDBC connection release from afterTransaction
11:49:31.211 [Test worker] DEBUG org.hibernate.resource.jdbc.internal.LogicalConnectionManagedImpl - Initiating JDBC connection release from afterTransaction
11:49:31.212 [Test worker] DEBUG org.hibernate.engine.transaction.internal.TransactionImpl - On TransactionImpl creation, JpaCompliance#isJpaTransactionComplianceEnabled == false
11:49:31.212 [Test worker] DEBUG org.hibernate.engine.transaction.internal.TransactionImpl - begin
11:49:31.212 [Test worker] DEBUG org.hibernate.engine.spi.ActionQueue - Executing identity-insert immediately
11:49:31.212 [Test worker] DEBUG org.hibernate.SQL - insert into products (expiration_date_from, expiration_date_to, measure, place_id, product_name, quantity, type) values (?, ?, ?, ?, ?, ?, ?)
Hibernate: insert into products (expiration_date_from, expiration_date_to, measure, place_id, product_name, quantity, type) values (?, ?, ?, ?, ?, ?, ?)
11:49:31.213 [Test worker] DEBUG org.hibernate.id.IdentifierGeneratorHelper - Natively generated identity: 418
11:49:31.213 [Test worker] DEBUG org.hibernate.resource.jdbc.internal.ResourceRegistryStandardImpl - HHH000387: ResultSet's statement was not registered
11:49:31.213 [Test worker] DEBUG org.hibernate.engine.transaction.internal.TransactionImpl - committing
11:49:31.213 [Test worker] DEBUG org.hibernate.event.internal.AbstractFlushingEventListener - Processing flush-time cascades
11:49:31.213 [Test worker] DEBUG org.hibernate.event.internal.AbstractFlushingEventListener - Dirty checking collections
11:49:31.213 [Test worker] DEBUG org.hibernate.event.internal.AbstractFlushingEventListener - Flushed: 0 insertions, 0 updates, 0 deletions to 1 objects
11:49:31.213 [Test worker] DEBUG org.hibernate.event.internal.AbstractFlushingEventListener - Flushed: 0 (re)creations, 0 updates, 0 removals to 0 collections
11:49:31.213 [Test worker] DEBUG org.hibernate.internal.util.EntityPrinter - Listing entities:
11:49:31.214 [Test worker] DEBUG org.hibernate.internal.util.EntityPrinter - web_prak.java.classes.Products{measure=штук, quantity=5, expiration_date_to=2022-08-01, product_id=418, expiration_date_from=2021-08-01, type=Ноутбуки, product_name=Asus Rog Strix, place_id=web_prak.java.classes.Register_place#522}
11:49:31.228 [Test worker] DEBUG org.hibernate.resource.jdbc.internal.LogicalConnectionManagedImpl - Initiating JDBC connection release from afterTransaction
11:49:31.228 [Test worker] DEBUG org.hibernate.resource.jdbc.internal.LogicalConnectionManagedImpl - Initiating JDBC connection release from afterTransaction
11:49:31.229 [Test worker] DEBUG org.hibernate.engine.transaction.internal.TransactionImpl - On TransactionImpl creation, JpaCompliance#isJpaTransactionComplianceEnabled == false
11:49:31.229 [Test worker] DEBUG org.hibernate.engine.transaction.internal.TransactionImpl - begin
11:49:31.229 [Test worker] DEBUG org.hibernate.engine.spi.ActionQueue - Executing identity-insert immediately
11:49:31.229 [Test worker] DEBUG org.hibernate.SQL - insert into clients (address, client_name, contact, email) values (?, ?, ?, ?)
Hibernate: insert into clients (address, client_name, contact, email) values (?, ?, ?, ?)
11:49:31.231 [Test worker] DEBUG org.hibernate.id.IdentifierGeneratorHelper - Natively generated identity: 397
11:49:31.231 [Test worker] DEBUG org.hibernate.resource.jdbc.internal.ResourceRegistryStandardImpl - HHH000387: ResultSet's statement was not registered
11:49:31.232 [Test worker] DEBUG org.hibernate.engine.transaction.internal.TransactionImpl - committing
11:49:31.232 [Test worker] DEBUG org.hibernate.event.internal.AbstractFlushingEventListener - Processing flush-time cascades
11:49:31.232 [Test worker] DEBUG org.hibernate.event.internal.AbstractFlushingEventListener - Dirty checking collections
11:49:31.232 [Test worker] DEBUG org.hibernate.event.internal.AbstractFlushingEventListener - Flushed: 0 insertions, 0 updates, 0 deletions to 1 objects
11:49:31.233 [Test worker] DEBUG org.hibernate.event.internal.AbstractFlushingEventListener - Flushed: 0 (re)creations, 0 updates, 0 removals to 0 collections
11:49:31.233 [Test worker] DEBUG org.hibernate.internal.util.EntityPrinter - Listing entities:
11:49:31.233 [Test worker] DEBUG org.hibernate.internal.util.EntityPrinter - web_prak.java.classes.Clients{address=Ярославское шоссе д26, contact=+7 (976) 130-93-80, client_name=Иван Иванов, client_id=397, email=cromaint0@go.com}
11:49:31.244 [Test worker] DEBUG org.hibernate.resource.jdbc.internal.LogicalConnectionManagedImpl - Initiating JDBC connection release from afterTransaction
11:49:31.245 [Test worker] DEBUG org.hibernate.resource.jdbc.internal.LogicalConnectionManagedImpl - Initiating JDBC connection release from afterTransaction
11:49:31.245 [Test worker] DEBUG org.hibernate.engine.transaction.internal.TransactionImpl - On TransactionImpl creation, JpaCompliance#isJpaTransactionComplianceEnabled == false
11:49:31.245 [Test worker] DEBUG org.hibernate.engine.transaction.internal.TransactionImpl - begin
11:49:31.246 [Test worker] DEBUG org.hibernate.engine.spi.ActionQueue - Executing identity-insert immediately
11:49:31.246 [Test worker] DEBUG org.hibernate.SQL - insert into deliveries (client_id, date_issue, status) values (?, ?, ?)
Hibernate: insert into deliveries (client_id, date_issue, status) values (?, ?, ?)
11:49:31.249 [Test worker] DEBUG org.hibernate.id.IdentifierGeneratorHelper - Natively generated identity: 248
11:49:31.249 [Test worker] DEBUG org.hibernate.resource.jdbc.internal.ResourceRegistryStandardImpl - HHH000387: ResultSet's statement was not registered
11:49:31.250 [Test worker] DEBUG org.hibernate.engine.transaction.internal.TransactionImpl - committing
11:49:31.250 [Test worker] DEBUG org.hibernate.event.internal.AbstractFlushingEventListener - Processing flush-time cascades
[...]
11:49:33.801 [Test worker] DEBUG org.hibernate.loader.plan.exec.process.internal.EntityReferenceInitializerImpl - On call to EntityIdentifierReaderImpl#resolve, EntityKey was already known; should only happen on root returns with an optional identifier specified
11:49:33.802 [Test worker] DEBUG org.hibernate.engine.internal.TwoPhaseLoad - Resolving attributes for [web_prak.java.classes.Deliveries_list#178]
11:49:33.802 [Test worker] DEBUG org.hibernate.engine.internal.TwoPhaseLoad - Processing attribute `delivery_id` : value = 254
11:49:33.802 [Test worker] DEBUG org.hibernate.engine.internal.TwoPhaseLoad - Attribute (`delivery_id`)  - enhanced for lazy-loading? - false
11:49:33.802 [Test worker] DEBUG org.hibernate.engine.internal.TwoPhaseLoad - Processing attribute `product_id` : value = 424
11:49:33.803 [Test worker] DEBUG org.hibernate.engine.internal.TwoPhaseLoad - Attribute (`product_id`)  - enhanced for lazy-loading? - false
11:49:33.803 [Test worker] DEBUG org.hibernate.engine.internal.TwoPhaseLoad - Processing attribute `quantity` : value = 7
11:49:33.803 [Test worker] DEBUG org.hibernate.engine.internal.TwoPhaseLoad - Attribute (`quantity`)  - enhanced for lazy-loading? - false
11:49:33.803 [Test worker] DEBUG org.hibernate.engine.internal.TwoPhaseLoad - Done materializing entity [web_prak.java.classes.Deliveries_list#178]
11:49:33.803 [Test worker] DEBUG org.hibernate.engine.internal.TwoPhaseLoad - Resolving attributes for [web_prak.java.classes.Deliveries#254]
11:49:33.803 [Test worker] DEBUG org.hibernate.engine.internal.TwoPhaseLoad - Processing attribute `client_id` : value = 403
11:49:33.803 [Test worker] DEBUG org.hibernate.engine.internal.TwoPhaseLoad - Attribute (`client_id`)  - enhanced for lazy-loading? - false
11:49:33.803 [Test worker] DEBUG org.hibernate.engine.internal.TwoPhaseLoad - Processing attribute `date_issue` : value = 2022-02-05
11:49:33.803 [Test worker] DEBUG org.hibernate.engine.internal.TwoPhaseLoad - Attribute (`date_issue`)  - enhanced for lazy-loading? - false
11:49:33.803 [Test worker] DEBUG org.hibernate.engine.internal.TwoPhaseLoad - Processing attribute `status` : value = завершен
11:49:33.803 [Test worker] DEBUG org.hibernate.engine.internal.TwoPhaseLoad - Attribute (`status`)  - enhanced for lazy-loading? - false
11:49:33.803 [Test worker] DEBUG org.hibernate.engine.internal.TwoPhaseLoad - Done materializing entity [web_prak.java.classes.Deliveries#254]
11:49:33.803 [Test worker] DEBUG org.hibernate.engine.internal.TwoPhaseLoad - Resolving attributes for [web_prak.java.classes.Clients#403]
11:49:33.803 [Test worker] DEBUG org.hibernate.engine.internal.TwoPhaseLoad - Processing attribute `address` : value = Ярославское шоссе д26
11:49:33.803 [Test worker] DEBUG org.hibernate.engine.internal.TwoPhaseLoad - Attribute (`address`)  - enhanced for lazy-loading? - false
11:49:33.803 [Test worker] DEBUG org.hibernate.engine.internal.TwoPhaseLoad - Processing attribute `client_name` : value = Иван Иванов
11:49:33.803 [Test worker] DEBUG org.hibernate.engine.internal.TwoPhaseLoad - Attribute (`client_name`)  - enhanced for lazy-loading? - false
11:49:33.803 [Test worker] DEBUG org.hibernate.engine.internal.TwoPhaseLoad - Processing attribute `contact` : value = +7 (976) 130-93-80
11:49:33.803 [Test worker] DEBUG org.hibernate.engine.internal.TwoPhaseLoad - Attribute (`contact`)  - enhanced for lazy-loading? - false
11:49:33.803 [Test worker] DEBUG org.hibernate.engine.internal.TwoPhaseLoad - Processing attribute `email` : value = cromaint0@go.com
11:49:33.803 [Test worker] DEBUG org.hibernate.engine.internal.TwoPhaseLoad - Attribute (`email`)  - enhanced for lazy-loading? - false
11:49:33.803 [Test worker] DEBUG org.hibernate.engine.internal.TwoPhaseLoad - Done materializing entity [web_prak.java.classes.Clients#403]
11:49:33.804 [Test worker] DEBUG org.hibernate.engine.internal.TwoPhaseLoad - Resolving attributes for [web_prak.java.classes.Products#424]
11:49:33.804 [Test worker] DEBUG org.hibernate.engine.internal.TwoPhaseLoad - Processing attribute `expiration_date_from` : value = 2021-08-01
11:49:33.804 [Test worker] DEBUG org.hibernate.engine.internal.TwoPhaseLoad - Attribute (`expiration_date_from`)  - enhanced for lazy-loading? - false
11:49:33.804 [Test worker] DEBUG org.hibernate.engine.internal.TwoPhaseLoad - Processing attribute `expiration_date_to` : value = 2022-08-01
11:49:33.804 [Test worker] DEBUG org.hibernate.engine.internal.TwoPhaseLoad - Attribute (`expiration_date_to`)  - enhanced for lazy-loading? - false
11:49:33.804 [Test worker] DEBUG org.hibernate.engine.internal.TwoPhaseLoad - Processing attribute `measure` : value = штук
11:49:33.804 [Test worker] DEBUG org.hibernate.engine.internal.TwoPhaseLoad - Attribute (`measure`)  - enhanced for lazy-loading? - false
11:49:33.804 [Test worker] DEBUG org.hibernate.engine.internal.TwoPhaseLoad - Processing attribute `place_id` : value = 528
11:49:33.804 [Test worker] DEBUG org.hibernate.engine.internal.TwoPhaseLoad - Attribute (`place_id`)  - enhanced for lazy-loading? - false
11:49:33.804 [Test worker] DEBUG org.hibernate.engine.internal.TwoPhaseLoad - Processing attribute `product_name` : value = Asus Rog Strix
11:49:33.804 [Test worker] DEBUG org.hibernate.engine.internal.TwoPhaseLoad - Attribute (`product_name`)  - enhanced for lazy-loading? - false
11:49:33.804 [Test worker] DEBUG org.hibernate.engine.internal.TwoPhaseLoad - Processing attribute `quantity` : value = 5
11:49:33.804 [Test worker] DEBUG org.hibernate.engine.internal.TwoPhaseLoad - Attribute (`quantity`)  - enhanced for lazy-loading? - false
11:49:33.804 [Test worker] DEBUG org.hibernate.engine.internal.TwoPhaseLoad - Processing attribute `type` : value = Ноутбуки
11:49:33.804 [Test worker] DEBUG org.hibernate.engine.internal.TwoPhaseLoad - Attribute (`type`)  - enhanced for lazy-loading? - false
11:49:33.804 [Test worker] DEBUG org.hibernate.engine.internal.TwoPhaseLoad - Done materializing entity [web_prak.java.classes.Products#424]
11:49:33.804 [Test worker] DEBUG org.hibernate.engine.internal.TwoPhaseLoad - Resolving attributes for [web_prak.java.classes.Register_place#528]
11:49:33.804 [Test worker] DEBUG org.hibernate.engine.internal.TwoPhaseLoad - Processing attribute `free` : value = нет
11:49:33.804 [Test worker] DEBUG org.hibernate.engine.internal.TwoPhaseLoad - Attribute (`free`)  - enhanced for lazy-loading? - false
11:49:33.804 [Test worker] DEBUG org.hibernate.engine.internal.TwoPhaseLoad - Processing attribute `storage_location` : value = 02 10 03
11:49:33.804 [Test worker] DEBUG org.hibernate.engine.internal.TwoPhaseLoad - Attribute (`storage_location`)  - enhanced for lazy-loading? - false
11:49:33.804 [Test worker] DEBUG org.hibernate.engine.internal.TwoPhaseLoad - Done materializing entity [web_prak.java.classes.Register_place#528]
11:49:33.805 [Test worker] DEBUG org.hibernate.loader.entity.plan.AbstractLoadPlanBasedEntityLoader - Done entity load : web_prak.java.classes.Deliveries_list#178
11:49:33.805 [Test worker] DEBUG org.hibernate.resource.jdbc.internal.LogicalConnectionManagedImpl - Initiating JDBC connection release from afterTransaction
11:49:33.806 [Test worker] DEBUG org.hibernate.engine.transaction.internal.TransactionImpl - On TransactionImpl creation, JpaCompliance#isJpaTransactionComplianceEnabled == false
11:49:33.806 [Test worker] DEBUG org.hibernate.engine.transaction.internal.TransactionImpl - begin
11:49:33.806 [Test worker] DEBUG org.hibernate.engine.transaction.internal.TransactionImpl - committing
11:49:33.806 [Test worker] DEBUG org.hibernate.event.internal.AbstractFlushingEventListener - Processing flush-time cascades
11:49:33.806 [Test worker] DEBUG org.hibernate.event.internal.AbstractFlushingEventListener - Dirty checking collections
11:49:33.806 [Test worker] DEBUG org.hibernate.event.internal.AbstractFlushingEventListener - Flushed: 0 insertions, 0 updates, 1 deletions to 1 objects
11:49:33.806 [Test worker] DEBUG org.hibernate.event.internal.AbstractFlushingEventListener - Flushed: 0 (re)creations, 0 updates, 0 removals to 0 collections
11:49:33.806 [Test worker] DEBUG org.hibernate.internal.util.EntityPrinter - Listing entities:
11:49:33.806 [Test worker] DEBUG org.hibernate.internal.util.EntityPrinter - web_prak.java.classes.Deliveries_list{deliveries_list_id=178, quantity=7, delivery_id=web_prak.java.classes.Deliveries#254, product_id=web_prak.java.classes.Products#424}
11:49:33.806 [Test worker] DEBUG org.hibernate.SQL - delete from deliveries_list where deliveries_list_id=?
Hibernate: delete from deliveries_list where deliveries_list_id=?
11:49:33.824 [Test worker] DEBUG org.hibernate.resource.jdbc.internal.LogicalConnectionManagedImpl - Initiating JDBC connection release from afterTransaction
11:49:33.824 [Test worker] DEBUG org.hibernate.resource.jdbc.internal.LogicalConnectionManagedImpl - Initiating JDBC connection release from afterTransaction
11:49:33.824 [Test worker] DEBUG org.hibernate.engine.jdbc.internal.JdbcCoordinatorImpl - HHH000420: Closing un-released batch
11:49:33.824 [Test worker] DEBUG org.hibernate.engine.transaction.internal.TransactionImpl - On TransactionImpl creation, JpaCompliance#isJpaTransactionComplianceEnabled == false
11:49:33.824 [Test worker] DEBUG org.hibernate.engine.transaction.internal.TransactionImpl - begin
11:49:33.824 [Test worker] DEBUG org.hibernate.engine.transaction.internal.TransactionImpl - committing
11:49:33.824 [Test worker] DEBUG org.hibernate.event.internal.AbstractFlushingEventListener - Processing flush-time cascades
11:49:33.824 [Test worker] DEBUG org.hibernate.event.internal.AbstractFlushingEventListener - Dirty checking collections
11:49:33.824 [Test worker] DEBUG org.hibernate.event.internal.AbstractFlushingEventListener - Flushed: 0 insertions, 0 updates, 1 deletions to 1 objects
11:49:33.825 [Test worker] DEBUG org.hibernate.event.internal.AbstractFlushingEventListener - Flushed: 0 (re)creations, 0 updates, 0 removals to 0 collections
11:49:33.825 [Test worker] DEBUG org.hibernate.internal.util.EntityPrinter - Listing entities:
11:49:33.825 [Test worker] DEBUG org.hibernate.internal.util.EntityPrinter - web_prak.java.classes.Products{measure=штук, quantity=5, expiration_date_to=2022-08-01, product_id=424, expiration_date_from=2021-08-01, type=Ноутбуки, product_name=Asus Rog Strix, place_id=web_prak.java.classes.Register_place#528}
11:49:33.825 [Test worker] DEBUG org.hibernate.SQL - delete from products where product_id=?
Hibernate: delete from products where product_id=?
11:49:33.841 [Test worker] DEBUG org.hibernate.resource.jdbc.internal.LogicalConnectionManagedImpl - Initiating JDBC connection release from afterTransaction
11:49:33.841 [Test worker] DEBUG org.hibernate.resource.jdbc.internal.LogicalConnectionManagedImpl - Initiating JDBC connection release from afterTransaction
11:49:33.841 [Test worker] DEBUG org.hibernate.engine.jdbc.internal.JdbcCoordinatorImpl - HHH000420: Closing un-released batch
11:49:33.841 [Test worker] DEBUG org.hibernate.engine.transaction.internal.TransactionImpl - On TransactionImpl creation, JpaCompliance#isJpaTransactionComplianceEnabled == false
11:49:33.841 [Test worker] DEBUG org.hibernate.engine.transaction.internal.TransactionImpl - begin
11:49:33.841 [Test worker] DEBUG org.hibernate.engine.transaction.internal.TransactionImpl - committing
11:49:33.841 [Test worker] DEBUG org.hibernate.event.internal.AbstractFlushingEventListener - Processing flush-time cascades
11:49:33.841 [Test worker] DEBUG org.hibernate.event.internal.AbstractFlushingEventListener - Dirty checking collections
11:49:33.841 [Test worker] DEBUG org.hibernate.event.internal.AbstractFlushingEventListener - Flushed: 0 insertions, 0 updates, 1 deletions to 1 objects
11:49:33.842 [Test worker] DEBUG org.hibernate.event.internal.AbstractFlushingEventListener - Flushed: 0 (re)creations, 0 updates, 0 removals to 0 collections
11:49:33.842 [Test worker] DEBUG org.hibernate.internal.util.EntityPrinter - Listing entities:
11:49:33.842 [Test worker] DEBUG org.hibernate.internal.util.EntityPrinter - web_prak.java.classes.Register_place{storage_location=02 10 03, free=нет, place_id=528}
11:49:33.842 [Test worker] DEBUG org.hibernate.SQL - delete from register_place where place_id=?
Hibernate: delete from register_place where place_id=?
11:49:33.858 [Test worker] DEBUG org.hibernate.resource.jdbc.internal.LogicalConnectionManagedImpl - Initiating JDBC connection release from afterTransaction
11:49:33.858 [Test worker] DEBUG org.hibernate.resource.jdbc.internal.LogicalConnectionManagedImpl - Initiating JDBC connection release from afterTransaction
11:49:33.858 [Test worker] DEBUG org.hibernate.engine.jdbc.internal.JdbcCoordinatorImpl - HHH000420: Closing un-released batch
11:49:33.858 [Test worker] DEBUG org.hibernate.engine.transaction.internal.TransactionImpl - On TransactionImpl creation, JpaCompliance#isJpaTransactionComplianceEnabled == false
11:49:33.858 [Test worker] DEBUG org.hibernate.engine.transaction.internal.TransactionImpl - begin
11:49:33.858 [Test worker] DEBUG org.hibernate.engine.transaction.internal.TransactionImpl - committing
11:49:33.858 [Test worker] DEBUG org.hibernate.event.internal.AbstractFlushingEventListener - Processing flush-time cascades
11:49:33.858 [Test worker] DEBUG org.hibernate.event.internal.AbstractFlushingEventListener - Dirty checking collections
11:49:33.858 [Test worker] DEBUG org.hibernate.event.internal.AbstractFlushingEventListener - Flushed: 0 insertions, 0 updates, 1 deletions to 1 objects
11:49:33.858 [Test worker] DEBUG org.hibernate.event.internal.AbstractFlushingEventListener - Flushed: 0 (re)creations, 0 updates, 0 removals to 0 collections
11:49:33.858 [Test worker] DEBUG org.hibernate.internal.util.EntityPrinter - Listing entities:
11:49:33.858 [Test worker] DEBUG org.hibernate.internal.util.EntityPrinter - web_prak.java.classes.Deliveries{delivery_id=254, client_id=web_prak.java.classes.Clients#403, date_issue=2022-02-05, status=завершен}
11:49:33.858 [Test worker] DEBUG org.hibernate.SQL - delete from deliveries where delivery_id=?
Hibernate: delete from deliveries where delivery_id=?
11:49:33.877 [Test worker] DEBUG org.hibernate.resource.jdbc.internal.LogicalConnectionManagedImpl - Initiating JDBC connection release from afterTransaction
11:49:33.877 [Test worker] DEBUG org.hibernate.resource.jdbc.internal.LogicalConnectionManagedImpl - Initiating JDBC connection release from afterTransaction
11:49:33.877 [Test worker] DEBUG org.hibernate.engine.jdbc.internal.JdbcCoordinatorImpl - HHH000420: Closing un-released batch
11:49:33.877 [Test worker] DEBUG org.hibernate.engine.transaction.internal.TransactionImpl - On TransactionImpl creation, JpaCompliance#isJpaTransactionComplianceEnabled == false
11:49:33.878 [Test worker] DEBUG org.hibernate.engine.transaction.internal.TransactionImpl - begin
11:49:33.878 [Test worker] DEBUG org.hibernate.engine.transaction.internal.TransactionImpl - committing
11:49:33.878 [Test worker] DEBUG org.hibernate.event.internal.AbstractFlushingEventListener - Processing flush-time cascades
11:49:33.878 [Test worker] DEBUG org.hibernate.event.internal.AbstractFlushingEventListener - Dirty checking collections
11:49:33.878 [Test worker] DEBUG org.hibernate.event.internal.AbstractFlushingEventListener - Flushed: 0 insertions, 0 updates, 1 deletions to 1 objects
11:49:33.878 [Test worker] DEBUG org.hibernate.event.internal.AbstractFlushingEventListener - Flushed: 0 (re)creations, 0 updates, 0 removals to 0 collections
11:49:33.878 [Test worker] DEBUG org.hibernate.internal.util.EntityPrinter - Listing entities:
11:49:33.878 [Test worker] DEBUG org.hibernate.internal.util.EntityPrinter - web_prak.java.classes.Clients{address=Ярославское шоссе д26, contact=+7 (976) 130-93-80, client_name=Иван Иванов, client_id=403, email=cromaint0@go.com}
11:49:33.878 [Test worker] DEBUG org.hibernate.SQL - delete from clients where client_id=?
Hibernate: delete from clients where client_id=?
11:49:33.894 [Test worker] DEBUG org.hibernate.resource.jdbc.internal.LogicalConnectionManagedImpl - Initiating JDBC connection release from afterTransaction
11:49:33.894 [Test worker] DEBUG org.hibernate.resource.jdbc.internal.LogicalConnectionManagedImpl - Initiating JDBC connection release from afterTransaction
11:49:33.894 [Test worker] DEBUG org.hibernate.engine.jdbc.internal.JdbcCoordinatorImpl - HHH000420: Closing un-released batch
11:49:33.894 [Test worker] DEBUG org.hibernate.SQL - select deliveries0_.deliveries_list_id as deliveri1_2_0_, deliveries0_.delivery_id as delivery3_2_0_, deliveries0_.product_id as product_4_2_0_, deliveries0_.quantity as quantity2_2_0_, deliveries1_.delivery_id as delivery1_1_1_, deliveries1_.client_id as client_i4_1_1_, deliveries1_.date_issue as date_iss2_1_1_, deliveries1_.status as status3_1_1_, clients2_.client_id as client_i1_0_2_, clients2_.address as address2_0_2_, clients2_.client_name as client_n3_0_2_, clients2_.contact as contact4_0_2_, clients2_.email as email5_0_2_, products3_.product_id as product_1_3_3_, products3_.expiration_date_from as expirati2_3_3_, products3_.expiration_date_to as expirati3_3_3_, products3_.measure as measure4_3_3_, products3_.place_id as place_id8_3_3_, products3_.product_name as product_5_3_3_, products3_.quantity as quantity6_3_3_, products3_.type as type7_3_3_, register_p4_.place_id as place_id1_4_4_, register_p4_.free as free2_4_4_, register_p4_.storage_location as storage_3_4_4_ from deliveries_list deliveries0_ left outer join deliveries deliveries1_ on deliveries0_.delivery_id=deliveries1_.delivery_id left outer join clients clients2_ on deliveries1_.client_id=clients2_.client_id left outer join products products3_ on deliveries0_.product_id=products3_.product_id left outer join register_place register_p4_ on products3_.place_id=register_p4_.place_id where deliveries0_.deliveries_list_id=?
Hibernate: select deliveries0_.deliveries_list_id as deliveri1_2_0_, deliveries0_.delivery_id as delivery3_2_0_, deliveries0_.product_id as product_4_2_0_, deliveries0_.quantity as quantity2_2_0_, deliveries1_.delivery_id as delivery1_1_1_, deliveries1_.client_id as client_i4_1_1_, deliveries1_.date_issue as date_iss2_1_1_, deliveries1_.status as status3_1_1_, clients2_.client_id as client_i1_0_2_, clients2_.address as address2_0_2_, clients2_.client_name as client_n3_0_2_, clients2_.contact as contact4_0_2_, clients2_.email as email5_0_2_, products3_.product_id as product_1_3_3_, products3_.expiration_date_from as expirati2_3_3_, products3_.expiration_date_to as expirati3_3_3_, products3_.measure as measure4_3_3_, products3_.place_id as place_id8_3_3_, products3_.product_name as product_5_3_3_, products3_.quantity as quantity6_3_3_, products3_.type as type7_3_3_, register_p4_.place_id as place_id1_4_4_, register_p4_.free as free2_4_4_, register_p4_.storage_location as storage_3_4_4_ from deliveries_list deliveries0_ left outer join deliveries deliveries1_ on deliveries0_.delivery_id=deliveries1_.delivery_id left outer join clients clients2_ on deliveries1_.client_id=clients2_.client_id left outer join products products3_ on deliveries0_.product_id=products3_.product_id left outer join register_place register_p4_ on products3_.place_id=register_p4_.place_id where deliveries0_.deliveries_list_id=?
11:49:33.895 [Test worker] DEBUG org.hibernate.loader.entity.plan.AbstractLoadPlanBasedEntityLoader - Done entity load : web_prak.java.classes.Deliveries_list#178
11:49:33.895 [Test worker] DEBUG org.hibernate.resource.jdbc.internal.LogicalConnectionManagedImpl - Initiating JDBC connection release from afterTransaction
]]></system-out>
  <system-err><![CDATA[]]></system-err>
</testsuite>
