<?xml version="1.0" encoding="UTF-8"?>
<testsuite name="ClientsTest" tests="6" skipped="0" failures="0" errors="0" timestamp="2022-04-04T08:49:28" hostname="bekzat-Lenovo-Legion-Y530-15ICH" time="2.602">
  <properties/>
  <testcase name="testCreateNewClient" classname="ClientsTest" time="2.158"/>
  <testcase name="testDeleteClient" classname="ClientsTest" time="0.034"/>
  <testcase name="testGetClientAll" classname="ClientsTest" time="0.246"/>
  <testcase name="testGetClientById" classname="ClientsTest" time="0.033"/>
  <testcase name="testGetClientByName" classname="ClientsTest" time="0.078"/>
  <testcase name="testUpdateClient" classname="ClientsTest" time="0.05"/>
  <system-out><![CDATA[11:49:28.280 [Test worker] DEBUG org.jboss.logging - Logging Provider: org.jboss.logging.Log4j2LoggerProvider
11:49:28.288 [Test worker] DEBUG org.hibernate.integrator.internal.IntegratorServiceImpl - Adding Integrator [org.hibernate.cfg.beanvalidation.BeanValidationIntegrator].
11:49:28.290 [Test worker] DEBUG org.hibernate.integrator.internal.IntegratorServiceImpl - Adding Integrator [org.hibernate.secure.spi.JaccIntegrator].
11:49:28.294 [Test worker] DEBUG org.hibernate.integrator.internal.IntegratorServiceImpl - Adding Integrator [org.hibernate.cache.internal.CollectionCacheInvalidator].
11:49:28.324 [Test worker] INFO org.hibernate.Version - HHH000412: Hibernate ORM core version 5.6.5.Final
11:49:28.326 [Test worker] DEBUG org.hibernate.cfg.Environment - HHH000206: hibernate.properties not found
11:49:28.530 [Test worker] DEBUG org.hibernate.boot.jaxb.internal.stax.LocalXmlResourceResolver - Interpreting public/system identifier : [-//Hibernate/Hibernate Configuration DTD 3.0//EN] - [http://www.hibernate.org/dtd/hibernate-configuration-3.0.dtd]
11:49:28.531 [Test worker] DEBUG org.hibernate.boot.jaxb.internal.stax.LocalXmlResourceResolver - Recognized hibernate-configuration identifier; attempting to resolve on classpath under org/hibernate/
11:49:28.537 [Test worker] DEBUG org.hibernate.boot.cfgxml.internal.JaxbCfgProcessor - cfg.xml document did not define namespaces; wrapping in custom event reader to introduce namespace information
11:49:28.763 [Test worker] DEBUG org.hibernate.integrator.internal.IntegratorServiceImpl - Adding Integrator [org.hibernate.cfg.beanvalidation.BeanValidationIntegrator].
11:49:28.763 [Test worker] DEBUG org.hibernate.integrator.internal.IntegratorServiceImpl - Adding Integrator [org.hibernate.secure.spi.JaccIntegrator].
11:49:28.764 [Test worker] DEBUG org.hibernate.integrator.internal.IntegratorServiceImpl - Adding Integrator [org.hibernate.cache.internal.CollectionCacheInvalidator].
11:49:28.771 [Test worker] DEBUG org.hibernate.service.spi.ServiceBinding - Overriding existing service binding [org.hibernate.secure.spi.JaccService]
11:49:28.771 [Test worker] DEBUG org.hibernate.cfg.Configuration - Building session factory using provided StandardServiceRegistry
11:49:28.781 [Test worker] DEBUG org.hibernate.cache.internal.RegionFactoryInitiator - Cannot default RegionFactory based on registered strategies as `[]` RegionFactory strategies were registered
11:49:28.782 [Test worker] DEBUG org.hibernate.cache.internal.RegionFactoryInitiator - Cache region factory : org.hibernate.cache.internal.NoCachingRegionFactory
11:49:28.803 [Test worker] INFO org.hibernate.annotations.common.Version - HCANN000001: Hibernate Commons Annotations {5.1.2.Final}
11:49:28.834 [Test worker] DEBUG org.hibernate.type.BasicTypeRegistry - Adding type registration boolean -> org.hibernate.type.BooleanType@1c68d0db
11:49:28.834 [Test worker] DEBUG org.hibernate.type.BasicTypeRegistry - Adding type registration boolean -> org.hibernate.type.BooleanType@1c68d0db
11:49:28.834 [Test worker] DEBUG org.hibernate.type.BasicTypeRegistry - Adding type registration java.lang.Boolean -> org.hibernate.type.BooleanType@1c68d0db
11:49:28.835 [Test worker] DEBUG org.hibernate.type.BasicTypeRegistry - Adding type registration numeric_boolean -> org.hibernate.type.NumericBooleanType@629b780f
11:49:28.836 [Test worker] DEBUG org.hibernate.type.BasicTypeRegistry - Adding type registration true_false -> org.hibernate.type.TrueFalseType@6734ff92
11:49:28.837 [Test worker] DEBUG org.hibernate.type.BasicTypeRegistry - Adding type registration yes_no -> org.hibernate.type.YesNoType@6775c0d1
11:49:28.838 [Test worker] DEBUG org.hibernate.type.BasicTypeRegistry - Adding type registration byte -> org.hibernate.type.ByteType@53bb71e5
11:49:28.838 [Test worker] DEBUG org.hibernate.type.BasicTypeRegistry - Adding type registration byte -> org.hibernate.type.ByteType@53bb71e5
11:49:28.838 [Test worker] DEBUG org.hibernate.type.BasicTypeRegistry - Adding type registration java.lang.Byte -> org.hibernate.type.ByteType@53bb71e5
11:49:28.839 [Test worker] DEBUG org.hibernate.type.BasicTypeRegistry - Adding type registration character -> org.hibernate.type.CharacterType@19b9f903
11:49:28.839 [Test worker] DEBUG org.hibernate.type.BasicTypeRegistry - Adding type registration char -> org.hibernate.type.CharacterType@19b9f903
11:49:28.839 [Test worker] DEBUG org.hibernate.type.BasicTypeRegistry - Adding type registration java.lang.Character -> org.hibernate.type.CharacterType@19b9f903
11:49:28.841 [Test worker] DEBUG org.hibernate.type.BasicTypeRegistry - Adding type registration short -> org.hibernate.type.ShortType@4b476233
11:49:28.841 [Test worker] DEBUG org.hibernate.type.BasicTypeRegistry - Adding type registration short -> org.hibernate.type.ShortType@4b476233
11:49:28.841 [Test worker] DEBUG org.hibernate.type.BasicTypeRegistry - Adding type registration java.lang.Short -> org.hibernate.type.ShortType@4b476233
11:49:28.842 [Test worker] DEBUG org.hibernate.type.BasicTypeRegistry - Adding type registration integer -> org.hibernate.type.IntegerType@7d8b66d9
11:49:28.842 [Test worker] DEBUG org.hibernate.type.BasicTypeRegistry - Adding type registration int -> org.hibernate.type.IntegerType@7d8b66d9
11:49:28.842 [Test worker] DEBUG org.hibernate.type.BasicTypeRegistry - Adding type registration java.lang.Integer -> org.hibernate.type.IntegerType@7d8b66d9
11:49:28.844 [Test worker] DEBUG org.hibernate.type.BasicTypeRegistry - Adding type registration long -> org.hibernate.type.LongType@1d1bf7bf
11:49:28.844 [Test worker] DEBUG org.hibernate.type.BasicTypeRegistry - Adding type registration long -> org.hibernate.type.LongType@1d1bf7bf
11:49:28.844 [Test worker] DEBUG org.hibernate.type.BasicTypeRegistry - Adding type registration java.lang.Long -> org.hibernate.type.LongType@1d1bf7bf
11:49:28.845 [Test worker] DEBUG org.hibernate.type.BasicTypeRegistry - Adding type registration float -> org.hibernate.type.FloatType@75ad30c1
11:49:28.845 [Test worker] DEBUG org.hibernate.type.BasicTypeRegistry - Adding type registration float -> org.hibernate.type.FloatType@75ad30c1
11:49:28.845 [Test worker] DEBUG org.hibernate.type.BasicTypeRegistry - Adding type registration java.lang.Float -> org.hibernate.type.FloatType@75ad30c1
11:49:28.846 [Test worker] DEBUG org.hibernate.type.BasicTypeRegistry - Adding type registration double -> org.hibernate.type.DoubleType@6a6da47a
11:49:28.846 [Test worker] DEBUG org.hibernate.type.BasicTypeRegistry - Adding type registration double -> org.hibernate.type.DoubleType@6a6da47a
11:49:28.846 [Test worker] DEBUG org.hibernate.type.BasicTypeRegistry - Adding type registration java.lang.Double -> org.hibernate.type.DoubleType@6a6da47a
11:49:28.848 [Test worker] DEBUG org.hibernate.type.BasicTypeRegistry - Adding type registration big_decimal -> org.hibernate.type.BigDecimalType@49ced9c7
11:49:28.848 [Test worker] DEBUG org.hibernate.type.BasicTypeRegistry - Adding type registration java.math.BigDecimal -> org.hibernate.type.BigDecimalType@49ced9c7
11:49:28.849 [Test worker] DEBUG org.hibernate.type.BasicTypeRegistry - Adding type registration big_integer -> org.hibernate.type.BigIntegerType@59a09be
11:49:28.849 [Test worker] DEBUG org.hibernate.type.BasicTypeRegistry - Adding type registration java.math.BigInteger -> org.hibernate.type.BigIntegerType@59a09be
11:49:28.850 [Test worker] DEBUG org.hibernate.type.BasicTypeRegistry - Adding type registration string -> org.hibernate.type.StringType@2b170932
11:49:28.850 [Test worker] DEBUG org.hibernate.type.BasicTypeRegistry - Adding type registration java.lang.String -> org.hibernate.type.StringType@2b170932
11:49:28.851 [Test worker] DEBUG org.hibernate.type.BasicTypeRegistry - Adding type registration nstring -> org.hibernate.type.StringNVarcharType@5dfc2a4
11:49:28.851 [Test worker] DEBUG org.hibernate.type.BasicTypeRegistry - Adding type registration ncharacter -> org.hibernate.type.CharacterNCharType@7c2b6acb
11:49:28.852 [Test worker] DEBUG org.hibernate.type.BasicTypeRegistry - Adding type registration url -> org.hibernate.type.UrlType@49038f97
11:49:28.852 [Test worker] DEBUG org.hibernate.type.BasicTypeRegistry - Adding type registration java.net.URL -> org.hibernate.type.UrlType@49038f97
11:49:28.853 [Test worker] DEBUG org.hibernate.type.BasicTypeRegistry - Adding type registration Duration -> org.hibernate.type.DurationType@61808ecd
11:49:28.854 [Test worker] DEBUG org.hibernate.type.BasicTypeRegistry - Adding type registration java.time.Duration -> org.hibernate.type.DurationType@61808ecd
11:49:28.857 [Test worker] DEBUG org.hibernate.type.BasicTypeRegistry - Adding type registration Instant -> org.hibernate.type.InstantType@60dcf9ec
11:49:28.857 [Test worker] DEBUG org.hibernate.type.BasicTypeRegistry - Adding type registration java.time.Instant -> org.hibernate.type.InstantType@60dcf9ec
11:49:28.858 [Test worker] DEBUG org.hibernate.type.BasicTypeRegistry - Adding type registration LocalDateTime -> org.hibernate.type.LocalDateTimeType@35e2b89f
11:49:28.858 [Test worker] DEBUG org.hibernate.type.BasicTypeRegistry - Adding type registration java.time.LocalDateTime -> org.hibernate.type.LocalDateTimeType@35e2b89f
11:49:28.859 [Test worker] DEBUG org.hibernate.type.BasicTypeRegistry - Adding type registration LocalDate -> org.hibernate.type.LocalDateType@7b1a30e5
11:49:28.859 [Test worker] DEBUG org.hibernate.type.BasicTypeRegistry - Adding type registration java.time.LocalDate -> org.hibernate.type.LocalDateType@7b1a30e5
11:49:28.860 [Test worker] DEBUG org.hibernate.type.BasicTypeRegistry - Adding type registration LocalTime -> org.hibernate.type.LocalTimeType@2cbe455c
11:49:28.860 [Test worker] DEBUG org.hibernate.type.BasicTypeRegistry - Adding type registration java.time.LocalTime -> org.hibernate.type.LocalTimeType@2cbe455c
11:49:28.861 [Test worker] DEBUG org.hibernate.type.BasicTypeRegistry - Adding type registration OffsetDateTime -> org.hibernate.type.OffsetDateTimeType@b5c902
11:49:28.862 [Test worker] DEBUG org.hibernate.type.BasicTypeRegistry - Adding type registration java.time.OffsetDateTime -> org.hibernate.type.OffsetDateTimeType@b5c902
11:49:28.863 [Test worker] DEBUG org.hibernate.type.BasicTypeRegistry - Adding type registration OffsetTime -> org.hibernate.type.OffsetTimeType@59ec7020
11:49:28.863 [Test worker] DEBUG org.hibernate.type.BasicTypeRegistry - Adding type registration java.time.OffsetTime -> org.hibernate.type.OffsetTimeType@59ec7020
11:49:28.865 [Test worker] DEBUG org.hibernate.type.BasicTypeRegistry - Adding type registration ZonedDateTime -> org.hibernate.type.ZonedDateTimeType@6c5747db
11:49:28.865 [Test worker] DEBUG org.hibernate.type.BasicTypeRegistry - Adding type registration java.time.ZonedDateTime -> org.hibernate.type.ZonedDateTimeType@6c5747db
11:49:28.867 [Test worker] DEBUG org.hibernate.type.BasicTypeRegistry - Adding type registration date -> org.hibernate.type.DateType@64bba0eb
11:49:28.867 [Test worker] DEBUG org.hibernate.type.BasicTypeRegistry - Adding type registration java.sql.Date -> org.hibernate.type.DateType@64bba0eb
11:49:28.869 [Test worker] DEBUG org.hibernate.type.BasicTypeRegistry - Adding type registration time -> org.hibernate.type.TimeType@25de8898
11:49:28.869 [Test worker] DEBUG org.hibernate.type.BasicTypeRegistry - Adding type registration java.sql.Time -> org.hibernate.type.TimeType@25de8898
11:49:28.871 [Test worker] DEBUG org.hibernate.type.BasicTypeRegistry - Adding type registration timestamp -> org.hibernate.type.TimestampType@2b098563
11:49:28.871 [Test worker] DEBUG org.hibernate.type.BasicTypeRegistry - Adding type registration java.sql.Timestamp -> org.hibernate.type.TimestampType@2b098563
11:49:28.872 [Test worker] DEBUG org.hibernate.type.BasicTypeRegistry - Adding type registration java.util.Date -> org.hibernate.type.TimestampType@2b098563
11:49:28.878 [Test worker] DEBUG org.hibernate.type.BasicTypeRegistry - Adding type registration dbtimestamp -> org.hibernate.type.DbTimestampType@74f4a2ba
11:49:28.881 [Test worker] DEBUG org.hibernate.type.BasicTypeRegistry - Adding type registration calendar -> org.hibernate.type.CalendarType@3ea48c37
11:49:28.881 [Test worker] DEBUG org.hibernate.type.BasicTypeRegistry - Adding type registration java.util.Calendar -> org.hibernate.type.CalendarType@3ea48c37
11:49:28.881 [Test worker] DEBUG org.hibernate.type.BasicTypeRegistry - Adding type registration java.util.GregorianCalendar -> org.hibernate.type.CalendarType@3ea48c37
11:49:28.884 [Test worker] DEBUG org.hibernate.type.BasicTypeRegistry - Adding type registration calendar_date -> org.hibernate.type.CalendarDateType@36df4c26
11:49:28.885 [Test worker] DEBUG org.hibernate.type.BasicTypeRegistry - Adding type registration calendar_time -> org.hibernate.type.CalendarTimeType@1fcaea93
11:49:28.886 [Test worker] DEBUG org.hibernate.type.BasicTypeRegistry - Adding type registration locale -> org.hibernate.type.LocaleType@1f172892
11:49:28.886 [Test worker] DEBUG org.hibernate.type.BasicTypeRegistry - Adding type registration java.util.Locale -> org.hibernate.type.LocaleType@1f172892
11:49:28.887 [Test worker] DEBUG org.hibernate.type.BasicTypeRegistry - Adding type registration currency -> org.hibernate.type.CurrencyType@59e082f8
11:49:28.887 [Test worker] DEBUG org.hibernate.type.BasicTypeRegistry - Adding type registration java.util.Currency -> org.hibernate.type.CurrencyType@59e082f8
11:49:28.888 [Test worker] DEBUG org.hibernate.type.BasicTypeRegistry - Adding type registration timezone -> org.hibernate.type.TimeZoneType@45cd8607
11:49:28.888 [Test worker] DEBUG org.hibernate.type.BasicTypeRegistry - Adding type registration java.util.TimeZone -> org.hibernate.type.TimeZoneType@45cd8607
11:49:28.889 [Test worker] DEBUG org.hibernate.type.BasicTypeRegistry - Adding type registration class -> org.hibernate.type.ClassType@19bf47fc
11:49:28.889 [Test worker] DEBUG org.hibernate.type.BasicTypeRegistry - Adding type registration java.lang.Class -> org.hibernate.type.ClassType@19bf47fc
11:49:28.890 [Test worker] DEBUG org.hibernate.type.BasicTypeRegistry - Adding type registration uuid-binary -> org.hibernate.type.UUIDBinaryType@66f2ec1c
11:49:28.890 [Test worker] DEBUG org.hibernate.type.BasicTypeRegistry - Adding type registration java.util.UUID -> org.hibernate.type.UUIDBinaryType@66f2ec1c
11:49:28.891 [Test worker] DEBUG org.hibernate.type.BasicTypeRegistry - Adding type registration uuid-char -> org.hibernate.type.UUIDCharType@5a4c98d7
11:49:28.892 [Test worker] DEBUG org.hibernate.type.BasicTypeRegistry - Adding type registration binary -> org.hibernate.type.BinaryType@2084e65a
11:49:28.892 [Test worker] DEBUG org.hibernate.type.BasicTypeRegistry - Adding type registration byte[] -> org.hibernate.type.BinaryType@2084e65a
11:49:28.892 [Test worker] DEBUG org.hibernate.type.BasicTypeRegistry - Adding type registration [B -> org.hibernate.type.BinaryType@2084e65a
11:49:28.893 [Test worker] DEBUG org.hibernate.type.BasicTypeRegistry - Adding type registration wrapper-binary -> org.hibernate.type.WrapperBinaryType@14874a5d
11:49:28.893 [Test worker] DEBUG org.hibernate.type.BasicTypeRegistry - Adding type registration Byte[] -> org.hibernate.type.WrapperBinaryType@14874a5d
11:49:28.894 [Test worker] DEBUG org.hibernate.type.BasicTypeRegistry - Adding type registration [Ljava.lang.Byte; -> org.hibernate.type.WrapperBinaryType@14874a5d
11:49:28.897 [Test worker] DEBUG org.hibernate.type.BasicTypeRegistry - Adding type registration row_version -> org.hibernate.type.RowVersionType@3eac2e8a
11:49:28.898 [Test worker] DEBUG org.hibernate.type.BasicTypeRegistry - Adding type registration image -> org.hibernate.type.ImageType@1805383
11:49:28.899 [Test worker] DEBUG org.hibernate.type.BasicTypeRegistry - Adding type registration characters -> org.hibernate.type.CharArrayType@184751f3
11:49:28.899 [Test worker] DEBUG org.hibernate.type.BasicTypeRegistry - Adding type registration char[] -> org.hibernate.type.CharArrayType@184751f3
11:49:28.899 [Test worker] DEBUG org.hibernate.type.BasicTypeRegistry - Adding type registration [C -> org.hibernate.type.CharArrayType@184751f3
11:49:28.900 [Test worker] DEBUG org.hibernate.type.BasicTypeRegistry - Adding type registration wrapper-characters -> org.hibernate.type.CharacterArrayType@5cdf221a
11:49:28.901 [Test worker] DEBUG org.hibernate.type.BasicTypeRegistry - Adding type registration [Ljava.lang.Character; -> org.hibernate.type.CharacterArrayType@5cdf221a
11:49:28.901 [Test worker] DEBUG org.hibernate.type.BasicTypeRegistry - Adding type registration Character[] -> org.hibernate.type.CharacterArrayType@5cdf221a
11:49:28.901 [Test worker] DEBUG org.hibernate.type.BasicTypeRegistry - Adding type registration text -> org.hibernate.type.TextType@738a815c
11:49:28.902 [Test worker] DEBUG org.hibernate.type.BasicTypeRegistry - Adding type registration ntext -> org.hibernate.type.NTextType@7e77678c
11:49:28.903 [Test worker] DEBUG org.hibernate.type.BasicTypeRegistry - Adding type registration blob -> org.hibernate.type.BlobType@236861da
11:49:28.903 [Test worker] DEBUG org.hibernate.type.BasicTypeRegistry - Adding type registration java.sql.Blob -> org.hibernate.type.BlobType@236861da
11:49:28.904 [Test worker] DEBUG org.hibernate.type.BasicTypeRegistry - Adding type registration materialized_blob -> org.hibernate.type.MaterializedBlobType@7534785a
11:49:28.906 [Test worker] DEBUG org.hibernate.type.BasicTypeRegistry - Adding type registration clob -> org.hibernate.type.ClobType@7b44bfb8
11:49:28.906 [Test worker] DEBUG org.hibernate.type.BasicTypeRegistry - Adding type registration java.sql.Clob -> org.hibernate.type.ClobType@7b44bfb8
11:49:28.907 [Test worker] DEBUG org.hibernate.type.BasicTypeRegistry - Adding type registration nclob -> org.hibernate.type.NClobType@605c7a9e
11:49:28.908 [Test worker] DEBUG org.hibernate.type.BasicTypeRegistry - Adding type registration java.sql.NClob -> org.hibernate.type.NClobType@605c7a9e
11:49:28.908 [Test worker] DEBUG org.hibernate.type.BasicTypeRegistry - Adding type registration materialized_clob -> org.hibernate.type.MaterializedClobType@6d815fb7
11:49:28.909 [Test worker] DEBUG org.hibernate.type.BasicTypeRegistry - Adding type registration materialized_nclob -> org.hibernate.type.MaterializedNClobType@40016ce1
11:49:28.910 [Test worker] DEBUG org.hibernate.type.BasicTypeRegistry - Adding type registration serializable -> org.hibernate.type.SerializableType@8432469
11:49:28.913 [Test worker] DEBUG org.hibernate.type.BasicTypeRegistry - Adding type registration object -> org.hibernate.type.ObjectType@5563bb40
11:49:28.913 [Test worker] DEBUG org.hibernate.type.BasicTypeRegistry - Adding type registration java.lang.Object -> org.hibernate.type.ObjectType@5563bb40
11:49:28.914 [Test worker] DEBUG org.hibernate.type.BasicTypeRegistry - Adding type registration imm_date -> org.hibernate.type.AdaptedImmutableType@7bb4ed71
11:49:28.914 [Test worker] DEBUG org.hibernate.type.BasicTypeRegistry - Adding type registration imm_time -> org.hibernate.type.AdaptedImmutableType@5112b7
11:49:28.914 [Test worker] DEBUG org.hibernate.type.BasicTypeRegistry - Adding type registration imm_timestamp -> org.hibernate.type.AdaptedImmutableType@56835f2f
11:49:28.914 [Test worker] DEBUG org.hibernate.type.BasicTypeRegistry - Adding type registration imm_dbtimestamp -> org.hibernate.type.AdaptedImmutableType@40f1aa95
11:49:28.914 [Test worker] DEBUG org.hibernate.type.BasicTypeRegistry - Adding type registration imm_calendar -> org.hibernate.type.AdaptedImmutableType@1c72189f
11:49:28.914 [Test worker] DEBUG org.hibernate.type.BasicTypeRegistry - Adding type registration imm_calendar_date -> org.hibernate.type.AdaptedImmutableType@14be750c
11:49:28.914 [Test worker] DEBUG org.hibernate.type.BasicTypeRegistry - Adding type registration imm_binary -> org.hibernate.type.AdaptedImmutableType@58882a93
11:49:28.914 [Test worker] DEBUG org.hibernate.type.BasicTypeRegistry - Adding type registration imm_serializable -> org.hibernate.type.AdaptedImmutableType@15e08615
11:49:28.945 [Test worker] DEBUG org.hibernate.id.factory.internal.DefaultIdentifierGeneratorFactory - Registering IdentifierGenerator strategy [uuid2] -> [org.hibernate.id.UUIDGenerator]
11:49:28.945 [Test worker] DEBUG org.hibernate.id.factory.internal.DefaultIdentifierGeneratorFactory - Registering IdentifierGenerator strategy [guid] -> [org.hibernate.id.GUIDGenerator]
11:49:28.946 [Test worker] DEBUG org.hibernate.id.factory.internal.DefaultIdentifierGeneratorFactory - Registering IdentifierGenerator strategy [uuid] -> [org.hibernate.id.UUIDHexGenerator]
11:49:28.946 [Test worker] DEBUG org.hibernate.id.factory.internal.DefaultIdentifierGeneratorFactory - Registering IdentifierGenerator strategy [uuid.hex] -> [org.hibernate.id.UUIDHexGenerator]
11:49:28.947 [Test worker] DEBUG org.hibernate.id.factory.internal.DefaultIdentifierGeneratorFactory - Registering IdentifierGenerator strategy [assigned] -> [org.hibernate.id.Assigned]
11:49:28.947 [Test worker] DEBUG org.hibernate.id.factory.internal.DefaultIdentifierGeneratorFactory - Registering IdentifierGenerator strategy [identity] -> [org.hibernate.id.IdentityGenerator]
11:49:28.948 [Test worker] DEBUG org.hibernate.id.factory.internal.DefaultIdentifierGeneratorFactory - Registering IdentifierGenerator strategy [select] -> [org.hibernate.id.SelectGenerator]
11:49:28.950 [Test worker] DEBUG org.hibernate.id.factory.internal.DefaultIdentifierGeneratorFactory - Registering IdentifierGenerator strategy [sequence] -> [org.hibernate.id.enhanced.SequenceStyleGenerator]
11:49:28.951 [Test worker] DEBUG org.hibernate.id.factory.internal.DefaultIdentifierGeneratorFactory - Registering IdentifierGenerator strategy [seqhilo] -> [org.hibernate.id.SequenceHiLoGenerator]
11:49:28.952 [Test worker] DEBUG org.hibernate.id.factory.internal.DefaultIdentifierGeneratorFactory - Registering IdentifierGenerator strategy [increment] -> [org.hibernate.id.IncrementGenerator]
11:49:28.953 [Test worker] DEBUG org.hibernate.id.factory.internal.DefaultIdentifierGeneratorFactory - Registering IdentifierGenerator strategy [foreign] -> [org.hibernate.id.ForeignGenerator]
11:49:28.953 [Test worker] DEBUG org.hibernate.id.factory.internal.DefaultIdentifierGeneratorFactory - Registering IdentifierGenerator strategy [sequence-identity] -> [org.hibernate.id.SequenceIdentityGenerator]
11:49:28.953 [Test worker] DEBUG org.hibernate.id.factory.internal.DefaultIdentifierGeneratorFactory - Registering IdentifierGenerator strategy [enhanced-sequence] -> [org.hibernate.id.enhanced.SequenceStyleGenerator]
11:49:28.955 [Test worker] DEBUG org.hibernate.id.factory.internal.DefaultIdentifierGeneratorFactory - Registering IdentifierGenerator strategy [enhanced-table] -> [org.hibernate.id.enhanced.TableGenerator]
11:49:28.959 [Test worker] WARN org.hibernate.orm.connections.pooling - HHH10001002: Using Hibernate built-in connection pool (not for production use!)
11:49:28.965 [Test worker] INFO org.hibernate.orm.connections.pooling - HHH10001005: using driver [org.postgresql.Driver] at URL [jdbc:postgresql://localhost:5432/warehouse_accounting_db]
11:49:28.966 [Test worker] INFO org.hibernate.orm.connections.pooling - HHH10001001: Connection properties: {password=password, user=bekzat}
11:49:28.966 [Test worker] INFO org.hibernate.orm.connections.pooling - HHH10001003: Autocommit mode: false
11:49:28.968 [Test worker] DEBUG org.hibernate.engine.jdbc.connections.internal.DriverManagerConnectionProviderImpl - Initializing Connection pool with 1 Connections
11:49:28.969 [Test worker] INFO org.hibernate.engine.jdbc.connections.internal.DriverManagerConnectionProviderImpl - HHH000115: Hibernate connection pool size: 20 (min=1)
11:49:29.228 [Test worker] DEBUG org.hibernate.engine.jdbc.env.internal.JdbcEnvironmentInitiator - Database ->
       name : PostgreSQL
    version : 13.4 (Ubuntu 13.4-1.pgdg18.04+1)
      major : 13
      minor : 4
11:49:29.228 [Test worker] DEBUG org.hibernate.engine.jdbc.env.internal.JdbcEnvironmentInitiator - Driver ->
       name : PostgreSQL JDBC Driver
    version : 42.3.3
      major : 42
      minor : 3
11:49:29.228 [Test worker] DEBUG org.hibernate.engine.jdbc.env.internal.JdbcEnvironmentInitiator - JDBC version : 4.2
11:49:29.241 [Test worker] INFO org.hibernate.dialect.Dialect - HHH000400: Using dialect: org.hibernate.dialect.PostgreSQL10Dialect
11:49:29.254 [Test worker] DEBUG org.hibernate.engine.jdbc.env.spi.IdentifierHelperBuilder - JDBC driver metadata reported database stores quoted identifiers in neither upper, lower nor mixed case
11:49:29.296 [Test worker] DEBUG org.hibernate.type.BasicTypeRegistry - Adding type registration pg-uuid -> org.hibernate.type.PostgresUUIDType@2ba08f26
11:49:29.297 [Test worker] DEBUG org.hibernate.type.BasicTypeRegistry - Adding type registration java.util.UUID -> org.hibernate.type.PostgresUUIDType@2ba08f26
11:49:29.297 [Test worker] DEBUG org.hibernate.type.BasicTypeRegistry - HHH000270: Type registration [java.util.UUID] overrides previous : org.hibernate.type.UUIDBinaryType@66f2ec1c
11:49:29.299 [Test worker] DEBUG org.hibernate.type.spi.TypeConfiguration$Scope - Scoping TypeConfiguration [org.hibernate.type.spi.TypeConfiguration@53dbe7b2] to MetadataBuildingContext [org.hibernate.boot.internal.MetadataBuildingContextRootImpl@520ec7a7]
11:49:29.340 [Test worker] DEBUG org.hibernate.boot.model.relational.Namespace - Created database namespace [logicalName=Name{catalog=null, schema=null}, physicalName=Name{catalog=null, schema=null}]
11:49:29.360 [Test worker] DEBUG org.hibernate.cfg.AnnotationBinder - Binding entity from annotated class: web_prak.java.classes.Clients
11:49:29.383 [Test worker] DEBUG org.hibernate.cfg.Ejb3Column - Binding column: Ejb3DiscriminatorColumn{logicalColumnName'DTYPE', discriminatorTypeName='string'}
11:49:29.387 [Test worker] DEBUG org.hibernate.cfg.annotations.EntityBinder - Import with entity name Clients
11:49:29.389 [Test worker] DEBUG org.hibernate.cfg.annotations.EntityBinder - Bind entity web_prak.java.classes.Clients on table clients
11:49:29.407 [Test worker] DEBUG org.hibernate.cfg.Ejb3Column - Binding column: Ejb3Column{table=org.hibernate.mapping.Table(clients), mappingColumn=client_id, insertable=true, updatable=true, unique=false}
11:49:29.410 [Test worker] DEBUG org.hibernate.boot.internal.ClassLoaderAccessImpl - Not known whether passed class name [web_prak.java.classes.Clients] is safe
11:49:29.410 [Test worker] DEBUG org.hibernate.boot.internal.ClassLoaderAccessImpl - No temp ClassLoader provided; using live ClassLoader for loading potentially unsafe class : web_prak.java.classes.Clients
11:49:29.410 [Test worker] DEBUG org.hibernate.cfg.annotations.PropertyBinder - MetadataSourceProcessor property client_id with lazy=false
11:49:29.413 [Test worker] DEBUG org.hibernate.cfg.AbstractPropertyHolder - Attempting to locate auto-apply AttributeConverter for property [web_prak.java.classes.Clients:client_id]
11:49:29.415 [Test worker] DEBUG org.hibernate.cfg.annotations.SimpleValueBinder - building SimpleValue for client_id
11:49:29.417 [Test worker] DEBUG org.hibernate.cfg.annotations.PropertyBinder - Building property client_id
11:49:29.420 [Test worker] DEBUG org.hibernate.cfg.BinderHelper - #makeIdGenerator(org.hibernate.mapping.SimpleValue([org.hibernate.mapping.Column(client_id)]), client_id, identity, , ...)
11:49:29.420 [Test worker] DEBUG org.hibernate.cfg.Ejb3Column - Binding column: Ejb3Column{table=org.hibernate.mapping.Table(clients), mappingColumn=address, insertable=true, updatable=true, unique=false}
11:49:29.421 [Test worker] DEBUG org.hibernate.cfg.annotations.PropertyBinder - MetadataSourceProcessor property address with lazy=false
11:49:29.421 [Test worker] DEBUG org.hibernate.cfg.AbstractPropertyHolder - Attempting to locate auto-apply AttributeConverter for property [web_prak.java.classes.Clients:address]
11:49:29.421 [Test worker] DEBUG org.hibernate.cfg.annotations.SimpleValueBinder - building SimpleValue for address
11:49:29.421 [Test worker] DEBUG org.hibernate.cfg.annotations.PropertyBinder - Building property address
11:49:29.421 [Test worker] DEBUG org.hibernate.cfg.Ejb3Column - Binding column: Ejb3Column{table=org.hibernate.mapping.Table(clients), mappingColumn=client_name, insertable=true, updatable=true, unique=false}
11:49:29.421 [Test worker] DEBUG org.hibernate.cfg.annotations.PropertyBinder - MetadataSourceProcessor property client_name with lazy=false
11:49:29.421 [Test worker] DEBUG org.hibernate.cfg.AbstractPropertyHolder - Attempting to locate auto-apply AttributeConverter for property [web_prak.java.classes.Clients:client_name]
11:49:29.421 [Test worker] DEBUG org.hibernate.cfg.annotations.SimpleValueBinder - building SimpleValue for client_name
11:49:29.421 [Test worker] DEBUG org.hibernate.cfg.annotations.PropertyBinder - Building property client_name
11:49:29.422 [Test worker] DEBUG org.hibernate.cfg.Ejb3Column - Binding column: Ejb3Column{table=org.hibernate.mapping.Table(clients), mappingColumn=contact, insertable=true, updatable=true, unique=false}
11:49:29.422 [Test worker] DEBUG org.hibernate.cfg.annotations.PropertyBinder - MetadataSourceProcessor property contact with lazy=false
11:49:29.422 [Test worker] DEBUG org.hibernate.cfg.AbstractPropertyHolder - Attempting to locate auto-apply AttributeConverter for property [web_prak.java.classes.Clients:contact]
11:49:29.422 [Test worker] DEBUG org.hibernate.cfg.annotations.SimpleValueBinder - building SimpleValue for contact
11:49:29.422 [Test worker] DEBUG org.hibernate.cfg.annotations.PropertyBinder - Building property contact
11:49:29.422 [Test worker] DEBUG org.hibernate.cfg.Ejb3Column - Binding column: Ejb3Column{table=org.hibernate.mapping.Table(clients), mappingColumn=email, insertable=true, updatable=true, unique=false}
11:49:29.422 [Test worker] DEBUG org.hibernate.cfg.annotations.PropertyBinder - MetadataSourceProcessor property email with lazy=false
11:49:29.422 [Test worker] DEBUG org.hibernate.cfg.AbstractPropertyHolder - Attempting to locate auto-apply AttributeConverter for property [web_prak.java.classes.Clients:email]
11:49:29.422 [Test worker] DEBUG org.hibernate.cfg.annotations.SimpleValueBinder - building SimpleValue for email
11:49:29.422 [Test worker] DEBUG org.hibernate.cfg.annotations.PropertyBinder - Building property email
11:49:29.428 [Test worker] DEBUG org.hibernate.cfg.AnnotationBinder - Binding entity from annotated class: web_prak.java.classes.Deliveries
11:49:29.428 [Test worker] DEBUG org.hibernate.cfg.Ejb3Column - Binding column: Ejb3DiscriminatorColumn{logicalColumnName'DTYPE', discriminatorTypeName='string'}
11:49:29.428 [Test worker] DEBUG org.hibernate.cfg.annotations.EntityBinder - Import with entity name Deliveries
11:49:29.428 [Test worker] DEBUG org.hibernate.cfg.annotations.EntityBinder - Bind entity web_prak.java.classes.Deliveries on table deliveries
11:49:29.432 [Test worker] DEBUG org.hibernate.cfg.Ejb3Column - Binding column: Ejb3Column{table=org.hibernate.mapping.Table(deliveries), mappingColumn=delivery_id, insertable=true, updatable=true, unique=false}
11:49:29.432 [Test worker] DEBUG org.hibernate.boot.internal.ClassLoaderAccessImpl - Not known whether passed class name [web_prak.java.classes.Deliveries] is safe
11:49:29.432 [Test worker] DEBUG org.hibernate.boot.internal.ClassLoaderAccessImpl - No temp ClassLoader provided; using live ClassLoader for loading potentially unsafe class : web_prak.java.classes.Deliveries
11:49:29.432 [Test worker] DEBUG org.hibernate.cfg.annotations.PropertyBinder - MetadataSourceProcessor property delivery_id with lazy=false
11:49:29.433 [Test worker] DEBUG org.hibernate.cfg.AbstractPropertyHolder - Attempting to locate auto-apply AttributeConverter for property [web_prak.java.classes.Deliveries:delivery_id]
11:49:29.433 [Test worker] DEBUG org.hibernate.cfg.annotations.SimpleValueBinder - building SimpleValue for delivery_id
11:49:29.433 [Test worker] DEBUG org.hibernate.cfg.annotations.PropertyBinder - Building property delivery_id
11:49:29.433 [Test worker] DEBUG org.hibernate.cfg.BinderHelper - #makeIdGenerator(org.hibernate.mapping.SimpleValue([org.hibernate.mapping.Column(delivery_id)]), delivery_id, identity, , ...)
11:49:29.434 [Test worker] DEBUG org.hibernate.cfg.Ejb3Column - Binding column: Ejb3JoinColumn{logicalColumnName='client_id', referencedColumn='', mappedBy=''}
11:49:29.435 [Test worker] DEBUG org.hibernate.cfg.Ejb3Column - Binding column: Ejb3Column{table=org.hibernate.mapping.Table(deliveries), mappingColumn=client_id, insertable=true, updatable=true, unique=false}
11:49:29.438 [Test worker] DEBUG org.hibernate.cfg.annotations.PropertyBinder - Building property client_id
11:49:29.439 [Test worker] DEBUG org.hibernate.cfg.Ejb3Column - Binding column: Ejb3Column{table=org.hibernate.mapping.Table(deliveries), mappingColumn=date_issue, insertable=true, updatable=true, unique=false}
11:49:29.439 [Test worker] DEBUG org.hibernate.cfg.annotations.PropertyBinder - MetadataSourceProcessor property date_issue with lazy=false
11:49:29.439 [Test worker] DEBUG org.hibernate.cfg.AbstractPropertyHolder - Attempting to locate auto-apply AttributeConverter for property [web_prak.java.classes.Deliveries:date_issue]
11:49:29.439 [Test worker] DEBUG org.hibernate.cfg.annotations.SimpleValueBinder - building SimpleValue for date_issue
11:49:29.439 [Test worker] DEBUG org.hibernate.cfg.annotations.PropertyBinder - Building property date_issue
11:49:29.439 [Test worker] DEBUG org.hibernate.cfg.Ejb3Column - Binding column: Ejb3Column{table=org.hibernate.mapping.Table(deliveries), mappingColumn=status, insertable=true, updatable=true, unique=false}
11:49:29.439 [Test worker] DEBUG org.hibernate.cfg.annotations.PropertyBinder - MetadataSourceProcessor property status with lazy=false
11:49:29.439 [Test worker] DEBUG org.hibernate.cfg.AbstractPropertyHolder - Attempting to locate auto-apply AttributeConverter for property [web_prak.java.classes.Deliveries:status]
11:49:29.439 [Test worker] DEBUG org.hibernate.cfg.annotations.SimpleValueBinder - building SimpleValue for status
11:49:29.439 [Test worker] DEBUG org.hibernate.cfg.annotations.PropertyBinder - Building property status
11:49:29.440 [Test worker] DEBUG org.hibernate.cfg.AnnotationBinder - Binding entity from annotated class: web_prak.java.classes.Deliveries_list
11:49:29.440 [Test worker] DEBUG org.hibernate.cfg.Ejb3Column - Binding column: Ejb3DiscriminatorColumn{logicalColumnName'DTYPE', discriminatorTypeName='string'}
11:49:29.440 [Test worker] DEBUG org.hibernate.cfg.annotations.EntityBinder - Import with entity name Deliveries_list
11:49:29.440 [Test worker] DEBUG org.hibernate.cfg.annotations.EntityBinder - Bind entity web_prak.java.classes.Deliveries_list on table deliveries_list
11:49:29.441 [Test worker] DEBUG org.hibernate.cfg.Ejb3Column - Binding column: Ejb3Column{table=org.hibernate.mapping.Table(deliveries_list), mappingColumn=deliveries_list_id, insertable=true, updatable=true, unique=false}
11:49:29.441 [Test worker] DEBUG org.hibernate.boot.internal.ClassLoaderAccessImpl - Not known whether passed class name [web_prak.java.classes.Deliveries_list] is safe
11:49:29.441 [Test worker] DEBUG org.hibernate.boot.internal.ClassLoaderAccessImpl - No temp ClassLoader provided; using live ClassLoader for loading potentially unsafe class : web_prak.java.classes.Deliveries_list
11:49:29.442 [Test worker] DEBUG org.hibernate.cfg.annotations.PropertyBinder - MetadataSourceProcessor property deliveries_list_id with lazy=false
11:49:29.442 [Test worker] DEBUG org.hibernate.cfg.AbstractPropertyHolder - Attempting to locate auto-apply AttributeConverter for property [web_prak.java.classes.Deliveries_list:deliveries_list_id]
11:49:29.442 [Test worker] DEBUG org.hibernate.cfg.annotations.SimpleValueBinder - building SimpleValue for deliveries_list_id
11:49:29.442 [Test worker] DEBUG org.hibernate.cfg.annotations.PropertyBinder - Building property deliveries_list_id
11:49:29.442 [Test worker] DEBUG org.hibernate.cfg.BinderHelper - #makeIdGenerator(org.hibernate.mapping.SimpleValue([org.hibernate.mapping.Column(deliveries_list_id)]), deliveries_list_id, identity, , ...)
11:49:29.442 [Test worker] DEBUG org.hibernate.cfg.Ejb3Column - Binding column: Ejb3JoinColumn{logicalColumnName='delivery_id', referencedColumn='', mappedBy=''}
11:49:29.442 [Test worker] DEBUG org.hibernate.cfg.Ejb3Column - Binding column: Ejb3Column{table=org.hibernate.mapping.Table(deliveries_list), mappingColumn=delivery_id, insertable=true, updatable=true, unique=false}
11:49:29.442 [Test worker] DEBUG org.hibernate.cfg.annotations.PropertyBinder - Building property delivery_id
11:49:29.442 [Test worker] DEBUG org.hibernate.cfg.Ejb3Column - Binding column: Ejb3JoinColumn{logicalColumnName='product_id', referencedColumn='', mappedBy=''}
11:49:29.443 [Test worker] DEBUG org.hibernate.cfg.Ejb3Column - Binding column: Ejb3Column{table=org.hibernate.mapping.Table(deliveries_list), mappingColumn=product_id, insertable=true, updatable=true, unique=false}
11:49:29.443 [Test worker] DEBUG org.hibernate.cfg.annotations.PropertyBinder - Building property product_id
11:49:29.443 [Test worker] DEBUG org.hibernate.cfg.Ejb3Column - Binding column: Ejb3Column{table=org.hibernate.mapping.Table(deliveries_list), mappingColumn=quantity, insertable=true, updatable=true, unique=false}
11:49:29.443 [Test worker] DEBUG org.hibernate.cfg.annotations.PropertyBinder - MetadataSourceProcessor property quantity with lazy=false
11:49:29.443 [Test worker] DEBUG org.hibernate.cfg.AbstractPropertyHolder - Attempting to locate auto-apply AttributeConverter for property [web_prak.java.classes.Deliveries_list:quantity]
11:49:29.443 [Test worker] DEBUG org.hibernate.cfg.annotations.SimpleValueBinder - building SimpleValue for quantity
11:49:29.443 [Test worker] DEBUG org.hibernate.cfg.annotations.PropertyBinder - Building property quantity
11:49:29.444 [Test worker] DEBUG org.hibernate.cfg.AnnotationBinder - Binding entity from annotated class: web_prak.java.classes.Products
11:49:29.444 [Test worker] DEBUG org.hibernate.cfg.Ejb3Column - Binding column: Ejb3DiscriminatorColumn{logicalColumnName'DTYPE', discriminatorTypeName='string'}
11:49:29.444 [Test worker] DEBUG org.hibernate.cfg.annotations.EntityBinder - Import with entity name Products
11:49:29.444 [Test worker] DEBUG org.hibernate.cfg.annotations.EntityBinder - Bind entity web_prak.java.classes.Products on table products
11:49:29.445 [Test worker] DEBUG org.hibernate.cfg.Ejb3Column - Binding column: Ejb3Column{table=org.hibernate.mapping.Table(products), mappingColumn=product_id, insertable=true, updatable=true, unique=false}
11:49:29.445 [Test worker] DEBUG org.hibernate.boot.internal.ClassLoaderAccessImpl - Not known whether passed class name [web_prak.java.classes.Products] is safe
11:49:29.445 [Test worker] DEBUG org.hibernate.boot.internal.ClassLoaderAccessImpl - No temp ClassLoader provided; using live ClassLoader for loading potentially unsafe class : web_prak.java.classes.Products
11:49:29.446 [Test worker] DEBUG org.hibernate.cfg.annotations.PropertyBinder - MetadataSourceProcessor property product_id with lazy=false
11:49:29.446 [Test worker] DEBUG org.hibernate.cfg.AbstractPropertyHolder - Attempting to locate auto-apply AttributeConverter for property [web_prak.java.classes.Products:product_id]
11:49:29.446 [Test worker] DEBUG org.hibernate.cfg.annotations.SimpleValueBinder - building SimpleValue for product_id
11:49:29.446 [Test worker] DEBUG org.hibernate.cfg.annotations.PropertyBinder - Building property product_id
11:49:29.446 [Test worker] DEBUG org.hibernate.cfg.BinderHelper - #makeIdGenerator(org.hibernate.mapping.SimpleValue([org.hibernate.mapping.Column(product_id)]), product_id, identity, , ...)
11:49:29.446 [Test worker] DEBUG org.hibernate.cfg.Ejb3Column - Binding column: Ejb3Column{table=org.hibernate.mapping.Table(products), mappingColumn=expiration_date_from, insertable=true, updatable=true, unique=false}
11:49:29.446 [Test worker] DEBUG org.hibernate.cfg.annotations.PropertyBinder - MetadataSourceProcessor property expiration_date_from with lazy=false
11:49:29.446 [Test worker] DEBUG org.hibernate.cfg.AbstractPropertyHolder - Attempting to locate auto-apply AttributeConverter for property [web_prak.java.classes.Products:expiration_date_from]
11:49:29.446 [Test worker] DEBUG org.hibernate.cfg.annotations.SimpleValueBinder - building SimpleValue for expiration_date_from
11:49:29.446 [Test worker] DEBUG org.hibernate.cfg.annotations.PropertyBinder - Building property expiration_date_from
11:49:29.446 [Test worker] DEBUG org.hibernate.cfg.Ejb3Column - Binding column: Ejb3Column{table=org.hibernate.mapping.Table(products), mappingColumn=expiration_date_to, insertable=true, updatable=true, unique=false}
11:49:29.446 [Test worker] DEBUG org.hibernate.cfg.annotations.PropertyBinder - MetadataSourceProcessor property expiration_date_to with lazy=false
11:49:29.446 [Test worker] DEBUG org.hibernate.cfg.AbstractPropertyHolder - Attempting to locate auto-apply AttributeConverter for property [web_prak.java.classes.Products:expiration_date_to]
11:49:29.446 [Test worker] DEBUG org.hibernate.cfg.annotations.SimpleValueBinder - building SimpleValue for expiration_date_to
11:49:29.447 [Test worker] DEBUG org.hibernate.cfg.annotations.PropertyBinder - Building property expiration_date_to
11:49:29.447 [Test worker] DEBUG org.hibernate.cfg.Ejb3Column - Binding column: Ejb3Column{table=org.hibernate.mapping.Table(products), mappingColumn=measure, insertable=true, updatable=true, unique=false}
11:49:29.447 [Test worker] DEBUG org.hibernate.cfg.annotations.PropertyBinder - MetadataSourceProcessor property measure with lazy=false
11:49:29.447 [Test worker] DEBUG org.hibernate.cfg.AbstractPropertyHolder - Attempting to locate auto-apply AttributeConverter for property [web_prak.java.classes.Products:measure]
11:49:29.447 [Test worker] DEBUG org.hibernate.cfg.annotations.SimpleValueBinder - building SimpleValue for measure
11:49:29.447 [Test worker] DEBUG org.hibernate.cfg.annotations.PropertyBinder - Building property measure
11:49:29.447 [Test worker] DEBUG org.hibernate.cfg.Ejb3Column - Binding column: Ejb3JoinColumn{logicalColumnName='place_id', referencedColumn='', mappedBy=''}
11:49:29.447 [Test worker] DEBUG org.hibernate.cfg.Ejb3Column - Binding column: Ejb3Column{table=org.hibernate.mapping.Table(products), mappingColumn=place_id, insertable=true, updatable=true, unique=false}
11:49:29.447 [Test worker] DEBUG org.hibernate.cfg.annotations.PropertyBinder - Building property place_id
11:49:29.447 [Test worker] DEBUG org.hibernate.cfg.Ejb3Column - Binding column: Ejb3Column{table=org.hibernate.mapping.Table(products), mappingColumn=product_name, insertable=true, updatable=true, unique=false}
11:49:29.447 [Test worker] DEBUG org.hibernate.cfg.annotations.PropertyBinder - MetadataSourceProcessor property product_name with lazy=false
11:49:29.447 [Test worker] DEBUG org.hibernate.cfg.AbstractPropertyHolder - Attempting to locate auto-apply AttributeConverter for property [web_prak.java.classes.Products:product_name]
11:49:29.448 [Test worker] DEBUG org.hibernate.cfg.annotations.SimpleValueBinder - building SimpleValue for product_name
11:49:29.448 [Test worker] DEBUG org.hibernate.cfg.annotations.PropertyBinder - Building property product_name
11:49:29.448 [Test worker] DEBUG org.hibernate.cfg.Ejb3Column - Binding column: Ejb3Column{table=org.hibernate.mapping.Table(products), mappingColumn=quantity, insertable=true, updatable=true, unique=false}
11:49:29.448 [Test worker] DEBUG org.hibernate.cfg.annotations.PropertyBinder - MetadataSourceProcessor property quantity with lazy=false
11:49:29.448 [Test worker] DEBUG org.hibernate.cfg.AbstractPropertyHolder - Attempting to locate auto-apply AttributeConverter for property [web_prak.java.classes.Products:quantity]
11:49:29.448 [Test worker] DEBUG org.hibernate.cfg.annotations.SimpleValueBinder - building SimpleValue for quantity
11:49:29.448 [Test worker] DEBUG org.hibernate.cfg.annotations.PropertyBinder - Building property quantity
11:49:29.448 [Test worker] DEBUG org.hibernate.cfg.Ejb3Column - Binding column: Ejb3Column{table=org.hibernate.mapping.Table(products), mappingColumn=type, insertable=true, updatable=true, unique=false}
11:49:29.448 [Test worker] DEBUG org.hibernate.cfg.annotations.PropertyBinder - MetadataSourceProcessor property type with lazy=false
11:49:29.448 [Test worker] DEBUG org.hibernate.cfg.AbstractPropertyHolder - Attempting to locate auto-apply AttributeConverter for property [web_prak.java.classes.Products:type]
11:49:29.448 [Test worker] DEBUG org.hibernate.cfg.annotations.SimpleValueBinder - building SimpleValue for type
11:49:29.448 [Test worker] DEBUG org.hibernate.cfg.annotations.PropertyBinder - Building property type
11:49:29.449 [Test worker] DEBUG org.hibernate.cfg.AnnotationBinder - Binding entity from annotated class: web_prak.java.classes.Register_place
11:49:29.449 [Test worker] DEBUG org.hibernate.cfg.Ejb3Column - Binding column: Ejb3DiscriminatorColumn{logicalColumnName'DTYPE', discriminatorTypeName='string'}
11:49:29.449 [Test worker] DEBUG org.hibernate.cfg.annotations.EntityBinder - Import with entity name Register_place
11:49:29.449 [Test worker] DEBUG org.hibernate.cfg.annotations.EntityBinder - Bind entity web_prak.java.classes.Register_place on table register_place
11:49:29.450 [Test worker] DEBUG org.hibernate.cfg.Ejb3Column - Binding column: Ejb3Column{table=org.hibernate.mapping.Table(register_place), mappingColumn=place_id, insertable=true, updatable=true, unique=false}
11:49:29.450 [Test worker] DEBUG org.hibernate.boot.internal.ClassLoaderAccessImpl - Not known whether passed class name [web_prak.java.classes.Register_place] is safe
11:49:29.450 [Test worker] DEBUG org.hibernate.boot.internal.ClassLoaderAccessImpl - No temp ClassLoader provided; using live ClassLoader for loading potentially unsafe class : web_prak.java.classes.Register_place
11:49:29.450 [Test worker] DEBUG org.hibernate.cfg.annotations.PropertyBinder - MetadataSourceProcessor property place_id with lazy=false
11:49:29.450 [Test worker] DEBUG org.hibernate.cfg.AbstractPropertyHolder - Attempting to locate auto-apply AttributeConverter for property [web_prak.java.classes.Register_place:place_id]
11:49:29.450 [Test worker] DEBUG org.hibernate.cfg.annotations.SimpleValueBinder - building SimpleValue for place_id
11:49:29.451 [Test worker] DEBUG org.hibernate.cfg.annotations.PropertyBinder - Building property place_id
11:49:29.451 [Test worker] DEBUG org.hibernate.cfg.BinderHelper - #makeIdGenerator(org.hibernate.mapping.SimpleValue([org.hibernate.mapping.Column(place_id)]), place_id, identity, , ...)
11:49:29.451 [Test worker] DEBUG org.hibernate.cfg.Ejb3Column - Binding column: Ejb3Column{table=org.hibernate.mapping.Table(register_place), mappingColumn=free, insertable=true, updatable=true, unique=false}
11:49:29.451 [Test worker] DEBUG org.hibernate.cfg.annotations.PropertyBinder - MetadataSourceProcessor property free with lazy=false
11:49:29.451 [Test worker] DEBUG org.hibernate.cfg.AbstractPropertyHolder - Attempting to locate auto-apply AttributeConverter for property [web_prak.java.classes.Register_place:free]
11:49:29.451 [Test worker] DEBUG org.hibernate.cfg.annotations.SimpleValueBinder - building SimpleValue for free
11:49:29.451 [Test worker] DEBUG org.hibernate.cfg.annotations.PropertyBinder - Building property free
11:49:29.451 [Test worker] DEBUG org.hibernate.cfg.Ejb3Column - Binding column: Ejb3Column{table=org.hibernate.mapping.Table(register_place), mappingColumn=storage_location, insertable=true, updatable=true, unique=false}
11:49:29.451 [Test worker] DEBUG org.hibernate.cfg.annotations.PropertyBinder - MetadataSourceProcessor property storage_location with lazy=false
11:49:29.452 [Test worker] DEBUG org.hibernate.cfg.AbstractPropertyHolder - Attempting to locate auto-apply AttributeConverter for property [web_prak.java.classes.Register_place:storage_location]
11:49:29.452 [Test worker] DEBUG org.hibernate.cfg.annotations.SimpleValueBinder - building SimpleValue for storage_location
11:49:29.452 [Test worker] DEBUG org.hibernate.cfg.annotations.PropertyBinder - Building property storage_location
11:49:29.452 [Test worker] DEBUG org.hibernate.cfg.AnnotationBinder - Binding entity from annotated class: web_prak.java.classes.Suppliers
11:49:29.452 [Test worker] DEBUG org.hibernate.cfg.Ejb3Column - Binding column: Ejb3DiscriminatorColumn{logicalColumnName'DTYPE', discriminatorTypeName='string'}
11:49:29.452 [Test worker] DEBUG org.hibernate.cfg.annotations.EntityBinder - Import with entity name Suppliers
11:49:29.452 [Test worker] DEBUG org.hibernate.cfg.annotations.EntityBinder - Bind entity web_prak.java.classes.Suppliers on table suppliers
11:49:29.453 [Test worker] DEBUG org.hibernate.cfg.Ejb3Column - Binding column: Ejb3Column{table=org.hibernate.mapping.Table(suppliers), mappingColumn=supplier_id, insertable=true, updatable=true, unique=false}
11:49:29.454 [Test worker] DEBUG org.hibernate.boot.internal.ClassLoaderAccessImpl - Not known whether passed class name [web_prak.java.classes.Suppliers] is safe
11:49:29.454 [Test worker] DEBUG org.hibernate.boot.internal.ClassLoaderAccessImpl - No temp ClassLoader provided; using live ClassLoader for loading potentially unsafe class : web_prak.java.classes.Suppliers
11:49:29.454 [Test worker] DEBUG org.hibernate.cfg.annotations.PropertyBinder - MetadataSourceProcessor property supplier_id with lazy=false
11:49:29.454 [Test worker] DEBUG org.hibernate.cfg.AbstractPropertyHolder - Attempting to locate auto-apply AttributeConverter for property [web_prak.java.classes.Suppliers:supplier_id]
11:49:29.454 [Test worker] DEBUG org.hibernate.cfg.annotations.SimpleValueBinder - building SimpleValue for supplier_id
11:49:29.454 [Test worker] DEBUG org.hibernate.cfg.annotations.PropertyBinder - Building property supplier_id
11:49:29.454 [Test worker] DEBUG org.hibernate.cfg.BinderHelper - #makeIdGenerator(org.hibernate.mapping.SimpleValue([org.hibernate.mapping.Column(supplier_id)]), supplier_id, identity, , ...)
11:49:29.454 [Test worker] DEBUG org.hibernate.cfg.Ejb3Column - Binding column: Ejb3Column{table=org.hibernate.mapping.Table(suppliers), mappingColumn=address, insertable=true, updatable=true, unique=false}
11:49:29.454 [Test worker] DEBUG org.hibernate.cfg.annotations.PropertyBinder - MetadataSourceProcessor property address with lazy=false
11:49:29.454 [Test worker] DEBUG org.hibernate.cfg.AbstractPropertyHolder - Attempting to locate auto-apply AttributeConverter for property [web_prak.java.classes.Suppliers:address]
11:49:29.454 [Test worker] DEBUG org.hibernate.cfg.annotations.SimpleValueBinder - building SimpleValue for address
11:49:29.455 [Test worker] DEBUG org.hibernate.cfg.annotations.PropertyBinder - Building property address
11:49:29.455 [Test worker] DEBUG org.hibernate.cfg.Ejb3Column - Binding column: Ejb3Column{table=org.hibernate.mapping.Table(suppliers), mappingColumn=contact, insertable=true, updatable=true, unique=false}
11:49:29.455 [Test worker] DEBUG org.hibernate.cfg.annotations.PropertyBinder - MetadataSourceProcessor property contact with lazy=false
11:49:29.455 [Test worker] DEBUG org.hibernate.cfg.AbstractPropertyHolder - Attempting to locate auto-apply AttributeConverter for property [web_prak.java.classes.Suppliers:contact]
11:49:29.455 [Test worker] DEBUG org.hibernate.cfg.annotations.SimpleValueBinder - building SimpleValue for contact
11:49:29.455 [Test worker] DEBUG org.hibernate.cfg.annotations.PropertyBinder - Building property contact
11:49:29.455 [Test worker] DEBUG org.hibernate.cfg.Ejb3Column - Binding column: Ejb3Column{table=org.hibernate.mapping.Table(suppliers), mappingColumn=email, insertable=true, updatable=true, unique=false}
11:49:29.455 [Test worker] DEBUG org.hibernate.cfg.annotations.PropertyBinder - MetadataSourceProcessor property email with lazy=false
11:49:29.455 [Test worker] DEBUG org.hibernate.cfg.AbstractPropertyHolder - Attempting to locate auto-apply AttributeConverter for property [web_prak.java.classes.Suppliers:email]
11:49:29.455 [Test worker] DEBUG org.hibernate.cfg.annotations.SimpleValueBinder - building SimpleValue for email
11:49:29.455 [Test worker] DEBUG org.hibernate.cfg.annotations.PropertyBinder - Building property email
11:49:29.455 [Test worker] DEBUG org.hibernate.cfg.Ejb3Column - Binding column: Ejb3Column{table=org.hibernate.mapping.Table(suppliers), mappingColumn=supplier_name, insertable=true, updatable=true, unique=false}
11:49:29.455 [Test worker] DEBUG org.hibernate.cfg.annotations.PropertyBinder - MetadataSourceProcessor property supplier_name with lazy=false
11:49:29.455 [Test worker] DEBUG org.hibernate.cfg.AbstractPropertyHolder - Attempting to locate auto-apply AttributeConverter for property [web_prak.java.classes.Suppliers:supplier_name]
11:49:29.456 [Test worker] DEBUG org.hibernate.cfg.annotations.SimpleValueBinder - building SimpleValue for supplier_name
11:49:29.456 [Test worker] DEBUG org.hibernate.cfg.annotations.PropertyBinder - Building property supplier_name
11:49:29.456 [Test worker] DEBUG org.hibernate.cfg.AnnotationBinder - Binding entity from annotated class: web_prak.java.classes.Supplies
11:49:29.456 [Test worker] DEBUG org.hibernate.cfg.Ejb3Column - Binding column: Ejb3DiscriminatorColumn{logicalColumnName'DTYPE', discriminatorTypeName='string'}
11:49:29.456 [Test worker] DEBUG org.hibernate.cfg.annotations.EntityBinder - Import with entity name Supplies
11:49:29.456 [Test worker] DEBUG org.hibernate.cfg.annotations.EntityBinder - Bind entity web_prak.java.classes.Supplies on table supplies
11:49:29.457 [Test worker] DEBUG org.hibernate.cfg.Ejb3Column - Binding column: Ejb3Column{table=org.hibernate.mapping.Table(supplies), mappingColumn=supply_id, insertable=true, updatable=true, unique=false}
11:49:29.457 [Test worker] DEBUG org.hibernate.boot.internal.ClassLoaderAccessImpl - Not known whether passed class name [web_prak.java.classes.Supplies] is safe
11:49:29.457 [Test worker] DEBUG org.hibernate.boot.internal.ClassLoaderAccessImpl - No temp ClassLoader provided; using live ClassLoader for loading potentially unsafe class : web_prak.java.classes.Supplies
11:49:29.457 [Test worker] DEBUG org.hibernate.cfg.annotations.PropertyBinder - MetadataSourceProcessor property supply_id with lazy=false
11:49:29.458 [Test worker] DEBUG org.hibernate.cfg.AbstractPropertyHolder - Attempting to locate auto-apply AttributeConverter for property [web_prak.java.classes.Supplies:supply_id]
11:49:29.458 [Test worker] DEBUG org.hibernate.cfg.annotations.SimpleValueBinder - building SimpleValue for supply_id
11:49:29.458 [Test worker] DEBUG org.hibernate.cfg.annotations.PropertyBinder - Building property supply_id
11:49:29.458 [Test worker] DEBUG org.hibernate.cfg.BinderHelper - #makeIdGenerator(org.hibernate.mapping.SimpleValue([org.hibernate.mapping.Column(supply_id)]), supply_id, identity, , ...)
11:49:29.458 [Test worker] DEBUG org.hibernate.cfg.Ejb3Column - Binding column: Ejb3Column{table=org.hibernate.mapping.Table(supplies), mappingColumn=data_supply, insertable=true, updatable=true, unique=false}
11:49:29.458 [Test worker] DEBUG org.hibernate.cfg.annotations.PropertyBinder - MetadataSourceProcessor property data_supply with lazy=false
11:49:29.458 [Test worker] DEBUG org.hibernate.cfg.AbstractPropertyHolder - Attempting to locate auto-apply AttributeConverter for property [web_prak.java.classes.Supplies:data_supply]
11:49:29.458 [Test worker] DEBUG org.hibernate.cfg.annotations.SimpleValueBinder - building SimpleValue for data_supply
11:49:29.458 [Test worker] DEBUG org.hibernate.cfg.annotations.PropertyBinder - Building property data_supply
11:49:29.458 [Test worker] DEBUG org.hibernate.cfg.Ejb3Column - Binding column: Ejb3Column{table=org.hibernate.mapping.Table(supplies), mappingColumn=status, insertable=true, updatable=true, unique=false}
11:49:29.458 [Test worker] DEBUG org.hibernate.cfg.annotations.PropertyBinder - MetadataSourceProcessor property status with lazy=false
11:49:29.458 [Test worker] DEBUG org.hibernate.cfg.AbstractPropertyHolder - Attempting to locate auto-apply AttributeConverter for property [web_prak.java.classes.Supplies:status]
11:49:29.458 [Test worker] DEBUG org.hibernate.cfg.annotations.SimpleValueBinder - building SimpleValue for status
11:49:29.458 [Test worker] DEBUG org.hibernate.cfg.annotations.PropertyBinder - Building property status
11:49:29.459 [Test worker] DEBUG org.hibernate.cfg.Ejb3Column - Binding column: Ejb3Column{table=org.hibernate.mapping.Table(supplies), mappingColumn=store_period, insertable=true, updatable=true, unique=false}
11:49:29.459 [Test worker] DEBUG org.hibernate.cfg.annotations.PropertyBinder - MetadataSourceProcessor property store_period with lazy=false
11:49:29.459 [Test worker] DEBUG org.hibernate.cfg.AbstractPropertyHolder - Attempting to locate auto-apply AttributeConverter for property [web_prak.java.classes.Supplies:store_period]
11:49:29.459 [Test worker] DEBUG org.hibernate.cfg.annotations.SimpleValueBinder - building SimpleValue for store_period
11:49:29.459 [Test worker] DEBUG org.hibernate.cfg.annotations.PropertyBinder - Building property store_period
11:49:29.459 [Test worker] DEBUG org.hibernate.cfg.Ejb3Column - Binding column: Ejb3JoinColumn{logicalColumnName='supplier_id', referencedColumn='', mappedBy=''}
11:49:29.459 [Test worker] DEBUG org.hibernate.cfg.Ejb3Column - Binding column: Ejb3Column{table=org.hibernate.mapping.Table(supplies), mappingColumn=supplier_id, insertable=true, updatable=true, unique=false}
11:49:29.459 [Test worker] DEBUG org.hibernate.cfg.annotations.PropertyBinder - Building property supplier_id
11:49:29.460 [Test worker] DEBUG org.hibernate.cfg.AnnotationBinder - Binding entity from annotated class: web_prak.java.classes.Supplies_list
11:49:29.460 [Test worker] DEBUG org.hibernate.cfg.Ejb3Column - Binding column: Ejb3DiscriminatorColumn{logicalColumnName'DTYPE', discriminatorTypeName='string'}
11:49:29.460 [Test worker] DEBUG org.hibernate.cfg.annotations.EntityBinder - Import with entity name Supplies_list
11:49:29.460 [Test worker] DEBUG org.hibernate.cfg.annotations.EntityBinder - Bind entity web_prak.java.classes.Supplies_list on table supplies_list
11:49:29.461 [Test worker] DEBUG org.hibernate.cfg.Ejb3Column - Binding column: Ejb3Column{table=org.hibernate.mapping.Table(supplies_list), mappingColumn=supplies_list_id, insertable=true, updatable=true, unique=false}
11:49:29.461 [Test worker] DEBUG org.hibernate.boot.internal.ClassLoaderAccessImpl - Not known whether passed class name [web_prak.java.classes.Supplies_list] is safe
11:49:29.462 [Test worker] DEBUG org.hibernate.boot.internal.ClassLoaderAccessImpl - No temp ClassLoader provided; using live ClassLoader for loading potentially unsafe class : web_prak.java.classes.Supplies_list
11:49:29.462 [Test worker] DEBUG org.hibernate.cfg.annotations.PropertyBinder - MetadataSourceProcessor property supplies_list_id with lazy=false
11:49:29.462 [Test worker] DEBUG org.hibernate.cfg.AbstractPropertyHolder - Attempting to locate auto-apply AttributeConverter for property [web_prak.java.classes.Supplies_list:supplies_list_id]
11:49:29.462 [Test worker] DEBUG org.hibernate.cfg.annotations.SimpleValueBinder - building SimpleValue for supplies_list_id
11:49:29.462 [Test worker] DEBUG org.hibernate.cfg.annotations.PropertyBinder - Building property supplies_list_id
11:49:29.462 [Test worker] DEBUG org.hibernate.cfg.BinderHelper - #makeIdGenerator(org.hibernate.mapping.SimpleValue([org.hibernate.mapping.Column(supplies_list_id)]), supplies_list_id, identity, , ...)
11:49:29.462 [Test worker] DEBUG org.hibernate.cfg.Ejb3Column - Binding column: Ejb3JoinColumn{logicalColumnName='product_id', referencedColumn='', mappedBy=''}
11:49:29.462 [Test worker] DEBUG org.hibernate.cfg.Ejb3Column - Binding column: Ejb3Column{table=org.hibernate.mapping.Table(supplies_list), mappingColumn=product_id, insertable=true, updatable=true, unique=false}
11:49:29.463 [Test worker] DEBUG org.hibernate.cfg.annotations.PropertyBinder - Building property product_id
11:49:29.463 [Test worker] DEBUG org.hibernate.cfg.Ejb3Column - Binding column: Ejb3Column{table=org.hibernate.mapping.Table(supplies_list), mappingColumn=quantity, insertable=true, updatable=true, unique=false}
11:49:29.463 [Test worker] DEBUG org.hibernate.cfg.annotations.PropertyBinder - MetadataSourceProcessor property quantity with lazy=false
11:49:29.463 [Test worker] DEBUG org.hibernate.cfg.AbstractPropertyHolder - Attempting to locate auto-apply AttributeConverter for property [web_prak.java.classes.Supplies_list:quantity]
11:49:29.463 [Test worker] DEBUG org.hibernate.cfg.annotations.SimpleValueBinder - building SimpleValue for quantity
11:49:29.463 [Test worker] DEBUG org.hibernate.cfg.annotations.PropertyBinder - Building property quantity
11:49:29.463 [Test worker] DEBUG org.hibernate.cfg.Ejb3Column - Binding column: Ejb3JoinColumn{logicalColumnName='supply_id', referencedColumn='', mappedBy=''}
11:49:29.463 [Test worker] DEBUG org.hibernate.cfg.Ejb3Column - Binding column: Ejb3Column{table=org.hibernate.mapping.Table(supplies_list), mappingColumn=supply_id, insertable=true, updatable=true, unique=false}
11:49:29.463 [Test worker] DEBUG org.hibernate.cfg.annotations.PropertyBinder - Building property supply_id
11:49:29.464 [Test worker] DEBUG org.hibernate.cfg.annotations.SimpleValueBinder - Starting fillSimpleValue for client_id
11:49:29.465 [Test worker] DEBUG org.hibernate.cfg.annotations.SimpleValueBinder - Starting fillSimpleValue for address
11:49:29.465 [Test worker] DEBUG org.hibernate.cfg.annotations.SimpleValueBinder - Starting fillSimpleValue for client_name
11:49:29.465 [Test worker] DEBUG org.hibernate.cfg.annotations.SimpleValueBinder - Starting fillSimpleValue for contact
11:49:29.465 [Test worker] DEBUG org.hibernate.cfg.annotations.SimpleValueBinder - Starting fillSimpleValue for email
11:49:29.465 [Test worker] DEBUG org.hibernate.cfg.annotations.SimpleValueBinder - Starting fillSimpleValue for delivery_id
11:49:29.465 [Test worker] DEBUG org.hibernate.cfg.annotations.SimpleValueBinder - Starting fillSimpleValue for date_issue
11:49:29.465 [Test worker] DEBUG org.hibernate.cfg.annotations.SimpleValueBinder - Starting fillSimpleValue for status
11:49:29.465 [Test worker] DEBUG org.hibernate.cfg.annotations.SimpleValueBinder - Starting fillSimpleValue for deliveries_list_id
11:49:29.465 [Test worker] DEBUG org.hibernate.cfg.annotations.SimpleValueBinder - Starting fillSimpleValue for quantity
11:49:29.465 [Test worker] DEBUG org.hibernate.cfg.annotations.SimpleValueBinder - Starting fillSimpleValue for product_id
11:49:29.465 [Test worker] DEBUG org.hibernate.cfg.annotations.SimpleValueBinder - Starting fillSimpleValue for expiration_date_from
11:49:29.465 [Test worker] DEBUG org.hibernate.cfg.annotations.SimpleValueBinder - Starting fillSimpleValue for expiration_date_to
11:49:29.465 [Test worker] DEBUG org.hibernate.cfg.annotations.SimpleValueBinder - Starting fillSimpleValue for measure
11:49:29.465 [Test worker] DEBUG org.hibernate.cfg.annotations.SimpleValueBinder - Starting fillSimpleValue for product_name
11:49:29.465 [Test worker] DEBUG org.hibernate.cfg.annotations.SimpleValueBinder - Starting fillSimpleValue for quantity
11:49:29.465 [Test worker] DEBUG org.hibernate.cfg.annotations.SimpleValueBinder - Starting fillSimpleValue for type
11:49:29.465 [Test worker] DEBUG org.hibernate.cfg.annotations.SimpleValueBinder - Starting fillSimpleValue for place_id
11:49:29.465 [Test worker] DEBUG org.hibernate.cfg.annotations.SimpleValueBinder - Starting fillSimpleValue for free
11:49:29.465 [Test worker] DEBUG org.hibernate.cfg.annotations.SimpleValueBinder - Starting fillSimpleValue for storage_location
11:49:29.465 [Test worker] DEBUG org.hibernate.cfg.annotations.SimpleValueBinder - Starting fillSimpleValue for supplier_id
11:49:29.465 [Test worker] DEBUG org.hibernate.cfg.annotations.SimpleValueBinder - Starting fillSimpleValue for address
11:49:29.466 [Test worker] DEBUG org.hibernate.cfg.annotations.SimpleValueBinder - Starting fillSimpleValue for contact
11:49:29.466 [Test worker] DEBUG org.hibernate.cfg.annotations.SimpleValueBinder - Starting fillSimpleValue for email
11:49:29.466 [Test worker] DEBUG org.hibernate.cfg.annotations.SimpleValueBinder - Starting fillSimpleValue for supplier_name
11:49:29.466 [Test worker] DEBUG org.hibernate.cfg.annotations.SimpleValueBinder - Starting fillSimpleValue for supply_id
11:49:29.466 [Test worker] DEBUG org.hibernate.cfg.annotations.SimpleValueBinder - Starting fillSimpleValue for data_supply
11:49:29.466 [Test worker] DEBUG org.hibernate.cfg.annotations.SimpleValueBinder - Starting fillSimpleValue for status
11:49:29.466 [Test worker] DEBUG org.hibernate.cfg.annotations.SimpleValueBinder - Starting fillSimpleValue for store_period
11:49:29.466 [Test worker] DEBUG org.hibernate.cfg.annotations.SimpleValueBinder - Starting fillSimpleValue for supplies_list_id
11:49:29.466 [Test worker] DEBUG org.hibernate.cfg.annotations.SimpleValueBinder - Starting fillSimpleValue for quantity
11:49:29.470 [Test worker] DEBUG org.hibernate.mapping.PrimaryKey - Forcing column [client_id] to be non-null as it is part of the primary key for table [clients]
11:49:29.470 [Test worker] DEBUG org.hibernate.mapping.PrimaryKey - Forcing column [delivery_id] to be non-null as it is part of the primary key for table [deliveries]
11:49:29.471 [Test worker] DEBUG org.hibernate.mapping.PrimaryKey - Forcing column [deliveries_list_id] to be non-null as it is part of the primary key for table [deliveries_list]
11:49:29.471 [Test worker] DEBUG org.hibernate.mapping.PrimaryKey - Forcing column [product_id] to be non-null as it is part of the primary key for table [products]
11:49:29.471 [Test worker] DEBUG org.hibernate.mapping.PrimaryKey - Forcing column [place_id] to be non-null as it is part of the primary key for table [register_place]
11:49:29.471 [Test worker] DEBUG org.hibernate.mapping.PrimaryKey - Forcing column [supplier_id] to be non-null as it is part of the primary key for table [suppliers]
11:49:29.471 [Test worker] DEBUG org.hibernate.mapping.PrimaryKey - Forcing column [supply_id] to be non-null as it is part of the primary key for table [supplies]
11:49:29.471 [Test worker] DEBUG org.hibernate.mapping.PrimaryKey - Forcing column [supplies_list_id] to be non-null as it is part of the primary key for table [supplies_list]
11:49:29.472 [Test worker] DEBUG org.hibernate.boot.internal.InFlightMetadataCollectorImpl - Resolving reference to class: web_prak.java.classes.Clients
11:49:29.474 [Test worker] DEBUG org.hibernate.boot.internal.InFlightMetadataCollectorImpl - Resolving reference to class: web_prak.java.classes.Deliveries
11:49:29.474 [Test worker] DEBUG org.hibernate.boot.internal.InFlightMetadataCollectorImpl - Resolving reference to class: web_prak.java.classes.Products
11:49:29.475 [Test worker] DEBUG org.hibernate.boot.internal.InFlightMetadataCollectorImpl - Resolving reference to class: web_prak.java.classes.Register_place
11:49:29.475 [Test worker] DEBUG org.hibernate.boot.internal.InFlightMetadataCollectorImpl - Resolving reference to class: web_prak.java.classes.Suppliers
11:49:29.475 [Test worker] DEBUG org.hibernate.boot.internal.InFlightMetadataCollectorImpl - Resolving reference to class: web_prak.java.classes.Products
11:49:29.475 [Test worker] DEBUG org.hibernate.boot.internal.InFlightMetadataCollectorImpl - Resolving reference to class: web_prak.java.classes.Supplies
11:49:29.476 [Test worker] DEBUG org.hibernate.boot.internal.InFlightMetadataCollectorImpl - Resolving reference to class: web_prak.java.classes.Clients
11:49:29.476 [Test worker] DEBUG org.hibernate.boot.internal.InFlightMetadataCollectorImpl - Resolving reference to class: web_prak.java.classes.Deliveries
11:49:29.476 [Test worker] DEBUG org.hibernate.boot.internal.InFlightMetadataCollectorImpl - Resolving reference to class: web_prak.java.classes.Products
11:49:29.476 [Test worker] DEBUG org.hibernate.boot.internal.InFlightMetadataCollectorImpl - Resolving reference to class: web_prak.java.classes.Register_place
11:49:29.476 [Test worker] DEBUG org.hibernate.boot.internal.InFlightMetadataCollectorImpl - Resolving reference to class: web_prak.java.classes.Suppliers
11:49:29.476 [Test worker] DEBUG org.hibernate.boot.internal.InFlightMetadataCollectorImpl - Resolving reference to class: web_prak.java.classes.Products
11:49:29.476 [Test worker] DEBUG org.hibernate.boot.internal.InFlightMetadataCollectorImpl - Resolving reference to class: web_prak.java.classes.Supplies
11:49:29.514 [Test worker] DEBUG org.hibernate.internal.SessionFactoryImpl - Building session factory
11:49:29.515 [Test worker] DEBUG org.hibernate.cfg.Settings - SessionFactory name : null
11:49:29.515 [Test worker] DEBUG org.hibernate.cfg.Settings - Automatic flush during beforeCompletion(): enabled
11:49:29.515 [Test worker] DEBUG org.hibernate.cfg.Settings - Automatic session close at end of transaction: disabled
11:49:29.515 [Test worker] DEBUG org.hibernate.cfg.Settings - Statistics: disabled
11:49:29.515 [Test worker] DEBUG org.hibernate.cfg.Settings - Deleted entity synthetic identifier rollback: disabled
11:49:29.515 [Test worker] DEBUG org.hibernate.cfg.Settings - Default entity-mode: pojo
11:49:29.515 [Test worker] DEBUG org.hibernate.cfg.Settings - Check Nullability in Core (should be disabled when Bean Validation is on): enabled
11:49:29.515 [Test worker] DEBUG org.hibernate.cfg.Settings - Allow initialization of lazy state outside session : disabled
11:49:29.515 [Test worker] DEBUG org.hibernate.cfg.Settings - Using BatchFetchStyle : LEGACY
11:49:29.515 [Test worker] DEBUG org.hibernate.cfg.Settings - Default batch fetch size: -1
11:49:29.515 [Test worker] DEBUG org.hibernate.cfg.Settings - Maximum outer join fetch depth: null
11:49:29.516 [Test worker] DEBUG org.hibernate.cfg.Settings - Default null ordering: NONE
11:49:29.516 [Test worker] DEBUG org.hibernate.cfg.Settings - Order SQL updates by primary key: disabled
11:49:29.516 [Test worker] DEBUG org.hibernate.cfg.Settings - Order SQL inserts for batching: disabled
11:49:29.516 [Test worker] DEBUG org.hibernate.cfg.Settings - multi-tenancy strategy : NONE
11:49:29.516 [Test worker] DEBUG org.hibernate.cfg.Settings - JTA Track by Thread: enabled
11:49:29.516 [Test worker] DEBUG org.hibernate.cfg.Settings - Query language substitutions: {}
11:49:29.516 [Test worker] DEBUG org.hibernate.cfg.Settings - Named query checking : enabled
11:49:29.516 [Test worker] DEBUG org.hibernate.cfg.Settings - Second-level cache: disabled
11:49:29.516 [Test worker] DEBUG org.hibernate.cfg.Settings - Second-level query cache: disabled
11:49:29.516 [Test worker] DEBUG org.hibernate.cfg.Settings - Second-level query cache factory: null
11:49:29.516 [Test worker] DEBUG org.hibernate.cfg.Settings - Second-level cache region prefix: null
11:49:29.516 [Test worker] DEBUG org.hibernate.cfg.Settings - Optimize second-level cache for minimal puts: disabled
11:49:29.516 [Test worker] DEBUG org.hibernate.cfg.Settings - Structured second-level cache entries: disabled
11:49:29.516 [Test worker] DEBUG org.hibernate.cfg.Settings - Second-level cache direct-reference entries: disabled
11:49:29.516 [Test worker] DEBUG org.hibernate.cfg.Settings - Automatic eviction of collection cache: disabled
11:49:29.516 [Test worker] DEBUG org.hibernate.cfg.Settings - JDBC batch size: 15
11:49:29.516 [Test worker] DEBUG org.hibernate.cfg.Settings - JDBC batch updates for versioned data: enabled
11:49:29.516 [Test worker] DEBUG org.hibernate.cfg.Settings - Scrollable result sets: enabled
11:49:29.516 [Test worker] DEBUG org.hibernate.cfg.Settings - Wrap result sets: disabled
11:49:29.516 [Test worker] DEBUG org.hibernate.cfg.Settings - JDBC3 getGeneratedKeys(): enabled
11:49:29.516 [Test worker] DEBUG org.hibernate.cfg.Settings - JDBC result set fetch size: null
11:49:29.516 [Test worker] DEBUG org.hibernate.cfg.Settings - Connection release mode: AFTER_TRANSACTION
11:49:29.516 [Test worker] DEBUG org.hibernate.cfg.Settings - Generate SQL with comments: disabled
11:49:29.516 [Test worker] DEBUG org.hibernate.cfg.Settings - JPA compliance - query : disabled
11:49:29.516 [Test worker] DEBUG org.hibernate.cfg.Settings - JPA compliance - closed-handling : disabled
11:49:29.516 [Test worker] DEBUG org.hibernate.cfg.Settings - JPA compliance - lists : disabled
11:49:29.516 [Test worker] DEBUG org.hibernate.cfg.Settings - JPA compliance - transactions : disabled
11:49:29.590 [Test worker] DEBUG org.hibernate.service.internal.SessionFactoryServiceRegistryImpl - EventListenerRegistry access via ServiceRegistry is deprecated.  Use `sessionFactory.getEventEngine().getListenerRegistry()` instead
11:49:29.591 [Test worker] DEBUG org.hibernate.service.internal.SessionFactoryServiceRegistryImpl - EventListenerRegistry access via ServiceRegistry is deprecated.  Use `sessionFactory.getEventEngine().getListenerRegistry()` instead
11:49:29.605 [Test worker] DEBUG org.hibernate.internal.SessionFactoryImpl - Session factory constructed with filter configurations : {}
11:49:29.605 [Test worker] DEBUG org.hibernate.internal.SessionFactoryImpl - Instantiating session factory with properties: {dialect=org.hibernate.dialect.PostgreSQL10Dialect, java.specification.version=17, sun.jnu.encoding=UTF-8, hibernate.dialect=org.hibernate.dialect.PostgreSQL10Dialect, org.gradle.test.worker=5, java.class.path=/home/bekzat/.gradle/caches/7.4.1/workerMain/gradle-worker.jar:/home/bekzat/Beka/Web_java/build/classes/java/test:/home/bekzat/Beka/Web_java/build/classes/java/main:/home/bekzat/Beka/Web_java/build/resources/main:/home/bekzat/.gradle/caches/modules-2/files-2.1/org.springframework.boot/spring-boot-starter-web/2.6.4/4aa74a41a8ff99e256433805b0ee63a6053d6b6c/spring-boot-starter-web-2.6.4.jar:/home/bekzat/.gradle/caches/modules-2/files-2.1/org.springframework/spring-orm/5.3.16/74e2e8227522a9f369b266b66fd71bf416d04a2f/spring-orm-5.3.16.jar:/home/bekzat/.gradle/caches/modules-2/files-2.1/org.projectlombok/lombok/1.18.22/9c08ea24c6eb714e2d6170e8122c069a0ba9aacf/lombok-1.18.22.jar:/home/bekzat/.gradle/caches/modules-2/files-2.1/org.hibernate/hibernate-core/5.6.5.Final/d5c41d9018d16ca6076726f0f037ba8a0ebc0cb4/hibernate-core-5.6.5.Final.jar:/home/bekzat/.gradle/caches/modules-2/files-2.1/org.postgresql/postgresql/42.3.3/6f639af368afda4c5a3e77a6299262c501e67076/postgresql-42.3.3.jar:/home/bekzat/.gradle/caches/modules-2/files-2.1/org.testng/testng/7.5/1416a607fae667c14e390b484e8d02b5824c0674/testng-7.5.jar:/home/bekzat/.gradle/caches/modules-2/files-2.1/org.springframework.boot/spring-boot-starter-test/2.6.4/4befb5f23c4bac74125d1c9e4f3721586b315d3a/spring-boot-starter-test-2.6.4.jar:/home/bekzat/.gradle/caches/modules-2/files-2.1/org.springframework.boot/spring-boot-starter-json/2.6.4/9aa13f5bd6e09510d89ec3874118f027613a9565/spring-boot-starter-json-2.6.4.jar:/home/bekzat/.gradle/caches/modules-2/files-2.1/org.springframework.boot/spring-boot-starter/2.6.4/31adf5f726b6a5703815b99056110b96db7eff58/spring-boot-starter-2.6.4.jar:/home/bekzat/.gradle/caches/modules-2/files-2.1/org.springframework.boot/spring-boot-starter-tomcat/2.6.4/7f5937c60c8f556402e4970c4bb657f92b653f2b/spring-boot-starter-tomcat-2.6.4.jar:/home/bekzat/.gradle/caches/modules-2/files-2.1/org.springframework/spring-webmvc/5.3.16/18e0d7a9cf1c43b100296f86f61b58821dd1e6b9/spring-webmvc-5.3.16.jar:/home/bekzat/.gradle/caches/modules-2/files-2.1/org.springframework/spring-web/5.3.16/224ae9b45e138034980a423e2f85d7bd63539a49/spring-web-5.3.16.jar:/home/bekzat/.gradle/caches/modules-2/files-2.1/org.springframework/spring-jdbc/5.3.16/456645153d6a5ed62b3d27750ee1b3c34b460b71/spring-jdbc-5.3.16.jar:/home/bekzat/.gradle/caches/modules-2/files-2.1/org.springframework/spring-tx/5.3.16/ae9be43379f2967e015ace189d47728a99f18220/spring-tx-5.3.16.jar:/home/bekzat/.gradle/caches/modules-2/files-2.1/org.springframework.boot/spring-boot-test-autoconfigure/2.6.4/fe1ab93aa3ca84e50d0f470a17468a8e7e2770e3/spring-boot-test-autoconfigure-2.6.4.jar:/home/bekzat/.gradle/caches/modules-2/files-2.1/org.springframework.boot/spring-boot-test/2.6.4/f7669dafbe66e2805349049c090d9cbca974fbd5/spring-boot-test-2.6.4.jar:/home/bekzat/.gradle/caches/modules-2/files-2.1/org.springframework.boot/spring-boot-autoconfigure/2.6.4/36e75a2781fc604ac042945eed8be2fe049731df/spring-boot-autoconfigure-2.6.4.jar:/home/bekzat/.gradle/caches/modules-2/files-2.1/org.springframework.boot/spring-boot/2.6.4/356c0ee25794ca46d8344d13cffbc30bfae1dc0e/spring-boot-2.6.4.jar:/home/bekzat/.gradle/caches/modules-2/files-2.1/org.springframework/spring-context/5.3.16/efb9c749b335bf62dc07c1674e9d76d382a027e5/spring-context-5.3.16.jar:/home/bekzat/.gradle/caches/modules-2/files-2.1/org.springframework/spring-aop/5.3.16/d61c0545e0395de608be52db1cccb60ba841a26b/spring-aop-5.3.16.jar:/home/bekzat/.gradle/caches/modules-2/files-2.1/org.springframework/spring-beans/5.3.16/15decec5cea7a91423272daaae6f5d050c23cf3b/spring-beans-5.3.16.jar:/home/bekzat/.gradle/caches/modules-2/files-2.1/org.springframework/spring-test/5.3.16/eba2a6612c3bb86cc71b31c731cb46164309f796/spring-test-5.3.16.jar:/home/bekzat/.gradle/caches/modules-2/files-2.1/org.springframework/spring-expression/5.3.16/831a17ce70686c571f3c05c4bcfb81012c5814df/spring-expression-5.3.16.jar:/home/bekzat/.gradle/caches/modules-2/files-2.1/org.springframework/spring-core/5.3.16/db1b277cd548c725144580dda8703ce179fb3769/spring-core-5.3.16.jar:/home/bekzat/.gradle/caches/modules-2/files-2.1/org.hibernate.common/hibernate-commons-annotations/5.1.2.Final/e59ffdbc6ad09eeb33507b39ffcf287679a498c8/hibernate-commons-annotations-5.1.2.Final.jar:/home/bekzat/.gradle/caches/modules-2/files-2.1/org.jboss.logging/jboss-logging/3.4.3.Final/c4bd7e12a745c0e7f6cf98c45cdcdf482fd827ea/jboss-logging-3.4.3.Final.jar:/home/bekzat/.gradle/caches/modules-2/files-2.1/javax.persistence/javax.persistence-api/2.2/25665ac8c0b62f50e6488173233239120fc52c96/javax.persistence-api-2.2.jar:/home/bekzat/.gradle/caches/modules-2/files-2.1/org.mockito/mockito-junit-jupiter/4.0.0/b76de25bd6e5d8f7924d0536729c0076e37e9396/mockito-junit-jupiter-4.0.0.jar:/home/bekzat/.gradle/caches/modules-2/files-2.1/org.mockito/mockito-core/4.0.0/f5195e0c4a45716bbd2d1d29173adbd148acce3a/mockito-core-4.0.0.jar:/home/bekzat/.gradle/caches/modules-2/files-2.1/net.bytebuddy/byte-buddy/1.11.22/8b4c7fa5562a09da1c2a9ab0873cb51f5034d83f/byte-buddy-1.11.22.jar:/home/bekzat/.gradle/caches/modules-2/files-2.1/antlr/antlr/2.7.7/83cd2cd674a217ade95a4bb83a8a14f351f48bd0/antlr-2.7.7.jar:/home/bekzat/.gradle/caches/modules-2/files-2.1/org.jboss.spec.javax.transaction/jboss-transaction-api_1.2_spec/1.1.1.Final/a8485cab9484dda36e9a8c319e76b5cc18797b58/jboss-transaction-api_1.2_spec-1.1.1.Final.jar:/home/bekzat/.gradle/caches/modules-2/files-2
[...]
    \-[WHERE] SqlNode: 'Where'
       \-[EQ] BinaryLogicOperatorNode: '='
          +-[DOT] DotNode: 'clients0_.client_name' {propertyName=client_name,dereferenceType=PRIMITIVE,getPropertyPath=client_name,path={synthetic-alias}.client_name,tableAlias=clients0_,className=web_prak.java.classes.Clients,classAlias=null}
          |  +-[IDENT] IdentNode: '{synthetic-alias}' {originalText={synthetic-alias}}
          |  \-[IDENT] IdentNode: 'client_name' {originalText=client_name}
          \-[NAMED_PARAM] ParameterNode: '?' {name=param, expectedType=org.hibernate.type.StringType@2b170932}

11:49:30.693 [Test worker] DEBUG org.hibernate.hql.internal.ast.ErrorTracker - throwQueryException() : no errors
11:49:30.694 [Test worker] DEBUG org.hibernate.hql.internal.ast.QueryTranslatorImpl - HQL: From web_prak.java.classes.Clients Where client_name =: param
11:49:30.694 [Test worker] DEBUG org.hibernate.hql.internal.ast.QueryTranslatorImpl - SQL: select clients0_.client_id as client_i1_0_, clients0_.address as address2_0_, clients0_.client_name as client_n3_0_, clients0_.contact as contact4_0_, clients0_.email as email5_0_ from clients clients0_ where clients0_.client_name=?
11:49:30.694 [Test worker] DEBUG org.hibernate.hql.internal.ast.ErrorTracker - throwQueryException() : no errors
11:49:30.696 [Test worker] DEBUG org.hibernate.SQL - select clients0_.client_id as client_i1_0_, clients0_.address as address2_0_, clients0_.client_name as client_n3_0_, clients0_.contact as contact4_0_, clients0_.email as email5_0_ from clients clients0_ where clients0_.client_name=?
Hibernate: select clients0_.client_id as client_i1_0_, clients0_.address as address2_0_, clients0_.client_name as client_n3_0_, clients0_.contact as contact4_0_, clients0_.email as email5_0_ from clients clients0_ where clients0_.client_name=?
11:49:30.697 [Test worker] DEBUG org.hibernate.loader.Loader - Result set row: 0
11:49:30.697 [Test worker] DEBUG org.hibernate.loader.Loader - Result row: EntityKey[web_prak.java.classes.Clients#392]
11:49:30.697 [Test worker] DEBUG org.hibernate.loader.Loader - Result set row: 1
11:49:30.697 [Test worker] DEBUG org.hibernate.loader.Loader - Result row: EntityKey[web_prak.java.classes.Clients#393]
11:49:30.698 [Test worker] DEBUG org.hibernate.engine.internal.TwoPhaseLoad - Resolving attributes for [web_prak.java.classes.Clients#392]
11:49:30.698 [Test worker] DEBUG org.hibernate.engine.internal.TwoPhaseLoad - Processing attribute `address` : value = Мосфильмовская улица, д53
11:49:30.698 [Test worker] DEBUG org.hibernate.engine.internal.TwoPhaseLoad - Attribute (`address`)  - enhanced for lazy-loading? - false
11:49:30.698 [Test worker] DEBUG org.hibernate.engine.internal.TwoPhaseLoad - Processing attribute `client_name` : value = Иван Иванов
11:49:30.698 [Test worker] DEBUG org.hibernate.engine.internal.TwoPhaseLoad - Attribute (`client_name`)  - enhanced for lazy-loading? - false
11:49:30.698 [Test worker] DEBUG org.hibernate.engine.internal.TwoPhaseLoad - Processing attribute `contact` : value = +7 (975) 135-96-90
11:49:30.698 [Test worker] DEBUG org.hibernate.engine.internal.TwoPhaseLoad - Attribute (`contact`)  - enhanced for lazy-loading? - false
11:49:30.698 [Test worker] DEBUG org.hibernate.engine.internal.TwoPhaseLoad - Processing attribute `email` : value = jcess1@mashable.com
11:49:30.698 [Test worker] DEBUG org.hibernate.engine.internal.TwoPhaseLoad - Attribute (`email`)  - enhanced for lazy-loading? - false
11:49:30.698 [Test worker] DEBUG org.hibernate.engine.internal.TwoPhaseLoad - Done materializing entity [web_prak.java.classes.Clients#392]
11:49:30.698 [Test worker] DEBUG org.hibernate.engine.internal.TwoPhaseLoad - Resolving attributes for [web_prak.java.classes.Clients#393]
11:49:30.698 [Test worker] DEBUG org.hibernate.engine.internal.TwoPhaseLoad - Processing attribute `address` : value = Ярославское шоссе д26
11:49:30.698 [Test worker] DEBUG org.hibernate.engine.internal.TwoPhaseLoad - Attribute (`address`)  - enhanced for lazy-loading? - false
11:49:30.698 [Test worker] DEBUG org.hibernate.engine.internal.TwoPhaseLoad - Processing attribute `client_name` : value = Иван Иванов
11:49:30.698 [Test worker] DEBUG org.hibernate.engine.internal.TwoPhaseLoad - Attribute (`client_name`)  - enhanced for lazy-loading? - false
11:49:30.698 [Test worker] DEBUG org.hibernate.engine.internal.TwoPhaseLoad - Processing attribute `contact` : value = +7 (976) 130-93-80
11:49:30.698 [Test worker] DEBUG org.hibernate.engine.internal.TwoPhaseLoad - Attribute (`contact`)  - enhanced for lazy-loading? - false
11:49:30.698 [Test worker] DEBUG org.hibernate.engine.internal.TwoPhaseLoad - Processing attribute `email` : value = cromaint0@go.com
11:49:30.698 [Test worker] DEBUG org.hibernate.engine.internal.TwoPhaseLoad - Attribute (`email`)  - enhanced for lazy-loading? - false
11:49:30.698 [Test worker] DEBUG org.hibernate.engine.internal.TwoPhaseLoad - Done materializing entity [web_prak.java.classes.Clients#393]
11:49:30.698 [Test worker] DEBUG org.hibernate.resource.jdbc.internal.LogicalConnectionManagedImpl - Initiating JDBC connection release from afterTransaction
11:49:30.699 [Test worker] DEBUG org.hibernate.engine.transaction.internal.TransactionImpl - On TransactionImpl creation, JpaCompliance#isJpaTransactionComplianceEnabled == false
11:49:30.699 [Test worker] DEBUG org.hibernate.engine.transaction.internal.TransactionImpl - begin
11:49:30.699 [Test worker] DEBUG org.hibernate.engine.transaction.internal.TransactionImpl - committing
11:49:30.699 [Test worker] DEBUG org.hibernate.event.internal.AbstractFlushingEventListener - Processing flush-time cascades
11:49:30.699 [Test worker] DEBUG org.hibernate.event.internal.AbstractFlushingEventListener - Dirty checking collections
11:49:30.699 [Test worker] DEBUG org.hibernate.event.internal.AbstractFlushingEventListener - Flushed: 0 insertions, 0 updates, 1 deletions to 1 objects
11:49:30.699 [Test worker] DEBUG org.hibernate.event.internal.AbstractFlushingEventListener - Flushed: 0 (re)creations, 0 updates, 0 removals to 0 collections
11:49:30.699 [Test worker] DEBUG org.hibernate.internal.util.EntityPrinter - Listing entities:
11:49:30.699 [Test worker] DEBUG org.hibernate.internal.util.EntityPrinter - web_prak.java.classes.Clients{address=Мосфильмовская улица, д53, contact=+7 (975) 135-96-90, client_name=Иван Иванов, client_id=392, email=jcess1@mashable.com}
11:49:30.699 [Test worker] DEBUG org.hibernate.SQL - delete from clients where client_id=?
Hibernate: delete from clients where client_id=?
11:49:30.713 [Test worker] DEBUG org.hibernate.resource.jdbc.internal.LogicalConnectionManagedImpl - Initiating JDBC connection release from afterTransaction
11:49:30.714 [Test worker] DEBUG org.hibernate.resource.jdbc.internal.LogicalConnectionManagedImpl - Initiating JDBC connection release from afterTransaction
11:49:30.714 [Test worker] DEBUG org.hibernate.engine.jdbc.internal.JdbcCoordinatorImpl - HHH000420: Closing un-released batch
11:49:30.714 [Test worker] DEBUG org.hibernate.engine.transaction.internal.TransactionImpl - On TransactionImpl creation, JpaCompliance#isJpaTransactionComplianceEnabled == false
11:49:30.714 [Test worker] DEBUG org.hibernate.engine.transaction.internal.TransactionImpl - begin
11:49:30.714 [Test worker] DEBUG org.hibernate.engine.transaction.internal.TransactionImpl - committing
11:49:30.714 [Test worker] DEBUG org.hibernate.event.internal.AbstractFlushingEventListener - Processing flush-time cascades
11:49:30.714 [Test worker] DEBUG org.hibernate.event.internal.AbstractFlushingEventListener - Dirty checking collections
11:49:30.714 [Test worker] DEBUG org.hibernate.event.internal.AbstractFlushingEventListener - Flushed: 0 insertions, 0 updates, 1 deletions to 1 objects
11:49:30.714 [Test worker] DEBUG org.hibernate.event.internal.AbstractFlushingEventListener - Flushed: 0 (re)creations, 0 updates, 0 removals to 0 collections
11:49:30.714 [Test worker] DEBUG org.hibernate.internal.util.EntityPrinter - Listing entities:
11:49:30.714 [Test worker] DEBUG org.hibernate.internal.util.EntityPrinter - web_prak.java.classes.Clients{address=Ярославское шоссе д26, contact=+7 (976) 130-93-80, client_name=Иван Иванов, client_id=393, email=cromaint0@go.com}
11:49:30.714 [Test worker] DEBUG org.hibernate.SQL - delete from clients where client_id=?
Hibernate: delete from clients where client_id=?
11:49:30.731 [Test worker] DEBUG org.hibernate.resource.jdbc.internal.LogicalConnectionManagedImpl - Initiating JDBC connection release from afterTransaction
11:49:30.731 [Test worker] DEBUG org.hibernate.resource.jdbc.internal.LogicalConnectionManagedImpl - Initiating JDBC connection release from afterTransaction
11:49:30.731 [Test worker] DEBUG org.hibernate.engine.jdbc.internal.JdbcCoordinatorImpl - HHH000420: Closing un-released batch
11:49:30.732 [Test worker] DEBUG org.hibernate.engine.transaction.internal.TransactionImpl - On TransactionImpl creation, JpaCompliance#isJpaTransactionComplianceEnabled == false
11:49:30.732 [Test worker] DEBUG org.hibernate.engine.transaction.internal.TransactionImpl - begin
11:49:30.732 [Test worker] DEBUG org.hibernate.engine.spi.ActionQueue - Executing identity-insert immediately
11:49:30.732 [Test worker] DEBUG org.hibernate.SQL - insert into clients (address, client_name, contact, email) values (?, ?, ?, ?)
Hibernate: insert into clients (address, client_name, contact, email) values (?, ?, ?, ?)
11:49:30.733 [Test worker] DEBUG org.hibernate.id.IdentifierGeneratorHelper - Natively generated identity: 394
11:49:30.733 [Test worker] DEBUG org.hibernate.resource.jdbc.internal.ResourceRegistryStandardImpl - HHH000387: ResultSet's statement was not registered
11:49:30.733 [Test worker] DEBUG org.hibernate.engine.transaction.internal.TransactionImpl - committing
11:49:30.733 [Test worker] DEBUG org.hibernate.event.internal.AbstractFlushingEventListener - Processing flush-time cascades
11:49:30.733 [Test worker] DEBUG org.hibernate.event.internal.AbstractFlushingEventListener - Dirty checking collections
11:49:30.733 [Test worker] DEBUG org.hibernate.event.internal.AbstractFlushingEventListener - Flushed: 0 insertions, 0 updates, 0 deletions to 1 objects
11:49:30.733 [Test worker] DEBUG org.hibernate.event.internal.AbstractFlushingEventListener - Flushed: 0 (re)creations, 0 updates, 0 removals to 0 collections
11:49:30.733 [Test worker] DEBUG org.hibernate.internal.util.EntityPrinter - Listing entities:
11:49:30.733 [Test worker] DEBUG org.hibernate.internal.util.EntityPrinter - web_prak.java.classes.Clients{address=Мосфильмовская улица, д53, contact=+7 (975) 135-96-90, client_name=Василиса Угаройко, client_id=394, email=jcess1@mashable.com}
11:49:30.747 [Test worker] DEBUG org.hibernate.resource.jdbc.internal.LogicalConnectionManagedImpl - Initiating JDBC connection release from afterTransaction
11:49:30.747 [Test worker] DEBUG org.hibernate.resource.jdbc.internal.LogicalConnectionManagedImpl - Initiating JDBC connection release from afterTransaction
11:49:30.747 [Test worker] DEBUG org.hibernate.SQL - select clients0_.client_id as client_i1_0_0_, clients0_.address as address2_0_0_, clients0_.client_name as client_n3_0_0_, clients0_.contact as contact4_0_0_, clients0_.email as email5_0_0_ from clients clients0_ where clients0_.client_id=?
Hibernate: select clients0_.client_id as client_i1_0_0_, clients0_.address as address2_0_0_, clients0_.client_name as client_n3_0_0_, clients0_.contact as contact4_0_0_, clients0_.email as email5_0_0_ from clients clients0_ where clients0_.client_id=?
11:49:30.748 [Test worker] DEBUG org.hibernate.loader.plan.exec.process.internal.EntityReferenceInitializerImpl - On call to EntityIdentifierReaderImpl#resolve, EntityKey was already known; should only happen on root returns with an optional identifier specified
11:49:30.749 [Test worker] DEBUG org.hibernate.engine.internal.TwoPhaseLoad - Resolving attributes for [web_prak.java.classes.Clients#394]
11:49:30.749 [Test worker] DEBUG org.hibernate.engine.internal.TwoPhaseLoad - Processing attribute `address` : value = Мосфильмовская улица, д53
11:49:30.749 [Test worker] DEBUG org.hibernate.engine.internal.TwoPhaseLoad - Attribute (`address`)  - enhanced for lazy-loading? - false
11:49:30.749 [Test worker] DEBUG org.hibernate.engine.internal.TwoPhaseLoad - Processing attribute `client_name` : value = Василиса Угаройко
11:49:30.749 [Test worker] DEBUG org.hibernate.engine.internal.TwoPhaseLoad - Attribute (`client_name`)  - enhanced for lazy-loading? - false
11:49:30.749 [Test worker] DEBUG org.hibernate.engine.internal.TwoPhaseLoad - Processing attribute `contact` : value = +7 (975) 135-96-90
11:49:30.749 [Test worker] DEBUG org.hibernate.engine.internal.TwoPhaseLoad - Attribute (`contact`)  - enhanced for lazy-loading? - false
11:49:30.749 [Test worker] DEBUG org.hibernate.engine.internal.TwoPhaseLoad - Processing attribute `email` : value = jcess1@mashable.com
11:49:30.749 [Test worker] DEBUG org.hibernate.engine.internal.TwoPhaseLoad - Attribute (`email`)  - enhanced for lazy-loading? - false
11:49:30.749 [Test worker] DEBUG org.hibernate.engine.internal.TwoPhaseLoad - Done materializing entity [web_prak.java.classes.Clients#394]
11:49:30.749 [Test worker] DEBUG org.hibernate.loader.entity.plan.AbstractLoadPlanBasedEntityLoader - Done entity load : web_prak.java.classes.Clients#394
11:49:30.749 [Test worker] DEBUG org.hibernate.resource.jdbc.internal.LogicalConnectionManagedImpl - Initiating JDBC connection release from afterTransaction
11:49:30.750 [Test worker] DEBUG org.hibernate.engine.transaction.internal.TransactionImpl - On TransactionImpl creation, JpaCompliance#isJpaTransactionComplianceEnabled == false
11:49:30.750 [Test worker] DEBUG org.hibernate.engine.transaction.internal.TransactionImpl - begin
11:49:30.750 [Test worker] DEBUG org.hibernate.engine.transaction.internal.TransactionImpl - committing
11:49:30.750 [Test worker] DEBUG org.hibernate.event.internal.AbstractFlushingEventListener - Processing flush-time cascades
11:49:30.750 [Test worker] DEBUG org.hibernate.event.internal.AbstractFlushingEventListener - Dirty checking collections
11:49:30.751 [Test worker] DEBUG org.hibernate.event.internal.AbstractFlushingEventListener - Flushed: 0 insertions, 1 updates, 0 deletions to 1 objects
11:49:30.751 [Test worker] DEBUG org.hibernate.event.internal.AbstractFlushingEventListener - Flushed: 0 (re)creations, 0 updates, 0 removals to 0 collections
11:49:30.751 [Test worker] DEBUG org.hibernate.internal.util.EntityPrinter - Listing entities:
11:49:30.751 [Test worker] DEBUG org.hibernate.internal.util.EntityPrinter - web_prak.java.classes.Clients{address=Достоевского д17, contact=+7 (975) 135-96-90, client_name=Василиса Угаройко, client_id=394, email=jcess1@mashable.com}
11:49:30.751 [Test worker] DEBUG org.hibernate.SQL - update clients set address=?, client_name=?, contact=?, email=? where client_id=?
Hibernate: update clients set address=?, client_name=?, contact=?, email=? where client_id=?
11:49:30.764 [Test worker] DEBUG org.hibernate.resource.jdbc.internal.LogicalConnectionManagedImpl - Initiating JDBC connection release from afterTransaction
11:49:30.764 [Test worker] DEBUG org.hibernate.resource.jdbc.internal.LogicalConnectionManagedImpl - Initiating JDBC connection release from afterTransaction
11:49:30.764 [Test worker] DEBUG org.hibernate.engine.jdbc.internal.JdbcCoordinatorImpl - HHH000420: Closing un-released batch
11:49:30.765 [Test worker] DEBUG org.hibernate.SQL - select clients0_.client_id as client_i1_0_0_, clients0_.address as address2_0_0_, clients0_.client_name as client_n3_0_0_, clients0_.contact as contact4_0_0_, clients0_.email as email5_0_0_ from clients clients0_ where clients0_.client_id=?
Hibernate: select clients0_.client_id as client_i1_0_0_, clients0_.address as address2_0_0_, clients0_.client_name as client_n3_0_0_, clients0_.contact as contact4_0_0_, clients0_.email as email5_0_0_ from clients clients0_ where clients0_.client_id=?
11:49:30.765 [Test worker] DEBUG org.hibernate.loader.plan.exec.process.internal.EntityReferenceInitializerImpl - On call to EntityIdentifierReaderImpl#resolve, EntityKey was already known; should only happen on root returns with an optional identifier specified
11:49:30.766 [Test worker] DEBUG org.hibernate.engine.internal.TwoPhaseLoad - Resolving attributes for [web_prak.java.classes.Clients#394]
11:49:30.766 [Test worker] DEBUG org.hibernate.engine.internal.TwoPhaseLoad - Processing attribute `address` : value = Достоевского д17
11:49:30.766 [Test worker] DEBUG org.hibernate.engine.internal.TwoPhaseLoad - Attribute (`address`)  - enhanced for lazy-loading? - false
11:49:30.766 [Test worker] DEBUG org.hibernate.engine.internal.TwoPhaseLoad - Processing attribute `client_name` : value = Василиса Угаройко
11:49:30.766 [Test worker] DEBUG org.hibernate.engine.internal.TwoPhaseLoad - Attribute (`client_name`)  - enhanced for lazy-loading? - false
11:49:30.766 [Test worker] DEBUG org.hibernate.engine.internal.TwoPhaseLoad - Processing attribute `contact` : value = +7 (975) 135-96-90
11:49:30.766 [Test worker] DEBUG org.hibernate.engine.internal.TwoPhaseLoad - Attribute (`contact`)  - enhanced for lazy-loading? - false
11:49:30.766 [Test worker] DEBUG org.hibernate.engine.internal.TwoPhaseLoad - Processing attribute `email` : value = jcess1@mashable.com
11:49:30.766 [Test worker] DEBUG org.hibernate.engine.internal.TwoPhaseLoad - Attribute (`email`)  - enhanced for lazy-loading? - false
11:49:30.766 [Test worker] DEBUG org.hibernate.engine.internal.TwoPhaseLoad - Done materializing entity [web_prak.java.classes.Clients#394]
11:49:30.766 [Test worker] DEBUG org.hibernate.loader.entity.plan.AbstractLoadPlanBasedEntityLoader - Done entity load : web_prak.java.classes.Clients#394
11:49:30.766 [Test worker] DEBUG org.hibernate.resource.jdbc.internal.LogicalConnectionManagedImpl - Initiating JDBC connection release from afterTransaction
11:49:30.766 [Test worker] DEBUG org.hibernate.engine.transaction.internal.TransactionImpl - On TransactionImpl creation, JpaCompliance#isJpaTransactionComplianceEnabled == false
11:49:30.766 [Test worker] DEBUG org.hibernate.engine.transaction.internal.TransactionImpl - begin
11:49:30.767 [Test worker] DEBUG org.hibernate.engine.transaction.internal.TransactionImpl - committing
11:49:30.767 [Test worker] DEBUG org.hibernate.event.internal.AbstractFlushingEventListener - Processing flush-time cascades
11:49:30.767 [Test worker] DEBUG org.hibernate.event.internal.AbstractFlushingEventListener - Dirty checking collections
11:49:30.767 [Test worker] DEBUG org.hibernate.event.internal.AbstractFlushingEventListener - Flushed: 0 insertions, 0 updates, 1 deletions to 1 objects
11:49:30.767 [Test worker] DEBUG org.hibernate.event.internal.AbstractFlushingEventListener - Flushed: 0 (re)creations, 0 updates, 0 removals to 0 collections
11:49:30.767 [Test worker] DEBUG org.hibernate.internal.util.EntityPrinter - Listing entities:
11:49:30.767 [Test worker] DEBUG org.hibernate.internal.util.EntityPrinter - web_prak.java.classes.Clients{address=Достоевского д17, contact=+7 (975) 135-96-90, client_name=Василиса Угаройко, client_id=394, email=jcess1@mashable.com}
11:49:30.767 [Test worker] DEBUG org.hibernate.SQL - delete from clients where client_id=?
Hibernate: delete from clients where client_id=?
11:49:30.781 [Test worker] DEBUG org.hibernate.resource.jdbc.internal.LogicalConnectionManagedImpl - Initiating JDBC connection release from afterTransaction
11:49:30.781 [Test worker] DEBUG org.hibernate.resource.jdbc.internal.LogicalConnectionManagedImpl - Initiating JDBC connection release from afterTransaction
11:49:30.781 [Test worker] DEBUG org.hibernate.engine.jdbc.internal.JdbcCoordinatorImpl - HHH000420: Closing un-released batch
]]></system-out>
  <system-err><![CDATA[]]></system-err>
</testsuite>
