<?xml version="1.0" encoding="UTF-8"?>
<testsuite name="SuppliesListTest" tests="10" skipped="0" failures="0" errors="0" timestamp="2022-04-04T08:49:38" hostname="bekzat-Lenovo-Legion-Y530-15ICH" time="3.414">
  <properties/>
  <testcase name="testCreateNewSuppliesList" classname="SuppliesListTest" time="0.179"/>
  <testcase name="testDeleteSuppliesList" classname="SuppliesListTest" time="0.184"/>
  <testcase name="testGetAllSuppliesList" classname="SuppliesListTest" time="0.24"/>
  <testcase name="testGetSuppliesListById" classname="SuppliesListTest" time="1.351"/>
  <testcase name="testGetSuppliesListByLessQuantity" classname="SuppliesListTest" time="0.351"/>
  <testcase name="testGetSuppliesListByMoreQuantity" classname="SuppliesListTest" time="0.212"/>
  <testcase name="testGetSuppliesListByProduct" classname="SuppliesListTest" time="0.233"/>
  <testcase name="testGetSuppliesListByQuantity" classname="SuppliesListTest" time="0.238"/>
  <testcase name="testGetSuppliesListBySupplies" classname="SuppliesListTest" time="0.212"/>
  <testcase name="testUpdateSuppliesList" classname="SuppliesListTest" time="0.205"/>
  <system-out><![CDATA[11:49:38.008 [Test worker] DEBUG org.hibernate.engine.transaction.internal.TransactionImpl - On TransactionImpl creation, JpaCompliance#isJpaTransactionComplianceEnabled == false
11:49:38.008 [Test worker] DEBUG org.hibernate.engine.transaction.internal.TransactionImpl - begin
11:49:38.009 [Test worker] DEBUG org.hibernate.engine.spi.ActionQueue - Executing identity-insert immediately
11:49:38.009 [Test worker] DEBUG org.hibernate.SQL - insert into register_place (free, storage_location) values (?, ?)
Hibernate: insert into register_place (free, storage_location) values (?, ?)
11:49:38.009 [Test worker] DEBUG org.hibernate.id.IdentifierGeneratorHelper - Natively generated identity: 557
11:49:38.009 [Test worker] DEBUG org.hibernate.resource.jdbc.internal.ResourceRegistryStandardImpl - HHH000387: ResultSet's statement was not registered
11:49:38.009 [Test worker] DEBUG org.hibernate.engine.transaction.internal.TransactionImpl - committing
11:49:38.009 [Test worker] DEBUG org.hibernate.event.internal.AbstractFlushingEventListener - Processing flush-time cascades
11:49:38.009 [Test worker] DEBUG org.hibernate.event.internal.AbstractFlushingEventListener - Dirty checking collections
11:49:38.009 [Test worker] DEBUG org.hibernate.event.internal.AbstractFlushingEventListener - Flushed: 0 insertions, 0 updates, 0 deletions to 1 objects
11:49:38.009 [Test worker] DEBUG org.hibernate.event.internal.AbstractFlushingEventListener - Flushed: 0 (re)creations, 0 updates, 0 removals to 0 collections
11:49:38.009 [Test worker] DEBUG org.hibernate.internal.util.EntityPrinter - Listing entities:
11:49:38.009 [Test worker] DEBUG org.hibernate.internal.util.EntityPrinter - web_prak.java.classes.Register_place{storage_location=02 10 03, free=нет, place_id=557}
11:49:38.025 [Test worker] DEBUG org.hibernate.resource.jdbc.internal.LogicalConnectionManagedImpl - Initiating JDBC connection release from afterTransaction
11:49:38.025 [Test worker] DEBUG org.hibernate.resource.jdbc.internal.LogicalConnectionManagedImpl - Initiating JDBC connection release from afterTransaction
11:49:38.026 [Test worker] DEBUG org.hibernate.engine.transaction.internal.TransactionImpl - On TransactionImpl creation, JpaCompliance#isJpaTransactionComplianceEnabled == false
11:49:38.026 [Test worker] DEBUG org.hibernate.engine.transaction.internal.TransactionImpl - begin
11:49:38.026 [Test worker] DEBUG org.hibernate.engine.spi.ActionQueue - Executing identity-insert immediately
11:49:38.026 [Test worker] DEBUG org.hibernate.SQL - insert into products (expiration_date_from, expiration_date_to, measure, place_id, product_name, quantity, type) values (?, ?, ?, ?, ?, ?, ?)
Hibernate: insert into products (expiration_date_from, expiration_date_to, measure, place_id, product_name, quantity, type) values (?, ?, ?, ?, ?, ?, ?)
11:49:38.027 [Test worker] DEBUG org.hibernate.id.IdentifierGeneratorHelper - Natively generated identity: 443
11:49:38.027 [Test worker] DEBUG org.hibernate.resource.jdbc.internal.ResourceRegistryStandardImpl - HHH000387: ResultSet's statement was not registered
11:49:38.027 [Test worker] DEBUG org.hibernate.engine.transaction.internal.TransactionImpl - committing
11:49:38.027 [Test worker] DEBUG org.hibernate.event.internal.AbstractFlushingEventListener - Processing flush-time cascades
11:49:38.027 [Test worker] DEBUG org.hibernate.event.internal.AbstractFlushingEventListener - Dirty checking collections
11:49:38.027 [Test worker] DEBUG org.hibernate.event.internal.AbstractFlushingEventListener - Flushed: 0 insertions, 0 updates, 0 deletions to 1 objects
11:49:38.027 [Test worker] DEBUG org.hibernate.event.internal.AbstractFlushingEventListener - Flushed: 0 (re)creations, 0 updates, 0 removals to 0 collections
11:49:38.027 [Test worker] DEBUG org.hibernate.internal.util.EntityPrinter - Listing entities:
11:49:38.027 [Test worker] DEBUG org.hibernate.internal.util.EntityPrinter - web_prak.java.classes.Products{measure=штук, quantity=5, expiration_date_to=2022-08-01, product_id=443, expiration_date_from=2021-08-01, type=Ноутбуки, product_name=Asus Rog Strix, place_id=web_prak.java.classes.Register_place#557}
11:49:38.042 [Test worker] DEBUG org.hibernate.resource.jdbc.internal.LogicalConnectionManagedImpl - Initiating JDBC connection release from afterTransaction
11:49:38.042 [Test worker] DEBUG org.hibernate.resource.jdbc.internal.LogicalConnectionManagedImpl - Initiating JDBC connection release from afterTransaction
11:49:38.042 [Test worker] DEBUG org.hibernate.engine.transaction.internal.TransactionImpl - On TransactionImpl creation, JpaCompliance#isJpaTransactionComplianceEnabled == false
11:49:38.042 [Test worker] DEBUG org.hibernate.engine.transaction.internal.TransactionImpl - begin
11:49:38.042 [Test worker] DEBUG org.hibernate.engine.spi.ActionQueue - Executing identity-insert immediately
11:49:38.042 [Test worker] DEBUG org.hibernate.SQL - insert into suppliers (address, contact, email, supplier_name) values (?, ?, ?, ?)
Hibernate: insert into suppliers (address, contact, email, supplier_name) values (?, ?, ?, ?)
11:49:38.043 [Test worker] DEBUG org.hibernate.id.IdentifierGeneratorHelper - Natively generated identity: 284
11:49:38.043 [Test worker] DEBUG org.hibernate.resource.jdbc.internal.ResourceRegistryStandardImpl - HHH000387: ResultSet's statement was not registered
11:49:38.043 [Test worker] DEBUG org.hibernate.engine.transaction.internal.TransactionImpl - committing
11:49:38.043 [Test worker] DEBUG org.hibernate.event.internal.AbstractFlushingEventListener - Processing flush-time cascades
11:49:38.043 [Test worker] DEBUG org.hibernate.event.internal.AbstractFlushingEventListener - Dirty checking collections
11:49:38.043 [Test worker] DEBUG org.hibernate.event.internal.AbstractFlushingEventListener - Flushed: 0 insertions, 0 updates, 0 deletions to 1 objects
11:49:38.043 [Test worker] DEBUG org.hibernate.event.internal.AbstractFlushingEventListener - Flushed: 0 (re)creations, 0 updates, 0 removals to 0 collections
11:49:38.043 [Test worker] DEBUG org.hibernate.internal.util.EntityPrinter - Listing entities:
11:49:38.043 [Test worker] DEBUG org.hibernate.internal.util.EntityPrinter - web_prak.java.classes.Suppliers{address=улица Пятницкая, д27, contact=+7 (926) 059-17-93, supplier_name=Казакова Алиса, supplier_id=284, email=wokker0@infoseek.co.jp}
11:49:38.059 [Test worker] DEBUG org.hibernate.resource.jdbc.internal.LogicalConnectionManagedImpl - Initiating JDBC connection release from afterTransaction
11:49:38.059 [Test worker] DEBUG org.hibernate.resource.jdbc.internal.LogicalConnectionManagedImpl - Initiating JDBC connection release from afterTransaction
11:49:38.059 [Test worker] DEBUG org.hibernate.engine.transaction.internal.TransactionImpl - On TransactionImpl creation, JpaCompliance#isJpaTransactionComplianceEnabled == false
11:49:38.059 [Test worker] DEBUG org.hibernate.engine.transaction.internal.TransactionImpl - begin
11:49:38.059 [Test worker] DEBUG org.hibernate.engine.spi.ActionQueue - Executing identity-insert immediately
11:49:38.059 [Test worker] DEBUG org.hibernate.SQL - insert into supplies (data_supply, status, store_period, supplier_id) values (?, ?, ?, ?)
Hibernate: insert into supplies (data_supply, status, store_period, supplier_id) values (?, ?, ?, ?)
11:49:38.061 [Test worker] DEBUG org.hibernate.id.IdentifierGeneratorHelper - Natively generated identity: 267
11:49:38.061 [Test worker] DEBUG org.hibernate.resource.jdbc.internal.ResourceRegistryStandardImpl - HHH000387: ResultSet's statement was not registered
11:49:38.061 [Test worker] DEBUG org.hibernate.engine.transaction.internal.TransactionImpl - committing
11:49:38.061 [Test worker] DEBUG org.hibernate.event.internal.AbstractFlushingEventListener - Processing flush-time cascades
11:49:38.061 [Test worker] DEBUG org.hibernate.event.internal.AbstractFlushingEventListener - Dirty checking collections
11:49:38.061 [Test worker] DEBUG org.hibernate.event.internal.AbstractFlushingEventListener - Flushed: 0 insertions, 0 updates, 0 deletions to 1 objects
11:49:38.061 [Test worker] DEBUG org.hibernate.event.internal.AbstractFlushingEventListener - Flushed: 0 (re)creations, 0 updates, 0 removals to 0 collections
11:49:38.061 [Test worker] DEBUG org.hibernate.internal.util.EntityPrinter - Listing entities:
11:49:38.061 [Test worker] DEBUG org.hibernate.internal.util.EntityPrinter - web_prak.java.classes.Supplies{supply_id=267, data_supply=2022-01-05, store_period=120, supplier_id=web_prak.java.classes.Suppliers#284, status=в процессе}
11:49:38.075 [Test worker] DEBUG org.hibernate.resource.jdbc.internal.LogicalConnectionManagedImpl - Initiating JDBC connection release from afterTransaction
11:49:38.075 [Test worker] DEBUG org.hibernate.resource.jdbc.internal.LogicalConnectionManagedImpl - Initiating JDBC connection release from afterTransaction
11:49:38.075 [Test worker] DEBUG org.hibernate.engine.transaction.internal.TransactionImpl - On TransactionImpl creation, JpaCompliance#isJpaTransactionComplianceEnabled == false
11:49:38.075 [Test worker] DEBUG org.hibernate.engine.transaction.internal.TransactionImpl - begin
11:49:38.076 [Test worker] DEBUG org.hibernate.engine.spi.ActionQueue - Executing identity-insert immediately
11:49:38.076 [Test worker] DEBUG org.hibernate.SQL - insert into supplies_list (product_id, quantity, supply_id) values (?, ?, ?)
Hibernate: insert into supplies_list (product_id, quantity, supply_id) values (?, ?, ?)
11:49:38.077 [Test worker] DEBUG org.hibernate.id.IdentifierGeneratorHelper - Natively generated identity: 147
11:49:38.078 [Test worker] DEBUG org.hibernate.resource.jdbc.internal.ResourceRegistryStandardImpl - HHH000387: ResultSet's statement was not registered
11:49:38.078 [Test worker] DEBUG org.hibernate.engine.transaction.internal.TransactionImpl - committing
11:49:38.078 [Test worker] DEBUG org.hibernate.event.internal.AbstractFlushingEventListener - Processing flush-time cascades
11:49:38.078 [Test worker] DEBUG org.hibernate.event.internal.AbstractFlushingEventListener - Dirty checking collections
11:49:38.078 [Test worker] DEBUG org.hibernate.event.internal.AbstractFlushingEventListener - Flushed: 0 insertions, 0 updates, 0 deletions to 1 objects
11:49:38.078 [Test worker] DEBUG org.hibernate.event.internal.AbstractFlushingEventListener - Flushed: 0 (re)creations, 0 updates, 0 removals to 0 collections
11:49:38.078 [Test worker] DEBUG org.hibernate.internal.util.EntityPrinter - Listing entities:
11:49:38.078 [Test worker] DEBUG org.hibernate.internal.util.EntityPrinter - web_prak.java.classes.Supplies_list{supply_id=web_prak.java.classes.Supplies#267, supplies_list_id=147, quantity=3, product_id=web_prak.java.classes.Products#443}
11:49:38.092 [Test worker] DEBUG org.hibernate.resource.jdbc.internal.LogicalConnectionManagedImpl - Initiating JDBC connection release from afterTransaction
11:49:38.092 [Test worker] DEBUG org.hibernate.resource.jdbc.internal.LogicalConnectionManagedImpl - Initiating JDBC connection release from afterTransaction
11:49:38.093 [Test worker] DEBUG org.hibernate.SQL - select supplies_l0_.supplies_list_id as supplies1_7_0_, supplies_l0_.product_id as product_3_7_0_, supplies_l0_.quantity as quantity2_7_0_, supplies_l0_.supply_id as supply_i4_7_0_, products1_.product_id as product_1_3_1_, products1_.expiration_date_from as expirati2_3_1_, products1_.expiration_date_to as expirati3_3_1_, products1_.measure as measure4_3_1_, products1_.place_id as place_id8_3_1_, products1_.product_name as product_5_3_1_, products1_.quantity as quantity6_3_1_, products1_.type as type7_3_1_, register_p2_.place_id as place_id1_4_2_, register_p2_.free as free2_4_2_, register_p2_.storage_location as storage_3_4_2_, supplies3_.supply_id as supply_i1_6_3_, supplies3_.data_supply as data_sup2_6_3_, supplies3_.status as status3_6_3_, supplies3_.store_period as store_pe4_6_3_, supplies3_.supplier_id as supplier5_6_3_, suppliers4_.supplier_id as supplier1_5_4_, suppliers4_.address as address2_5_4_, suppliers4_.contact as contact3_5_4_, suppliers4_.email as email4_5_4_, suppliers4_.supplier_name as supplier5_5_4_ from supplies_list supplies_l0_ left outer join products products1_ on supplies_l0_.product_id=products1_.product_id left outer join register_place register_p2_ on products1_.place_id=register_p2_.place_id left outer join supplies supplies3_ on supplies_l0_.supply_id=supplies3_.supply_id left outer join suppliers suppliers4_ on supplies3_.supplier_id=suppliers4_.supplier_id where supplies_l0_.supplies_list_id=?
Hibernate: select supplies_l0_.supplies_list_id as supplies1_7_0_, supplies_l0_.product_id as product_3_7_0_, supplies_l0_.quantity as quantity2_7_0_, supplies_l0_.supply_id as supply_i4_7_0_, products1_.product_id as product_1_3_1_, products1_.expiration_date_from as expirati2_3_1_, products1_.expiration_date_to as expirati3_3_1_, products1_.measure as measure4_3_1_, products1_.place_id as place_id8_3_1_, products1_.product_name as product_5_3_1_, products1_.quantity as quantity6_3_1_, products1_.type as type7_3_1_, register_p2_.place_id as place_id1_4_2_, register_p2_.free as free2_4_2_, register_p2_.storage_location as storage_3_4_2_, supplies3_.supply_id as supply_i1_6_3_, supplies3_.data_supply as data_sup2_6_3_, supplies3_.status as status3_6_3_, supplies3_.store_period as store_pe4_6_3_, supplies3_.supplier_id as supplier5_6_3_, suppliers4_.supplier_id as supplier1_5_4_, suppliers4_.address as address2_5_4_, suppliers4_.contact as contact3_5_4_, suppliers4_.email as email4_5_4_, suppliers4_.supplier_name as supplier5_5_4_ from supplies_list supplies_l0_ left outer join products products1_ on supplies_l0_.product_id=products1_.product_id left outer join register_place register_p2_ on products1_.place_id=register_p2_.place_id left outer join supplies supplies3_ on supplies_l0_.supply_id=supplies3_.supply_id left outer join suppliers suppliers4_ on supplies3_.supplier_id=suppliers4_.supplier_id where supplies_l0_.supplies_list_id=?
11:49:38.096 [Test worker] DEBUG org.hibernate.loader.plan.exec.process.internal.EntityReferenceInitializerImpl - On call to EntityIdentifierReaderImpl#resolve, EntityKey was already known; should only happen on root returns with an optional identifier specified
11:49:38.097 [Test worker] DEBUG org.hibernate.engine.internal.TwoPhaseLoad - Resolving attributes for [web_prak.java.classes.Supplies_list#147]
11:49:38.097 [Test worker] DEBUG org.hibernate.engine.internal.TwoPhaseLoad - Processing attribute `product_id` : value = 443
11:49:38.097 [Test worker] DEBUG org.hibernate.engine.internal.TwoPhaseLoad - Attribute (`product_id`)  - enhanced for lazy-loading? - false
11:49:38.098 [Test worker] DEBUG org.hibernate.engine.internal.TwoPhaseLoad - Processing attribute `quantity` : value = 3
11:49:38.098 [Test worker] DEBUG org.hibernate.engine.internal.TwoPhaseLoad - Attribute (`quantity`)  - enhanced for lazy-loading? - false
11:49:38.098 [Test worker] DEBUG org.hibernate.engine.internal.TwoPhaseLoad - Processing attribute `supply_id` : value = 267
11:49:38.098 [Test worker] DEBUG org.hibernate.engine.internal.TwoPhaseLoad - Attribute (`supply_id`)  - enhanced for lazy-loading? - false
11:49:38.098 [Test worker] DEBUG org.hibernate.engine.internal.TwoPhaseLoad - Done materializing entity [web_prak.java.classes.Supplies_list#147]
11:49:38.098 [Test worker] DEBUG org.hibernate.engine.internal.TwoPhaseLoad - Resolving attributes for [web_prak.java.classes.Products#443]
11:49:38.098 [Test worker] DEBUG org.hibernate.engine.internal.TwoPhaseLoad - Processing attribute `expiration_date_from` : value = 2021-08-01
11:49:38.098 [Test worker] DEBUG org.hibernate.engine.internal.TwoPhaseLoad - Attribute (`expiration_date_from`)  - enhanced for lazy-loading? - false
11:49:38.098 [Test worker] DEBUG org.hibernate.engine.internal.TwoPhaseLoad - Processing attribute `expiration_date_to` : value = 2022-08-01
11:49:38.098 [Test worker] DEBUG org.hibernate.engine.internal.TwoPhaseLoad - Attribute (`expiration_date_to`)  - enhanced for lazy-loading? - false
11:49:38.098 [Test worker] DEBUG org.hibernate.engine.internal.TwoPhaseLoad - Processing attribute `measure` : value = штук
11:49:38.098 [Test worker] DEBUG org.hibernate.engine.internal.TwoPhaseLoad - Attribute (`measure`)  - enhanced for lazy-loading? - false
11:49:38.098 [Test worker] DEBUG org.hibernate.engine.internal.TwoPhaseLoad - Processing attribute `place_id` : value = 557
11:49:38.098 [Test worker] DEBUG org.hibernate.engine.internal.TwoPhaseLoad - Attribute (`place_id`)  - enhanced for lazy-loading? - false
11:49:38.098 [Test worker] DEBUG org.hibernate.engine.internal.TwoPhaseLoad - Processing attribute `product_name` : value = Asus Rog Strix
11:49:38.098 [Test worker] DEBUG org.hibernate.engine.internal.TwoPhaseLoad - Attribute (`product_name`)  - enhanced for lazy-loading? - false
11:49:38.098 [Test worker] DEBUG org.hibernate.engine.internal.TwoPhaseLoad - Processing attribute `quantity` : value = 5
11:49:38.098 [Test worker] DEBUG org.hibernate.engine.internal.TwoPhaseLoad - Attribute (`quantity`)  - enhanced for lazy-loading? - false
11:49:38.098 [Test worker] DEBUG org.hibernate.engine.internal.TwoPhaseLoad - Processing attribute `type` : value = Ноутбуки
11:49:38.098 [Test worker] DEBUG org.hibernate.engine.internal.TwoPhaseLoad - Attribute (`type`)  - enhanced for lazy-loading? - false
11:49:38.098 [Test worker] DEBUG org.hibernate.engine.internal.TwoPhaseLoad - Done materializing entity [web_prak.java.classes.Products#443]
11:49:38.098 [Test worker] DEBUG org.hibernate.engine.internal.TwoPhaseLoad - Resolving attributes for [web_prak.java.classes.Register_place#557]
11:49:38.098 [Test worker] DEBUG org.hibernate.engine.internal.TwoPhaseLoad - Processing attribute `free` : value = нет
11:49:38.098 [Test worker] DEBUG org.hibernate.engine.internal.TwoPhaseLoad - Attribute (`free`)  - enhanced for lazy-loading? - false
11:49:38.098 [Test worker] DEBUG org.hibernate.engine.internal.TwoPhaseLoad - Processing attribute `storage_location` : value = 02 10 03
11:49:38.098 [Test worker] DEBUG org.hibernate.engine.internal.TwoPhaseLoad - Attribute (`storage_location`)  - enhanced for lazy-loading? - false
11:49:38.098 [Test worker] DEBUG org.hibernate.engine.internal.TwoPhaseLoad - Done materializing entity [web_prak.java.classes.Register_place#557]
11:49:38.098 [Test worker] DEBUG org.hibernate.engine.internal.TwoPhaseLoad - Resolving attributes for [web_prak.java.classes.Supplies#267]
11:49:38.098 [Test worker] DEBUG org.hibernate.engine.internal.TwoPhaseLoad - Processing attribute `data_supply` : value = 2022-01-05
11:49:38.098 [Test worker] DEBUG org.hibernate.engine.internal.TwoPhaseLoad - Attribute (`data_supply`)  - enhanced for lazy-loading? - false
11:49:38.098 [Test worker] DEBUG org.hibernate.engine.internal.TwoPhaseLoad - Processing attribute `status` : value = в процессе
11:49:38.098 [Test worker] DEBUG org.hibernate.engine.internal.TwoPhaseLoad - Attribute (`status`)  - enhanced for lazy-loading? - false
11:49:38.098 [Test worker] DEBUG org.hibernate.engine.internal.TwoPhaseLoad - Processing attribute `store_period` : value = 120
11:49:38.098 [Test worker] DEBUG org.hibernate.engine.internal.TwoPhaseLoad - Attribute (`store_period`)  - enhanced for lazy-loading? - false
11:49:38.098 [Test worker] DEBUG org.hibernate.engine.internal.TwoPhaseLoad - Processing attribute `supplier_id` : value = 284
11:49:38.098 [Test worker] DEBUG org.hibernate.engine.internal.TwoPhaseLoad - Attribute (`supplier_id`)  - enhanced for lazy-loading? - false
11:49:38.098 [Test worker] DEBUG org.hibernate.engine.internal.TwoPhaseLoad - Done materializing entity [web_prak.java.classes.Supplies#267]
11:49:38.098 [Test worker] DEBUG org.hibernate.engine.internal.TwoPhaseLoad - Resolving attributes for [web_prak.java.classes.Suppliers#284]
11:49:38.098 [Test worker] DEBUG org.hibernate.engine.internal.TwoPhaseLoad - Processing attribute `address` : value = улица Пятницкая, д27
11:49:38.098 [Test worker] DEBUG org.hibernate.engine.internal.TwoPhaseLoad - Attribute (`address`)  - enhanced for lazy-loading? - false
11:49:38.099 [Test worker] DEBUG org.hibernate.engine.internal.TwoPhaseLoad - Processing attribute `contact` : value = +7 (926) 059-17-93
11:49:38.099 [Test worker] DEBUG org.hibernate.engine.internal.TwoPhaseLoad - Attribute (`contact`)  - enhanced for lazy-loading? - false
11:49:38.099 [Test worker] DEBUG org.hibernate.engine.internal.TwoPhaseLoad - Processing attribute `email` : value = wokker0@infoseek.co.jp
11:49:38.099 [Test worker] DEBUG org.hibernate.engine.internal.TwoPhaseLoad - Attribute (`email`)  - enhanced for lazy-loading? - false
11:49:38.099 [Test worker] DEBUG org.hibernate.engine.internal.TwoPhaseLoad - Processing attribute `supplier_name` : value = Казакова Алиса
11:49:38.099 [Test worker] DEBUG org.hibernate.engine.internal.TwoPhaseLoad - Attribute (`supplier_name`)  - enhanced for lazy-loading? - false
11:49:38.099 [Test worker] DEBUG org.hibernate.engine.internal.TwoPhaseLoad - Done materializing entity [web_prak.java.classes.Suppliers#284]
11:49:38.099 [Test worker] DEBUG org.hibernate.loader.entity.plan.AbstractLoadPlanBasedEntityLoader - Done entity load : web_prak.java.classes.Supplies_list#147
11:49:38.099 [Test worker] DEBUG org.hibernate.resource.jdbc.internal.LogicalConnectionManagedImpl - Initiating JDBC connection release from afterTransaction
11:49:38.100 [Test worker] DEBUG org.hibernate.engine.transaction.internal.TransactionImpl - On TransactionImpl creation, JpaCompliance#isJpaTransactionComplianceEnabled == false
11:49:38.100 [Test worker] DEBUG org.hibernate.engine.transaction.internal.TransactionImpl - begin
11:49:38.100 [Test worker] DEBUG org.hibernate.engine.transaction.internal.TransactionImpl - committing
11:49:38.100 [Test worker] DEBUG org.hibernate.event.internal.AbstractFlushingEventListener - Processing flush-time cascades
11:49:38.100 [Test worker] DEBUG org.hibernate.event.internal.AbstractFlushingEventListener - Dirty checking collections
11:49:38.100 [Test worker] DEBUG org.hibernate.event.internal.AbstractFlushingEventListener - Flushed: 0 insertions, 0 updates, 1 deletions to 1 objects
11:49:38.100 [Test worker] DEBUG org.hibernate.event.internal.AbstractFlushingEventListener - Flushed: 0 (re)creations, 0 updates, 0 removals to 0 collections
11:49:38.100 [Test worker] DEBUG org.hibernate.internal.util.EntityPrinter - Listing entities:
11:49:38.100 [Test worker] DEBUG org.hibernate.internal.util.EntityPrinter - web_prak.java.classes.Supplies_list{supply_id=web_prak.java.classes.Supplies#267, supplies_list_id=147, quantity=3, product_id=web_prak.java.classes.Products#443}
11:49:38.100 [Test worker] DEBUG org.hibernate.SQL - delete from supplies_list where supplies_list_id=?
Hibernate: delete from supplies_list where supplies_list_id=?
11:49:38.120 [Test worker] DEBUG org.hibernate.resource.jdbc.internal.LogicalConnectionManagedImpl - Initiating JDBC connection release from afterTransaction
11:49:38.120 [Test worker] DEBUG org.hibernate.resource.jdbc.internal.LogicalConnectionManagedImpl - Initiating JDBC connection release from afterTransaction
11:49:38.120 [Test worker] DEBUG org.hibernate.engine.jdbc.internal.JdbcCoordinatorImpl - HHH000420: Closing un-released batch
11:49:38.120 [Test worker] DEBUG org.hibernate.engine.transaction.internal.TransactionImpl - On TransactionImpl creation, JpaCompliance#isJpaTransactionComplianceEnabled == false
11:49:38.120 [Test worker] DEBUG org.hibernate.engine.transaction.internal.TransactionImpl - begin
11:49:38.120 [Test worker] DEBUG org.hibernate.engine.transaction.internal.TransactionImpl - committing
11:49:38.120 [Test worker] DEBUG org.hibernate.event.internal.AbstractFlushingEventListener - Processing flush-time cascades
11:49:38.120 [Test worker] DEBUG org.hibernate.event.internal.AbstractFlushingEventListener - Dirty checking collections
11:49:38.120 [Test worker] DEBUG org.hibernate.event.internal.AbstractFlushingEventListener - Flushed: 0 insertions, 0 updates, 1 deletions to 1 objects
11:49:38.120 [Test worker] DEBUG org.hibernate.event.internal.AbstractFlushingEventListener - Flushed: 0 (re)creations, 0 updates, 0 removals to 0 collections
11:49:38.120 [Test worker] DEBUG org.hibernate.internal.util.EntityPrinter - Listing entities:
11:49:38.120 [Test worker] DEBUG org.hibernate.internal.util.EntityPrinter - web_prak.java.classes.Products{measure=штук, quantity=5, expiration_date_to=2022-08-01, product_id=443, expiration_date_from=2021-08-01, type=Ноутбуки, product_name=Asus Rog Strix, place_id=web_prak.java.classes.Register_place#557}
11:49:38.120 [Test worker] DEBUG org.hibernate.SQL - delete from products where product_id=?
Hibernate: delete from products where product_id=?
11:49:38.137 [Test worker] DEBUG org.hibernate.resource.jdbc.internal.LogicalConnectionManagedImpl - Initiating JDBC connection release from afterTransaction
11:49:38.137 [Test worker] DEBUG org.hibernate.resource.jdbc.internal.LogicalConnectionManagedImpl - Initiating JDBC connection release from afterTransaction
11:49:38.137 [Test worker] DEBUG org.hibernate.engine.jdbc.internal.JdbcCoordinatorImpl - HHH000420: Closing un-released batch
11:49:38.137 [Test worker] DEBUG org.hibernate.engine.transaction.internal.TransactionImpl - On TransactionImpl creation, JpaCompliance#isJpaTransactionComplianceEnabled == false
11:49:38.137 [Test worker] DEBUG org.hibernate.engine.transaction.internal.TransactionImpl - begin
11:49:38.137 [Test worker] DEBUG org.hibernate.engine.transaction.internal.TransactionImpl - committing
11:49:38.137 [Test worker] DEBUG org.hibernate.event.internal.AbstractFlushingEventListener - Processing flush-time cascades
11:49:38.137 [Test worker] DEBUG org.hibernate.event.internal.AbstractFlushingEventListener - Dirty checking collections
11:49:38.138 [Test worker] DEBUG org.hibernate.event.internal.AbstractFlushingEventListener - Flushed: 0 insertions, 0 updates, 1 deletions to 1 objects
11:49:38.138 [Test worker] DEBUG org.hibernate.event.internal.AbstractFlushingEventListener - Flushed: 0 (re)creations, 0 updates, 0 removals to 0 collections
11:49:38.138 [Test worker] DEBUG org.hibernate.internal.util.EntityPrinter - Listing entities:
11:49:38.138 [Test worker] DEBUG org.hibernate.internal.util.EntityPrinter - web_prak.java.classes.Register_place{storage_location=02 10 03, free=нет, place_id=557}
11:49:38.138 [Test worker] DEBUG org.hibernate.SQL - delete from register_place where place_id=?
Hibernate: delete from register_place where place_id=?
11:49:38.153 [Test worker] DEBUG org.hibernate.resource.jdbc.internal.LogicalConnectionManagedImpl - Initiating JDBC connection release from afterTransaction
11:49:38.153 [Test worker] DEBUG org.hibernate.resource.jdbc.internal.LogicalConnectionManagedImpl - Initiating JDBC connection release from afterTransaction
11:49:38.154 [Test worker] DEBUG org.hibernate.engine.jdbc.internal.JdbcCoordinatorImpl - HHH000420: Closing un-released batch
11:49:38.154 [Test worker] DEBUG org.hibernate.engine.transaction.internal.TransactionImpl - On TransactionImpl creation, JpaCompliance#isJpaTransactionComplianceEnabled == false
11:49:38.154 [Test worker] DEBUG org.hibernate.engine.transaction.internal.TransactionImpl - begin
11:49:38.154 [Test worker] DEBUG org.hibernate.engine.transaction.internal.TransactionImpl - committing
11:49:38.154 [Test worker] DEBUG org.hibernate.event.internal.AbstractFlushingEventListener - Processing flush-time cascades
11:49:38.154 [Test worker] DEBUG org.hibernate.event.internal.AbstractFlushingEventListener - Dirty checking collections
11:49:38.154 [Test worker] DEBUG org.hibernate.event.internal.AbstractFlushingEventListener - Flushed: 0 insertions, 0 updates, 1 deletions to 1 objects
11:49:38.154 [Test worker] DEBUG org.hibernate.event.internal.AbstractFlushingEventListener - Flushed: 0 (re)creations, 0 updates, 0 removals to 0 collections
11:49:38.154 [Test worker] DEBUG org.hibernate.internal.util.EntityPrinter - Listing entities:
11:49:38.154 [Test worker] DEBUG org.hibernate.internal.util.EntityPrinter - web_prak.java.classes.Supplies{supply_id=267, data_supply=2022-01-05, store_period=120, supplier_id=web_prak.java.classes.Suppliers#284, status=в процессе}
11:49:38.154 [Test worker] DEBUG org.hibernate.SQL - delete from supplies where supply_id=?
Hibernate: delete from supplies where supply_id=?
11:49:38.171 [Test worker] DEBUG org.hibernate.resource.jdbc.internal.LogicalConnectionManagedImpl - Initiating JDBC connection release from afterTransaction
11:49:38.171 [Test worker] DEBUG org.hibernate.resource.jdbc.internal.LogicalConnectionManagedImpl - Initiating JDBC connection release from afterTransaction
11:49:38.171 [Test worker] DEBUG org.hibernate.engine.jdbc.internal.JdbcCoordinatorImpl - HHH000420: Closing un-released batch
11:49:38.171 [Test worker] DEBUG org.hibernate.engine.transaction.internal.TransactionImpl - On TransactionImpl creation, JpaCompliance#isJpaTransactionComplianceEnabled == false
11:49:38.171 [Test worker] DEBUG org.hibernate.engine.transaction.internal.TransactionImpl - begin
11:49:38.171 [Test worker] DEBUG org.hibernate.engine.transaction.internal.TransactionImpl - committing
11:49:38.171 [Test worker] DEBUG org.hibernate.event.internal.AbstractFlushingEventListener - Processing flush-time cascades
11:49:38.171 [Test worker] DEBUG org.hibernate.event.internal.AbstractFlushingEventListener - Dirty checking collections
11:49:38.171 [Test worker] DEBUG org.hibernate.event.internal.AbstractFlushingEventListener - Flushed: 0 insertions, 0 updates, 1 deletions to 1 objects
11:49:38.171 [Test worker] DEBUG org.hibernate.event.internal.AbstractFlushingEventListener - Flushed: 0 (re)creations, 0 updates, 0 removals to 0 collections
11:49:38.171 [Test worker] DEBUG org.hibernate.internal.util.EntityPrinter - Listing entities:
11:49:38.171 [Test worker] DEBUG org.hibernate.internal.util.EntityPrinter - web_prak.java.classes.Suppliers{address=улица Пятницкая, д27, contact=+7 (926) 059-17-93, supplier_name=Казакова Алиса, supplier_id=284, email=wokker0@infoseek.co.jp}
11:49:38.171 [Test worker] DEBUG org.hibernate.SQL - delete from suppliers where supplier_id=?
Hibernate: delete from suppliers where supplier_id=?
11:49:38.187 [Test worker] DEBUG org.hibernate.resource.jdbc.internal.LogicalConnectionManagedImpl - Initiating JDBC connection release from afterTransaction
11:49:38.187 [Test worker] DEBUG org.hibernate.resource.jdbc.internal.LogicalConnectionManagedImpl - Initiating JDBC connection release from afterTransaction
11:49:38.187 [Test worker] DEBUG org.hibernate.engine.jdbc.internal.JdbcCoordinatorImpl - HHH000420: Closing un-released batch
11:49:38.188 [Test worker] DEBUG org.hibernate.engine.transaction.internal.TransactionImpl - On TransactionImpl creation, JpaCompliance#isJpaTransactionComplianceEnabled == false
11:49:38.188 [Test worker] DEBUG org.hibernate.engine.transaction.internal.TransactionImpl - begin
11:49:38.188 [Test worker] DEBUG org.hibernate.engine.spi.ActionQueue - Executing identity-insert immediately
11:49:38.188 [Test worker] DEBUG org.hibernate.SQL - insert into register_place (free, storage_location) values (?, ?)
Hibernate: insert into register_place (free, storage_location) values (?, ?)
11:49:38.188 [Test worker] DEBUG org.hibernate.id.IdentifierGeneratorHelper - Natively generated identity: 558
11:49:38.188 [Test worker] DEBUG org.hibernate.resource.jdbc.internal.ResourceRegistryStandardImpl - HHH000387: ResultSet's statement was not registered
11:49:38.188 [Test worker] DEBUG org.hibernate.engine.transaction.internal.TransactionImpl - committing
11:49:38.188 [Test worker] DEBUG org.hibernate.event.internal.AbstractFlushingEventListener - Processing flush-time cascades
11:49:38.188 [Test worker] DEBUG org.hibernate.event.internal.AbstractFlushingEventListener - Dirty checking collections
11:49:38.189 [Test worker] DEBUG org.hibernate.event.internal.AbstractFlushingEventListener - Flushed: 0 insertions, 0 updates, 0 deletions to 1 objects
11:49:38.189 [Test worker] DEBUG org.hibernate.event.internal.AbstractFlushingEventListener - Flushed: 0 (re)creations, 0 updates, 0 removals to 0 collections
11:49:38.189 [Test worker] DEBUG org.hibernate.internal.util.EntityPrinter - Listing entities:
11:49:38.189 [Test worker] DEBUG org.hibernate.internal.util.EntityPrinter - web_prak.java.classes.Register_place{storage_location=02 10 03, free=нет, place_id=558}
11:49:38.204 [Test worker] DEBUG org.hibernate.resource.jdbc.internal.LogicalConnectionManagedImpl - Initiating JDBC connection release from afterTransaction
11:49:38.204 [Test worker] DEBUG org.hibernate.resource.jdbc.internal.LogicalConnectionManagedImpl - Initiating JDBC connection release from afterTransaction
11:49:38.204 [Test worker] DEBUG org.hibernate.engine.transaction.internal.TransactionImpl - On TransactionImpl creation, JpaCompliance#isJpaTransactionComplianceEnabled == false
11:49:38.204 [Test worker] DEBUG org.hibernate.engine.transaction.internal.TransactionImpl - begin
11:49:38.205 [Test worker] DEBUG org.hibernate.engine.spi.ActionQueue - Executing identity-insert immediately
11:49:38.205 [Test worker] DEBUG org.hibernate.SQL - insert into products (expiration_date_from, expiration_date_to, measure, place_id, product_name, quantity, type) values (?, ?, ?, ?, ?, ?, ?)
Hibernate: insert into products (expiration_date_from, expiration_date_to, measure, place_id, product_name, quantity, type) values (?, ?, ?, ?, ?, ?, ?)
11:49:38.206 [Test worker] DEBUG org.hibernate.id.IdentifierGeneratorHelper - Natively generated identity: 444
11:49:38.206 [Test worker] DEBUG org.hibernate.resource.jdbc.internal.ResourceRegistryStandardImpl - HHH000387: ResultSet's statement was not registered
11:49:38.206 [Test worker] DEBUG org.hibernate.engine.transaction.internal.TransactionImpl - committing
11:49:38.206 [Test worker] DEBUG org.hibernate.event.internal.AbstractFlushingEventListener - Processing flush-time cascades
11:49:38.206 [Test worker] DEBUG org.hibernate.event.internal.AbstractFlushingEventListener - Dirty checking collections
11:49:38.206 [Test worker] DEBUG org.hibernate.event.internal.AbstractFlushingEventListener - Flushed: 0 insertions, 0 updates, 0 deletions to 1 objects
11:49:38.206 [Test worker] DEBUG org.hibernate.event.internal.AbstractFlushingEventListener - Flushed: 0 (re)creations, 0 updates, 0 removals to 0 collections
11:49:38.206 [Test worker] DEBUG org.hibernate.internal.util.EntityPrinter - Listing entities:
11:49:38.206 [Test worker] DEBUG org.hibernate.internal.util.EntityPrinter - web_prak.java.classes.Products{measure=штук, quantity=5, expiration_date_to=2022-08-01, product_id=444, expiration_date_from=2021-08-01, type=Ноутбуки, product_name=Asus Rog Strix, place_id=web_prak.java.classes.Register_place#558}
11:49:38.221 [Test worker] DEBUG org.hibernate.resource.jdbc.internal.LogicalConnectionManagedImpl - Initiating JDBC connection release from afterTransaction
11:49:38.221 [Test worker] DEBUG org.hibernate.resource.jdbc.internal.LogicalConnectionManagedImpl - Initiating JDBC connection release from afterTransaction
11:49:38.221 [Test worker] DEBUG org.hibernate.engine.transaction.internal.TransactionImpl - On TransactionImpl creation, JpaCompliance#isJpaTransactionComplianceEnabled == false
11:49:38.221 [Test worker] DEBUG org.hibernate.engine.transaction.internal.TransactionImpl - begin
11:49:38.221 [Test worker] DEBUG org.hibernate.engine.spi.ActionQueue - Executing identity-insert immediately
11:49:38.221 [Test worker] DEBUG org.hibernate.SQL - insert into suppliers (address, contact, email, supplier_name) values (?, ?, ?, ?)
Hibernate: insert into suppliers (address, contact, email, supplier_name) values (?, ?, ?, ?)
11:49:38.223 [Test worker] DEBUG org.hibernate.id.IdentifierGeneratorHelper - Natively generated identity: 285
11:49:38.223 [Test worker] DEBUG org.hibernate.resource.jdbc.internal.ResourceRegistryStandardImpl - HHH000387: ResultSet's statement was not registered
11:49:38.223 [Test worker] DEBUG org.hibernate.engine.transaction.internal.TransactionImpl - committing
11:49:38.223 [Test worker] DEBUG org.hibernate.event.internal.AbstractFlushingEventListener - Processing flush-time cascades
11:49:38.223 [Test worker] DEBUG org.hibernate.event.internal.AbstractFlushingEventListener - Dirty checking collections
11:49:38.223 [Test worker] DEBUG org.hibernate.event.internal.AbstractFlushingEventListener - Flushed: 0 insertions, 0 updates, 0 deletions to 1 objects
11:49:38.223 [Test worker] DEBUG org.hibernate.event.internal.AbstractFlushingEventListener - Flushed: 0 (re)creations, 0 updates, 0 removals to 0 collections
11:49:38.223 [Test worker] DEBUG org.hibernate.internal.util.EntityPrinter - Listing entities:
11:49:38.224 [Test worker] DEBUG org.hibernate.internal.util.EntityPrinter - web_prak.java.classes.Suppliers{address=улица Пятницкая, д27, contact=+7 (926) 059-17-93, supplier_name=Казакова Алиса, supplier_id=285, email=wokker0@infoseek.co.jp}
11:49:38.238 [Test worker] DEBUG org.hibernate.resource.jdbc.internal.LogicalConnectionManagedImpl - Initiating JDBC connection release from afterTransaction
11:49:38.238 [Test worker] DEBUG org.hibernate.resource.jdbc.internal.LogicalConnectionManagedImpl - Initiating JDBC connection release from afterTransaction
11:49:38.238 [Test worker] DEBUG org.hibernate.engine.transaction.internal.TransactionImpl - On TransactionImpl creation, JpaCompliance#isJpaTransactionComplianceEnabled == false
11:49:38.238 [Test worker] DEBUG org.hibernate.engine.transaction.internal.TransactionImpl - begin
11:49:38.239 [Test worker] DEBUG org.hibernate.engine.spi.ActionQueue - Executing identity-insert immediately
11:49:38.239 [Test worker] DEBUG org.hibernate.SQL - insert into supplies (data_supply, status, store_period, supplier_id) values (?, ?, ?, ?)
Hibernate: insert into supplies (data_supply, status, store_period, supplier_id) values (?, ?, ?, ?)
11:49:38.241 [Test worker] DEBUG org.hibernate.id.IdentifierGeneratorHelper - Natively generated identity: 268
11:49:38.241 [Test worker] DEBUG org.hibernate.resource.jdbc.internal.ResourceRegistryStandardImpl - HHH000387: ResultSet's statement was not registered
11:49:38.241 [Test worker] DEBUG org.hibernate.engine.transaction.internal.TransactionImpl - committing
11:49:38.241 [Test worker] DEBUG org.hibernate.event.internal.AbstractFlushingEventListener - Processing flush-time cascades
11:49:38.241 [Test worker] DEBUG org.hibernate.event.internal.AbstractFlushingEventListener - Dirty checking collections
11:49:38.242 [Test worker] DEBUG org.hibernate.event.internal.AbstractFlushingEventListener - Flushed: 0 insertions, 0 updates, 0 deletions to 1 objects
11:49:38.242 [Test worker] DEBUG org.hibernate.event.internal.AbstractFlushingEventListener - Flushed: 0 (re)creations, 0 updates, 0 removals to 0 collections
11:49:38.242 [Test worker] DEBUG org.hibernate.internal.util.EntityPrinter - Listing entities:
11:49:38.242 [Test worker] DEBUG org.hibernate.internal.util.EntityPrinter - web_prak.java.classes.Supplies{supply_id=268, data_supply=2022-01-05, store_period=120, supplier_id=web_prak.java.classes.Suppliers#285, status=в процессе}
11:49:38.254 [Test worker] DEBUG org.hibernate.resource.jdbc.internal.LogicalConnectionManagedImpl - Initiating JDBC connection release from afterTransaction
11:49:38.254 [Test worker] DEBUG org.hibernate.resource.jdbc.internal.LogicalConnectionManagedImpl - Initiating JDBC connection release from afterTransaction
11:49:38.255 [Test worker] DEBUG org.hibernate.engine.transaction.internal.TransactionImpl - On TransactionImpl creation, JpaCompliance#isJpaTransactionComplianceEnabled == false
11:49:38.255 [Test worker] DEBUG org.hibernate.engine.transaction.internal.TransactionImpl - begin
11:49:38.255 [Test worker] DEBUG org.hibernate.engine.spi.ActionQueue - Executing identity-insert immediately
11:49:38.255 [Test worker] DEBUG org.hibernate.SQL - insert into supplies_list (product_id, quantity, supply_id) values (?, ?, ?)
Hibernate: insert into supplies_list (product_id, quantity, supply_id) values (?, ?, ?)
11:49:38.257 [Test worker] DEBUG org.hibernate.id.IdentifierGeneratorHelper - Natively generated identity: 148
11:49:38.257 [Test worker] DEBUG org.hibernate.resource.jdbc.internal.ResourceRegistryStandardImpl - HHH000387: ResultSet's statement was not registered
11:49:38.257 [Test worker] DEBUG org.hibernate.engine.transaction.internal.TransactionImpl - committing
11:49:38.257 [Test worker] DEBUG org.hibernate.event.internal.AbstractFlushingEventListener - Processing flush-time cascades
11:49:38.257 [Test worker] DEBUG org.hibernate.event.internal.AbstractFlushingEventListener - Dirty checking collections
11:49:38.258 [Test worker] DEBUG org.hibernate.event.internal.AbstractFlushingEventListener - Flushed: 0 insertions, 0 updates, 0 deletions to 1 objects
11:49:38.258 [Test worker] DEBUG org.hibernate.event.internal.AbstractFlushingEventListener - Flushed: 0 (re)creations, 0 updates, 0 removals to 0 collections
11:49:38.258 [Test worker] DEBUG org.hibernate.internal.util.EntityPrinter - Listing entities:
11:49:38.258 [Test worker] DEBUG org.hibernate.internal.util.EntityPrinter - web_prak.java.classes.Supplies_list{supply_id=web_prak.java.classes.Supplies#268, supplies_list_id=148, quantity=3, product_id=web_prak.java.classes.Products#444}
11:49:38.271 [Test worker] DEBUG org.hibernate.resource.jdbc.internal.LogicalConnectionManagedImpl - Initiating JDBC connection release from afterTransaction
11:49:38.272 [Test worker] DEBUG org.hibernate.resource.jdbc.internal.LogicalConnectionManagedImpl - Initiating JDBC connection release from afterTransaction
11:49:38.272 [Test worker] DEBUG org.hibernate.SQL - select supplies_l0_.supplies_list_id as supplies1_7_0_, supplies_l0_.product_id as product_3_7_0_, supplies_l0_.quantity as quantity2_7_0_, supplies_l0_.supply_id as supply_i4_7_0_, products1_.product_id as product_1_3_1_, products1_.expiration_date_from as expirati2_3_1_, products1_.expiration_date_to as expirati3_3_1_, products1_.measure as measure4_3_1_, products1_.place_id as place_id8_3_1_, products1_.product_name as product_5_3_1_, products1_.quantity as quantity6_3_1_, products1_.type as type7_3_1_, register_p2_.place_id as place_id1_4_2_, register_p2_.free as free2_4_2_, register_p2_.storage_location as storage_3_4_2_, supplies3_.supply_id as supply_i1_6_3_, supplies3_.data_supply as data_sup2_6_3_, supplies3_.status as status3_6_3_, supplies3_.store_period as store_pe4_6_3_, supplies3_.supplier_id as supplier5_6_3_, suppliers4_.supplier_id as supplier1_5_4_, suppliers4_.address as address2_5_4_, suppliers4_.contact as contact3_5_4_, suppliers4_.email as email4_5_4_, suppliers4_.supplier_name as supplier5_5_4_ from supplies_list supplies_l0_ left outer join products products1_ on supplies_l0_.product_id=products1_.product_id left outer join register_place register_p2_ on products1_.place_id=register_p2_.place_id left outer join supplies supplies3_ on supplies_l0_.supply_id=supplies3_.supply_id left outer join suppliers suppliers4_ on supplies3_.supplier_id=suppliers4_.supplier_id where supplies_l0_.supplies_list_id=?
Hibernate: select supplies_l0_.supplies_list_id as supplies1_7_0_, supplies_l0_.product_id as product_3_7_0_, supplies_l0_.quantity as quantity2_7_0_, supplies_l0_.supply_id as supply_i4_7_0_, products1_.product_id as product_1_3_1_, products1_.expiration_date_from as expirati2_3_1_, products1_.expiration_date_to as expirati3_3_1_, products1_.measure as measure4_3_1_, products1_.place_id as place_id8_3_1_, products1_.product_name as product_5_3_1_, products1_.quantity as quantity6_3_1_, products1_.type as type7_3_1_, register_p2_.place_id as place_id1_4_2_, register_p2_.free as free2_4_2_, register_p2_.storage_location as storage_3_4_2_, supplies3_.supply_id as supply_i1_6_3_, supplies3_.data_supply as data_sup2_6_3_, supplies3_.status as status3_6_3_, supplies3_.store_period as store_pe4_6_3_, supplies3_.supplier_id as supplier5_6_3_, suppliers4_.supplier_id as supplier1_5_4_, suppliers4_.address as address2_5_4_, suppliers4_.contact as contact3_5_4_, suppliers4_.email as email4_5_4_, suppliers4_.supplier_name as supplier5_5_4_ from supplies_list supplies_l0_ left outer join products products1_ on supplies_l0_.product_id=products1_.product_id left outer join register_place register_p2_ on products1_.place_id=register_p2_.place_id left outer join supplies supplies3_ on supplies_l0_.supply_id=supplies3_.supply_id left outer join suppliers suppliers4_ on supplies3_.supplier_id=suppliers4_.supplier_id where supplies_l0_.supplies_list_id=?
11:49:38.276 [Test worker] DEBUG org.hibernate.loader.plan.exec.process.internal.EntityReferenceInitializerImpl - On call to EntityIdentifierReaderImpl#resolve, EntityKey was already known; should only happen on root returns with an optional identifier specified
11:49:38.277 [Test worker] DEBUG org.hibernate.engine.internal.TwoPhaseLoad - Resolving attributes for [web_prak.java.classes.Supplies_list#148]
11:49:38.277 [Test worker] DEBUG org.hibernate.engine.internal.TwoPhaseLoad - Processing attribute `product_id` : value = 444
11:49:38.277 [Test worker] DEBUG org.hibernate.engine.internal.TwoPhaseLoad - Attribute (`product_id`)  - enhanced for lazy-loading? - false
11:49:38.277 [Test worker] DEBUG org.hibernate.engine.internal.TwoPhaseLoad - Processing attribute `quantity` : value = 3
11:49:38.277 [Test worker] DEBUG org.hibernate.engine.internal.TwoPhaseLoad - Attribute (`quantity`)  - enhanced for lazy-loading? - false
11:49:38.277 [Test worker] DEBUG org.hibernate.engine.internal.TwoPhaseLoad - Processing attribute `supply_id` : value = 268
11:49:38.277 [Test worker] DEBUG org.hibernate.engine.internal.TwoPhaseLoad - Attribute (`supply_id`)  - enhanced for lazy-loading? - false
11:49:38.278 [Test worker] DEBUG org.hibernate.engine.internal.TwoPhaseLoad - Done materializing entity [web_prak.java.classes.Supplies_list#148]
11:49:38.278 [Test worker] DEBUG org.hibernate.engine.internal.TwoPhaseLoad - Resolving attributes for [web_prak.java.classes.Products#444]
11:49:38.278 [Test worker] DEBUG org.hibernate.engine.internal.TwoPhaseLoad - Processing attribute `expiration_date_from` : value = 2021-08-01
11:49:38.278 [Test worker] DEBUG org.hibernate.engine.internal.TwoPhaseLoad - Attribute (`expiration_date_from`)  - enhanced for lazy-loading? - false
11:49:38.278 [Test worker] DEBUG org.hibernate.engine.internal.TwoPhaseLoad - Processing attribute `expiration_date_to` : value = 2022-08-01
11:49:38.278 [Test worker] DEBUG org.hibernate.engine.internal.TwoPhaseLoad - Attribute (`expiration_date_to`)  - enhanced for lazy-loading? - false
11:49:38.278 [Test worker] DEBUG org.hibernate.engine.internal.TwoPhaseLoad - Processing attribute `measure` : value = штук
11:49:38.278 [Test worker] DEBUG org.hibernate.engine.internal.TwoPhaseLoad - Attribute (`measure`)  - enhanced for lazy-loading? - false
11:49:38.278 [Test worker] DEBUG org.hibernate.engine.internal.TwoPhaseLoad - Processing attribute `place_id` : value = 558
11:49:38.278 [Test worker] DEBUG org.hibernate.engine.internal.TwoPhaseLoad - Attribute (`place_id`)  - enhanced for lazy-loading? - false
11:49:38.278 [Test worker] DEBUG org.hibernate.engine.internal.TwoPhaseLoad - Processing attribute `product_name` : value = Asus Rog Strix
11:49:38.278 [Test worker] DEBUG org.hibernate.engine.internal.TwoPhaseLoad - Attribute (`product_name`)  - enhanced for lazy-loading? - false
11:49:38.278 [Test worker] DEBUG org.hibernate.engine.internal.TwoPhaseLoad - Processing attribute `quantity` : value = 5
11:49:38.278 [Test worker] DEBUG org.hibernate.engine.internal.TwoPhaseLoad - Attribute (`quantity`)  - enhanced for lazy-loading? - false
11:49:38.278 [Test worker] DEBUG org.hibernate.engine.internal.TwoPhaseLoad - Processing attribute `type` : value = Ноутбуки
11:49:38.278 [Test worker] DEBUG org.hibernate.engine.internal.TwoPhaseLoad - Attribute (`type`)  - enhanced for lazy-loading? - false
11:49:38.278 [Test worker] DEBUG org.hibernate.engine.internal.TwoPhaseLoad - Done materializing entity [web_prak.java.classes.Products#444]
11:49:38.278 [Test worker] DEBUG org.hibernate.engine.internal.TwoPhaseLoad - Resolving attributes for [web_prak.java.classes.Register_place#558]
11:49:38.278 [Test worker] DEBUG org.hibernate.engine.internal.TwoPhaseLoad - Processing attribute `free` : value = нет
11:49:38.278 [Test worker] DEBUG org.hibernate.engine.internal.TwoPhaseLoad - Attribute (`free`)  - enhanced for lazy-loading? - false
11:49:38.278 [Test worker] DEBUG org.hibernate.engine.internal.TwoPhaseLoad - Processing attribute `storage_location` : value = 02 10 03
11:49:38.278 [Test worker] DEBUG org.hibernate.engine.internal.TwoPhaseLoad - Attribute (`storage_location`)  - enhanced for lazy-loading? - false
11:49:38.278 [Test worker] DEBUG org.hibernate.engine.internal.TwoPhaseLoad - Done materializing entity [web_prak.java.classes.Register_place#558]
11:49:38.279 [Test worker] DEBUG org.hibernate.engine.internal.TwoPhaseLoad - Resolving attributes for [web_prak.java.classes.Supplies#268]
11:49:38.279 [Test worker] DEBUG org.hibernate.engine.internal.TwoPhaseLoad - Processing attribute `data_supply` : value = 2022-01-05
11:49:38.279 [Test worker] DEBUG org.hibernate.engine.internal.TwoPhaseLoad - Attribute (`data_supply`)  - enhanced for lazy-loading? - false
11:49:38.279 [Test worker] DEBUG org.hibernate.engine.internal.TwoPhaseLoad - Processing attribute `status` : value = в процессе
11:49:38.279 [Test worker] DEBUG org.hibernate.engine.internal.TwoPhaseLoad - Attribute (`status`)  - enhanced for lazy-loading? - false
11:49:38.279 [Test worker] DEBUG org.hibernate.engine.internal.TwoPhaseLoad - Processing attribute `store_period` : value = 120
11:49:38.279 [Test worker] DEBUG org.hibernate.engine.internal.TwoPhaseLoad - Attribute (`store_period`)  - enhanced for lazy-loading? - false
11:49:38.279 [Test worker] DEBUG org.hibernate.engine.internal.TwoPhaseLoad - Processing attribute `supplier_id` : value = 285
11:49:38.279 [Test worker] DEBUG org.hibernate.engine.internal.TwoPhaseLoad - Attribute (`supplier_id`)  - enhanced for lazy-loading? - false
11:49:38.279 [Test worker] DEBUG org.hibernate.engine.internal.TwoPhaseLoad - Done materializing entity [web_prak.java.classes.Supplies#268]
11:49:38.279 [Test worker] DEBUG org.hibernate.engine.internal.TwoPhaseLoad - Resolving attributes for [web_prak.java.classes.Suppliers#285]
11:49:38.279 [Test worker] DEBUG org.hibernate.engine.internal.TwoPhaseLoad - Processing attribute `address` : value = улица Пятницкая, д27
11:49:38.279 [Test worker] DEBUG org.hibernate.engine.internal.TwoPhaseLoad - Attribute (`address`)  - enhanced for lazy-loading? - false
11:49:38.279 [Test worker] DEBUG org.hibernate.engine.internal.TwoPhaseLoad - Processing attribute `contact` : value = +7 (926) 059-17-93
11:49:38.279 [Test worker] DEBUG org.hibernate.engine.internal.TwoPhaseLoad - Attribute (`contact`)  - enhanced for lazy-loading? - false
11:49:38.279 [Test worker] DEBUG org.hibernate.engine.internal.TwoPhaseLoad - Processing attribute `email` : value = wokker0@infoseek.co.jp
11:49:38.279 [Test worker] DEBUG org.hibernate.engine.internal.TwoPhaseLoad - Attribute (`email`)  - enhanced for lazy-loading? - false
11:49:38.279 [Test worker] DEBUG org.hibernate.engine.internal.TwoPhaseLoad - Processing attribute `supplier_name` : value = Казакова Алиса
11:49:38.279 [Test worker] DEBUG org.hibernate.engine.internal.TwoPhaseLoad - Attribute (`supplier_name`)  - enhanced for lazy-loading? - false
11:49:38.279 [Test worker] DEBUG org.hibernate.engine.internal.TwoPhaseLoad - Done materializing entity [web_prak.java.classes.Suppliers#285]
11:49:38.280 [Test worker] DEBUG org.hibernate.loader.entity.plan.AbstractLoadPlanBasedEntityLoader - Done entity load : web_prak.java.classes.Supplies_list#148
11:49:38.280 [Test worker] DEBUG org.hibernate.resource.jdbc.internal.LogicalConnectionManagedImpl - Initiating JDBC connection release from afterTransaction
11:49:38.281 [Test worker] DEBUG org.hibernate.engine.transaction.internal.TransactionImpl - On TransactionImpl creation, JpaCompliance#isJpaTransactionComplianceEnabled == false
11:49:38.281 [Test worker] DEBUG org.hibernate.engine.transaction.internal.TransactionImpl - begin
11:49:38.281 [Test worker] DEBUG org.hibernate.engine.transaction.internal.TransactionImpl - committing
11:49:38.281 [Test worker] DEBUG org.hibernate.event.internal.AbstractFlushingEventListener - Processing flush-time cascades
11:49:38.281 [Test worker] DEBUG org.hibernate.event.internal.AbstractFlushingEventListener - Dirty checking collections
11:49:38.281 [Test worker] DEBUG org.hibernate.event.internal.AbstractFlushingEventListener - Flushed: 0 insertions, 0 updates, 1 deletions to 1 objects
11:49:38.281 [Test worker] DEBUG org.hibernate.event.internal.AbstractFlushingEventListener - Flushed: 0 (re)creations, 0 updates, 0 removals to 0 collections
11:49:38.281 [Test worker] DEBUG org.hibernate.internal.util.EntityPrinter - Listing entities:
11:49:38.281 [Test worker] DEBUG org.hibernate.internal.util.EntityPrinter - web_prak.java.classes.Supplies_list{supply_id=web_prak.java.classes.Supplies#268, supplies_list_id=148, quantity=3, product_id=web_prak.java.classes.Products#444}
11:49:38.282 [Test worker] DEBUG org.hibernate.SQL - delete from supplies_list where supplies_list_id=?
Hibernate: delete from supplies_list where supplies_list_id=?
11:49:38.299 [Test worker] DEBUG org.hibernate.resource.jdbc.internal.LogicalConnectionManagedImpl - Initiating JDBC connection release from afterTransaction
11:49:38.299 [Test worker] DEBUG org.hibernate.resource.jdbc.internal.LogicalConnectionManagedImpl - Initiating JDBC connection release from afterTransaction
11:49:38.299 [Test worker] DEBUG org.hibernate.engine.jdbc.internal.JdbcCoordinatorImpl - HHH000420: Closing un-released batch
11:49:38.299 [Test worker] DEBUG org.hibernate.engine.transaction.internal.TransactionImpl - On TransactionImpl creation, JpaCompliance#isJpaTransactionComplianceEnabled == false
11:49:38.299 [Test worker] DEBUG org.hibernate.engine.transaction.internal.TransactionImpl - begin
11:49:38.300 [Test worker] DEBUG org.hibernate.engine.transaction.internal.TransactionImpl - committing
11:49:38.300 [Test worker] DEBUG org.hibernate.event.internal.AbstractFlushingEventListener - Processing flush-time cascades
11:49:38.300 [Test worker] DEBUG org.hibernate.event.internal.AbstractFlushingEventListener - Dirty checking collections
11:49:38.300 [Test worker] DEBUG org.hibernate.event.internal.AbstractFlushingEventListener - Flushed: 0 insertions, 0 updates, 1 deletions to 1 objects
11:49:38.300 [Test worker] DEBUG org.hibernate.event.internal.AbstractFlushingEventListener - Flushed: 0 (re)creations, 0 updates, 0 removals to 0 collections
11:49:38.300 [Test worker] DEBUG org.hibernate.internal.util.EntityPrinter - Listing entities:
11:49:38.300 [Test worker] DEBUG org.hibernate.internal.util.EntityPrinter - web_prak.java.classes.Products{measure=штук, quantity=5, expiration_date_to=2022-08-01, product_id=444, expiration_date_from=2021-08-01, type=Ноутбуки, product_name=Asus Rog Strix, place_id=web_prak.java.classes.Register_place#558}
11:49:38.300 [Test worker] DEBUG org.hibernate.SQL - delete from products where product_id=?
Hibernate: delete from products where product_id=?
11:49:38.316 [Test worker] DEBUG org.hibernate.resource.jdbc.internal.LogicalConnectionManagedImpl - Initiating JDBC connection release from afterTransaction
11:49:38.316 [Test worker] DEBUG org.hibernate.resource.jdbc.internal.LogicalConnectionManagedImpl - Initiating JDBC connection release from afterTransaction
11:49:38.316 [Test worker] DEBUG org.hibernate.engine.jdbc.internal.JdbcCoordinatorImpl - HHH000420: Closing un-released batch
11:49:38.316 [Test worker] DEBUG org.hibernate.engine.transaction.internal.TransactionImpl - On TransactionImpl creation, JpaCompliance#isJpaTransactionComplianceEnabled == false
11:49:38.317 [Test worker] DEBUG org.hibernate.engine.transaction.internal.TransactionImpl - begin
11:49:38.317 [Test worker] DEBUG org.hibernate.engine.transaction.internal.TransactionImpl - committing
11:49:38.317 [Test worker] DEBUG org.hibernate.event.internal.AbstractFlushingEventListener - Processing flush-time cascades
11:49:38.317 [Test worker] DEBUG org.hibernate.event.internal.AbstractFlushingEventListener - Dirty checking collections
11:49:38.317 [Test worker] DEBUG org.hibernate.event.internal.AbstractFlushingEventListener - Flushed: 0 insertions, 0 updates, 1 deletions to 1 objects
11:49:38.317 [Test worker] DEBUG org.hibernate.event.internal.AbstractFlushingEventListener - Flushed: 0 (re)creations, 0 updates, 0 removals to 0 collections
11:49:38.317 [Test worker] DEBUG org.hibernate.internal.util.EntityPrinter - Listing entities:
11:49:38.317 [Test worker] DEBUG org.hibernate.internal.util.EntityPrinter - web_prak.java.classes.Register_place{storage_location=02 10 03, free=нет, place_id=558}
11:49:38.318 [Test worker] DEBUG org.hibernate.SQL - delete from register_place where place_id=?
Hibernate: delete from register_place where place_id=?
11:49:38.332 [Test worker] DEBUG org.hibernate.resource.jdbc.internal.LogicalConnectionManagedImpl - Initiating JDBC connection release from afterTransaction
11:49:38.332 [Test worker] DEBUG org.hibernate.resource.jdbc.internal.LogicalConnectionManagedImpl - Initiating JDBC connection release from afterTransaction
11:49:38.333 [Test worker] DEBUG org.hibernate.engine.jdbc.internal.JdbcCoordinatorImpl - HHH000420: Closing un-released batch
11:49:38.333 [Test worker] DEBUG org.hibernate.engine.transaction.internal.TransactionImpl - On TransactionImpl creation, JpaCompliance#isJpaTransactionComplianceEnabled == false
11:49:38.333 [Test worker] DEBUG org.hibernate.engine.transaction.internal.TransactionImpl - begin
11:49:38.333 [Test worker] DEBUG org.hibernate.engine.transaction.internal.TransactionImpl - committing
11:49:38.333 [Test worker] DEBUG org.hibernate.event.internal.AbstractFlushingEventListener - Processing flush-time cascades
11:49:38.333 [Test worker] DEBUG org.hibernate.event.internal.AbstractFlushingEventListener - Dirty checking collections
11:49:38.334 [Test worker] DEBUG org.hibernate.event.internal.AbstractFlushingEventListener - Flushed: 0 insertions, 0 updates, 1 deletions to 1 objects
11:49:38.334 [Test worker] DEBUG org.hibernate.event.internal.AbstractFlushingEventListener - Flushed: 0 (re)creations, 0 updates, 0 removals to 0 collections
11:49:38.334 [Test worker] DEBUG org.hibernate.internal.util.EntityPrinter - Listing entities:
11:49:38.334 [Test worker] DEBUG org.hibernate.internal.util.EntityPrinter - web_prak.java.classes.Supplies{supply_id=268, data_supply=2022-01-05, store_period=120, supplier_id=web_prak.java.classes.Suppliers#285, status=в процессе}
11:49:38.334 [Test worker] DEBUG org.hibernate.SQL - delete from supplies where supply_id=?
Hibernate: delete from supplies where supply_id=?
11:49:38.350 [Test worker] DEBUG org.hibernate.resource.jdbc.internal.LogicalConnectionManagedImpl - Initiating JDBC connection release from afterTransaction
11:49:38.350 [Test worker] DEBUG org.hibernate.resource.jdbc.internal.LogicalConnectionManagedImpl - Initiating JDBC connection release from afterTransaction
11:49:38.350 [Test worker] DEBUG org.hibernate.engine.jdbc.internal.JdbcCoordinatorImpl - HHH000420: Closing un-released batch
11:49:38.350 [Test worker] DEBUG org.hibernate.engine.transaction.internal.TransactionImpl - On TransactionImpl creation, JpaCompliance#isJpaTransactionComplianceEnabled == false
11:49:38.350 [Test worker] DEBUG org.hibernate.engine.transaction.internal.TransactionImpl - begin
11:49:38.350 [Test worker] DEBUG org.hibernate.engine.transaction.internal.TransactionImpl - committing
11:49:38.351 [Test worker] DEBUG org.hibernate.event.internal.AbstractFlushingEventListener - Processing flush-time cascades
11:49:38.351 [Test worker] DEBUG org.hibernate.event.internal.AbstractFlushingEventListener - Dirty checking collections
11:49:38.351 [Test worker] DEBUG org.hibernate.event.internal.AbstractFlushingEventListener - Flushed: 0 insertions, 0 updates, 1 deletions to 1 objects
11:49:38.351 [Test worker] DEBUG org.hibernate.event.internal.AbstractFlushingEventListener - Flushed: 0 (re)creations, 0 updates, 0 removals to 0 collections
11:49:38.351 [Test worker] DEBUG org.hibernate.internal.util.EntityPrinter - Listing entities:
11:49:38.351 [Test worker] DEBUG org.hibernate.internal.util.EntityPrinter - web_prak.java.classes.Suppliers{address=улица Пятницкая, д27, contact=+7 (926) 059-17-93, supplier_name=Казакова Алиса, supplier_id=285, email=wokker0@infoseek.co.jp}
11:49:38.351 [Test worker] DEBUG org.hibernate.SQL - delete from suppliers where supplier_id=?
Hibernate: delete from suppliers where supplier_id=?
11:49:38.366 [Test worker] DEBUG org.hibernate.resource.jdbc.internal.LogicalConnectionManagedImpl - Initiating JDBC connection release from afterTransaction
11:49:38.366 [Test worker] DEBUG org.hibernate.resource.jdbc.internal.LogicalConnectionManagedImpl - Initiating JDBC connection release from afterTransaction
11:49:38.366 [Test worker] DEBUG org.hibernate.engine.jdbc.internal.JdbcCoordinatorImpl - HHH000420: Closing un-released batch
11:49:38.367 [Test worker] DEBUG org.hibernate.SQL - select supplies_l0_.supplies_list_id as supplies1_7_0_, supplies_l0_.product_id as product_3_7_0_, supplies_l0_.quantity as quantity2_7_0_, supplies_l0_.supply_id as supply_i4_7_0_, products1_.product_id as product_1_3_1_, products1_.expiration_date_from as expirati2_3_1_, products1_.expiration_date_to as expirati3_3_1_, products1_.measure as measure4_3_1_, products1_.place_id as place_id8_3_1_, products1_.product_name as product_5_3_1_, products1_.quantity as quantity6_3_1_, products1_.type as type7_3_1_, register_p2_.place_id as place_id1_4_2_, register_p2_.free as free2_4_2_, register_p2_.storage_location as storage_3_4_2_, supplies3_.supply_id as supply_i1_6_3_, supplies3_.data_supply as data_sup2_6_3_, supplies3_.status as status3_6_3_, supplies3_.store_period as store_pe4_6_3_, supplies3_.supplier_id as supplier5_6_3_, suppliers4_.supplier_id as supplier1_5_4_, suppliers4_.address as address2_5_4_, suppliers4_.contact as contact3_5_4_, suppliers4_.email as email4_5_4_, suppliers4_.supplier_name as supplier5_5_4_ from supplies_list supplies_l0_ left outer join products products1_ on supplies_l0_.product_id=products1_.product_id left outer join register_place register_p2_ on products1_.place_id=register_p2_.place_id left outer join supplies supplies3_ on supplies_l0_.supply_id=supplies3_.supply_id left outer join suppliers suppliers4_ on supplies3_.supplier_id=suppliers4_.supplier_id where supplies_l0_.supplies_list_id=?
Hibernate: select supplies_l0_.supplies_list_id as supplies1_7_0_, supplies_l0_.product_id as product_3_7_0_, supplies_l0_.quantity as quantity2_7_0_, supplies_l0_.supply_id as supply_i4_7_0_, products1_.product_id as product_1_3_1_, products1_.expiration_date_from as expirati2_3_1_, products1_.expiration_date_to as expirati3_3_1_, products1_.measure as measure4_3_1_, products1_.place_id as place_id8_3_1_, products1_.product_name as product_5_3_1_, products1_.quantity as quantity6_3_1_, products1_.type as type7_3_1_, register_p2_.place_id as place_id1_4_2_, register_p2_.free as free2_4_2_, register_p2_.storage_location as storage_3_4_2_, supplies3_.supply_id as supply_i1_6_3_, supplies3_.data_supply as data_sup2_6_3_, supplies3_.status as status3_6_3_, supplies3_.store_period as store_pe4_6_3_, supplies3_.supplier_id as supplier5_6_3_, suppliers4_.supplier_id as supplier1_5_4_, suppliers4_.address as address2_5_4_, suppliers4_.contact as contact3_5_4_, suppliers4_.email as email4_5_4_, suppliers4_.supplier_name as supplier5_5_4_ from supplies_list supplies_l0_ left outer join products products1_ on supplies_l0_.product_id=products1_.product_id left outer join register_place register_p2_ on products1_.place_id=register_p2_.place_id left outer join supplies supplies3_ on supplies_l0_.supply_id=supplies3_.supply_id left outer join suppliers suppliers4_ on supplies3_.supplier_id=suppliers4_.supplier_id where supplies_l0_.supplies_list_id=?
11:49:38.370 [Test worker] DEBUG org.hibernate.loader.entity.plan.AbstractLoadPlanBasedEntityLoader - Done entity load : web_prak.java.classes.Supplies_list#148
11:49:38.370 [Test worker] DEBUG org.hibernate.resource.jdbc.internal.LogicalConnectionManagedImpl - Initiating JDBC connection release from afterTransaction
11:49:38.372 [Test worker] DEBUG org.hibernate.engine.transaction.internal.TransactionImpl - On TransactionImpl creation, JpaCompliance#isJpaTransactionComplianceEnabled == false
11:49:38.372 [Test worker] DEBUG org.hibernate.engine.transaction.internal.TransactionImpl - begin
11:49:38.373 [Test worker] DEBUG org.hibernate.engine.spi.ActionQueue - Executing identity-insert immediately
11:49:38.373 [Test worker] DEBUG org.hibernate.SQL - insert into register_place (free, storage_location) values (?, ?)
Hibernate: insert into register_place (free, storage_location) values (?, ?)
11:49:38.374 [Test worker] DEBUG org.hibernate.id.IdentifierGeneratorHelper - Natively generated identity: 559
11:49:38.374 [Test worker] DEBUG org.hibernate.resource.jdbc.internal.ResourceRegistryStandardImpl - HHH000387: ResultSet's statement was not registered
11:49:38.374 [Test worker] DEBUG org.hibernate.engine.transaction.internal.TransactionImpl - committing
11:49:38.375 [Test worker] DEBUG org.hibernate.event.internal.AbstractFlushingEventListener - Processing flush-time cascades
11:49:38.375 [Test worker] DEBUG org.hibernate.event.internal.AbstractFlushingEventListener - Dirty checking collections
11:49:38.375 [Test worker] DEBUG org.hibernate.event.internal.AbstractFlushingEventListener - Flushed: 0 insertions, 0 updates, 0 deletions to 1 objects
11:49:38.375 [Test worker] DEBUG org.hibernate.event.internal.AbstractFlushingEventListener - Flushed: 0 (re)creations, 0 updates, 0 removals to 0 collections
11:49:38.375 [Test worker] DEBUG org.hibernate.internal.util.EntityPrinter - Listing entities:
11:49:38.375 [Test worker] DEBUG org.hibernate.internal.util.EntityPrinter - web_prak.java.classes.Register_place{storage_location=02 10 03, free=нет, place_id=559}
11:49:38.394 [Test worker] DEBUG org.hibernate.resource.jdbc.internal.LogicalConnectionManagedImpl - Initiating JDBC connection release from afterTransaction
11:49:38.394 [Test worker] DEBUG org.hibernate.resource.jdbc.internal.LogicalConnectionManagedImpl - Initiating JDBC connection release from afterTransaction
11:49:38.395 [Test worker] DEBUG org.hibernate.engine.transaction.internal.TransactionImpl - On TransactionImpl creation, JpaCompliance#isJpaTransactionComplianceEnabled == false
11:49:38.395 [Test worker] DEBUG org.hibernate.engine.transaction.internal.TransactionImpl - begin
11:49:38.395 [Test worker] DEBUG org.hibernate.engine.spi.ActionQueue - Executing identity-insert immediately
11:49:38.395 [Test worker] DEBUG org.hibernate.SQL - insert into products (expiration_date_from, expiration_date_to, measure, place_id, product_name, quantity, type) values (?, ?, ?, ?, ?, ?, ?)
Hibernate: insert into products (expiration_date_from, expiration_date_to, measure, place_id, product_name, quantity, type) values (?, ?, ?, ?, ?, ?, ?)
11:49:38.397 [Test worker] DEBUG org.hibernate.id.IdentifierGeneratorHelper - Natively generated identity: 445
11:49:38.397 [Test worker] DEBUG org.hibernate.resource.jdbc.internal.ResourceRegistryStandardImpl - HHH000387: ResultSet's statement was not registered
11:49:38.397 [Test worker] DEBUG org.hibernate.engine.transaction.internal.TransactionImpl - committing
11:49:38.397 [Test worker] DEBUG org.hibernate.event.internal.AbstractFlushingEventListener - Processing flush-time cascades
11:49:38.397 [Test worker] DEBUG org.hibernate.event.internal.AbstractFlushingEventListener - Dirty checking collections
11:49:38.397 [Test worker] DEBUG org.hibernate.event.internal.AbstractFlushingEventListener - Flushed: 0 insertions, 0 updates, 0 deletions to 1 objects
11:49:38.397 [Test worker] DEBUG org.hibernate.event.internal.AbstractFlushingEventListener - Flushed: 0 (re)creations, 0 updates, 0 removals to 0 collections
11:49:38.397 [Test worker] DEBUG org.hibernate.internal.util.EntityPrinter - Listing entities:
11:49:38.397 [Test worker] DEBUG org.hibernate.internal.util.EntityPrinter - web_prak.java.classes.Products{measure=штук, quantity=5, expiration_date_to=2022-08-01, product_id=445, expiration_date_from=2021-08-01, type=Ноутбуки, product_name=Asus Rog Strix, place_id=web_prak.java.classes.Register_place#559}
11:49:38.410 [Test worker] DEBUG org.hibernate.resource.jdbc.internal.LogicalConnectionManagedImpl - Initiating JDBC connection release from afterTransaction
11:49:38.410 [Test worker] DEBUG org.hibernate.resource.jdbc.internal.LogicalConnectionManagedImpl - Initiating JDBC connection release from afterTransaction
11:49:38.410 [Test worker] DEBUG org.hibernate.engine.transaction.internal.TransactionImpl - On TransactionImpl creation, JpaCompliance#isJpaTransactionComplianceEnabled == false
11:49:38.410 [Test worker] DEBUG org.hibernate.engine.transaction.internal.TransactionImpl - begin
11:49:38.411 [Test worker] DEBUG org.hibernate.engine.spi.ActionQueue - Executing identity-insert immediately
11:49:38.411 [Test worker] DEBUG org.hibernate.SQL - insert into suppliers (address, contact, email, supplier_name) values (?, ?, ?, ?)
Hibernate: insert into suppliers (address, contact, email, supplier_name) values (?, ?, ?, ?)
11:49:38.411 [Test worker] DEBUG org.hibernate.id.IdentifierGeneratorHelper - Natively generated identity: 286
11:49:38.411 [Test worker] DEBUG org.hibernate.resource.jdbc.internal.ResourceRegistryStandardImpl - HHH000387: ResultSet's statement was not registered
11:49:38.411 [Test worker] DEBUG org.hibernate.engine.transaction.internal.TransactionImpl - committing
11:49:38.411 [Test worker] DEBUG org.hibernate.event.internal.AbstractFlushingEventListener - Processing flush-time cascades
11:49:38.411 [Test worker] DEBUG org.hibernate.event.internal.AbstractFlushingEventListener - Dirty checking collections
11:49:38.411 [Test worker] DEBUG org.hibernate.event.internal.AbstractFlushingEventListener - Flushed: 0 insertions, 0 updates, 0 deletions to 1 objects
11:49:38.411 [Test worker] DEBUG org.hibernate.event.internal.AbstractFlushingEventListener - Flushed: 0 (re)creations, 0 updates, 0 removals to 0 collections
11:49:38.411 [Test worker] DEBUG org.hibernate.internal.util.EntityPrinter - Listing entities:
11:49:38.411 [Test worker] DEBUG org.hibernate.internal.util.EntityPrinter - web_prak.java.classes.Suppliers{address=улица Пятницкая, д27, contact=+7 (926) 059-17-93, supplier_name=Казакова Алиса, supplier_id=286, email=wokker0@infoseek.co.jp}
11:49:38.427 [Test worker] DEBUG org.hibernate.resource.jdbc.internal.LogicalConnectionManagedImpl - Initiating JDBC connection release from afterTransaction
11:49:38.427 [Test worker] DEBUG org.hibernate.resource.jdbc.internal.LogicalConnectionManagedImpl - Initiating JDBC connection release from afterTransaction
11:49:38.428 [Test worker] DEBUG org.hibernate.engine.transaction.internal.TransactionImpl - On TransactionImpl creation, JpaCompliance#isJpaTransactionComplianceEnabled == false
11:49:38.428 [Test worker] DEBUG org.hibernate.engine.transaction.internal.TransactionImpl - begin
11:49:38.428 [Test worker] DEBUG org.hibernate.engine.spi.ActionQueue - Executing identity-insert immediately
11:49:38.428 [Test worker] DEBUG org.hibernate.SQL - insert into supplies (data_supply, status, store_period, supplier_id) values (?, ?, ?, ?)
Hibernate: insert into supplies (data_supply, status, store_period, supplier_id) values (?, ?, ?, ?)
11:49:38.428 [Test worker] DEBUG org.hibernate.id.IdentifierGeneratorHelper - Natively generated identity: 269
11:49:38.428 [Test worker] DEBUG org.hibernate.resource.jdbc.internal.ResourceRegistryStandardImpl - HHH000387: ResultSet's statement was not registered
11:49:38.429 [Test worker] DEBUG org.hibernate.engine.transaction.internal.TransactionImpl - committing
11:49:38.429 [Test worker] DEBUG org.hibernate.event.internal.AbstractFlushingEventListener - Processing flush-time cascades
11:49:38.429 [Test worker] DEBUG org.hibernate.event.internal.AbstractFlushingEventListener - Dirty checking collections
11:49:38.429 [Test worker] DEBUG org.hibernate.event.internal.AbstractFlushingEventListener - Flushed: 0 insertions, 0 updates, 0 deletions to 1 objects
11:49:38.429 [Test worker] DEBUG org.hibernate.event.internal.AbstractFlushingEventListener - Flushed: 0 (re)creations, 0 updates, 0 removals to 0 collections
11:49:38.429 [Test worker] DEBUG org.hibernate.internal.util.EntityPrinter - Listing entities:
11:49:38.429 [Test worker] DEBUG org.hibernate.internal.util.EntityPrinter - web_prak.java.classes.Supplies{supply_id=269, data_supply=2022-01-05, store_period=120, supplier_id=web_prak.java.classes.Suppliers#286, status=в процессе}
11:49:38.444 [Test worker] DEBUG org.hibernate.resource.jdbc.internal.LogicalConnectionManagedImpl - Initiating JDBC connection release from afterTransaction
11:49:38.444 [Test worker] DEBUG org.hibernate.resource.jdbc.internal.LogicalConnectionManagedImpl - Initiating JDBC connection release from afterTransaction
11:49:38.444 [Test worker] DEBUG org.hibernate.engine.transaction.internal.TransactionImpl - On TransactionImpl creation, JpaCompliance#isJpaTransactionComplianceEnabled == false
11:49:38.444 [Test worker] DEBUG org.hibernate.engine.transaction.internal.TransactionImpl - begin
11:49:38.444 [Test worker] DEBUG org.hibernate.engine.spi.ActionQueue - Executing identity-insert immediately
11:49:38.444 [Test worker] DEBUG org.hibernate.SQL - insert into supplies_list (product_id, quantity, supply_id) values (?, ?, ?)
Hibernate: insert into supplies_list (product_id, quantity, supply_id) values (?, ?, ?)
11:49:38.445 [Test worker] DEBUG org.hibernate.id.IdentifierGeneratorHelper - Natively generated identity: 149
11:49:38.445 [Test worker] DEBUG org.hibernate.resource.jdbc.internal.ResourceRegistryStandardImpl - HHH000387: ResultSet's statement was not registered
11:49:38.445 [Test worker] DEBUG org.hibernate.engine.transaction.internal.TransactionImpl - committing
11:49:38.445 [Test worker] DEBUG org.hibernate.event.internal.AbstractFlushingEventListener - Processing flush-time cascades
11:49:38.445 [Test worker] DEBUG org.hibernate.event.internal.AbstractFlushingEventListener - Dirty checking collections
11:49:38.445 [Test worker] DEBUG org.hibernate.event.internal.AbstractFlushingEventListener - Flushed: 0 insertions, 0 updates, 0 deletions to 1 objects
11:49:38.445 [Test worker] DEBUG org.hibernate.event.internal.AbstractFlushingEventListener - Flushed: 0 (re)creations, 0 updates, 0 removals to 0 collections
11:49:38.445 [Test worker] DEBUG org.hibernate.internal.util.EntityPrinter - Listing entities:
11:49:38.445 [Test worker] DEBUG org.hibernate.internal.util.EntityPrinter - web_prak.java.classes.Supplies_list{supply_id=web_prak.java.classes.Supplies#269, supplies_list_id=149, quantity=3, product_id=web_prak.java.classes.Products#445}
11:49:38.461 [Test worker] DEBUG org.hibernate.resource.jdbc.internal.LogicalConnectionManagedImpl - Initiating JDBC connection release from afterTransaction
11:49:38.461 [Test worker] DEBUG org.hibernate.resource.jdbc.internal.LogicalConnectionManagedImpl - Initiating JDBC connection release from afterTransaction
11:49:38.461 [Test worker] DEBUG org.hibernate.engine.transaction.internal.TransactionImpl - On TransactionImpl creation, JpaCompliance#isJpaTransactionComplianceEnabled == false
11:49:38.461 [Test worker] DEBUG org.hibernate.engine.transaction.internal.TransactionImpl - begin
11:49:38.461 [Test worker] DEBUG org.hibernate.engine.spi.ActionQueue - Executing identity-insert immediately
11:49:38.461 [Test worker] DEBUG org.hibernate.SQL - insert into supplies_list (product_id, quantity, supply_id) values (?, ?, ?)
Hibernate: insert into supplies_list (product_id, quantity, supply_id) values (?, ?, ?)
11:49:38.462 [Test worker] DEBUG org.hibernate.id.IdentifierGeneratorHelper - Natively generated identity: 150
11:49:38.462 [Test worker] DEBUG org.hibernate.resource.jdbc.internal.ResourceRegistryStandardImpl - HHH000387: ResultSet's statement was not registered
11:49:38.462 [Test worker] DEBUG org.hibernate.engine.transaction.internal.TransactionImpl - committing
11:49:38.462 [Test worker] DEBUG org.hibernate.event.internal.AbstractFlushingEventListener - Processing flush-time cascades
11:49:38.462 [Test worker] DEBUG org.hibernate.event.internal.AbstractFlushingEventListener - Dirty checking collections
11:49:38.462 [Test worker] DEBUG org.hibernate.event.internal.AbstractFlushingEventListener - Flushed: 0 insertions, 0 updates, 0 deletions to 1 objects
11:49:38.462 [Test worker] DEBUG org.hibernate.event.internal.AbstractFlushingEventListener - Flushed: 0 (re)creations, 0 updates, 0 removals to 0 collections
11:49:38.462 [Test worker] DEBUG org.hibernate.internal.util.EntityPrinter - Listing entities:
11:49:38.462 [Test worker] DEBUG org.hibernate.internal.util.EntityPrinter - web_prak.java.classes.Supplies_list{supply_id=web_prak.java.classes.Supplies#269, supplies_list_id=150, quantity=3, product_id=web_prak.java.classes.Products#445}
11:49:38.478 [Test worker] DEBUG org.hibernate.resource.jdbc.internal.LogicalConnectionManagedImpl - Initiating JDBC connection release from afterTransaction
11:49:38.478 [Test worker] DEBUG org.hibernate.resource.jdbc.internal.LogicalConnectionManagedImpl - Initiating JDBC connection release from afterTransaction
11:49:38.478 [Test worker] DEBUG org.hibernate.query.criteria.internal.CriteriaQueryImpl - Rendered criteria query -> select generatedAlias0 from Supplies_list as generatedAlias0
11:49:38.479 [Test worker] DEBUG org.hibernate.hql.internal.ast.QueryTranslatorImpl - parse() - HQL: select generatedAlias0 from web_prak.java.classes.Supplies_list as generatedAlias0
11:49:38.480 [Test worker] DEBUG org.hibernate.hql.internal.ast.ErrorTracker - throwQueryException() : no errors
11:49:38.480 [Test worker] DEBUG org.hibernate.hql.internal.ast.QueryTranslatorImpl - --- HQL AST ---
 \-[QUERY] Node: 'query'
    \-[SELECT_FROM] Node: 'SELECT_FROM'
       +-[FROM] Node: 'from'
       |  \-[RANGE] Node: 'RANGE'
[...]
11:49:41.327 [Test worker] DEBUG org.hibernate.engine.jdbc.internal.JdbcCoordinatorImpl - HHH000420: Closing un-released batch
11:49:41.328 [Test worker] DEBUG org.hibernate.SQL - select supplies_l0_.supplies_list_id as supplies1_7_0_, supplies_l0_.product_id as product_3_7_0_, supplies_l0_.quantity as quantity2_7_0_, supplies_l0_.supply_id as supply_i4_7_0_, products1_.product_id as product_1_3_1_, products1_.expiration_date_from as expirati2_3_1_, products1_.expiration_date_to as expirati3_3_1_, products1_.measure as measure4_3_1_, products1_.place_id as place_id8_3_1_, products1_.product_name as product_5_3_1_, products1_.quantity as quantity6_3_1_, products1_.type as type7_3_1_, register_p2_.place_id as place_id1_4_2_, register_p2_.free as free2_4_2_, register_p2_.storage_location as storage_3_4_2_, supplies3_.supply_id as supply_i1_6_3_, supplies3_.data_supply as data_sup2_6_3_, supplies3_.status as status3_6_3_, supplies3_.store_period as store_pe4_6_3_, supplies3_.supplier_id as supplier5_6_3_, suppliers4_.supplier_id as supplier1_5_4_, suppliers4_.address as address2_5_4_, suppliers4_.contact as contact3_5_4_, suppliers4_.email as email4_5_4_, suppliers4_.supplier_name as supplier5_5_4_ from supplies_list supplies_l0_ left outer join products products1_ on supplies_l0_.product_id=products1_.product_id left outer join register_place register_p2_ on products1_.place_id=register_p2_.place_id left outer join supplies supplies3_ on supplies_l0_.supply_id=supplies3_.supply_id left outer join suppliers suppliers4_ on supplies3_.supplier_id=suppliers4_.supplier_id where supplies_l0_.supplies_list_id=?
Hibernate: select supplies_l0_.supplies_list_id as supplies1_7_0_, supplies_l0_.product_id as product_3_7_0_, supplies_l0_.quantity as quantity2_7_0_, supplies_l0_.supply_id as supply_i4_7_0_, products1_.product_id as product_1_3_1_, products1_.expiration_date_from as expirati2_3_1_, products1_.expiration_date_to as expirati3_3_1_, products1_.measure as measure4_3_1_, products1_.place_id as place_id8_3_1_, products1_.product_name as product_5_3_1_, products1_.quantity as quantity6_3_1_, products1_.type as type7_3_1_, register_p2_.place_id as place_id1_4_2_, register_p2_.free as free2_4_2_, register_p2_.storage_location as storage_3_4_2_, supplies3_.supply_id as supply_i1_6_3_, supplies3_.data_supply as data_sup2_6_3_, supplies3_.status as status3_6_3_, supplies3_.store_period as store_pe4_6_3_, supplies3_.supplier_id as supplier5_6_3_, suppliers4_.supplier_id as supplier1_5_4_, suppliers4_.address as address2_5_4_, suppliers4_.contact as contact3_5_4_, suppliers4_.email as email4_5_4_, suppliers4_.supplier_name as supplier5_5_4_ from supplies_list supplies_l0_ left outer join products products1_ on supplies_l0_.product_id=products1_.product_id left outer join register_place register_p2_ on products1_.place_id=register_p2_.place_id left outer join supplies supplies3_ on supplies_l0_.supply_id=supplies3_.supply_id left outer join suppliers suppliers4_ on supplies3_.supplier_id=suppliers4_.supplier_id where supplies_l0_.supplies_list_id=?
11:49:41.330 [Test worker] DEBUG org.hibernate.loader.plan.exec.process.internal.EntityReferenceInitializerImpl - On call to EntityIdentifierReaderImpl#resolve, EntityKey was already known; should only happen on root returns with an optional identifier specified
11:49:41.332 [Test worker] DEBUG org.hibernate.engine.internal.TwoPhaseLoad - Resolving attributes for [web_prak.java.classes.Supplies_list#162]
11:49:41.332 [Test worker] DEBUG org.hibernate.engine.internal.TwoPhaseLoad - Processing attribute `product_id` : value = 452
11:49:41.332 [Test worker] DEBUG org.hibernate.engine.internal.TwoPhaseLoad - Attribute (`product_id`)  - enhanced for lazy-loading? - false
11:49:41.332 [Test worker] DEBUG org.hibernate.engine.internal.TwoPhaseLoad - Processing attribute `quantity` : value = 5
11:49:41.332 [Test worker] DEBUG org.hibernate.engine.internal.TwoPhaseLoad - Attribute (`quantity`)  - enhanced for lazy-loading? - false
11:49:41.332 [Test worker] DEBUG org.hibernate.engine.internal.TwoPhaseLoad - Processing attribute `supply_id` : value = 276
11:49:41.332 [Test worker] DEBUG org.hibernate.engine.internal.TwoPhaseLoad - Attribute (`supply_id`)  - enhanced for lazy-loading? - false
11:49:41.332 [Test worker] DEBUG org.hibernate.engine.internal.TwoPhaseLoad - Done materializing entity [web_prak.java.classes.Supplies_list#162]
11:49:41.332 [Test worker] DEBUG org.hibernate.engine.internal.TwoPhaseLoad - Resolving attributes for [web_prak.java.classes.Products#452]
11:49:41.332 [Test worker] DEBUG org.hibernate.engine.internal.TwoPhaseLoad - Processing attribute `expiration_date_from` : value = 2021-08-01
11:49:41.332 [Test worker] DEBUG org.hibernate.engine.internal.TwoPhaseLoad - Attribute (`expiration_date_from`)  - enhanced for lazy-loading? - false
11:49:41.332 [Test worker] DEBUG org.hibernate.engine.internal.TwoPhaseLoad - Processing attribute `expiration_date_to` : value = 2022-08-01
11:49:41.332 [Test worker] DEBUG org.hibernate.engine.internal.TwoPhaseLoad - Attribute (`expiration_date_to`)  - enhanced for lazy-loading? - false
11:49:41.332 [Test worker] DEBUG org.hibernate.engine.internal.TwoPhaseLoad - Processing attribute `measure` : value = штук
11:49:41.332 [Test worker] DEBUG org.hibernate.engine.internal.TwoPhaseLoad - Attribute (`measure`)  - enhanced for lazy-loading? - false
11:49:41.332 [Test worker] DEBUG org.hibernate.engine.internal.TwoPhaseLoad - Processing attribute `place_id` : value = 566
11:49:41.332 [Test worker] DEBUG org.hibernate.engine.internal.TwoPhaseLoad - Attribute (`place_id`)  - enhanced for lazy-loading? - false
11:49:41.332 [Test worker] DEBUG org.hibernate.engine.internal.TwoPhaseLoad - Processing attribute `product_name` : value = Asus Rog Strix
11:49:41.332 [Test worker] DEBUG org.hibernate.engine.internal.TwoPhaseLoad - Attribute (`product_name`)  - enhanced for lazy-loading? - false
11:49:41.333 [Test worker] DEBUG org.hibernate.engine.internal.TwoPhaseLoad - Processing attribute `quantity` : value = 5
11:49:41.333 [Test worker] DEBUG org.hibernate.engine.internal.TwoPhaseLoad - Attribute (`quantity`)  - enhanced for lazy-loading? - false
11:49:41.333 [Test worker] DEBUG org.hibernate.engine.internal.TwoPhaseLoad - Processing attribute `type` : value = Ноутбуки
11:49:41.333 [Test worker] DEBUG org.hibernate.engine.internal.TwoPhaseLoad - Attribute (`type`)  - enhanced for lazy-loading? - false
11:49:41.333 [Test worker] DEBUG org.hibernate.engine.internal.TwoPhaseLoad - Done materializing entity [web_prak.java.classes.Products#452]
11:49:41.333 [Test worker] DEBUG org.hibernate.engine.internal.TwoPhaseLoad - Resolving attributes for [web_prak.java.classes.Register_place#566]
11:49:41.333 [Test worker] DEBUG org.hibernate.engine.internal.TwoPhaseLoad - Processing attribute `free` : value = нет
11:49:41.333 [Test worker] DEBUG org.hibernate.engine.internal.TwoPhaseLoad - Attribute (`free`)  - enhanced for lazy-loading? - false
11:49:41.333 [Test worker] DEBUG org.hibernate.engine.internal.TwoPhaseLoad - Processing attribute `storage_location` : value = 02 10 03
11:49:41.333 [Test worker] DEBUG org.hibernate.engine.internal.TwoPhaseLoad - Attribute (`storage_location`)  - enhanced for lazy-loading? - false
11:49:41.333 [Test worker] DEBUG org.hibernate.engine.internal.TwoPhaseLoad - Done materializing entity [web_prak.java.classes.Register_place#566]
11:49:41.333 [Test worker] DEBUG org.hibernate.engine.internal.TwoPhaseLoad - Resolving attributes for [web_prak.java.classes.Supplies#276]
11:49:41.333 [Test worker] DEBUG org.hibernate.engine.internal.TwoPhaseLoad - Processing attribute `data_supply` : value = 2022-01-05
11:49:41.333 [Test worker] DEBUG org.hibernate.engine.internal.TwoPhaseLoad - Attribute (`data_supply`)  - enhanced for lazy-loading? - false
11:49:41.333 [Test worker] DEBUG org.hibernate.engine.internal.TwoPhaseLoad - Processing attribute `status` : value = в процессе
11:49:41.333 [Test worker] DEBUG org.hibernate.engine.internal.TwoPhaseLoad - Attribute (`status`)  - enhanced for lazy-loading? - false
11:49:41.333 [Test worker] DEBUG org.hibernate.engine.internal.TwoPhaseLoad - Processing attribute `store_period` : value = 120
11:49:41.333 [Test worker] DEBUG org.hibernate.engine.internal.TwoPhaseLoad - Attribute (`store_period`)  - enhanced for lazy-loading? - false
11:49:41.333 [Test worker] DEBUG org.hibernate.engine.internal.TwoPhaseLoad - Processing attribute `supplier_id` : value = 293
11:49:41.333 [Test worker] DEBUG org.hibernate.engine.internal.TwoPhaseLoad - Attribute (`supplier_id`)  - enhanced for lazy-loading? - false
11:49:41.333 [Test worker] DEBUG org.hibernate.engine.internal.TwoPhaseLoad - Done materializing entity [web_prak.java.classes.Supplies#276]
11:49:41.333 [Test worker] DEBUG org.hibernate.engine.internal.TwoPhaseLoad - Resolving attributes for [web_prak.java.classes.Suppliers#293]
11:49:41.333 [Test worker] DEBUG org.hibernate.engine.internal.TwoPhaseLoad - Processing attribute `address` : value = улица Пятницкая, д27
11:49:41.333 [Test worker] DEBUG org.hibernate.engine.internal.TwoPhaseLoad - Attribute (`address`)  - enhanced for lazy-loading? - false
11:49:41.333 [Test worker] DEBUG org.hibernate.engine.internal.TwoPhaseLoad - Processing attribute `contact` : value = +7 (926) 059-17-93
11:49:41.333 [Test worker] DEBUG org.hibernate.engine.internal.TwoPhaseLoad - Attribute (`contact`)  - enhanced for lazy-loading? - false
11:49:41.333 [Test worker] DEBUG org.hibernate.engine.internal.TwoPhaseLoad - Processing attribute `email` : value = wokker0@infoseek.co.jp
11:49:41.333 [Test worker] DEBUG org.hibernate.engine.internal.TwoPhaseLoad - Attribute (`email`)  - enhanced for lazy-loading? - false
11:49:41.333 [Test worker] DEBUG org.hibernate.engine.internal.TwoPhaseLoad - Processing attribute `supplier_name` : value = Казакова Алиса
11:49:41.333 [Test worker] DEBUG org.hibernate.engine.internal.TwoPhaseLoad - Attribute (`supplier_name`)  - enhanced for lazy-loading? - false
11:49:41.333 [Test worker] DEBUG org.hibernate.engine.internal.TwoPhaseLoad - Done materializing entity [web_prak.java.classes.Suppliers#293]
11:49:41.334 [Test worker] DEBUG org.hibernate.loader.entity.plan.AbstractLoadPlanBasedEntityLoader - Done entity load : web_prak.java.classes.Supplies_list#162
11:49:41.334 [Test worker] DEBUG org.hibernate.resource.jdbc.internal.LogicalConnectionManagedImpl - Initiating JDBC connection release from afterTransaction
11:49:41.335 [Test worker] DEBUG org.hibernate.engine.transaction.internal.TransactionImpl - On TransactionImpl creation, JpaCompliance#isJpaTransactionComplianceEnabled == false
11:49:41.335 [Test worker] DEBUG org.hibernate.engine.transaction.internal.TransactionImpl - begin
11:49:41.335 [Test worker] DEBUG org.hibernate.engine.transaction.internal.TransactionImpl - committing
11:49:41.335 [Test worker] DEBUG org.hibernate.event.internal.AbstractFlushingEventListener - Processing flush-time cascades
11:49:41.335 [Test worker] DEBUG org.hibernate.event.internal.AbstractFlushingEventListener - Dirty checking collections
11:49:41.335 [Test worker] DEBUG org.hibernate.event.internal.AbstractFlushingEventListener - Flushed: 0 insertions, 0 updates, 1 deletions to 1 objects
11:49:41.335 [Test worker] DEBUG org.hibernate.event.internal.AbstractFlushingEventListener - Flushed: 0 (re)creations, 0 updates, 0 removals to 0 collections
11:49:41.335 [Test worker] DEBUG org.hibernate.internal.util.EntityPrinter - Listing entities:
11:49:41.335 [Test worker] DEBUG org.hibernate.internal.util.EntityPrinter - web_prak.java.classes.Supplies_list{supply_id=web_prak.java.classes.Supplies#276, supplies_list_id=162, quantity=5, product_id=web_prak.java.classes.Products#452}
11:49:41.336 [Test worker] DEBUG org.hibernate.SQL - delete from supplies_list where supplies_list_id=?
Hibernate: delete from supplies_list where supplies_list_id=?
11:49:41.354 [Test worker] DEBUG org.hibernate.resource.jdbc.internal.LogicalConnectionManagedImpl - Initiating JDBC connection release from afterTransaction
11:49:41.354 [Test worker] DEBUG org.hibernate.resource.jdbc.internal.LogicalConnectionManagedImpl - Initiating JDBC connection release from afterTransaction
11:49:41.354 [Test worker] DEBUG org.hibernate.engine.jdbc.internal.JdbcCoordinatorImpl - HHH000420: Closing un-released batch
11:49:41.355 [Test worker] DEBUG org.hibernate.engine.transaction.internal.TransactionImpl - On TransactionImpl creation, JpaCompliance#isJpaTransactionComplianceEnabled == false
11:49:41.355 [Test worker] DEBUG org.hibernate.engine.transaction.internal.TransactionImpl - begin
11:49:41.355 [Test worker] DEBUG org.hibernate.engine.transaction.internal.TransactionImpl - committing
11:49:41.355 [Test worker] DEBUG org.hibernate.event.internal.AbstractFlushingEventListener - Processing flush-time cascades
11:49:41.355 [Test worker] DEBUG org.hibernate.event.internal.AbstractFlushingEventListener - Dirty checking collections
11:49:41.355 [Test worker] DEBUG org.hibernate.event.internal.AbstractFlushingEventListener - Flushed: 0 insertions, 0 updates, 1 deletions to 1 objects
11:49:41.355 [Test worker] DEBUG org.hibernate.event.internal.AbstractFlushingEventListener - Flushed: 0 (re)creations, 0 updates, 0 removals to 0 collections
11:49:41.355 [Test worker] DEBUG org.hibernate.internal.util.EntityPrinter - Listing entities:
11:49:41.355 [Test worker] DEBUG org.hibernate.internal.util.EntityPrinter - web_prak.java.classes.Products{measure=штук, quantity=5, expiration_date_to=2022-08-01, product_id=452, expiration_date_from=2021-08-01, type=Ноутбуки, product_name=Asus Rog Strix, place_id=web_prak.java.classes.Register_place#566}
11:49:41.355 [Test worker] DEBUG org.hibernate.SQL - delete from products where product_id=?
Hibernate: delete from products where product_id=?
11:49:41.372 [Test worker] DEBUG org.hibernate.resource.jdbc.internal.LogicalConnectionManagedImpl - Initiating JDBC connection release from afterTransaction
11:49:41.372 [Test worker] DEBUG org.hibernate.resource.jdbc.internal.LogicalConnectionManagedImpl - Initiating JDBC connection release from afterTransaction
11:49:41.372 [Test worker] DEBUG org.hibernate.engine.jdbc.internal.JdbcCoordinatorImpl - HHH000420: Closing un-released batch
11:49:41.372 [Test worker] DEBUG org.hibernate.engine.transaction.internal.TransactionImpl - On TransactionImpl creation, JpaCompliance#isJpaTransactionComplianceEnabled == false
11:49:41.372 [Test worker] DEBUG org.hibernate.engine.transaction.internal.TransactionImpl - begin
11:49:41.372 [Test worker] DEBUG org.hibernate.engine.transaction.internal.TransactionImpl - committing
11:49:41.372 [Test worker] DEBUG org.hibernate.event.internal.AbstractFlushingEventListener - Processing flush-time cascades
11:49:41.372 [Test worker] DEBUG org.hibernate.event.internal.AbstractFlushingEventListener - Dirty checking collections
11:49:41.372 [Test worker] DEBUG org.hibernate.event.internal.AbstractFlushingEventListener - Flushed: 0 insertions, 0 updates, 1 deletions to 1 objects
11:49:41.372 [Test worker] DEBUG org.hibernate.event.internal.AbstractFlushingEventListener - Flushed: 0 (re)creations, 0 updates, 0 removals to 0 collections
11:49:41.372 [Test worker] DEBUG org.hibernate.internal.util.EntityPrinter - Listing entities:
11:49:41.372 [Test worker] DEBUG org.hibernate.internal.util.EntityPrinter - web_prak.java.classes.Register_place{storage_location=02 10 03, free=нет, place_id=566}
11:49:41.372 [Test worker] DEBUG org.hibernate.SQL - delete from register_place where place_id=?
Hibernate: delete from register_place where place_id=?
11:49:41.388 [Test worker] DEBUG org.hibernate.resource.jdbc.internal.LogicalConnectionManagedImpl - Initiating JDBC connection release from afterTransaction
11:49:41.388 [Test worker] DEBUG org.hibernate.resource.jdbc.internal.LogicalConnectionManagedImpl - Initiating JDBC connection release from afterTransaction
11:49:41.388 [Test worker] DEBUG org.hibernate.engine.jdbc.internal.JdbcCoordinatorImpl - HHH000420: Closing un-released batch
11:49:41.388 [Test worker] DEBUG org.hibernate.engine.transaction.internal.TransactionImpl - On TransactionImpl creation, JpaCompliance#isJpaTransactionComplianceEnabled == false
11:49:41.388 [Test worker] DEBUG org.hibernate.engine.transaction.internal.TransactionImpl - begin
11:49:41.389 [Test worker] DEBUG org.hibernate.engine.transaction.internal.TransactionImpl - committing
11:49:41.389 [Test worker] DEBUG org.hibernate.event.internal.AbstractFlushingEventListener - Processing flush-time cascades
11:49:41.389 [Test worker] DEBUG org.hibernate.event.internal.AbstractFlushingEventListener - Dirty checking collections
11:49:41.389 [Test worker] DEBUG org.hibernate.event.internal.AbstractFlushingEventListener - Flushed: 0 insertions, 0 updates, 1 deletions to 1 objects
11:49:41.389 [Test worker] DEBUG org.hibernate.event.internal.AbstractFlushingEventListener - Flushed: 0 (re)creations, 0 updates, 0 removals to 0 collections
11:49:41.389 [Test worker] DEBUG org.hibernate.internal.util.EntityPrinter - Listing entities:
11:49:41.389 [Test worker] DEBUG org.hibernate.internal.util.EntityPrinter - web_prak.java.classes.Supplies{supply_id=276, data_supply=2022-01-05, store_period=120, supplier_id=web_prak.java.classes.Suppliers#293, status=в процессе}
11:49:41.389 [Test worker] DEBUG org.hibernate.SQL - delete from supplies where supply_id=?
Hibernate: delete from supplies where supply_id=?
11:49:41.405 [Test worker] DEBUG org.hibernate.resource.jdbc.internal.LogicalConnectionManagedImpl - Initiating JDBC connection release from afterTransaction
11:49:41.405 [Test worker] DEBUG org.hibernate.resource.jdbc.internal.LogicalConnectionManagedImpl - Initiating JDBC connection release from afterTransaction
11:49:41.405 [Test worker] DEBUG org.hibernate.engine.jdbc.internal.JdbcCoordinatorImpl - HHH000420: Closing un-released batch
11:49:41.406 [Test worker] DEBUG org.hibernate.engine.transaction.internal.TransactionImpl - On TransactionImpl creation, JpaCompliance#isJpaTransactionComplianceEnabled == false
11:49:41.406 [Test worker] DEBUG org.hibernate.engine.transaction.internal.TransactionImpl - begin
11:49:41.406 [Test worker] DEBUG org.hibernate.engine.transaction.internal.TransactionImpl - committing
11:49:41.406 [Test worker] DEBUG org.hibernate.event.internal.AbstractFlushingEventListener - Processing flush-time cascades
11:49:41.406 [Test worker] DEBUG org.hibernate.event.internal.AbstractFlushingEventListener - Dirty checking collections
11:49:41.406 [Test worker] DEBUG org.hibernate.event.internal.AbstractFlushingEventListener - Flushed: 0 insertions, 0 updates, 1 deletions to 1 objects
11:49:41.406 [Test worker] DEBUG org.hibernate.event.internal.AbstractFlushingEventListener - Flushed: 0 (re)creations, 0 updates, 0 removals to 0 collections
11:49:41.406 [Test worker] DEBUG org.hibernate.internal.util.EntityPrinter - Listing entities:
11:49:41.406 [Test worker] DEBUG org.hibernate.internal.util.EntityPrinter - web_prak.java.classes.Suppliers{address=улица Пятницкая, д27, contact=+7 (926) 059-17-93, supplier_name=Казакова Алиса, supplier_id=293, email=wokker0@infoseek.co.jp}
11:49:41.406 [Test worker] DEBUG org.hibernate.SQL - delete from suppliers where supplier_id=?
Hibernate: delete from suppliers where supplier_id=?
11:49:41.422 [Test worker] DEBUG org.hibernate.resource.jdbc.internal.LogicalConnectionManagedImpl - Initiating JDBC connection release from afterTransaction
11:49:41.422 [Test worker] DEBUG org.hibernate.resource.jdbc.internal.LogicalConnectionManagedImpl - Initiating JDBC connection release from afterTransaction
11:49:41.422 [Test worker] DEBUG org.hibernate.engine.jdbc.internal.JdbcCoordinatorImpl - HHH000420: Closing un-released batch
]]></system-out>
  <system-err><![CDATA[]]></system-err>
</testsuite>
