<?xml version="1.0" encoding="UTF-8"?>
<testsuite name="systemTests.SeleniumTests" tests="1" skipped="0" failures="0" errors="0" timestamp="2022-05-04T01:45:57" hostname="bekzat-Lenovo-Legion-Y530-15ICH" time="5.383">
  <properties/>
  <testcase name="supplyAddEditDeleteTest" classname="systemTests.SeleniumTests" time="5.383"/>
  <system-out><![CDATA[04:45:47.534 [Test worker] DEBUG io.netty.util.internal.logging.InternalLoggerFactory - Using SLF4J as the default logging framework
04:45:47.536 [Test worker] DEBUG io.netty.util.ResourceLeakDetector - -Dio.netty.leakDetection.level: simple
04:45:47.536 [Test worker] DEBUG io.netty.util.ResourceLeakDetector - -Dio.netty.leakDetection.targetRecords: 4
04:45:47.539 [Test worker] DEBUG io.netty.util.ResourceLeakDetectorFactory - Loaded default ResourceLeakDetector: io.netty.util.ResourceLeakDetector@332796d3
04:45:47.550 [Test worker] DEBUG io.netty.util.internal.PlatformDependent0 - -Dio.netty.noUnsafe: false
04:45:47.551 [Test worker] DEBUG io.netty.util.internal.PlatformDependent0 - Java version: 17
04:45:47.552 [Test worker] DEBUG io.netty.util.internal.PlatformDependent0 - sun.misc.Unsafe.theUnsafe: available
04:45:47.552 [Test worker] DEBUG io.netty.util.internal.PlatformDependent0 - sun.misc.Unsafe.copyMemory: available
04:45:47.553 [Test worker] DEBUG io.netty.util.internal.PlatformDependent0 - java.nio.Buffer.address: available
04:45:47.553 [Test worker] DEBUG io.netty.util.internal.PlatformDependent0 - direct buffer constructor: unavailable: Reflective setAccessible(true) disabled
04:45:47.554 [Test worker] DEBUG io.netty.util.internal.PlatformDependent0 - java.nio.Bits.unaligned: available, true
04:45:47.555 [Test worker] DEBUG io.netty.util.internal.PlatformDependent0 - jdk.internal.misc.Unsafe.allocateUninitializedArray(int): unavailable: class io.netty.util.internal.PlatformDependent0$6 cannot access class jdk.internal.misc.Unsafe (in module java.base) because module java.base does not export jdk.internal.misc to unnamed module @51f116b8
04:45:47.556 [Test worker] DEBUG io.netty.util.internal.PlatformDependent0 - java.nio.DirectByteBuffer.<init>(long, int): unavailable
04:45:47.556 [Test worker] DEBUG io.netty.util.internal.PlatformDependent - sun.misc.Unsafe: available
04:45:47.566 [Test worker] DEBUG io.netty.util.internal.PlatformDependent - maxDirectMemory: 536870912 bytes (maybe)
04:45:47.567 [Test worker] DEBUG io.netty.util.internal.PlatformDependent - -Dio.netty.tmpdir: /tmp (java.io.tmpdir)
04:45:47.567 [Test worker] DEBUG io.netty.util.internal.PlatformDependent - -Dio.netty.bitMode: 64 (sun.arch.data.model)
04:45:47.568 [Test worker] DEBUG io.netty.util.internal.PlatformDependent - -Dio.netty.maxDirectMemory: -1 bytes
04:45:47.569 [Test worker] DEBUG io.netty.util.internal.PlatformDependent - -Dio.netty.uninitializedArrayAllocationThreshold: -1
04:45:47.570 [Test worker] DEBUG io.netty.util.internal.CleanerJava9 - java.nio.ByteBuffer.cleaner(): available
04:45:47.570 [Test worker] DEBUG io.netty.util.internal.PlatformDependent - -Dio.netty.noPreferDirect: false
04:45:47.578 [Test worker] DEBUG io.netty.util.internal.PlatformDependent - org.jctools-core.MpscChunkedArrayQueue: available
04:45:47.591 [Test worker] DEBUG io.netty.util.internal.InternalThreadLocalMap - -Dio.netty.threadLocalMap.stringBuilder.initialSize: 1024
04:45:47.592 [Test worker] DEBUG io.netty.util.internal.InternalThreadLocalMap - -Dio.netty.threadLocalMap.stringBuilder.maxSize: 4096
04:45:47.696 [Test worker] DEBUG io.netty.handler.ssl.JdkSslContext - Default protocols (JDK): [TLSv1.3, TLSv1.2] 
04:45:47.697 [Test worker] DEBUG io.netty.handler.ssl.JdkSslContext - Default cipher suites (JDK): [TLS_ECDHE_ECDSA_WITH_AES_256_GCM_SHA384, TLS_ECDHE_ECDSA_WITH_AES_128_GCM_SHA256, TLS_ECDHE_RSA_WITH_AES_128_GCM_SHA256, TLS_ECDHE_RSA_WITH_AES_256_GCM_SHA384, TLS_ECDHE_RSA_WITH_AES_128_CBC_SHA, TLS_ECDHE_RSA_WITH_AES_256_CBC_SHA, TLS_RSA_WITH_AES_128_GCM_SHA256, TLS_RSA_WITH_AES_128_CBC_SHA, TLS_RSA_WITH_AES_256_CBC_SHA, TLS_AES_128_GCM_SHA256, TLS_AES_256_GCM_SHA384]
04:45:47.712 [Test worker] DEBUG io.netty.channel.MultithreadEventLoopGroup - -Dio.netty.eventLoopThreads: 24
04:45:47.717 [Test worker] DEBUG io.netty.channel.nio.NioEventLoop - -Dio.netty.noKeySetOptimization: false
04:45:47.718 [Test worker] DEBUG io.netty.channel.nio.NioEventLoop - -Dio.netty.selectorAutoRebuildThreshold: 512
04:45:47.732 [Test worker] DEBUG io.netty.buffer.PooledByteBufAllocator - -Dio.netty.allocator.numHeapArenas: 5
04:45:47.732 [Test worker] DEBUG io.netty.buffer.PooledByteBufAllocator - -Dio.netty.allocator.numDirectArenas: 5
04:45:47.732 [Test worker] DEBUG io.netty.buffer.PooledByteBufAllocator - -Dio.netty.allocator.pageSize: 8192
04:45:47.732 [Test worker] DEBUG io.netty.buffer.PooledByteBufAllocator - -Dio.netty.allocator.maxOrder: 11
04:45:47.732 [Test worker] DEBUG io.netty.buffer.PooledByteBufAllocator - -Dio.netty.allocator.chunkSize: 16777216
04:45:47.732 [Test worker] DEBUG io.netty.buffer.PooledByteBufAllocator - -Dio.netty.allocator.smallCacheSize: 256
04:45:47.732 [Test worker] DEBUG io.netty.buffer.PooledByteBufAllocator - -Dio.netty.allocator.normalCacheSize: 64
04:45:47.732 [Test worker] DEBUG io.netty.buffer.PooledByteBufAllocator - -Dio.netty.allocator.maxCachedBufferCapacity: 32768
04:45:47.733 [Test worker] DEBUG io.netty.buffer.PooledByteBufAllocator - -Dio.netty.allocator.cacheTrimInterval: 8192
04:45:47.733 [Test worker] DEBUG io.netty.buffer.PooledByteBufAllocator - -Dio.netty.allocator.cacheTrimIntervalMillis: 0
04:45:47.733 [Test worker] DEBUG io.netty.buffer.PooledByteBufAllocator - -Dio.netty.allocator.useCacheForAllThreads: true
04:45:47.733 [Test worker] DEBUG io.netty.buffer.PooledByteBufAllocator - -Dio.netty.allocator.maxCachedByteBuffersPerChunk: 1023
04:45:47.738 [Test worker] DEBUG io.netty.buffer.ByteBufUtil - -Dio.netty.allocator.type: pooled
04:45:47.738 [Test worker] DEBUG io.netty.buffer.ByteBufUtil - -Dio.netty.threadLocalDirectBufferSize: 0
04:45:47.739 [Test worker] DEBUG io.netty.buffer.ByteBufUtil - -Dio.netty.maxThreadLocalCharBufferSize: 16384
04:45:47.878 [Forwarding newSession on session null to remote] DEBUG io.netty.channel.DefaultChannelId - -Dio.netty.processId: 20381 (auto-detected)
04:45:47.879 [Forwarding newSession on session null to remote] DEBUG io.netty.util.NetUtil - -Djava.net.preferIPv4Stack: false
04:45:47.879 [Forwarding newSession on session null to remote] DEBUG io.netty.util.NetUtil - -Djava.net.preferIPv6Addresses: false
04:45:47.880 [Forwarding newSession on session null to remote] DEBUG io.netty.util.NetUtilInitializations - Loopback interface: lo (lo, 0:0:0:0:0:0:0:1%lo)
04:45:47.881 [Forwarding newSession on session null to remote] DEBUG io.netty.util.NetUtil - /proc/sys/net/core/somaxconn: 4096
04:45:47.881 [Forwarding newSession on session null to remote] DEBUG io.netty.channel.DefaultChannelId - -Dio.netty.machineId: 3c:91:80:ff:fe:28:8a:ad (auto-detected)
04:45:47.905 [AsyncHttpClient-1-2] DEBUG io.netty.buffer.AbstractByteBuf - -Dio.netty.buffer.checkAccessible: true
04:45:47.905 [AsyncHttpClient-1-2] DEBUG io.netty.buffer.AbstractByteBuf - -Dio.netty.buffer.checkBounds: true
04:45:47.905 [AsyncHttpClient-1-2] DEBUG io.netty.util.ResourceLeakDetectorFactory - Loaded default ResourceLeakDetector: io.netty.util.ResourceLeakDetector@61a0be97
04:45:47.912 [AsyncHttpClient-1-2] DEBUG org.asynchttpclient.netty.channel.NettyConnectListener - Using new Channel '[id: 0x5d12a496, L:/127.0.0.1:52708 - R:localhost/127.0.0.1:39796]' for 'POST' to '/session'
04:45:47.920 [AsyncHttpClient-1-2] DEBUG io.netty.util.Recycler - -Dio.netty.recycler.maxCapacityPerThread: 4096
04:45:47.920 [AsyncHttpClient-1-2] DEBUG io.netty.util.Recycler - -Dio.netty.recycler.ratio: 8
04:45:47.920 [AsyncHttpClient-1-2] DEBUG io.netty.util.Recycler - -Dio.netty.recycler.chunkSize: 32
04:45:47.921 [AsyncHttpClient-1-2] DEBUG io.netty.util.Recycler - -Dio.netty.recycler.blocking: false
04:45:57.304 [AsyncHttpClient-1-2] DEBUG io.netty.handler.codec.compression.Brotli - brotli4j not in the classpath; Brotli support will be unavailable.
04:45:57.304 [AsyncHttpClient-1-2] DEBUG org.asynchttpclient.netty.handler.HttpHandler - 

Request DefaultHttpRequest(decodeResult: success, version: HTTP/1.1)
POST /session HTTP/1.1
User-Agent: selenium/4.1.3 (java unix)
Content-Length: 381
Content-Type: application/json; charset=utf-8
host: localhost:39796
accept: */*

Response DefaultHttpResponse(decodeResult: success, version: HTTP/1.1)
HTTP/1.1 200 OK
content-type: application/json; charset=utf-8
cache-control: no-cache
date: Wed, 04 May 2022 01:45:47 GMT
content-length: 737

04:45:57.308 [AsyncHttpClient-1-2] DEBUG org.asynchttpclient.netty.channel.ChannelManager - Adding key: http://localhost:39796 for channel [id: 0x5d12a496, L:/127.0.0.1:52708 - R:localhost/127.0.0.1:39796]
04:45:57.357 [AsyncHttpClient-1-3] DEBUG org.asynchttpclient.netty.channel.NettyConnectListener - Using new Channel '[id: 0x4d205b16, L:/127.0.0.1:52410 - R:localhost/127.0.0.1:48630]' for 'GET' to '/json/version'
04:45:57.364 [AsyncHttpClient-1-3] DEBUG org.asynchttpclient.netty.handler.HttpHandler - 

Request DefaultFullHttpRequest(decodeResult: success, version: HTTP/1.1, content: EmptyByteBufBE)
GET /json/version HTTP/1.1
User-Agent: selenium/4.1.3 (java unix)
host: localhost:48630
accept: */*

Response DefaultHttpResponse(decodeResult: success, version: HTTP/1.1)
HTTP/1.1 200 OK
content-type: application/json
connection: close
server: httpd.js
date: Wed, 04 May 2022 01:45:57 GMT
content-length: 304

04:45:57.365 [AsyncHttpClient-1-3] DEBUG org.asynchttpclient.netty.channel.ChannelManager - Closing Channel [id: 0x4d205b16, L:/127.0.0.1:52410 - R:localhost/127.0.0.1:48630] 
04:45:57.365 [AsyncHttpClient-1-3] DEBUG org.asynchttpclient.netty.handler.HttpHandler - Channel Closed: [id: 0x4d205b16, L:/127.0.0.1:52410 ! R:localhost/127.0.0.1:48630] with attribute DISCARD
04:45:57.371 [Forwarding setCurrentWindowSize on session 71c1c828-e8ad-4bda-a316-b149935eb691 to remote] DEBUG org.asynchttpclient.netty.request.NettyRequestSender - Using pooled Channel '[id: 0x5d12a496, L:/127.0.0.1:52708 - R:localhost/127.0.0.1:39796]' for 'POST' to 'http://localhost:39796/session/71c1c828-e8ad-4bda-a316-b149935eb691/window/rect'
04:45:57.371 [Forwarding setCurrentWindowSize on session 71c1c828-e8ad-4bda-a316-b149935eb691 to remote] DEBUG org.asynchttpclient.netty.request.NettyRequestSender - Using open Channel [id: 0x5d12a496, L:/127.0.0.1:52708 - R:localhost/127.0.0.1:39796] for POST '/session/71c1c828-e8ad-4bda-a316-b149935eb691/window/rect'
04:45:57.388 [AsyncHttpClient-1-2] DEBUG org.asynchttpclient.netty.handler.HttpHandler - 

Request DefaultHttpRequest(decodeResult: success, version: HTTP/1.1)
POST /session/71c1c828-e8ad-4bda-a316-b149935eb691/window/rect HTTP/1.1
User-Agent: selenium/4.1.3 (java unix)
Content-Length: 37
Content-Type: application/json; charset=utf-8
host: localhost:39796
accept: */*

Response DefaultHttpResponse(decodeResult: success, version: HTTP/1.1)
HTTP/1.1 200 OK
content-type: application/json; charset=utf-8
cache-control: no-cache
date: Wed, 04 May 2022 01:45:57 GMT
content-length: 51

04:45:57.389 [AsyncHttpClient-1-2] DEBUG org.asynchttpclient.netty.channel.ChannelManager - Adding key: http://localhost:39796 for channel [id: 0x5d12a496, L:/127.0.0.1:52708 - R:localhost/127.0.0.1:39796]
04:45:57.393 [Forwarding setTimeout on session 71c1c828-e8ad-4bda-a316-b149935eb691 to remote] DEBUG org.asynchttpclient.netty.request.NettyRequestSender - Using pooled Channel '[id: 0x5d12a496, L:/127.0.0.1:52708 - R:localhost/127.0.0.1:39796]' for 'POST' to 'http://localhost:39796/session/71c1c828-e8ad-4bda-a316-b149935eb691/timeouts'
04:45:57.394 [Forwarding setTimeout on session 71c1c828-e8ad-4bda-a316-b149935eb691 to remote] DEBUG org.asynchttpclient.netty.request.NettyRequestSender - Using open Channel [id: 0x5d12a496, L:/127.0.0.1:52708 - R:localhost/127.0.0.1:39796] for POST '/session/71c1c828-e8ad-4bda-a316-b149935eb691/timeouts'
04:45:57.396 [AsyncHttpClient-1-2] DEBUG org.asynchttpclient.netty.handler.HttpHandler - 

Request DefaultHttpRequest(decodeResult: success, version: HTTP/1.1)
POST /session/71c1c828-e8ad-4bda-a316-b149935eb691/timeouts HTTP/1.1
User-Agent: selenium/4.1.3 (java unix)
Content-Length: 23
Content-Type: application/json; charset=utf-8
host: localhost:39796
accept: */*

Response DefaultHttpResponse(decodeResult: success, version: HTTP/1.1)
HTTP/1.1 200 OK
content-type: application/json; charset=utf-8
cache-control: no-cache
date: Wed, 04 May 2022 01:45:57 GMT
content-length: 14

04:45:57.397 [AsyncHttpClient-1-2] DEBUG org.asynchttpclient.netty.channel.ChannelManager - Adding key: http://localhost:39796 for channel [id: 0x5d12a496, L:/127.0.0.1:52708 - R:localhost/127.0.0.1:39796]
04:45:57.399 [Forwarding setTimeout on session 71c1c828-e8ad-4bda-a316-b149935eb691 to remote] DEBUG org.asynchttpclient.netty.request.NettyRequestSender - Using pooled Channel '[id: 0x5d12a496, L:/127.0.0.1:52708 - R:localhost/127.0.0.1:39796]' for 'POST' to 'http://localhost:39796/session/71c1c828-e8ad-4bda-a316-b149935eb691/timeouts'
04:45:57.400 [Forwarding setTimeout on session 71c1c828-e8ad-4bda-a316-b149935eb691 to remote] DEBUG org.asynchttpclient.netty.request.NettyRequestSender - Using open Channel [id: 0x5d12a496, L:/127.0.0.1:52708 - R:localhost/127.0.0.1:39796] for POST '/session/71c1c828-e8ad-4bda-a316-b149935eb691/timeouts'
04:45:57.402 [AsyncHttpClient-1-2] DEBUG org.asynchttpclient.netty.handler.HttpHandler - 

Request DefaultHttpRequest(decodeResult: success, version: HTTP/1.1)
POST /session/71c1c828-e8ad-4bda-a316-b149935eb691/timeouts HTTP/1.1
User-Agent: selenium/4.1.3 (java unix)
Content-Length: 23
Content-Type: application/json; charset=utf-8
host: localhost:39796
accept: */*

Response DefaultHttpResponse(decodeResult: success, version: HTTP/1.1)
HTTP/1.1 200 OK
content-type: application/json; charset=utf-8
cache-control: no-cache
date: Wed, 04 May 2022 01:45:57 GMT
content-length: 14

04:45:57.403 [AsyncHttpClient-1-2] DEBUG org.asynchttpclient.netty.channel.ChannelManager - Adding key: http://localhost:39796 for channel [id: 0x5d12a496, L:/127.0.0.1:52708 - R:localhost/127.0.0.1:39796]
04:45:57.451 [Test worker] DEBUG org.jboss.logging - Logging Provider: org.jboss.logging.Log4j2LoggerProvider
04:45:57.454 [Test worker] DEBUG org.hibernate.integrator.internal.IntegratorServiceImpl - Adding Integrator [org.hibernate.cfg.beanvalidation.BeanValidationIntegrator].
04:45:57.455 [Test worker] DEBUG org.hibernate.integrator.internal.IntegratorServiceImpl - Adding Integrator [org.hibernate.secure.spi.JaccIntegrator].
04:45:57.457 [Test worker] DEBUG org.hibernate.integrator.internal.IntegratorServiceImpl - Adding Integrator [org.hibernate.cache.internal.CollectionCacheInvalidator].
04:45:57.471 [Test worker] INFO org.hibernate.Version - HHH000412: Hibernate ORM core version 5.6.5.Final
04:45:57.472 [Test worker] DEBUG org.hibernate.cfg.Environment - HHH000206: hibernate.properties not found
04:45:57.576 [Test worker] DEBUG org.hibernate.boot.jaxb.internal.stax.LocalXmlResourceResolver - Interpreting public/system identifier : [-//Hibernate/Hibernate Configuration DTD 3.0//EN] - [http://www.hibernate.org/dtd/hibernate-configuration-3.0.dtd]
04:45:57.577 [Test worker] DEBUG org.hibernate.boot.jaxb.internal.stax.LocalXmlResourceResolver - Recognized hibernate-configuration identifier; attempting to resolve on classpath under org/hibernate/
04:45:57.580 [Test worker] DEBUG org.hibernate.boot.cfgxml.internal.JaxbCfgProcessor - cfg.xml document did not define namespaces; wrapping in custom event reader to introduce namespace information
04:45:57.582 [AsyncHttpClient-1-1] DEBUG org.asynchttpclient.netty.channel.DefaultChannelPool - Entry count for : http://localhost:39796 : 1
04:45:57.705 [Test worker] DEBUG org.hibernate.integrator.internal.IntegratorServiceImpl - Adding Integrator [org.hibernate.cfg.beanvalidation.BeanValidationIntegrator].
04:45:57.705 [Test worker] DEBUG org.hibernate.integrator.internal.IntegratorServiceImpl - Adding Integrator [org.hibernate.secure.spi.JaccIntegrator].
04:45:57.705 [Test worker] DEBUG org.hibernate.integrator.internal.IntegratorServiceImpl - Adding Integrator [org.hibernate.cache.internal.CollectionCacheInvalidator].
04:45:57.709 [Test worker] DEBUG org.hibernate.service.spi.ServiceBinding - Overriding existing service binding [org.hibernate.secure.spi.JaccService]
04:45:57.709 [Test worker] DEBUG org.hibernate.cfg.Configuration - Building session factory using provided StandardServiceRegistry
04:45:57.715 [Test worker] DEBUG org.hibernate.cache.internal.RegionFactoryInitiator - Cannot default RegionFactory based on registered strategies as `[]` RegionFactory strategies were registered
04:45:57.715 [Test worker] DEBUG org.hibernate.cache.internal.RegionFactoryInitiator - Cache region factory : org.hibernate.cache.internal.NoCachingRegionFactory
04:45:57.724 [Test worker] INFO org.hibernate.annotations.common.Version - HCANN000001: Hibernate Commons Annotations {5.1.2.Final}
04:45:57.739 [Test worker] DEBUG org.hibernate.type.BasicTypeRegistry - Adding type registration boolean -> org.hibernate.type.BooleanType@6c8dbf56
04:45:57.739 [Test worker] DEBUG org.hibernate.type.BasicTypeRegistry - Adding type registration boolean -> org.hibernate.type.BooleanType@6c8dbf56
04:45:57.739 [Test worker] DEBUG org.hibernate.type.BasicTypeRegistry - Adding type registration java.lang.Boolean -> org.hibernate.type.BooleanType@6c8dbf56
04:45:57.740 [Test worker] DEBUG org.hibernate.type.BasicTypeRegistry - Adding type registration numeric_boolean -> org.hibernate.type.NumericBooleanType@54089484
04:45:57.740 [Test worker] DEBUG org.hibernate.type.BasicTypeRegistry - Adding type registration true_false -> org.hibernate.type.TrueFalseType@57ad1178
04:45:57.740 [Test worker] DEBUG org.hibernate.type.BasicTypeRegistry - Adding type registration yes_no -> org.hibernate.type.YesNoType@1823b9c4
04:45:57.741 [Test worker] DEBUG org.hibernate.type.BasicTypeRegistry - Adding type registration byte -> org.hibernate.type.ByteType@3b2553d9
04:45:57.741 [Test worker] DEBUG org.hibernate.type.BasicTypeRegistry - Adding type registration byte -> org.hibernate.type.ByteType@3b2553d9
04:45:57.741 [Test worker] DEBUG org.hibernate.type.BasicTypeRegistry - Adding type registration java.lang.Byte -> org.hibernate.type.ByteType@3b2553d9
04:45:57.742 [Test worker] DEBUG org.hibernate.type.BasicTypeRegistry - Adding type registration character -> org.hibernate.type.CharacterType@2c9a6717
04:45:57.742 [Test worker] DEBUG org.hibernate.type.BasicTypeRegistry - Adding type registration char -> org.hibernate.type.CharacterType@2c9a6717
04:45:57.742 [Test worker] DEBUG org.hibernate.type.BasicTypeRegistry - Adding type registration java.lang.Character -> org.hibernate.type.CharacterType@2c9a6717
04:45:57.742 [Test worker] DEBUG org.hibernate.type.BasicTypeRegistry - Adding type registration short -> org.hibernate.type.ShortType@76fe6cdc
04:45:57.742 [Test worker] DEBUG org.hibernate.type.BasicTypeRegistry - Adding type registration short -> org.hibernate.type.ShortType@76fe6cdc
04:45:57.743 [Test worker] DEBUG org.hibernate.type.BasicTypeRegistry - Adding type registration java.lang.Short -> org.hibernate.type.ShortType@76fe6cdc
04:45:57.743 [Test worker] DEBUG org.hibernate.type.BasicTypeRegistry - Adding type registration integer -> org.hibernate.type.IntegerType@682af059
04:45:57.743 [Test worker] DEBUG org.hibernate.type.BasicTypeRegistry - Adding type registration int -> org.hibernate.type.IntegerType@682af059
04:45:57.743 [Test worker] DEBUG org.hibernate.type.BasicTypeRegistry - Adding type registration java.lang.Integer -> org.hibernate.type.IntegerType@682af059
04:45:57.744 [Test worker] DEBUG org.hibernate.type.BasicTypeRegistry - Adding type registration long -> org.hibernate.type.LongType@1d4fb213
04:45:57.744 [Test worker] DEBUG org.hibernate.type.BasicTypeRegistry - Adding type registration long -> org.hibernate.type.LongType@1d4fb213
04:45:57.744 [Test worker] DEBUG org.hibernate.type.BasicTypeRegistry - Adding type registration java.lang.Long -> org.hibernate.type.LongType@1d4fb213
04:45:57.744 [Test worker] DEBUG org.hibernate.type.BasicTypeRegistry - Adding type registration float -> org.hibernate.type.FloatType@2b4b96a4
04:45:57.745 [Test worker] DEBUG org.hibernate.type.BasicTypeRegistry - Adding type registration float -> org.hibernate.type.FloatType@2b4b96a4
04:45:57.745 [Test worker] DEBUG org.hibernate.type.BasicTypeRegistry - Adding type registration java.lang.Float -> org.hibernate.type.FloatType@2b4b96a4
04:45:57.745 [Test worker] DEBUG org.hibernate.type.BasicTypeRegistry - Adding type registration double -> org.hibernate.type.DoubleType@9301672
04:45:57.745 [Test worker] DEBUG org.hibernate.type.BasicTypeRegistry - Adding type registration double -> org.hibernate.type.DoubleType@9301672
04:45:57.745 [Test worker] DEBUG org.hibernate.type.BasicTypeRegistry - Adding type registration java.lang.Double -> org.hibernate.type.DoubleType@9301672
04:45:57.746 [Test worker] DEBUG org.hibernate.type.BasicTypeRegistry - Adding type registration big_decimal -> org.hibernate.type.BigDecimalType@22c53d82
04:45:57.746 [Test worker] DEBUG org.hibernate.type.BasicTypeRegistry - Adding type registration java.math.BigDecimal -> org.hibernate.type.BigDecimalType@22c53d82
04:45:57.746 [Test worker] DEBUG org.hibernate.type.BasicTypeRegistry - Adding type registration big_integer -> org.hibernate.type.BigIntegerType@53b1a3f8
04:45:57.746 [Test worker] DEBUG org.hibernate.type.BasicTypeRegistry - Adding type registration java.math.BigInteger -> org.hibernate.type.BigIntegerType@53b1a3f8
04:45:57.747 [Test worker] DEBUG org.hibernate.type.BasicTypeRegistry - Adding type registration string -> org.hibernate.type.StringType@d3f4505
04:45:57.747 [Test worker] DEBUG org.hibernate.type.BasicTypeRegistry - Adding type registration java.lang.String -> org.hibernate.type.StringType@d3f4505
04:45:57.747 [Test worker] DEBUG org.hibernate.type.BasicTypeRegistry - Adding type registration nstring -> org.hibernate.type.StringNVarcharType@5e99b9c
04:45:57.747 [Test worker] DEBUG org.hibernate.type.BasicTypeRegistry - Adding type registration ncharacter -> org.hibernate.type.CharacterNCharType@6807a356
04:45:57.748 [Test worker] DEBUG org.hibernate.type.BasicTypeRegistry - Adding type registration url -> org.hibernate.type.UrlType@7a3b7122
04:45:57.748 [Test worker] DEBUG org.hibernate.type.BasicTypeRegistry - Adding type registration java.net.URL -> org.hibernate.type.UrlType@7a3b7122
04:45:57.748 [Test worker] DEBUG org.hibernate.type.BasicTypeRegistry - Adding type registration Duration -> org.hibernate.type.DurationType@58fbd02e
04:45:57.748 [Test worker] DEBUG org.hibernate.type.BasicTypeRegistry - Adding type registration java.time.Duration -> org.hibernate.type.DurationType@58fbd02e
04:45:57.750 [Test worker] DEBUG org.hibernate.type.BasicTypeRegistry - Adding type registration Instant -> org.hibernate.type.InstantType@7ec95456
04:45:57.750 [Test worker] DEBUG org.hibernate.type.BasicTypeRegistry - Adding type registration java.time.Instant -> org.hibernate.type.InstantType@7ec95456
04:45:57.751 [Test worker] DEBUG org.hibernate.type.BasicTypeRegistry - Adding type registration LocalDateTime -> org.hibernate.type.LocalDateTimeType@748ac6f3
04:45:57.751 [Test worker] DEBUG org.hibernate.type.BasicTypeRegistry - Adding type registration java.time.LocalDateTime -> org.hibernate.type.LocalDateTimeType@748ac6f3
04:45:57.752 [Test worker] DEBUG org.hibernate.type.BasicTypeRegistry - Adding type registration LocalDate -> org.hibernate.type.LocalDateType@46911148
04:45:57.753 [Test worker] DEBUG org.hibernate.type.BasicTypeRegistry - Adding type registration java.time.LocalDate -> org.hibernate.type.LocalDateType@46911148
04:45:57.753 [Test worker] DEBUG org.hibernate.type.BasicTypeRegistry - Adding type registration LocalTime -> org.hibernate.type.LocalTimeType@58658f63
04:45:57.753 [Test worker] DEBUG org.hibernate.type.BasicTypeRegistry - Adding type registration java.time.LocalTime -> org.hibernate.type.LocalTimeType@58658f63
04:45:57.754 [Test worker] DEBUG org.hibernate.type.BasicTypeRegistry - Adding type registration OffsetDateTime -> org.hibernate.type.OffsetDateTimeType@21263314
04:45:57.755 [Test worker] DEBUG org.hibernate.type.BasicTypeRegistry - Adding type registration java.time.OffsetDateTime -> org.hibernate.type.OffsetDateTimeType@21263314
04:45:57.755 [Test worker] DEBUG org.hibernate.type.BasicTypeRegistry - Adding type registration OffsetTime -> org.hibernate.type.OffsetTimeType@71ed560f
04:45:57.755 [Test worker] DEBUG org.hibernate.type.BasicTypeRegistry - Adding type registration java.time.OffsetTime -> org.hibernate.type.OffsetTimeType@71ed560f
04:45:57.756 [Test worker] DEBUG org.hibernate.type.BasicTypeRegistry - Adding type registration ZonedDateTime -> org.hibernate.type.ZonedDateTimeType@124dac75
04:45:57.756 [Test worker] DEBUG org.hibernate.type.BasicTypeRegistry - Adding type registration java.time.ZonedDateTime -> org.hibernate.type.ZonedDateTimeType@124dac75
04:45:57.757 [Test worker] DEBUG org.hibernate.type.BasicTypeRegistry - Adding type registration date -> org.hibernate.type.DateType@45658133
04:45:57.757 [Test worker] DEBUG org.hibernate.type.BasicTypeRegistry - Adding type registration java.sql.Date -> org.hibernate.type.DateType@45658133
04:45:57.758 [Test worker] DEBUG org.hibernate.type.BasicTypeRegistry - Adding type registration time -> org.hibernate.type.TimeType@29c17c3d
04:45:57.758 [Test worker] DEBUG org.hibernate.type.BasicTypeRegistry - Adding type registration java.sql.Time -> org.hibernate.type.TimeType@29c17c3d
04:45:57.759 [Test worker] DEBUG org.hibernate.type.BasicTypeRegistry - Adding type registration timestamp -> org.hibernate.type.TimestampType@30ec7d21
04:45:57.759 [Test worker] DEBUG org.hibernate.type.BasicTypeRegistry - Adding type registration java.sql.Timestamp -> org.hibernate.type.TimestampType@30ec7d21
04:45:57.759 [Test worker] DEBUG org.hibernate.type.BasicTypeRegistry - Adding type registration java.util.Date -> org.hibernate.type.TimestampType@30ec7d21
04:45:57.760 [Test worker] DEBUG org.hibernate.type.BasicTypeRegistry - Adding type registration dbtimestamp -> org.hibernate.type.DbTimestampType@2262d6d5
04:45:57.761 [Test worker] DEBUG org.hibernate.type.BasicTypeRegistry - Adding type registration calendar -> org.hibernate.type.CalendarType@6088451e
04:45:57.761 [Test worker] DEBUG org.hibernate.type.BasicTypeRegistry - Adding type registration java.util.Calendar -> org.hibernate.type.CalendarType@6088451e
04:45:57.761 [Test worker] DEBUG org.hibernate.type.BasicTypeRegistry - Adding type registration java.util.GregorianCalendar -> org.hibernate.type.CalendarType@6088451e
04:45:57.761 [Test worker] DEBUG org.hibernate.type.BasicTypeRegistry - Adding type registration calendar_date -> org.hibernate.type.CalendarDateType@28a9494b
04:45:57.762 [Test worker] DEBUG org.hibernate.type.BasicTypeRegistry - Adding type registration calendar_time -> org.hibernate.type.CalendarTimeType@b0fd744
04:45:57.762 [Test worker] DEBUG org.hibernate.type.BasicTypeRegistry - Adding type registration locale -> org.hibernate.type.LocaleType@42f85fa4
04:45:57.762 [Test worker] DEBUG org.hibernate.type.BasicTypeRegistry - Adding type registration java.util.Locale -> org.hibernate.type.LocaleType@42f85fa4
04:45:57.763 [Test worker] DEBUG org.hibernate.type.BasicTypeRegistry - Adding type registration currency -> org.hibernate.type.CurrencyType@3a7e365
04:45:57.763 [Test worker] DEBUG org.hibernate.type.BasicTypeRegistry - Adding type registration java.util.Currency -> org.hibernate.type.CurrencyType@3a7e365
04:45:57.764 [Test worker] DEBUG org.hibernate.type.BasicTypeRegistry - Adding type registration timezone -> org.hibernate.type.TimeZoneType@13c8ac77
04:45:57.764 [Test worker] DEBUG org.hibernate.type.BasicTypeRegistry - Adding type registration java.util.TimeZone -> org.hibernate.type.TimeZoneType@13c8ac77
04:45:57.765 [Test worker] DEBUG org.hibernate.type.BasicTypeRegistry - Adding type registration class -> org.hibernate.type.ClassType@68e02f33
04:45:57.765 [Test worker] DEBUG org.hibernate.type.BasicTypeRegistry - Adding type registration java.lang.Class -> org.hibernate.type.ClassType@68e02f33
04:45:57.765 [Test worker] DEBUG org.hibernate.type.BasicTypeRegistry - Adding type registration uuid-binary -> org.hibernate.type.UUIDBinaryType@3069a360
04:45:57.765 [Test worker] DEBUG org.hibernate.type.BasicTypeRegistry - Adding type registration java.util.UUID -> org.hibernate.type.UUIDBinaryType@3069a360
04:45:57.766 [Test worker] DEBUG org.hibernate.type.BasicTypeRegistry - Adding type registration uuid-char -> org.hibernate.type.UUIDCharType@3472947a
04:45:57.766 [Test worker] DEBUG org.hibernate.type.BasicTypeRegistry - Adding type registration binary -> org.hibernate.type.BinaryType@2ead6ba4
04:45:57.766 [Test worker] DEBUG org.hibernate.type.BasicTypeRegistry - Adding type registration byte[] -> org.hibernate.type.BinaryType@2ead6ba4
04:45:57.766 [Test worker] DEBUG org.hibernate.type.BasicTypeRegistry - Adding type registration [B -> org.hibernate.type.BinaryType@2ead6ba4
04:45:57.767 [Test worker] DEBUG org.hibernate.type.BasicTypeRegistry - Adding type registration wrapper-binary -> org.hibernate.type.WrapperBinaryType@152c4495
04:45:57.767 [Test worker] DEBUG org.hibernate.type.BasicTypeRegistry - Adding type registration Byte[] -> org.hibernate.type.WrapperBinaryType@152c4495
04:45:57.767 [Test worker] DEBUG org.hibernate.type.BasicTypeRegistry - Adding type registration [Ljava.lang.Byte; -> org.hibernate.type.WrapperBinaryType@152c4495
04:45:57.768 [Test worker] DEBUG org.hibernate.type.BasicTypeRegistry - Adding type registration row_version -> org.hibernate.type.RowVersionType@4a44cfc0
04:45:57.768 [Test worker] DEBUG org.hibernate.type.BasicTypeRegistry - Adding type registration image -> org.hibernate.type.ImageType@65cf4d6d
04:45:57.769 [Test worker] DEBUG org.hibernate.type.BasicTypeRegistry - Adding type registration characters -> org.hibernate.type.CharArrayType@7c5d1d25
04:45:57.769 [Test worker] DEBUG org.hibernate.type.BasicTypeRegistry - Adding type registration char[] -> org.hibernate.type.CharArrayType@7c5d1d25
04:45:57.769 [Test worker] DEBUG org.hibernate.type.BasicTypeRegistry - Adding type registration [C -> org.hibernate.type.CharArrayType@7c5d1d25
04:45:57.769 [Test worker] DEBUG org.hibernate.type.BasicTypeRegistry - Adding type registration wrapper-characters -> org.hibernate.type.CharacterArrayType@6a1d526c
04:45:57.769 [Test worker] DEBUG org.hibernate.type.BasicTypeRegistry - Adding type registration [Ljava.lang.Character; -> org.hibernate.type.CharacterArrayType@6a1d526c
04:45:57.769 [Test worker] DEBUG org.hibernate.type.BasicTypeRegistry - Adding type registration Character[] -> org.hibernate.type.CharacterArrayType@6a1d526c
04:45:57.770 [Test worker] DEBUG org.hibernate.type.BasicTypeRegistry - Adding type registration text -> org.hibernate.type.TextType@6870c3c2
04:45:57.770 [Test worker] DEBUG org.hibernate.type.BasicTypeRegistry - Adding type registration ntext -> org.hibernate.type.NTextType@6a5e167a
04:45:57.770 [Test worker] DEBUG org.hibernate.type.BasicTypeRegistry - Adding type registration blob -> org.hibernate.type.BlobType@cedee22
04:45:57.770 [Test worker] DEBUG org.hibernate.type.BasicTypeRegistry - Adding type registration java.sql.Blob -> org.hibernate.type.BlobType@cedee22
04:45:57.771 [Test worker] DEBUG org.hibernate.type.BasicTypeRegistry - Adding type registration materialized_blob -> org.hibernate.type.MaterializedBlobType@40c2ce52
04:45:57.772 [Test worker] DEBUG org.hibernate.type.BasicTypeRegistry - Adding type registration clob -> org.hibernate.type.ClobType@5d0b0cb9
04:45:57.772 [Test worker] DEBUG org.hibernate.type.BasicTypeRegistry - Adding type registration java.sql.Clob -> org.hibernate.type.ClobType@5d0b0cb9
04:45:57.772 [Test worker] DEBUG org.hibernate.type.BasicTypeRegistry - Adding type registration nclob -> org.hibernate.type.NClobType@4dde8976
04:45:57.772 [Test worker] DEBUG org.hibernate.type.BasicTypeRegistry - Adding type registration java.sql.NClob -> org.hibernate.type.NClobType@4dde8976
04:45:57.773 [Test worker] DEBUG org.hibernate.type.BasicTypeRegistry - Adding type registration materialized_clob -> org.hibernate.type.MaterializedClobType@7980cf2c
04:45:57.773 [Test worker] DEBUG org.hibernate.type.BasicTypeRegistry - Adding type registration materialized_nclob -> org.hibernate.type.MaterializedNClobType@294f9d50
04:45:57.773 [Test worker] DEBUG org.hibernate.type.BasicTypeRegistry - Adding type registration serializable -> org.hibernate.type.SerializableType@1d858300
04:45:57.775 [Test worker] DEBUG org.hibernate.type.BasicTypeRegistry - Adding type registration object -> org.hibernate.type.ObjectType@77c1e611
04:45:57.775 [Test worker] DEBUG org.hibernate.type.BasicTypeRegistry - Adding type registration java.lang.Object -> org.hibernate.type.ObjectType@77c1e611
04:45:57.775 [Test worker] DEBUG org.hibernate.type.BasicTypeRegistry - Adding type registration imm_date -> org.hibernate.type.AdaptedImmutableType@71cea1b8
04:45:57.775 [Test worker] DEBUG org.hibernate.type.BasicTypeRegistry - Adding type registration imm_time -> org.hibernate.type.AdaptedImmutableType@659f226a
04:45:57.775 [Test worker] DEBUG org.hibernate.type.BasicTypeRegistry - Adding type registration imm_timestamp -> org.hibernate.type.AdaptedImmutableType@2e463f4
04:45:57.775 [Test worker] DEBUG org.hibernate.type.BasicTypeRegistry - Adding type registration imm_dbtimestamp -> org.hibernate.type.AdaptedImmutableType@32ec9c90
04:45:57.775 [Test worker] DEBUG org.hibernate.type.BasicTypeRegistry - Adding type registration imm_calendar -> org.hibernate.type.AdaptedImmutableType@36ab3814
04:45:57.776 [Test worker] DEBUG org.hibernate.type.BasicTypeRegistry - Adding type registration imm_calendar_date -> org.hibernate.type.AdaptedImmutableType@2abbd0d9
04:45:57.776 [Test worker] DEBUG org.hibernate.type.BasicTypeRegistry - Adding type registration imm_binary -> org.hibernate.type.AdaptedImmutableType@b61edb9
04:45:57.776 [Test worker] DEBUG org.hibernate.type.BasicTypeRegistry - Adding type registration imm_serializable -> org.hibernate.type.AdaptedImmutableType@5d3ff859
04:45:57.791 [Test worker] DEBUG org.hibernate.id.factory.internal.DefaultIdentifierGeneratorFactory - Registering IdentifierGenerator strategy [uuid2] -> [org.hibernate.id.UUIDGenerator]
04:45:57.791 [Test worker] DEBUG org.hibernate.id.factory.internal.DefaultIdentifierGeneratorFactory - Registering IdentifierGenerator strategy [guid] -> [org.hibernate.id.GUIDGenerator]
04:45:57.791 [Test worker] DEBUG org.hibernate.id.factory.internal.DefaultIdentifierGeneratorFactory - Registering IdentifierGenerator strategy [uuid] -> [org.hibernate.id.UUIDHexGenerator]
04:45:57.791 [Test worker] DEBUG org.hibernate.id.factory.internal.DefaultIdentifierGeneratorFactory - Registering IdentifierGenerator strategy [uuid.hex] -> [org.hibernate.id.UUIDHexGenerator]
04:45:57.791 [Test worker] DEBUG org.hibernate.id.factory.internal.DefaultIdentifierGeneratorFactory - Registering IdentifierGenerator strategy [assigned] -> [org.hibernate.id.Assigned]
04:45:57.792 [Test worker] DEBUG org.hibernate.id.factory.internal.DefaultIdentifierGeneratorFactory - Registering IdentifierGenerator strategy [identity] -> [org.hibernate.id.IdentityGenerator]
04:45:57.792 [Test worker] DEBUG org.hibernate.id.factory.internal.DefaultIdentifierGeneratorFactory - Registering IdentifierGenerator strategy [select] -> [org.hibernate.id.SelectGenerator]
04:45:57.793 [Test worker] DEBUG org.hibernate.id.factory.internal.DefaultIdentifierGeneratorFactory - Registering IdentifierGenerator strategy [sequence] -> [org.hibernate.id.enhanced.SequenceStyleGenerator]
04:45:57.793 [Test worker] DEBUG org.hibernate.id.factory.internal.DefaultIdentifierGeneratorFactory - Registering IdentifierGenerator strategy [seqhilo] -> [org.hibernate.id.SequenceHiLoGenerator]
04:45:57.793 [Test worker] DEBUG org.hibernate.id.factory.internal.DefaultIdentifierGeneratorFactory - Registering IdentifierGenerator strategy [increment] -> [org.hibernate.id.IncrementGenerator]
04:45:57.794 [Test worker] DEBUG org.hibernate.id.factory.internal.DefaultIdentifierGeneratorFactory - Registering IdentifierGenerator strategy [foreign] -> [org.hibernate.id.ForeignGenerator]
04:45:57.794 [Test worker] DEBUG org.hibernate.id.factory.internal.DefaultIdentifierGeneratorFactory - Registering IdentifierGenerator strategy [sequence-identity] -> [org.hibernate.id.SequenceIdentityGenerator]
04:45:57.794 [Test worker] DEBUG org.hibernate.id.factory.internal.DefaultIdentifierGeneratorFactory - Registering IdentifierGenerator strategy [enhanced-sequence] -> [org.hibernate.id.enhanced.SequenceStyleGenerator]
04:45:57.794 [Test worker] DEBUG org.hibernate.id.factory.internal.DefaultIdentifierGeneratorFactory - Registering IdentifierGenerator strategy [enhanced-table] -> [org.hibernate.id.enhanced.TableGenerator]
04:45:57.799 [Test worker] WARN org.hibernate.orm.connections.pooling - HHH10001002: Using Hibernate built-in connection pool (not for production use!)
04:45:57.801 [Test worker] INFO org.hibernate.orm.connections.pooling - HHH10001005: using driver [org.postgresql.Driver] at URL [jdbc:postgresql://localhost:5432/warehouse_accounting_db]
04:45:57.801 [Test worker] INFO org.hibernate.orm.connections.pooling - HHH10001001: Connection properties: {password=password, user=bekzat}
04:45:57.801 [Test worker] INFO org.hibernate.orm.connections.pooling - HHH10001003: Autocommit mode: false
04:45:57.802 [Test worker] DEBUG org.hibernate.engine.jdbc.connections.internal.DriverManagerConnectionProviderImpl - Initializing Connection pool with 1 Connections
04:45:57.803 [Test worker] INFO org.hibernate.engine.jdbc.connections.internal.DriverManagerConnectionProviderImpl - HHH000115: Hibernate connection pool size: 20 (min=1)
04:45:57.896 [Test worker] DEBUG org.hibernate.engine.jdbc.env.internal.JdbcEnvironmentInitiator - Database ->
       name : PostgreSQL
    version : 13.4 (Ubuntu 13.4-1.pgdg18.04+1)
      major : 13
      minor : 4
04:45:57.896 [Test worker] DEBUG org.hibernate.engine.jdbc.env.internal.JdbcEnvironmentInitiator - Driver ->
       name : PostgreSQL JDBC Driver
    version : 42.3.3
      major : 42
      minor : 3
04:45:57.897 [Test worker] DEBUG org.hibernate.engine.jdbc.env.internal.JdbcEnvironmentInitiator - JDBC version : 4.2
04:45:57.902 [Test worker] INFO org.hibernate.dialect.Dialect - HHH000400: Using dialect: org.hibernate.dialect.PostgreSQL10Dialect
04:45:57.910 [Test worker] DEBUG org.hibernate.engine.jdbc.env.spi.IdentifierHelperBuilder - JDBC driver metadata reported database stores quoted identifiers in neither upper, lower nor mixed case
04:45:57.926 [Test worker] DEBUG org.hibernate.type.BasicTypeRegistry - Adding type registration pg-uuid -> org.hibernate.type.PostgresUUIDType@5b1efaaf
04:45:57.926 [Test worker] DEBUG org.hibernate.type.BasicTypeRegistry - Adding type registration java.util.UUID -> org.hibernate.type.PostgresUUIDType@5b1efaaf
04:45:57.926 [Test worker] DEBUG org.hibernate.type.BasicTypeRegistry - HHH000270: Type registration [java.util.UUID] overrides previous : org.hibernate.type.UUIDBinaryType@3069a360
04:45:57.927 [Test worker] DEBUG org.hibernate.type.spi.TypeConfiguration$Scope - Scoping TypeConfiguration [org.hibernate.type.spi.TypeConfiguration@2b6c7012] to MetadataBuildingContext [org.hibernate.boot.internal.MetadataBuildingContextRootImpl@31acfd4e]
04:45:57.952 [Test worker] DEBUG org.hibernate.boot.model.relational.Namespace - Created database namespace [logicalName=Name{catalog=null, schema=null}, physicalName=Name{catalog=null, schema=null}]
04:45:57.959 [Test worker] DEBUG org.hibernate.cfg.AnnotationBinder - Binding entity from annotated class: web_prak.java.classes.Clients
04:45:57.969 [Test worker] DEBUG org.hibernate.cfg.Ejb3Column - Binding column: Ejb3DiscriminatorColumn{logicalColumnName'DTYPE', discriminatorTypeName='string'}
04:45:57.971 [Test worker] DEBUG org.hibernate.cfg.annotations.EntityBinder - Import with entity name Clients
04:45:57.972 [Test worker] DEBUG org.hibernate.cfg.annotations.EntityBinder - Bind entity web_prak.java.classes.Clients on table clients
04:45:57.981 [Test worker] DEBUG org.hibernate.cfg.Ejb3Column - Binding column: Ejb3Column{table=org.hibernate.mapping.Table(clients), mappingColumn=client_id, insertable=true, updatable=true, unique=false}
04:45:57.983 [Test worker] DEBUG org.hibernate.boot.internal.ClassLoaderAccessImpl - Not known whether passed class name [web_prak.java.classes.Clients] is safe
04:45:57.983 [Test worker] DEBUG org.hibernate.boot.internal.ClassLoaderAccessImpl - No temp ClassLoader provided; using live ClassLoader for loading potentially unsafe class : web_prak.java.classes.Clients
04:45:57.983 [Test worker] DEBUG org.hibernate.cfg.annotations.PropertyBinder - MetadataSourceProcessor property client_id with lazy=false
04:45:57.984 [Test worker] DEBUG org.hibernate.cfg.AbstractPropertyHolder - Attempting to locate auto-apply AttributeConverter for property [web_prak.java.classes.Clients:client_id]
04:45:57.985 [Test worker] DEBUG org.hibernate.cfg.annotations.SimpleValueBinder - building SimpleValue for client_id
04:45:57.986 [Test worker] DEBUG org.hibernate.cfg.annotations.PropertyBinder - Building property client_id
04:45:57.988 [Test worker] DEBUG org.hibernate.cfg.BinderHelper - #makeIdGenerator(org.hibernate.mapping.SimpleValue([org.hibernate.mapping.Column(client_id)]), client_id, identity, , ...)
04:45:57.988 [Test worker] DEBUG org.hibernate.cfg.Ejb3Column - Binding column: Ejb3Column{table=org.hibernate.mapping.Table(clients), mappingColumn=address, insertable=true, updatable=true, unique=false}
04:45:57.988 [Test worker] DEBUG org.hibernate.cfg.annotations.PropertyBinder - MetadataSourceProcessor property address with lazy=false
04:45:57.988 [Test worker] DEBUG org.hibernate.cfg.AbstractPropertyHolder - Attempting to locate auto-apply AttributeConverter for property [web_prak.java.classes.Clients:address]
04:45:57.988 [Test worker] DEBUG org.hibernate.cfg.annotations.SimpleValueBinder - building SimpleValue for address
04:45:57.988 [Test worker] DEBUG org.hibernate.cfg.annotations.PropertyBinder - Building property address
04:45:57.988 [Test worker] DEBUG org.hibernate.cfg.Ejb3Column - Binding column: Ejb3Column{table=org.hibernate.mapping.Table(clients), mappingColumn=client_name, insertable=true, updatable=true, unique=false}
04:45:57.988 [Test worker] DEBUG org.hibernate.cfg.annotations.PropertyBinder - MetadataSourceProcessor property client_name with lazy=false
04:45:57.989 [Test worker] DEBUG org.hibernate.cfg.AbstractPropertyHolder - Attempting to locate auto-apply AttributeConverter for property [web_prak.java.classes.Clients:client_name]
04:45:57.989 [Test worker] DEBUG org.hibernate.cfg.annotations.SimpleValueBinder - building SimpleValue for client_name
04:45:57.989 [Test worker] DEBUG org.hibernate.cfg.annotations.PropertyBinder - Building property client_name
04:45:57.989 [Test worker] DEBUG org.hibernate.cfg.Ejb3Column - Binding column: Ejb3Column{table=org.hibernate.mapping.Table(clients), mappingColumn=contact, insertable=true, updatable=true, unique=false}
04:45:57.989 [Test worker] DEBUG org.hibernate.cfg.annotations.PropertyBinder - MetadataSourceProcessor property contact with lazy=false
04:45:57.989 [Test worker] DEBUG org.hibernate.cfg.AbstractPropertyHolder - Attempting to locate auto-apply AttributeConverter for property [web_prak.java.classes.Clients:contact]
04:45:57.989 [Test worker] DEBUG org.hibernate.cfg.annotations.SimpleValueBinder - building SimpleValue for contact
04:45:57.989 [Test worker] DEBUG org.hibernate.cfg.annotations.PropertyBinder - Building property contact
04:45:57.989 [Test worker] DEBUG org.hibernate.cfg.Ejb3Column - Binding column: Ejb3Column{table=org.hibernate.mapping.Table(clients), mappingColumn=email, insertable=true, updatable=true, unique=false}
04:45:57.989 [Test worker] DEBUG org.hibernate.cfg.annotations.PropertyBinder - MetadataSourceProcessor property email with lazy=false
04:45:57.989 [Test worker] DEBUG org.hibernate.cfg.AbstractPropertyHolder - Attempting to locate auto-apply AttributeConverter for property [web_prak.java.classes.Clients:email]
04:45:57.989 [Test worker] DEBUG org.hibernate.cfg.annotations.SimpleValueBinder - building SimpleValue for email
04:45:57.989 [Test worker] DEBUG org.hibernate.cfg.annotations.PropertyBinder - Building property email
04:45:57.992 [Test worker] DEBUG org.hibernate.cfg.AnnotationBinder - Binding entity from annotated class: web_prak.java.classes.Deliveries
04:45:57.992 [Test worker] DEBUG org.hibernate.cfg.Ejb3Column - Binding column: Ejb3DiscriminatorColumn{logicalColumnName'DTYPE', discriminatorTypeName='string'}
04:45:57.992 [Test worker] DEBUG org.hibernate.cfg.annotations.EntityBinder - Import with entity name Deliveries
04:45:57.992 [Test worker] DEBUG org.hibernate.cfg.annotations.EntityBinder - Bind entity web_prak.java.classes.Deliveries on table deliveries
04:45:57.996 [Test worker] DEBUG org.hibernate.cfg.Ejb3Column - Binding column: Ejb3Column{table=org.hibernate.mapping.Table(deliveries), mappingColumn=delivery_id, insertable=true, updatable=true, unique=false}
04:45:57.996 [Test worker] DEBUG org.hibernate.boot.internal.ClassLoaderAccessImpl - Not known whether passed class name [web_prak.java.classes.Deliveries] is safe
04:45:57.996 [Test worker] DEBUG org.hibernate.boot.internal.ClassLoaderAccessImpl - No temp ClassLoader provided; using live ClassLoader for loading potentially unsafe class : web_prak.java.classes.Deliveries
04:45:57.996 [Test worker] DEBUG org.hibernate.cfg.annotations.PropertyBinder - MetadataSourceProcessor property delivery_id with lazy=false
04:45:57.996 [Test worker] DEBUG org.hibernate.cfg.AbstractPropertyHolder - Attempting to locate auto-apply AttributeConverter for property [web_prak.java.classes.Deliveries:delivery_id]
04:45:57.996 [Test worker] DEBUG org.hibernate.cfg.annotations.SimpleValueBinder - building SimpleValue for delivery_id
04:45:57.996 [Test worker] DEBUG org.hibernate.cfg.annotations.PropertyBinder - Building property delivery_id
04:45:57.996 [Test worker] DEBUG org.hibernate.cfg.BinderHelper - #makeIdGenerator(org.hibernate.mapping.SimpleValue([org.hibernate.mapping.Column(delivery_id)]), delivery_id, identity, , ...)
04:45:57.997 [Test worker] DEBUG org.hibernate.cfg.Ejb3Column - Binding column: Ejb3JoinColumn{logicalColumnName='client_id', referencedColumn='', mappedBy=''}
04:45:57.998 [Test worker] DEBUG org.hibernate.cfg.Ejb3Column - Binding column: Ejb3Column{table=org.hibernate.mapping.Table(deliveries), mappingColumn=client_id, insertable=true, updatable=true, unique=false}
04:45:57.999 [Test worker] DEBUG org.hibernate.cfg.annotations.PropertyBinder - Building property client_id
04:45:58.000 [Test worker] DEBUG org.hibernate.cfg.Ejb3Column - Binding column: Ejb3Column{table=org.hibernate.mapping.Table(deliveries), mappingColumn=date_issue, insertable=true, updatable=true, unique=false}
04:45:58.001 [Test worker] DEBUG org.hibernate.cfg.annotations.PropertyBinder - MetadataSourceProcessor property date_issue with lazy=false
04:45:58.001 [Test worker] DEBUG org.hibernate.cfg.AbstractPropertyHolder - Attempting to locate auto-apply AttributeConverter for property [web_prak.java.classes.Deliveries:date_issue]
04:45:58.001 [Test worker] DEBUG org.hibernate.cfg.annotations.SimpleValueBinder - building SimpleValue for date_issue
04:45:58.001 [Test worker] DEBUG org.hibernate.cfg.annotations.PropertyBinder - Building property date_issue
04:45:58.001 [Test worker] DEBUG org.hibernate.cfg.Ejb3Column - Binding column: Ejb3Column{table=org.hibernate.mapping.Table(deliveries), mappingColumn=status, insertable=true, updatable=true, unique=false}
04:45:58.001 [Test worker] DEBUG org.hibernate.cfg.annotations.PropertyBinder - MetadataSourceProcessor property status with lazy=false
04:45:58.001 [Test worker] DEBUG org.hibernate.cfg.AbstractPropertyHolder - Attempting to locate auto-apply AttributeConverter for property [web_prak.java.classes.Deliveries:status]
04:45:58.001 [Test worker] DEBUG org.hibernate.cfg.annotations.SimpleValueBinder - building SimpleValue for status
04:45:58.001 [Test worker] DEBUG org.hibernate.cfg.annotations.PropertyBinder - Building property status
04:45:58.001 [Test worker] DEBUG org.hibernate.cfg.AnnotationBinder - Binding entity from annotated class: web_prak.java.classes.Deliveries_list
04:45:58.001 [Test worker] DEBUG org.hibernate.cfg.Ejb3Column - Binding column: Ejb3DiscriminatorColumn{logicalColumnName'DTYPE', discriminatorTypeName='string'}
04:45:58.002 [Test worker] DEBUG org.hibernate.cfg.annotations.EntityBinder - Import with entity name Deliveries_list
04:45:58.002 [Test worker] DEBUG org.hibernate.cfg.annotations.EntityBinder - Bind entity web_prak.java.classes.Deliveries_list on table deliveries_list
04:45:58.002 [Test worker] DEBUG org.hibernate.cfg.Ejb3Column - Binding column: Ejb3Column{table=org.hibernate.mapping.Table(deliveries_list), mappingColumn=deliveries_list_id, insertable=true, updatable=true, unique=false}
04:45:58.002 [Test worker] DEBUG org.hibernate.boot.internal.ClassLoaderAccessImpl - Not known whether passed class name [web_prak.java.classes.Deliveries_list] is safe
04:45:58.002 [Test worker] DEBUG org.hibernate.boot.internal.ClassLoaderAccessImpl - No temp ClassLoader provided; using live ClassLoader for loading potentially unsafe class : web_prak.java.classes.Deliveries_list
04:45:58.002 [Test worker] DEBUG org.hibernate.cfg.annotations.PropertyBinder - MetadataSourceProcessor property deliveries_list_id with lazy=false
04:45:58.002 [Test worker] DEBUG org.hibernate.cfg.AbstractPropertyHolder - Attempting to locate auto-apply AttributeConverter for property [web_prak.java.classes.Deliveries_list:deliveries_list_id]
04:45:58.002 [Test worker] DEBUG org.hibernate.cfg.annotations.SimpleValueBinder - building SimpleValue for deliveries_list_id
04:45:58.003 [Test worker] DEBUG org.hibernate.cfg.annotations.PropertyBinder - Building property deliveries_list_id
04:45:58.003 [Test worker] DEBUG org.hibernate.cfg.BinderHelper - #makeIdGenerator(org.hibernate.mapping.SimpleValue([org.hibernate.mapping.Column(deliveries_list_id)]), deliveries_list_id, identity, , ...)
04:45:58.003 [Test worker] DEBUG org.hibernate.cfg.Ejb3Column - Binding column: Ejb3JoinColumn{logicalColumnName='delivery_id', referencedColumn='', mappedBy=''}
04:45:58.003 [Test worker] DEBUG org.hibernate.cfg.Ejb3Column - Binding column: Ejb3Column{table=org.hibernate.mapping.Table(deliveries_list), mappingColumn=delivery_id, insertable=true, updatable=true, unique=false}
04:45:58.003 [Test worker] DEBUG org.hibernate.cfg.annotations.PropertyBinder - Building property delivery_id
04:45:58.003 [Test worker] DEBUG org.hibernate.cfg.Ejb3Column - Binding column: Ejb3JoinColumn{logicalColumnName='product_id', referencedColumn='', mappedBy=''}
04:45:58.003 [Test worker] DEBUG org.hibernate.cfg.Ejb3Column - Binding column: Ejb3Column{table=org.hibernate.mapping.Table(deliveries_list), mappingColumn=product_id, insertable=true, updatable=true, unique=false}
04:45:58.003 [Test worker] DEBUG org.hibernate.cfg.annotations.PropertyBinder - Building property product_id
04:45:58.003 [Test worker] DEBUG org.hibernate.cfg.Ejb3Column - Binding column: Ejb3Column{table=org.hibernate.mapping.Table(deliveries_list), mappingColumn=quantity, insertable=true, updatable=true, unique=false}
04:45:58.003 [Test worker] DEBUG org.hibernate.cfg.annotations.PropertyBinder - MetadataSourceProcessor property quantity with lazy=false
04:45:58.003 [Test worker] DEBUG org.hibernate.cfg.AbstractPropertyHolder - Attempting to locate auto-apply AttributeConverter for property [web_prak.java.classes.Deliveries_list:quantity]
04:45:58.003 [Test worker] DEBUG org.hibernate.cfg.annotations.SimpleValueBinder - building SimpleValue for quantity
04:45:58.003 [Test worker] DEBUG org.hibernate.cfg.annotations.PropertyBinder - Building property quantity
04:45:58.004 [Test worker] DEBUG org.hibernate.cfg.AnnotationBinder - Binding entity from annotated class: web_prak.java.classes.Products
04:45:58.004 [Test worker] DEBUG org.hibernate.cfg.Ejb3Column - Binding column: Ejb3DiscriminatorColumn{logicalColumnName'DTYPE', discriminatorTypeName='string'}
04:45:58.004 [Test worker] DEBUG org.hibernate.cfg.annotations.EntityBinder - Import with entity name Products
04:45:58.004 [Test worker] DEBUG org.hibernate.cfg.annotations.EntityBinder - Bind entity web_prak.java.classes.Products on table products
04:45:58.005 [Test worker] DEBUG org.hibernate.cfg.Ejb3Column - Binding column: Ejb3Column{table=org.hibernate.mapping.Table(products), mappingColumn=product_id, insertable=true, updatable=true, unique=false}
04:45:58.005 [Test worker] DEBUG org.hibernate.boot.internal.ClassLoaderAccessImpl - Not known whether passed class name [web_prak.java.classes.Products] is safe
04:45:58.005 [Test worker] DEBUG org.hibernate.boot.internal.ClassLoaderAccessImpl - No temp ClassLoader provided; using live ClassLoader for loading potentially unsafe class : web_prak.java.classes.Products
04:45:58.005 [Test worker] DEBUG org.hibernate.cfg.annotations.PropertyBinder - MetadataSourceProcessor property product_id with lazy=false
04:45:58.005 [Test worker] DEBUG org.hibernate.cfg.AbstractPropertyHolder - Attempting to locate auto-apply AttributeConverter for property [web_prak.java.classes.Products:product_id]
04:45:58.005 [Test worker] DEBUG org.hibernate.cfg.annotations.SimpleValueBinder - building SimpleValue for product_id
04:45:58.005 [Test worker] DEBUG org.hibernate.cfg.annotations.PropertyBinder - Building property product_id
04:45:58.006 [Test worker] DEBUG org.hibernate.cfg.BinderHelper - #makeIdGenerator(org.hibernate.mapping.SimpleValue([org.hibernate.mapping.Column(product_id)]), product_id, identity, , ...)
04:45:58.006 [Test worker] DEBUG org.hibernate.cfg.Ejb3Column - Binding column: Ejb3Column{table=org.hibernate.mapping.Table(products), mappingColumn=expiration_date_from, insertable=true, updatable=true, unique=false}
04:45:58.006 [Test worker] DEBUG org.hibernate.cfg.annotations.PropertyBinder - MetadataSourceProcessor property expiration_date_from with lazy=false
04:45:58.006 [Test worker] DEBUG org.hibernate.cfg.AbstractPropertyHolder - Attempting to locate auto-apply AttributeConverter for property [web_prak.java.classes.Products:expiration_date_from]
04:45:58.006 [Test worker] DEBUG org.hibernate.cfg.annotations.SimpleValueBinder - building SimpleValue for expiration_date_from
04:45:58.006 [Test worker] DEBUG org.hibernate.cfg.annotations.PropertyBinder - Building property expiration_date_from
04:45:58.006 [Test worker] DEBUG org.hibernate.cfg.Ejb3Column - Binding column: Ejb3Column{table=org.hibernate.mapping.Table(products), mappingColumn=expiration_date_to, insertable=true, updatable=true, unique=false}
04:45:58.006 [Test worker] DEBUG org.hibernate.cfg.annotations.PropertyBinder - MetadataSourceProcessor property expiration_date_to with lazy=false
04:45:58.006 [Test worker] DEBUG org.hibernate.cfg.AbstractPropertyHolder - Attempting to locate auto-apply AttributeConverter for property [web_prak.java.classes.Products:expiration_date_to]
04:45:58.006 [Test worker] DEBUG org.hibernate.cfg.annotations.SimpleValueBinder - building SimpleValue for expiration_date_to
04:45:58.006 [Test worker] DEBUG org.hibernate.cfg.annotations.PropertyBinder - Building property expiration_date_to
04:45:58.006 [Test worker] DEBUG org.hibernate.cfg.Ejb3Column - Binding column: Ejb3Column{table=org.hibernate.mapping.Table(products), mappingColumn=measure, insertable=true, updatable=true, unique=false}
04:45:58.007 [Test worker] DEBUG org.hibernate.cfg.annotations.PropertyBinder - MetadataSourceProcessor property measure with lazy=false
04:45:58.007 [Test worker] DEBUG org.hibernate.cfg.AbstractPropertyHolder - Attempting to locate auto-apply AttributeConverter for property [web_prak.java.classes.Products:measure]
04:45:58.007 [Test worker] DEBUG org.hibernate.cfg.annotations.SimpleValueBinder - building SimpleValue for measure
04:45:58.007 [Test worker] DEBUG org.hibernate.cfg.annotations.PropertyBinder - Building property measure
04:45:58.007 [Test worker] DEBUG org.hibernate.cfg.Ejb3Column - Binding column: Ejb3JoinColumn{logicalColumnName='place_id', referencedColumn='', mappedBy=''}
04:45:58.007 [Test worker] DEBUG org.hibernate.cfg.Ejb3Column - Binding column: Ejb3Column{table=org.hibernate.mapping.Table(products), mappingColumn=place_id, insertable=true, updatable=true, unique=false}
04:45:58.007 [Test worker] DEBUG org.hibernate.cfg.annotations.PropertyBinder - Building property place_id
04:45:58.007 [Test worker] DEBUG org.hibernate.cfg.Ejb3Column - Binding column: Ejb3Column{table=org.hibernate.mapping.Table(products), mappingColumn=product_name, insertable=true, updatable=true, unique=false}
04:45:58.007 [Test worker] DEBUG org.hibernate.cfg.annotations.PropertyBinder - MetadataSourceProcessor property product_name with lazy=false
04:45:58.007 [Test worker] DEBUG org.hibernate.cfg.AbstractPropertyHolder - Attempting to locate auto-apply AttributeConverter for property [web_prak.java.classes.Products:product_name]
04:45:58.007 [Test worker] DEBUG org.hibernate.cfg.annotations.SimpleValueBinder - building SimpleValue for product_name
04:45:58.007 [Test worker] DEBUG org.hibernate.cfg.annotations.PropertyBinder - Building property product_name
04:45:58.008 [Test worker] DEBUG org.hibernate.cfg.Ejb3Column - Binding column: Ejb3Column{table=org.hibernate.mapping.Table(products), mappingColumn=quantity, insertable=true, updatable=true, unique=false}
04:45:58.008 [Test worker] DEBUG org.hibernate.cfg.annotations.PropertyBinder - MetadataSourceProcessor property quantity with lazy=false
04:45:58.008 [Test worker] DEBUG org.hibernate.cfg.AbstractPropertyHolder - Attempting to locate auto-apply AttributeConverter for property [web_prak.java.classes.Products:quantity]
04:45:58.008 [Test worker] DEBUG org.hibernate.cfg.annotations.SimpleValueBinder - building SimpleValue for quantity
04:45:58.008 [Test worker] DEBUG org.hibernate.cfg.annotations.PropertyBinder - Building property quantity
04:45:58.008 [Test worker] DEBUG org.hibernate.cfg.Ejb3Column - Binding column: Ejb3Column{table=org.hibernate.mapping.Table(products), mappingColumn=type, insertable=true, updatable=true, unique=false}
04:45:58.008 [Test worker] DEBUG org.hibernate.cfg.annotations.PropertyBinder - MetadataSourceProcessor property type with lazy=false
04:45:58.008 [Test worker] DEBUG org.hibernate.cfg.AbstractPropertyHolder - Attempting to locate auto-apply AttributeConverter for property [web_prak.java.classes.Products:type]
04:45:58.008 [Test worker] DEBUG org.hibernate.cfg.annotations.SimpleValueBinder - building SimpleValue for type
04:45:58.008 [Test worker] DEBUG org.hibernate.cfg.annotations.PropertyBinder - Building property type
04:45:58.009 [Test worker] DEBUG org.hibernate.cfg.AnnotationBinder - Binding entity from annotated class: web_prak.java.classes.Register_place
04:45:58.009 [Test worker] DEBUG org.hibernate.cfg.Ejb3Column - Binding column: Ejb3DiscriminatorColumn{logicalColumnName'DTYPE', discriminatorTypeName='string'}
04:45:58.009 [Test worker] DEBUG org.hibernate.cfg.annotations.EntityBinder - Import with entity name Register_place
04:45:58.009 [Test worker] DEBUG org.hibernate.cfg.annotations.EntityBinder - Bind entity web_prak.java.classes.Register_place on table register_place
04:45:58.010 [Test worker] DEBUG org.hibernate.cfg.Ejb3Column - Binding column: Ejb3Column{table=org.hibernate.mapping.Table(register_place), mappingColumn=place_id, insertable=true, updatable=true, unique=false}
04:45:58.010 [Test worker] DEBUG org.hibernate.boot.internal.ClassLoaderAccessImpl - Not known whether passed class name [web_prak.java.classes.Register_place] is safe
04:45:58.010 [Test worker] DEBUG org.hibernate.boot.internal.ClassLoaderAccessImpl - No temp ClassLoader provided; using live ClassLoader for loading potentially unsafe class : web_prak.java.classes.Register_place
04:45:58.010 [Test worker] DEBUG org.hibernate.cfg.annotations.PropertyBinder - MetadataSourceProcessor property place_id with lazy=false
04:45:58.010 [Test worker] DEBUG org.hibernate.cfg.AbstractPropertyHolder - Attempting to locate auto-apply AttributeConverter for property [web_prak.java.classes.Register_place:place_id]
04:45:58.010 [Test worker] DEBUG org.hibernate.cfg.annotations.SimpleValueBinder - building SimpleValue for place_id
04:45:58.011 [Test worker] DEBUG org.hibernate.cfg.annotations.PropertyBinder - Building property place_id
04:45:58.011 [Test worker] DEBUG org.hibernate.cfg.BinderHelper - #makeIdGenerator(org.hibernate.mapping.SimpleValue([org.hibernate.mapping.Column(place_id)]), place_id, identity, , ...)
04:45:58.011 [Test worker] DEBUG org.hibernate.cfg.Ejb3Column - Binding column: Ejb3Column{table=org.hibernate.mapping.Table(register_place), mappingColumn=free, insertable=true, updatable=true, unique=false}
04:45:58.011 [Test worker] DEBUG org.hibernate.cfg.annotations.PropertyBinder - MetadataSourceProcessor property free with lazy=false
04:45:58.011 [Test worker] DEBUG org.hibernate.cfg.AbstractPropertyHolder - Attempting to locate auto-apply AttributeConverter for property [web_prak.java.classes.Register_place:free]
04:45:58.011 [Test worker] DEBUG org.hibernate.cfg.annotations.SimpleValueBinder - building SimpleValue for free
04:45:58.011 [Test worker] DEBUG org.hibernate.cfg.annotations.PropertyBinder - Building property free
04:45:58.011 [Test worker] DEBUG org.hibernate.cfg.Ejb3Column - Binding column: Ejb3Column{table=org.hibernate.mapping.Table(register_place), mappingColumn=storage_location, insertable=true, updatable=true, unique=false}
04:45:58.011 [Test worker] DEBUG org.hibernate.cfg.annotations.PropertyBinder - MetadataSourceProcessor property storage_location with lazy=false
04:45:58.011 [Test worker] DEBUG org.hibernate.cfg.AbstractPropertyHolder - Attempting to locate auto-apply AttributeConverter for property [web_prak.java.classes.Register_place:storage_location]
04:45:58.011 [Test worker] DEBUG org.hibernate.cfg.annotations.SimpleValueBinder - building SimpleValue for storage_location
04:45:58.011 [Test worker] DEBUG org.hibernate.cfg.annotations.PropertyBinder - Building property storage_location
04:45:58.012 [Test worker] DEBUG org.hibernate.cfg.AnnotationBinder - Binding entity from annotated class: web_prak.java.classes.Suppliers
04:45:58.012 [Test worker] DEBUG org.hibernate.cfg.Ejb3Column - Binding column: Ejb3DiscriminatorColumn{logicalColumnName'DTYPE', discriminatorTypeName='string'}
04:45:58.012 [Test worker] DEBUG org.hibernate.cfg.annotations.EntityBinder - Import with entity name Suppliers
04:45:58.012 [Test worker] DEBUG org.hibernate.cfg.annotations.EntityBinder - Bind entity web_prak.java.classes.Suppliers on table suppliers
04:45:58.013 [Test worker] DEBUG org.hibernate.cfg.Ejb3Column - Binding column: Ejb3Column{table=org.hibernate.mapping.Table(suppliers), mappingColumn=supplier_id, insertable=true, updatable=true, unique=false}
04:45:58.013 [Test worker] DEBUG org.hibernate.boot.internal.ClassLoaderAccessImpl - Not known whether passed class name [web_prak.java.classes.Suppliers] is safe
04:45:58.013 [Test worker] DEBUG org.hibernate.boot.internal.ClassLoaderAccessImpl - No temp ClassLoader provided; using live ClassLoader for loading potentially unsafe class : web_prak.java.classes.Suppliers
04:45:58.013 [Test worker] DEBUG org.hibernate.cfg.annotations.PropertyBinder - MetadataSourceProcessor property supplier_id with lazy=false
04:45:58.013 [Test worker] DEBUG org.hibernate.cfg.AbstractPropertyHolder - Attempting to locate auto-apply AttributeConverter for property [web_prak.java.classes.Suppliers:supplier_id]
04:45:58.013 [Test worker] DEBUG org.hibernate.cfg.annotations.SimpleValueBinder - building SimpleValue for supplier_id
04:45:58.013 [Test worker] DEBUG org.hibernate.cfg.annotations.PropertyBinder - Building property supplier_id
04:45:58.013 [Test worker] DEBUG org.hibernate.cfg.BinderHelper - #makeIdGenerator(org.hibernate.mapping.SimpleValue([org.hibernate.mapping.Column(supplier_id)]), supplier_id, identity, , ...)
04:45:58.013 [Test worker] DEBUG org.hibernate.cfg.Ejb3Column - Binding column: Ejb3Column{table=org.hibernate.mapping.Table(suppliers), mappingColumn=address, insertable=true, updatable=true, unique=false}
04:45:58.014 [Test worker] DEBUG org.hibernate.cfg.annotations.PropertyBinder - MetadataSourceProcessor property address with lazy=false
04:45:58.014 [Test worker] DEBUG org.hibernate.cfg.AbstractPropertyHolder - Attempting to locate auto-apply AttributeConverter for property [web_prak.java.classes.Suppliers:address]
04:45:58.014 [Test worker] DEBUG org.hibernate.cfg.annotations.SimpleValueBinder - building SimpleValue for address
04:45:58.014 [Test worker] DEBUG org.hibernate.cfg.annotations.PropertyBinder - Building property address
04:45:58.014 [Test worker] DEBUG org.hibernate.cfg.Ejb3Column - Binding column: Ejb3Column{table=org.hibernate.mapping.Table(suppliers), mappingColumn=contact, insertable=true, updatable=true, unique=false}
04:45:58.014 [Test worker] DEBUG org.hibernate.cfg.annotations.PropertyBinder - MetadataSourceProcessor property contact with lazy=false
04:45:58.014 [Test worker] DEBUG org.hibernate.cfg.AbstractPropertyHolder - Attempting to locate auto-apply AttributeConverter for property [web_prak.java.classes.Suppliers:contact]
04:45:58.014 [Test worker] DEBUG org.hibernate.cfg.annotations.SimpleValueBinder - building SimpleValue for contact
04:45:58.014 [Test worker] DEBUG org.hibernate.cfg.annotations.PropertyBinder - Building property contact
04:45:58.014 [Test worker] DEBUG org.hibernate.cfg.Ejb3Column - Binding column: Ejb3Column{table=org.hibernate.mapping.Table(suppliers), mappingColumn=email, insertable=true, updatable=true, unique=false}
04:45:58.014 [Test worker] DEBUG org.hibernate.cfg.annotations.PropertyBinder - MetadataSourceProcessor property email with lazy=false
04:45:58.014 [Test worker] DEBUG org.hibernate.cfg.AbstractPropertyHolder - Attempting to locate auto-apply AttributeConverter for property [web_prak.java.classes.Suppliers:email]
04:45:58.014 [Test worker] DEBUG org.hibernate.cfg.annotations.SimpleValueBinder - building SimpleValue for email
04:45:58.014 [Test worker] DEBUG org.hibernate.cfg.annotations.PropertyBinder - Building property email
04:45:58.014 [Test worker] DEBUG org.hibernate.cfg.Ejb3Column - Binding column: Ejb3Column{table=org.hibernate.mapping.Table(suppliers), mappingColumn=supplier_name, insertable=true, updatable=true, unique=false}
04:45:58.014 [Test worker] DEBUG org.hibernate.cfg.annotations.PropertyBinder - MetadataSourceProcessor property supplier_name with lazy=false
04:45:58.014 [Test worker] DEBUG org.hibernate.cfg.AbstractPropertyHolder - Attempting to locate auto-apply AttributeConverter for property [web_prak.java.classes.Suppliers:supplier_name]
04:45:58.014 [Test worker] DEBUG org.hibernate.cfg.annotations.SimpleValueBinder - building SimpleValue for supplier_name
04:45:58.014 [Test worker] DEBUG org.hibernate.cfg.annotations.PropertyBinder - Building property supplier_name
04:45:58.015 [Test worker] DEBUG org.hibernate.cfg.AnnotationBinder - Binding entity from annotated class: web_prak.java.classes.Supplies
04:45:58.015 [Test worker] DEBUG org.hibernate.cfg.Ejb3Column - Binding column: Ejb3DiscriminatorColumn{logicalColumnName'DTYPE', discriminatorTypeName='string'}
04:45:58.015 [Test worker] DEBUG org.hibernate.cfg.annotations.EntityBinder - Import with entity name Supplies
04:45:58.015 [Test worker] DEBUG org.hibernate.cfg.annotations.EntityBinder - Bind entity web_prak.java.classes.Supplies on table supplies
04:45:58.016 [Test worker] DEBUG org.hibernate.cfg.Ejb3Column - Binding column: Ejb3Column{table=org.hibernate.mapping.Table(supplies), mappingColumn=supply_id, insertable=true, updatable=true, unique=false}
04:45:58.016 [Test worker] DEBUG org.hibernate.boot.internal.ClassLoaderAccessImpl - Not known whether passed class name [web_prak.java.classes.Supplies] is safe
04:45:58.016 [Test worker] DEBUG org.hibernate.boot.internal.ClassLoaderAccessImpl - No temp ClassLoader provided; using live ClassLoader for loading potentially unsafe class : web_prak.java.classes.Supplies
04:45:58.016 [Test worker] DEBUG org.hibernate.cfg.annotations.PropertyBinder - MetadataSourceProcessor property supply_id with lazy=false
04:45:58.016 [Test worker] DEBUG org.hibernate.cfg.AbstractPropertyHolder - Attempting to locate auto-apply AttributeConverter for property [web_prak.java.classes.Supplies:supply_id]
04:45:58.016 [Test worker] DEBUG org.hibernate.cfg.annotations.SimpleValueBinder - building SimpleValue for supply_id
04:45:58.017 [Test worker] DEBUG org.hibernate.cfg.annotations.PropertyBinder - Building property supply_id
04:45:58.017 [Test worker] DEBUG org.hibernate.cfg.BinderHelper - #makeIdGenerator(org.hibernate.mapping.SimpleValue([org.hibernate.mapping.Column(supply_id)]), supply_id, identity, , ...)
04:45:58.017 [Test worker] DEBUG org.hibernate.cfg.Ejb3Column - Binding column: Ejb3Column{table=org.hibernate.mapping.Table(supplies), mappingColumn=data_supply, insertable=true, updatable=true, unique=false}
04:45:58.017 [Test worker] DEBUG org.hibernate.cfg.annotations.PropertyBinder - MetadataSourceProcessor property data_supply with lazy=false
04:45:58.017 [Test worker] DEBUG org.hibernate.cfg.AbstractPropertyHolder - Attempting to locate auto-apply AttributeConverter for property [web_prak.java.classes.Supplies:data_supply]
04:45:58.017 [Test worker] DEBUG org.hibernate.cfg.annotations.SimpleValueBinder - building SimpleValue for data_supply
04:45:58.017 [Test worker] DEBUG org.hibernate.cfg.annotations.PropertyBinder - Building property data_supply
04:45:58.017 [Test worker] DEBUG org.hibernate.cfg.Ejb3Column - Binding column: Ejb3Column{table=org.hibernate.mapping.Table(supplies), mappingColumn=status, insertable=true, updatable=true, unique=false}
04:45:58.017 [Test worker] DEBUG org.hibernate.cfg.annotations.PropertyBinder - MetadataSourceProcessor property status with lazy=false
04:45:58.017 [Test worker] DEBUG org.hibernate.cfg.AbstractPropertyHolder - Attempting to locate auto-apply AttributeConverter for property [web_prak.java.classes.Supplies:status]
04:45:58.017 [Test worker] DEBUG org.hibernate.cfg.annotations.SimpleValueBinder - building SimpleValue for status
04:45:58.017 [Test worker] DEBUG org.hibernate.cfg.annotations.PropertyBinder - Building property status
04:45:58.017 [Test worker] DEBUG org.hibernate.cfg.Ejb3Column - Binding column: Ejb3Column{table=org.hibernate.mapping.Table(supplies), mappingColumn=store_period, insertable=true, updatable=true, unique=false}
04:45:58.017 [Test worker] DEBUG org.hibernate.cfg.annotations.PropertyBinder - MetadataSourceProcessor property store_period with lazy=false
04:45:58.017 [Test worker] DEBUG org.hibernate.cfg.AbstractPropertyHolder - Attempting to locate auto-apply AttributeConverter for property [web_prak.java.classes.Supplies:store_period]
04:45:58.017 [Test worker] DEBUG org.hibernate.cfg.annotations.SimpleValueBinder - building SimpleValue for store_period
04:45:58.017 [Test worker] DEBUG org.hibernate.cfg.annotations.PropertyBinder - Building property store_period
04:45:58.018 [Test worker] DEBUG org.hibernate.cfg.Ejb3Column - Binding column: Ejb3JoinColumn{logicalColumnName='supplier_id', referencedColumn='', mappedBy=''}
04:45:58.018 [Test worker] DEBUG org.hibernate.cfg.Ejb3Column - Binding column: Ejb3Column{table=org.hibernate.mapping.Table(supplies), mappingColumn=supplier_id, insertable=true, updatable=true, unique=false}
04:45:58.018 [Test worker] DEBUG org.hibernate.cfg.annotations.PropertyBinder - Building property supplier_id
04:45:58.018 [Test worker] DEBUG org.hibernate.cfg.AnnotationBinder - Binding entity from annotated class: web_prak.java.classes.Supplies_list
04:45:58.018 [Test worker] DEBUG org.hibernate.cfg.Ejb3Column - Binding column: Ejb3DiscriminatorColumn{logicalColumnName'DTYPE', discriminatorTypeName='string'}
04:45:58.018 [Test worker] DEBUG org.hibernate.cfg.annotations.EntityBinder - Import with entity name Supplies_list
04:45:58.018 [Test worker] DEBUG org.hibernate.cfg.annotations.EntityBinder - Bind entity web_prak.java.classes.Supplies_list on table supplies_list
04:45:58.019 [Test worker] DEBUG org.hibernate.cfg.Ejb3Column - Binding column: Ejb3Column{table=org.hibernate.mapping.Table(supplies_list), mappingColumn=supplies_list_id, insertable=true, updatable=true, unique=false}
04:45:58.019 [Test worker] DEBUG org.hibernate.boot.internal.ClassLoaderAccessImpl - Not known whether passed class name [web_prak.java.classes.Supplies_list] is safe
04:45:58.019 [Test worker] DEBUG org.hibernate.boot.internal.ClassLoaderAccessImpl - No temp ClassLoader provided; using live ClassLoader for loading potentially unsafe class : web_prak.java.classes.Supplies_list
04:45:58.019 [Test worker] DEBUG org.hibernate.cfg.annotations.PropertyBinder - MetadataSourceProcessor property supplies_list_id with lazy=false
04:45:58.019 [Test worker] DEBUG org.hibernate.cfg.AbstractPropertyHolder - Attempting to locate auto-apply AttributeConverter for property [web_prak.java.classes.Supplies_list:supplies_list_id]
04:45:58.019 [Test worker] DEBUG org.hibernate.cfg.annotations.SimpleValueBinder - building SimpleValue for supplies_list_id
04:45:58.019 [Test worker] DEBUG org.hibernate.cfg.annotations.PropertyBinder - Building property supplies_list_id
04:45:58.020 [Test worker] DEBUG org.hibernate.cfg.BinderHelper - #makeIdGenerator(org.hibernate.mapping.SimpleValue([org.hibernate.mapping.Column(supplies_list_id)]), supplies_list_id, identity, , ...)
04:45:58.020 [Test worker] DEBUG org.hibernate.cfg.Ejb3Column - Binding column: Ejb3JoinColumn{logicalColumnName='product_id', referencedColumn='', mappedBy=''}
04:45:58.020 [Test worker] DEBUG org.hibernate.cfg.Ejb3Column - Binding column: Ejb3Column{table=org.hibernate.mapping.Table(supplies_list), mappingColumn=product_id, insertable=true, updatable=true, unique=false}
04:45:58.020 [Test worker] DEBUG org.hibernate.cfg.annotations.PropertyBinder - Building property product_id
04:45:58.020 [Test worker] DEBUG org.hibernate.cfg.Ejb3Column - Binding column: Ejb3Column{table=org.hibernate.mapping.Table(supplies_list), mappingColumn=quantity, insertable=true, updatable=true, unique=false}
04:45:58.020 [Test worker] DEBUG org.hibernate.cfg.annotations.PropertyBinder - MetadataSourceProcessor property quantity with lazy=false
04:45:58.020 [Test worker] DEBUG org.hibernate.cfg.AbstractPropertyHolder - Attempting to locate auto-apply AttributeConverter for property [web_prak.java.classes.Supplies_list:quantity]
04:45:58.020 [Test worker] DEBUG org.hibernate.cfg.annotations.SimpleValueBinder - building SimpleValue for quantity
04:45:58.020 [Test worker] DEBUG org.hibernate.cfg.annotations.PropertyBinder - Building property quantity
04:45:58.020 [Test worker] DEBUG org.hibernate.cfg.Ejb3Column - Binding column: Ejb3JoinColumn{logicalColumnName='supply_id', referencedColumn='', mappedBy=''}
04:45:58.020 [Test worker] DEBUG org.hibernate.cfg.Ejb3Column - Binding column: Ejb3Column{table=org.hibernate.mapping.Table(supplies_list), mappingColumn=supply_id, insertable=true, updatable=true, unique=false}
04:45:58.021 [Test worker] DEBUG org.hibernate.cfg.annotations.PropertyBinder - Building property supply_id
04:45:58.022 [Test worker] DEBUG org.hibernate.cfg.annotations.SimpleValueBinder - Starting fillSimpleValue for client_id
04:45:58.022 [Test worker] DEBUG org.hibernate.cfg.annotations.SimpleValueBinder - Starting fillSimpleValue for address
04:45:58.022 [Test worker] DEBUG org.hibernate.cfg.annotations.SimpleValueBinder - Starting fillSimpleValue for client_name
04:45:58.023 [Test worker] DEBUG org.hibernate.cfg.annotations.SimpleValueBinder - Starting fillSimpleValue for contact
04:45:58.023 [Test worker] DEBUG org.hibernate.cfg.annotations.SimpleValueBinder - Starting fillSimpleValue for email
04:45:58.023 [Test worker] DEBUG org.hibernate.cfg.annotations.SimpleValueBinder - Starting fillSimpleValue for delivery_id
04:45:58.023 [Test worker] DEBUG org.hibernate.cfg.annotations.SimpleValueBinder - Starting fillSimpleValue for date_issue
04:45:58.023 [Test worker] DEBUG org.hibernate.cfg.annotations.SimpleValueBinder - Starting fillSimpleValue for status
04:45:58.023 [Test worker] DEBUG org.hibernate.cfg.annotations.SimpleValueBinder - Starting fillSimpleValue for deliveries_list_id
04:45:58.023 [Test worker] DEBUG org.hibernate.cfg.annotations.SimpleValueBinder - Starting fillSimpleValue for quantity
04:45:58.023 [Test worker] DEBUG org.hibernate.cfg.annotations.SimpleValueBinder - Starting fillSimpleValue for product_id
04:45:58.023 [Test worker] DEBUG org.hibernate.cfg.annotations.SimpleValueBinder - Starting fillSimpleValue for expiration_date_from
04:45:58.023 [Test worker] DEBUG org.hibernate.cfg.annotations.SimpleValueBinder - Starting fillSimpleValue for expiration_date_to
04:45:58.023 [Test worker] DEBUG org.hibernate.cfg.annotations.SimpleValueBinder - Starting fillSimpleValue for measure
04:45:58.023 [Test worker] DEBUG org.hibernate.cfg.annotations.SimpleValueBinder - Starting fillSimpleValue for product_name
04:45:58.023 [Test worker] DEBUG org.hibernate.cfg.annotations.SimpleValueBinder - Starting fillSimpleValue for quantity
04:45:58.023 [Test worker] DEBUG org.hibernate.cfg.annotations.SimpleValueBinder - Starting fillSimpleValue for type
04:45:58.023 [Test worker] DEBUG org.hibernate.cfg.annotations.SimpleValueBinder - Starting fillSimpleValue for place_id
04:45:58.023 [Test worker] DEBUG org.hibernate.cfg.annotations.SimpleValueBinder - Starting fillSimpleValue for free
04:45:58.023 [Test worker] DEBUG org.hibernate.cfg.annotations.SimpleValueBinder - Starting fillSimpleValue for storage_location
04:45:58.023 [Test worker] DEBUG org.hibernate.cfg.annotations.SimpleValueBinder - Starting fillSimpleValue for supplier_id
04:45:58.023 [Test worker] DEBUG org.hibernate.cfg.annotations.SimpleValueBinder - Starting fillSimpleValue for address
04:45:58.023 [Test worker] DEBUG org.hibernate.cfg.annotations.SimpleValueBinder - Starting fillSimpleValue for contact
04:45:58.023 [Test worker] DEBUG org.hibernate.cfg.annotations.SimpleValueBinder - Starting fillSimpleValue for email
04:45:58.023 [Test worker] DEBUG org.hibernate.cfg.annotations.SimpleValueBinder - Starting fillSimpleValue for supplier_name
04:45:58.023 [Test worker] DEBUG org.hibernate.cfg.annotations.SimpleValueBinder - Starting fillSimpleValue for supply_id
04:45:58.023 [Test worker] DEBUG org.hibernate.cfg.annotations.SimpleValueBinder - Starting fillSimpleValue for data_supply
04:45:58.023 [Test worker] DEBUG org.hibernate.cfg.annotations.SimpleValueBinder - Starting fillSimpleValue for status
04:45:58.023 [Test worker] DEBUG org.hibernate.cfg.annotations.SimpleValueBinder - Starting fillSimpleValue for store_period
04:45:58.023 [Test worker] DEBUG org.hibernate.cfg.annotations.SimpleValueBinder - Starting fillSimpleValue for supplies_list_id
04:45:58.023 [Test worker] DEBUG org.hibernate.cfg.annotations.SimpleValueBinder - Starting fillSimpleValue for quantity
[...]
04:46:01.434 [Forwarding findElement on session 71c1c828-e8ad-4bda-a316-b149935eb691 to remote] DEBUG org.asynchttpclient.netty.request.NettyRequestSender - Using open Channel [id: 0x5d12a496, L:/127.0.0.1:52708 - R:localhost/127.0.0.1:39796] for POST '/session/71c1c828-e8ad-4bda-a316-b149935eb691/element'
04:46:01.436 [AsyncHttpClient-1-2] DEBUG org.asynchttpclient.netty.handler.HttpHandler - 

Request DefaultHttpRequest(decodeResult: success, version: HTTP/1.1)
POST /session/71c1c828-e8ad-4bda-a316-b149935eb691/element HTTP/1.1
User-Agent: selenium/4.1.3 (java unix)
Content-Length: 46
Content-Type: application/json; charset=utf-8
host: localhost:39796
accept: */*

Response DefaultHttpResponse(decodeResult: success, version: HTTP/1.1)
HTTP/1.1 200 OK
content-type: application/json; charset=utf-8
cache-control: no-cache
date: Wed, 04 May 2022 01:46:01 GMT
content-length: 88

04:46:01.436 [AsyncHttpClient-1-2] DEBUG org.asynchttpclient.netty.channel.ChannelManager - Adding key: http://localhost:39796 for channel [id: 0x5d12a496, L:/127.0.0.1:52708 - R:localhost/127.0.0.1:39796]
04:46:01.437 [Forwarding clickElement on session 71c1c828-e8ad-4bda-a316-b149935eb691 to remote] DEBUG org.asynchttpclient.netty.request.NettyRequestSender - Using pooled Channel '[id: 0x5d12a496, L:/127.0.0.1:52708 - R:localhost/127.0.0.1:39796]' for 'POST' to 'http://localhost:39796/session/71c1c828-e8ad-4bda-a316-b149935eb691/element/19eedd29-0f8b-4f8b-859b-2e6fda8abd65/click'
04:46:01.437 [Forwarding clickElement on session 71c1c828-e8ad-4bda-a316-b149935eb691 to remote] DEBUG org.asynchttpclient.netty.request.NettyRequestSender - Using open Channel [id: 0x5d12a496, L:/127.0.0.1:52708 - R:localhost/127.0.0.1:39796] for POST '/session/71c1c828-e8ad-4bda-a316-b149935eb691/element/19eedd29-0f8b-4f8b-859b-2e6fda8abd65/click'
04:46:01.620 [AsyncHttpClient-1-2] DEBUG org.asynchttpclient.netty.handler.HttpHandler - 

Request DefaultHttpRequest(decodeResult: success, version: HTTP/1.1)
POST /session/71c1c828-e8ad-4bda-a316-b149935eb691/element/19eedd29-0f8b-4f8b-859b-2e6fda8abd65/click HTTP/1.1
User-Agent: selenium/4.1.3 (java unix)
Content-Length: 50
Content-Type: application/json; charset=utf-8
host: localhost:39796
accept: */*

Response DefaultHttpResponse(decodeResult: success, version: HTTP/1.1)
HTTP/1.1 200 OK
content-type: application/json; charset=utf-8
cache-control: no-cache
date: Wed, 04 May 2022 01:46:01 GMT
content-length: 14

04:46:01.621 [AsyncHttpClient-1-2] DEBUG org.asynchttpclient.netty.channel.ChannelManager - Adding key: http://localhost:39796 for channel [id: 0x5d12a496, L:/127.0.0.1:52708 - R:localhost/127.0.0.1:39796]
04:46:01.622 [Forwarding getTitle on session 71c1c828-e8ad-4bda-a316-b149935eb691 to remote] DEBUG org.asynchttpclient.netty.request.NettyRequestSender - Using pooled Channel '[id: 0x5d12a496, L:/127.0.0.1:52708 - R:localhost/127.0.0.1:39796]' for 'GET' to 'http://localhost:39796/session/71c1c828-e8ad-4bda-a316-b149935eb691/title'
04:46:01.623 [Forwarding getTitle on session 71c1c828-e8ad-4bda-a316-b149935eb691 to remote] DEBUG org.asynchttpclient.netty.request.NettyRequestSender - Using open Channel [id: 0x5d12a496, L:/127.0.0.1:52708 - R:localhost/127.0.0.1:39796] for GET '/session/71c1c828-e8ad-4bda-a316-b149935eb691/title'
04:46:01.628 [AsyncHttpClient-1-2] DEBUG org.asynchttpclient.netty.handler.HttpHandler - 

Request DefaultFullHttpRequest(decodeResult: success, version: HTTP/1.1, content: EmptyByteBufBE)
GET /session/71c1c828-e8ad-4bda-a316-b149935eb691/title HTTP/1.1
User-Agent: selenium/4.1.3 (java unix)
Cache-Control: no-cache
Content-Type: application/json; charset=utf-8
host: localhost:39796
accept: */*

Response DefaultHttpResponse(decodeResult: success, version: HTTP/1.1)
HTTP/1.1 200 OK
content-type: application/json; charset=utf-8
cache-control: no-cache
date: Wed, 04 May 2022 01:46:01 GMT
content-length: 28

04:46:01.629 [AsyncHttpClient-1-2] DEBUG org.asynchttpclient.netty.channel.ChannelManager - Adding key: http://localhost:39796 for channel [id: 0x5d12a496, L:/127.0.0.1:52708 - R:localhost/127.0.0.1:39796]
04:46:01.630 [Forwarding findElement on session 71c1c828-e8ad-4bda-a316-b149935eb691 to remote] DEBUG org.asynchttpclient.netty.request.NettyRequestSender - Using pooled Channel '[id: 0x5d12a496, L:/127.0.0.1:52708 - R:localhost/127.0.0.1:39796]' for 'POST' to 'http://localhost:39796/session/71c1c828-e8ad-4bda-a316-b149935eb691/element'
04:46:01.630 [Forwarding findElement on session 71c1c828-e8ad-4bda-a316-b149935eb691 to remote] DEBUG org.asynchttpclient.netty.request.NettyRequestSender - Using open Channel [id: 0x5d12a496, L:/127.0.0.1:52708 - R:localhost/127.0.0.1:39796] for POST '/session/71c1c828-e8ad-4bda-a316-b149935eb691/element'
04:46:01.639 [AsyncHttpClient-1-2] DEBUG org.asynchttpclient.netty.handler.HttpHandler - 

Request DefaultHttpRequest(decodeResult: success, version: HTTP/1.1)
POST /session/71c1c828-e8ad-4bda-a316-b149935eb691/element HTTP/1.1
User-Agent: selenium/4.1.3 (java unix)
Content-Length: 55
Content-Type: application/json; charset=utf-8
host: localhost:39796
accept: */*

Response DefaultHttpResponse(decodeResult: success, version: HTTP/1.1)
HTTP/1.1 200 OK
content-type: application/json; charset=utf-8
cache-control: no-cache
date: Wed, 04 May 2022 01:46:01 GMT
content-length: 88

04:46:01.639 [AsyncHttpClient-1-2] DEBUG org.asynchttpclient.netty.channel.ChannelManager - Adding key: http://localhost:39796 for channel [id: 0x5d12a496, L:/127.0.0.1:52708 - R:localhost/127.0.0.1:39796]
04:46:01.641 [Forwarding getElementText on session 71c1c828-e8ad-4bda-a316-b149935eb691 to remote] DEBUG org.asynchttpclient.netty.request.NettyRequestSender - Using pooled Channel '[id: 0x5d12a496, L:/127.0.0.1:52708 - R:localhost/127.0.0.1:39796]' for 'GET' to 'http://localhost:39796/session/71c1c828-e8ad-4bda-a316-b149935eb691/element/aa649bd1-1178-401e-a835-e1df8b742d25/text'
04:46:01.641 [Forwarding getElementText on session 71c1c828-e8ad-4bda-a316-b149935eb691 to remote] DEBUG org.asynchttpclient.netty.request.NettyRequestSender - Using open Channel [id: 0x5d12a496, L:/127.0.0.1:52708 - R:localhost/127.0.0.1:39796] for GET '/session/71c1c828-e8ad-4bda-a316-b149935eb691/element/aa649bd1-1178-401e-a835-e1df8b742d25/text'
04:46:01.661 [AsyncHttpClient-1-2] DEBUG org.asynchttpclient.netty.handler.HttpHandler - 

Request DefaultFullHttpRequest(decodeResult: success, version: HTTP/1.1, content: EmptyByteBufBE)
GET /session/71c1c828-e8ad-4bda-a316-b149935eb691/element/aa649bd1-1178-401e-a835-e1df8b742d25/text HTTP/1.1
User-Agent: selenium/4.1.3 (java unix)
Cache-Control: no-cache
Content-Type: application/json; charset=utf-8
host: localhost:39796
accept: */*

Response DefaultHttpResponse(decodeResult: success, version: HTTP/1.1)
HTTP/1.1 200 OK
content-type: application/json; charset=utf-8
cache-control: no-cache
date: Wed, 04 May 2022 01:46:01 GMT
content-length: 57

04:46:01.661 [AsyncHttpClient-1-2] DEBUG org.asynchttpclient.netty.channel.ChannelManager - Adding key: http://localhost:39796 for channel [id: 0x5d12a496, L:/127.0.0.1:52708 - R:localhost/127.0.0.1:39796]
04:46:01.662 [Forwarding get on session 71c1c828-e8ad-4bda-a316-b149935eb691 to remote] DEBUG org.asynchttpclient.netty.request.NettyRequestSender - Using pooled Channel '[id: 0x5d12a496, L:/127.0.0.1:52708 - R:localhost/127.0.0.1:39796]' for 'POST' to 'http://localhost:39796/session/71c1c828-e8ad-4bda-a316-b149935eb691/url'
04:46:01.662 [Forwarding get on session 71c1c828-e8ad-4bda-a316-b149935eb691 to remote] DEBUG org.asynchttpclient.netty.request.NettyRequestSender - Using open Channel [id: 0x5d12a496, L:/127.0.0.1:52708 - R:localhost/127.0.0.1:39796] for POST '/session/71c1c828-e8ad-4bda-a316-b149935eb691/url'
04:46:01.711 [AsyncHttpClient-1-2] DEBUG org.asynchttpclient.netty.handler.HttpHandler - 

Request DefaultHttpRequest(decodeResult: success, version: HTTP/1.1)
POST /session/71c1c828-e8ad-4bda-a316-b149935eb691/url HTTP/1.1
User-Agent: selenium/4.1.3 (java unix)
Content-Length: 86
Content-Type: application/json; charset=utf-8
host: localhost:39796
accept: */*

Response DefaultHttpResponse(decodeResult: success, version: HTTP/1.1)
HTTP/1.1 200 OK
content-type: application/json; charset=utf-8
cache-control: no-cache
date: Wed, 04 May 2022 01:46:01 GMT
content-length: 14

04:46:01.712 [AsyncHttpClient-1-2] DEBUG org.asynchttpclient.netty.channel.ChannelManager - Adding key: http://localhost:39796 for channel [id: 0x5d12a496, L:/127.0.0.1:52708 - R:localhost/127.0.0.1:39796]
04:46:01.713 [Forwarding findElement on session 71c1c828-e8ad-4bda-a316-b149935eb691 to remote] DEBUG org.asynchttpclient.netty.request.NettyRequestSender - Using pooled Channel '[id: 0x5d12a496, L:/127.0.0.1:52708 - R:localhost/127.0.0.1:39796]' for 'POST' to 'http://localhost:39796/session/71c1c828-e8ad-4bda-a316-b149935eb691/element'
04:46:01.713 [Forwarding findElement on session 71c1c828-e8ad-4bda-a316-b149935eb691 to remote] DEBUG org.asynchttpclient.netty.request.NettyRequestSender - Using open Channel [id: 0x5d12a496, L:/127.0.0.1:52708 - R:localhost/127.0.0.1:39796] for POST '/session/71c1c828-e8ad-4bda-a316-b149935eb691/element'
04:46:01.718 [AsyncHttpClient-1-2] DEBUG org.asynchttpclient.netty.handler.HttpHandler - 

Request DefaultHttpRequest(decodeResult: success, version: HTTP/1.1)
POST /session/71c1c828-e8ad-4bda-a316-b149935eb691/element HTTP/1.1
User-Agent: selenium/4.1.3 (java unix)
Content-Length: 54
Content-Type: application/json; charset=utf-8
host: localhost:39796
accept: */*

Response DefaultHttpResponse(decodeResult: success, version: HTTP/1.1)
HTTP/1.1 200 OK
content-type: application/json; charset=utf-8
cache-control: no-cache
date: Wed, 04 May 2022 01:46:01 GMT
content-length: 88

04:46:01.718 [AsyncHttpClient-1-2] DEBUG org.asynchttpclient.netty.channel.ChannelManager - Adding key: http://localhost:39796 for channel [id: 0x5d12a496, L:/127.0.0.1:52708 - R:localhost/127.0.0.1:39796]
04:46:01.720 [Forwarding clickElement on session 71c1c828-e8ad-4bda-a316-b149935eb691 to remote] DEBUG org.asynchttpclient.netty.request.NettyRequestSender - Using pooled Channel '[id: 0x5d12a496, L:/127.0.0.1:52708 - R:localhost/127.0.0.1:39796]' for 'POST' to 'http://localhost:39796/session/71c1c828-e8ad-4bda-a316-b149935eb691/element/93b1d004-051c-4d05-be68-b9a5c4023c24/click'
04:46:01.720 [Forwarding clickElement on session 71c1c828-e8ad-4bda-a316-b149935eb691 to remote] DEBUG org.asynchttpclient.netty.request.NettyRequestSender - Using open Channel [id: 0x5d12a496, L:/127.0.0.1:52708 - R:localhost/127.0.0.1:39796] for POST '/session/71c1c828-e8ad-4bda-a316-b149935eb691/element/93b1d004-051c-4d05-be68-b9a5c4023c24/click'
04:46:01.894 [AsyncHttpClient-1-2] DEBUG org.asynchttpclient.netty.handler.HttpHandler - 

Request DefaultHttpRequest(decodeResult: success, version: HTTP/1.1)
POST /session/71c1c828-e8ad-4bda-a316-b149935eb691/element/93b1d004-051c-4d05-be68-b9a5c4023c24/click HTTP/1.1
User-Agent: selenium/4.1.3 (java unix)
Content-Length: 50
Content-Type: application/json; charset=utf-8
host: localhost:39796
accept: */*

Response DefaultHttpResponse(decodeResult: success, version: HTTP/1.1)
HTTP/1.1 200 OK
content-type: application/json; charset=utf-8
cache-control: no-cache
date: Wed, 04 May 2022 01:46:01 GMT
content-length: 14

04:46:01.894 [AsyncHttpClient-1-2] DEBUG org.asynchttpclient.netty.channel.ChannelManager - Adding key: http://localhost:39796 for channel [id: 0x5d12a496, L:/127.0.0.1:52708 - R:localhost/127.0.0.1:39796]
04:46:01.895 [Forwarding getTitle on session 71c1c828-e8ad-4bda-a316-b149935eb691 to remote] DEBUG org.asynchttpclient.netty.request.NettyRequestSender - Using pooled Channel '[id: 0x5d12a496, L:/127.0.0.1:52708 - R:localhost/127.0.0.1:39796]' for 'GET' to 'http://localhost:39796/session/71c1c828-e8ad-4bda-a316-b149935eb691/title'
04:46:01.895 [Forwarding getTitle on session 71c1c828-e8ad-4bda-a316-b149935eb691 to remote] DEBUG org.asynchttpclient.netty.request.NettyRequestSender - Using open Channel [id: 0x5d12a496, L:/127.0.0.1:52708 - R:localhost/127.0.0.1:39796] for GET '/session/71c1c828-e8ad-4bda-a316-b149935eb691/title'
04:46:01.897 [AsyncHttpClient-1-2] DEBUG org.asynchttpclient.netty.handler.HttpHandler - 

Request DefaultFullHttpRequest(decodeResult: success, version: HTTP/1.1, content: EmptyByteBufBE)
GET /session/71c1c828-e8ad-4bda-a316-b149935eb691/title HTTP/1.1
User-Agent: selenium/4.1.3 (java unix)
Cache-Control: no-cache
Content-Type: application/json; charset=utf-8
host: localhost:39796
accept: */*

Response DefaultHttpResponse(decodeResult: success, version: HTTP/1.1)
HTTP/1.1 200 OK
content-type: application/json; charset=utf-8
cache-control: no-cache
date: Wed, 04 May 2022 01:46:01 GMT
content-length: 28

04:46:01.898 [AsyncHttpClient-1-2] DEBUG org.asynchttpclient.netty.channel.ChannelManager - Adding key: http://localhost:39796 for channel [id: 0x5d12a496, L:/127.0.0.1:52708 - R:localhost/127.0.0.1:39796]
04:46:01.899 [Test worker] DEBUG org.hibernate.engine.transaction.internal.TransactionImpl - On TransactionImpl creation, JpaCompliance#isJpaTransactionComplianceEnabled == false
04:46:01.899 [Test worker] DEBUG org.hibernate.engine.transaction.internal.TransactionImpl - begin
04:46:01.901 [Test worker] DEBUG org.hibernate.engine.transaction.internal.TransactionImpl - committing
04:46:01.902 [Test worker] DEBUG org.hibernate.event.internal.AbstractFlushingEventListener - Processing flush-time cascades
04:46:01.902 [Test worker] DEBUG org.hibernate.event.internal.AbstractFlushingEventListener - Dirty checking collections
04:46:01.902 [Test worker] DEBUG org.hibernate.event.internal.AbstractFlushingEventListener - Flushed: 0 insertions, 0 updates, 1 deletions to 1 objects
04:46:01.902 [Test worker] DEBUG org.hibernate.event.internal.AbstractFlushingEventListener - Flushed: 0 (re)creations, 0 updates, 0 removals to 0 collections
04:46:01.902 [Test worker] DEBUG org.hibernate.internal.util.EntityPrinter - Listing entities:
04:46:01.902 [Test worker] DEBUG org.hibernate.internal.util.EntityPrinter - web_prak.java.classes.Products{measure=штук, quantity=100, expiration_date_to=2022-03-01, product_id=520, expiration_date_from=2021-03-01, type=виниловые пластинки, product_name=Wonder, place_id=web_prak.java.classes.Register_place#9}
04:46:01.907 [Test worker] DEBUG org.hibernate.SQL - delete from products where product_id=?
Hibernate: delete from products where product_id=?
04:46:01.983 [AsyncHttpClient-1-1] DEBUG org.asynchttpclient.netty.channel.DefaultChannelPool - Entry count for : http://localhost:39796 : 1
04:46:02.667 [Test worker] DEBUG org.hibernate.resource.jdbc.internal.LogicalConnectionManagedImpl - Initiating JDBC connection release from afterTransaction
04:46:02.667 [Test worker] DEBUG org.hibernate.resource.jdbc.internal.LogicalConnectionManagedImpl - Initiating JDBC connection release from afterTransaction
04:46:02.667 [Test worker] DEBUG org.hibernate.engine.jdbc.internal.JdbcCoordinatorImpl - HHH000420: Closing un-released batch
04:46:02.667 [Test worker] DEBUG org.hibernate.engine.transaction.internal.TransactionImpl - On TransactionImpl creation, JpaCompliance#isJpaTransactionComplianceEnabled == false
04:46:02.667 [Test worker] DEBUG org.hibernate.engine.transaction.internal.TransactionImpl - begin
04:46:02.668 [Test worker] DEBUG org.hibernate.engine.transaction.internal.TransactionImpl - committing
04:46:02.668 [Test worker] DEBUG org.hibernate.event.internal.AbstractFlushingEventListener - Processing flush-time cascades
04:46:02.668 [Test worker] DEBUG org.hibernate.event.internal.AbstractFlushingEventListener - Dirty checking collections
04:46:02.668 [Test worker] DEBUG org.hibernate.event.internal.AbstractFlushingEventListener - Flushed: 0 insertions, 0 updates, 1 deletions to 1 objects
04:46:02.668 [Test worker] DEBUG org.hibernate.event.internal.AbstractFlushingEventListener - Flushed: 0 (re)creations, 0 updates, 0 removals to 0 collections
04:46:02.668 [Test worker] DEBUG org.hibernate.internal.util.EntityPrinter - Listing entities:
04:46:02.668 [Test worker] DEBUG org.hibernate.internal.util.EntityPrinter - web_prak.java.classes.Supplies{supply_id=330, data_supply=2022-03-01, store_period=125, supplier_id=web_prak.java.classes.Suppliers#363, status=в процессе}
04:46:02.668 [Test worker] DEBUG org.hibernate.SQL - delete from supplies where supply_id=?
Hibernate: delete from supplies where supply_id=?
04:46:02.730 [Test worker] DEBUG org.hibernate.resource.jdbc.internal.LogicalConnectionManagedImpl - Initiating JDBC connection release from afterTransaction
04:46:02.730 [Test worker] DEBUG org.hibernate.resource.jdbc.internal.LogicalConnectionManagedImpl - Initiating JDBC connection release from afterTransaction
04:46:02.730 [Test worker] DEBUG org.hibernate.engine.jdbc.internal.JdbcCoordinatorImpl - HHH000420: Closing un-released batch
04:46:02.730 [Test worker] DEBUG org.hibernate.engine.transaction.internal.TransactionImpl - On TransactionImpl creation, JpaCompliance#isJpaTransactionComplianceEnabled == false
04:46:02.730 [Test worker] DEBUG org.hibernate.engine.transaction.internal.TransactionImpl - begin
04:46:02.730 [Test worker] DEBUG org.hibernate.engine.transaction.internal.TransactionImpl - committing
04:46:02.730 [Test worker] DEBUG org.hibernate.event.internal.AbstractFlushingEventListener - Processing flush-time cascades
04:46:02.730 [Test worker] DEBUG org.hibernate.event.internal.AbstractFlushingEventListener - Dirty checking collections
04:46:02.730 [Test worker] DEBUG org.hibernate.event.internal.AbstractFlushingEventListener - Flushed: 0 insertions, 0 updates, 1 deletions to 1 objects
04:46:02.730 [Test worker] DEBUG org.hibernate.event.internal.AbstractFlushingEventListener - Flushed: 0 (re)creations, 0 updates, 0 removals to 0 collections
04:46:02.730 [Test worker] DEBUG org.hibernate.internal.util.EntityPrinter - Listing entities:
04:46:02.730 [Test worker] DEBUG org.hibernate.internal.util.EntityPrinter - web_prak.java.classes.Suppliers{address=Кастльвания, пр. Дракулы, 10, contact=5(146)666-66 6, supplier_name=Алукард Фон Неймон, supplier_id=363, email=alucardFN@castlvania.com}
04:46:02.730 [Test worker] DEBUG org.hibernate.SQL - delete from suppliers where supplier_id=?
Hibernate: delete from suppliers where supplier_id=?
04:46:02.798 [Test worker] DEBUG org.hibernate.resource.jdbc.internal.LogicalConnectionManagedImpl - Initiating JDBC connection release from afterTransaction
04:46:02.798 [Test worker] DEBUG org.hibernate.resource.jdbc.internal.LogicalConnectionManagedImpl - Initiating JDBC connection release from afterTransaction
04:46:02.798 [Test worker] DEBUG org.hibernate.engine.jdbc.internal.JdbcCoordinatorImpl - HHH000420: Closing un-released batch
]]></system-out>
  <system-err><![CDATA[1651628747798	geckodriver	INFO	Listening on 127.0.0.1:39796
1651628747939	mozrunner::runner	INFO	Running command: "/usr/bin/firefox" "--marionette" "--remote-debugging-port" "48630" "--remote-allow-hosts" "localhost" "-no-remote" "-profile" "/tmp/rust_mozprofileikjjqY"
1651628751890	Marionette	INFO	Marionette enabled
console.warn: SearchSettings: "get: No settings file exists, new profile?" (new NotFoundError("Could not open the file at /tmp/rust_mozprofileikjjqY/search.json.mozlz4", (void 0)))
DevTools listening on ws://localhost:48630/devtools/browser/9d804172-952d-4414-85dc-fc39842d776d
1651628757023	Marionette	INFO	Listening on port 38389
Read port: 38389
1651628757290	RemoteAgent	WARN	TLS certificate errors will be ignored for this session
мая 04, 2022 4:45:57 AM org.openqa.selenium.remote.ProtocolHandshake createSession
INFO: Detected dialect: W3C
console.warn: LoginRecipes: "getRecipes: falling back to a synchronous message for:" "http://localhost:8080"
console.warn: LoginRecipes: "getRecipes: falling back to a synchronous message for:" "http://localhost:8080"
]]></system-err>
</testsuite>
