<?xml version="1.0" encoding="UTF-8"?>
<testsuite name="ProductsTest" tests="11" skipped="0" failures="0" errors="0" timestamp="2022-04-04T08:49:34" hostname="bekzat-Lenovo-Legion-Y530-15ICH" time="2.408">
  <properties/>
  <testcase name="testCreateNewProduct" classname="ProductsTest" time="0.066"/>
  <testcase name="testDeleteProduct" classname="ProductsTest" time="0.067"/>
  <testcase name="testGetProductAll" classname="ProductsTest" time="0.155"/>
  <testcase name="testGetProductByExpirationDateFrom" classname="ProductsTest" time="1.229"/>
  <testcase name="testGetProductByExpirationDateFromAfter" classname="ProductsTest" time="0.143"/>
  <testcase name="testGetProductByExpirationDateFromBefore" classname="ProductsTest" time="0.134"/>
  <testcase name="testGetProductByExpirationDateTo" classname="ProductsTest" time="0.156"/>
  <testcase name="testGetProductById" classname="ProductsTest" time="0.067"/>
  <testcase name="testGetProductByName" classname="ProductsTest" time="0.144"/>
  <testcase name="testGetProductByType" classname="ProductsTest" time="0.156"/>
  <testcase name="testUpdateProduct" classname="ProductsTest" time="0.084"/>
  <system-out><![CDATA[11:49:34.916 [Test worker] DEBUG org.hibernate.engine.transaction.internal.TransactionImpl - On TransactionImpl creation, JpaCompliance#isJpaTransactionComplianceEnabled == false
11:49:34.916 [Test worker] DEBUG org.hibernate.engine.transaction.internal.TransactionImpl - begin
11:49:34.916 [Test worker] DEBUG org.hibernate.engine.spi.ActionQueue - Executing identity-insert immediately
11:49:34.916 [Test worker] DEBUG org.hibernate.SQL - insert into register_place (free, storage_location) values (?, ?)
Hibernate: insert into register_place (free, storage_location) values (?, ?)
11:49:34.917 [Test worker] DEBUG org.hibernate.id.IdentifierGeneratorHelper - Natively generated identity: 529
11:49:34.917 [Test worker] DEBUG org.hibernate.resource.jdbc.internal.ResourceRegistryStandardImpl - HHH000387: ResultSet's statement was not registered
11:49:34.917 [Test worker] DEBUG org.hibernate.engine.transaction.internal.TransactionImpl - committing
11:49:34.917 [Test worker] DEBUG org.hibernate.event.internal.AbstractFlushingEventListener - Processing flush-time cascades
11:49:34.917 [Test worker] DEBUG org.hibernate.event.internal.AbstractFlushingEventListener - Dirty checking collections
11:49:34.917 [Test worker] DEBUG org.hibernate.event.internal.AbstractFlushingEventListener - Flushed: 0 insertions, 0 updates, 0 deletions to 1 objects
11:49:34.917 [Test worker] DEBUG org.hibernate.event.internal.AbstractFlushingEventListener - Flushed: 0 (re)creations, 0 updates, 0 removals to 0 collections
11:49:34.917 [Test worker] DEBUG org.hibernate.internal.util.EntityPrinter - Listing entities:
11:49:34.917 [Test worker] DEBUG org.hibernate.internal.util.EntityPrinter - web_prak.java.classes.Register_place{storage_location=02 10 03, free=нет, place_id=529}
11:49:34.932 [Test worker] DEBUG org.hibernate.resource.jdbc.internal.LogicalConnectionManagedImpl - Initiating JDBC connection release from afterTransaction
11:49:34.932 [Test worker] DEBUG org.hibernate.resource.jdbc.internal.LogicalConnectionManagedImpl - Initiating JDBC connection release from afterTransaction
11:49:34.932 [Test worker] DEBUG org.hibernate.engine.transaction.internal.TransactionImpl - On TransactionImpl creation, JpaCompliance#isJpaTransactionComplianceEnabled == false
11:49:34.932 [Test worker] DEBUG org.hibernate.engine.transaction.internal.TransactionImpl - begin
11:49:34.932 [Test worker] DEBUG org.hibernate.engine.spi.ActionQueue - Executing identity-insert immediately
11:49:34.933 [Test worker] DEBUG org.hibernate.SQL - insert into products (expiration_date_from, expiration_date_to, measure, place_id, product_name, quantity, type) values (?, ?, ?, ?, ?, ?, ?)
Hibernate: insert into products (expiration_date_from, expiration_date_to, measure, place_id, product_name, quantity, type) values (?, ?, ?, ?, ?, ?, ?)
11:49:34.933 [Test worker] DEBUG org.hibernate.id.IdentifierGeneratorHelper - Natively generated identity: 425
11:49:34.934 [Test worker] DEBUG org.hibernate.resource.jdbc.internal.ResourceRegistryStandardImpl - HHH000387: ResultSet's statement was not registered
11:49:34.934 [Test worker] DEBUG org.hibernate.engine.transaction.internal.TransactionImpl - committing
11:49:34.934 [Test worker] DEBUG org.hibernate.event.internal.AbstractFlushingEventListener - Processing flush-time cascades
11:49:34.934 [Test worker] DEBUG org.hibernate.event.internal.AbstractFlushingEventListener - Dirty checking collections
11:49:34.934 [Test worker] DEBUG org.hibernate.event.internal.AbstractFlushingEventListener - Flushed: 0 insertions, 0 updates, 0 deletions to 1 objects
11:49:34.934 [Test worker] DEBUG org.hibernate.event.internal.AbstractFlushingEventListener - Flushed: 0 (re)creations, 0 updates, 0 removals to 0 collections
11:49:34.934 [Test worker] DEBUG org.hibernate.internal.util.EntityPrinter - Listing entities:
11:49:34.934 [Test worker] DEBUG org.hibernate.internal.util.EntityPrinter - web_prak.java.classes.Products{measure=штук, quantity=5, expiration_date_to=2022-08-01, product_id=425, expiration_date_from=2021-08-01, type=Ноутбуки, product_name=Asus Rog Strix, place_id=web_prak.java.classes.Register_place#529}
11:49:34.948 [Test worker] DEBUG org.hibernate.resource.jdbc.internal.LogicalConnectionManagedImpl - Initiating JDBC connection release from afterTransaction
11:49:34.949 [Test worker] DEBUG org.hibernate.resource.jdbc.internal.LogicalConnectionManagedImpl - Initiating JDBC connection release from afterTransaction
11:49:34.949 [Test worker] DEBUG org.hibernate.SQL - select products0_.product_id as product_1_3_0_, products0_.expiration_date_from as expirati2_3_0_, products0_.expiration_date_to as expirati3_3_0_, products0_.measure as measure4_3_0_, products0_.place_id as place_id8_3_0_, products0_.product_name as product_5_3_0_, products0_.quantity as quantity6_3_0_, products0_.type as type7_3_0_, register_p1_.place_id as place_id1_4_1_, register_p1_.free as free2_4_1_, register_p1_.storage_location as storage_3_4_1_ from products products0_ left outer join register_place register_p1_ on products0_.place_id=register_p1_.place_id where products0_.product_id=?
Hibernate: select products0_.product_id as product_1_3_0_, products0_.expiration_date_from as expirati2_3_0_, products0_.expiration_date_to as expirati3_3_0_, products0_.measure as measure4_3_0_, products0_.place_id as place_id8_3_0_, products0_.product_name as product_5_3_0_, products0_.quantity as quantity6_3_0_, products0_.type as type7_3_0_, register_p1_.place_id as place_id1_4_1_, register_p1_.free as free2_4_1_, register_p1_.storage_location as storage_3_4_1_ from products products0_ left outer join register_place register_p1_ on products0_.place_id=register_p1_.place_id where products0_.product_id=?
11:49:34.950 [Test worker] DEBUG org.hibernate.loader.plan.exec.process.internal.EntityReferenceInitializerImpl - On call to EntityIdentifierReaderImpl#resolve, EntityKey was already known; should only happen on root returns with an optional identifier specified
11:49:34.950 [Test worker] DEBUG org.hibernate.engine.internal.TwoPhaseLoad - Resolving attributes for [web_prak.java.classes.Products#425]
11:49:34.950 [Test worker] DEBUG org.hibernate.engine.internal.TwoPhaseLoad - Processing attribute `expiration_date_from` : value = 2021-08-01
11:49:34.950 [Test worker] DEBUG org.hibernate.engine.internal.TwoPhaseLoad - Attribute (`expiration_date_from`)  - enhanced for lazy-loading? - false
11:49:34.950 [Test worker] DEBUG org.hibernate.engine.internal.TwoPhaseLoad - Processing attribute `expiration_date_to` : value = 2022-08-01
11:49:34.950 [Test worker] DEBUG org.hibernate.engine.internal.TwoPhaseLoad - Attribute (`expiration_date_to`)  - enhanced for lazy-loading? - false
11:49:34.950 [Test worker] DEBUG org.hibernate.engine.internal.TwoPhaseLoad - Processing attribute `measure` : value = штук
11:49:34.950 [Test worker] DEBUG org.hibernate.engine.internal.TwoPhaseLoad - Attribute (`measure`)  - enhanced for lazy-loading? - false
11:49:34.950 [Test worker] DEBUG org.hibernate.engine.internal.TwoPhaseLoad - Processing attribute `place_id` : value = 529
11:49:34.950 [Test worker] DEBUG org.hibernate.engine.internal.TwoPhaseLoad - Attribute (`place_id`)  - enhanced for lazy-loading? - false
11:49:34.950 [Test worker] DEBUG org.hibernate.engine.internal.TwoPhaseLoad - Processing attribute `product_name` : value = Asus Rog Strix
11:49:34.950 [Test worker] DEBUG org.hibernate.engine.internal.TwoPhaseLoad - Attribute (`product_name`)  - enhanced for lazy-loading? - false
11:49:34.950 [Test worker] DEBUG org.hibernate.engine.internal.TwoPhaseLoad - Processing attribute `quantity` : value = 5
11:49:34.950 [Test worker] DEBUG org.hibernate.engine.internal.TwoPhaseLoad - Attribute (`quantity`)  - enhanced for lazy-loading? - false
11:49:34.950 [Test worker] DEBUG org.hibernate.engine.internal.TwoPhaseLoad - Processing attribute `type` : value = Ноутбуки
11:49:34.950 [Test worker] DEBUG org.hibernate.engine.internal.TwoPhaseLoad - Attribute (`type`)  - enhanced for lazy-loading? - false
11:49:34.950 [Test worker] DEBUG org.hibernate.engine.internal.TwoPhaseLoad - Done materializing entity [web_prak.java.classes.Products#425]
11:49:34.950 [Test worker] DEBUG org.hibernate.engine.internal.TwoPhaseLoad - Resolving attributes for [web_prak.java.classes.Register_place#529]
11:49:34.950 [Test worker] DEBUG org.hibernate.engine.internal.TwoPhaseLoad - Processing attribute `free` : value = нет
11:49:34.951 [Test worker] DEBUG org.hibernate.engine.internal.TwoPhaseLoad - Attribute (`free`)  - enhanced for lazy-loading? - false
11:49:34.951 [Test worker] DEBUG org.hibernate.engine.internal.TwoPhaseLoad - Processing attribute `storage_location` : value = 02 10 03
11:49:34.951 [Test worker] DEBUG org.hibernate.engine.internal.TwoPhaseLoad - Attribute (`storage_location`)  - enhanced for lazy-loading? - false
11:49:34.951 [Test worker] DEBUG org.hibernate.engine.internal.TwoPhaseLoad - Done materializing entity [web_prak.java.classes.Register_place#529]
11:49:34.951 [Test worker] DEBUG org.hibernate.loader.entity.plan.AbstractLoadPlanBasedEntityLoader - Done entity load : web_prak.java.classes.Products#425
11:49:34.951 [Test worker] DEBUG org.hibernate.resource.jdbc.internal.LogicalConnectionManagedImpl - Initiating JDBC connection release from afterTransaction
11:49:34.951 [Test worker] DEBUG org.hibernate.engine.transaction.internal.TransactionImpl - On TransactionImpl creation, JpaCompliance#isJpaTransactionComplianceEnabled == false
11:49:34.951 [Test worker] DEBUG org.hibernate.engine.transaction.internal.TransactionImpl - begin
11:49:34.951 [Test worker] DEBUG org.hibernate.engine.transaction.internal.TransactionImpl - committing
11:49:34.952 [Test worker] DEBUG org.hibernate.event.internal.AbstractFlushingEventListener - Processing flush-time cascades
11:49:34.952 [Test worker] DEBUG org.hibernate.event.internal.AbstractFlushingEventListener - Dirty checking collections
11:49:34.952 [Test worker] DEBUG org.hibernate.event.internal.AbstractFlushingEventListener - Flushed: 0 insertions, 0 updates, 1 deletions to 1 objects
11:49:34.952 [Test worker] DEBUG org.hibernate.event.internal.AbstractFlushingEventListener - Flushed: 0 (re)creations, 0 updates, 0 removals to 0 collections
11:49:34.952 [Test worker] DEBUG org.hibernate.internal.util.EntityPrinter - Listing entities:
11:49:34.952 [Test worker] DEBUG org.hibernate.internal.util.EntityPrinter - web_prak.java.classes.Products{measure=штук, quantity=5, expiration_date_to=2022-08-01, product_id=425, expiration_date_from=2021-08-01, type=Ноутбуки, product_name=Asus Rog Strix, place_id=web_prak.java.classes.Register_place#529}
11:49:34.952 [Test worker] DEBUG org.hibernate.SQL - delete from products where product_id=?
Hibernate: delete from products where product_id=?
11:49:34.966 [Test worker] DEBUG org.hibernate.resource.jdbc.internal.LogicalConnectionManagedImpl - Initiating JDBC connection release from afterTransaction
11:49:34.966 [Test worker] DEBUG org.hibernate.resource.jdbc.internal.LogicalConnectionManagedImpl - Initiating JDBC connection release from afterTransaction
11:49:34.966 [Test worker] DEBUG org.hibernate.engine.jdbc.internal.JdbcCoordinatorImpl - HHH000420: Closing un-released batch
11:49:34.966 [Test worker] DEBUG org.hibernate.engine.transaction.internal.TransactionImpl - On TransactionImpl creation, JpaCompliance#isJpaTransactionComplianceEnabled == false
11:49:34.966 [Test worker] DEBUG org.hibernate.engine.transaction.internal.TransactionImpl - begin
11:49:34.966 [Test worker] DEBUG org.hibernate.engine.transaction.internal.TransactionImpl - committing
11:49:34.966 [Test worker] DEBUG org.hibernate.event.internal.AbstractFlushingEventListener - Processing flush-time cascades
11:49:34.966 [Test worker] DEBUG org.hibernate.event.internal.AbstractFlushingEventListener - Dirty checking collections
11:49:34.966 [Test worker] DEBUG org.hibernate.event.internal.AbstractFlushingEventListener - Flushed: 0 insertions, 0 updates, 1 deletions to 1 objects
11:49:34.966 [Test worker] DEBUG org.hibernate.event.internal.AbstractFlushingEventListener - Flushed: 0 (re)creations, 0 updates, 0 removals to 0 collections
11:49:34.966 [Test worker] DEBUG org.hibernate.internal.util.EntityPrinter - Listing entities:
11:49:34.967 [Test worker] DEBUG org.hibernate.internal.util.EntityPrinter - web_prak.java.classes.Register_place{storage_location=02 10 03, free=нет, place_id=529}
11:49:34.967 [Test worker] DEBUG org.hibernate.SQL - delete from register_place where place_id=?
Hibernate: delete from register_place where place_id=?
11:49:34.982 [Test worker] DEBUG org.hibernate.resource.jdbc.internal.LogicalConnectionManagedImpl - Initiating JDBC connection release from afterTransaction
11:49:34.982 [Test worker] DEBUG org.hibernate.resource.jdbc.internal.LogicalConnectionManagedImpl - Initiating JDBC connection release from afterTransaction
11:49:34.982 [Test worker] DEBUG org.hibernate.engine.jdbc.internal.JdbcCoordinatorImpl - HHH000420: Closing un-released batch
11:49:34.983 [Test worker] DEBUG org.hibernate.engine.transaction.internal.TransactionImpl - On TransactionImpl creation, JpaCompliance#isJpaTransactionComplianceEnabled == false
11:49:34.983 [Test worker] DEBUG org.hibernate.engine.transaction.internal.TransactionImpl - begin
11:49:34.983 [Test worker] DEBUG org.hibernate.engine.spi.ActionQueue - Executing identity-insert immediately
11:49:34.983 [Test worker] DEBUG org.hibernate.SQL - insert into register_place (free, storage_location) values (?, ?)
Hibernate: insert into register_place (free, storage_location) values (?, ?)
11:49:34.984 [Test worker] DEBUG org.hibernate.id.IdentifierGeneratorHelper - Natively generated identity: 530
11:49:34.984 [Test worker] DEBUG org.hibernate.resource.jdbc.internal.ResourceRegistryStandardImpl - HHH000387: ResultSet's statement was not registered
11:49:34.984 [Test worker] DEBUG org.hibernate.engine.transaction.internal.TransactionImpl - committing
11:49:34.984 [Test worker] DEBUG org.hibernate.event.internal.AbstractFlushingEventListener - Processing flush-time cascades
11:49:34.984 [Test worker] DEBUG org.hibernate.event.internal.AbstractFlushingEventListener - Dirty checking collections
11:49:34.984 [Test worker] DEBUG org.hibernate.event.internal.AbstractFlushingEventListener - Flushed: 0 insertions, 0 updates, 0 deletions to 1 objects
11:49:34.984 [Test worker] DEBUG org.hibernate.event.internal.AbstractFlushingEventListener - Flushed: 0 (re)creations, 0 updates, 0 removals to 0 collections
11:49:34.984 [Test worker] DEBUG org.hibernate.internal.util.EntityPrinter - Listing entities:
11:49:34.984 [Test worker] DEBUG org.hibernate.internal.util.EntityPrinter - web_prak.java.classes.Register_place{storage_location=02 10 03, free=нет, place_id=530}
11:49:34.999 [Test worker] DEBUG org.hibernate.resource.jdbc.internal.LogicalConnectionManagedImpl - Initiating JDBC connection release from afterTransaction
11:49:34.999 [Test worker] DEBUG org.hibernate.resource.jdbc.internal.LogicalConnectionManagedImpl - Initiating JDBC connection release from afterTransaction
11:49:34.999 [Test worker] DEBUG org.hibernate.engine.transaction.internal.TransactionImpl - On TransactionImpl creation, JpaCompliance#isJpaTransactionComplianceEnabled == false
11:49:34.999 [Test worker] DEBUG org.hibernate.engine.transaction.internal.TransactionImpl - begin
11:49:35.000 [Test worker] DEBUG org.hibernate.engine.spi.ActionQueue - Executing identity-insert immediately
11:49:35.000 [Test worker] DEBUG org.hibernate.SQL - insert into products (expiration_date_from, expiration_date_to, measure, place_id, product_name, quantity, type) values (?, ?, ?, ?, ?, ?, ?)
Hibernate: insert into products (expiration_date_from, expiration_date_to, measure, place_id, product_name, quantity, type) values (?, ?, ?, ?, ?, ?, ?)
11:49:35.001 [Test worker] DEBUG org.hibernate.id.IdentifierGeneratorHelper - Natively generated identity: 426
11:49:35.001 [Test worker] DEBUG org.hibernate.resource.jdbc.internal.ResourceRegistryStandardImpl - HHH000387: ResultSet's statement was not registered
11:49:35.001 [Test worker] DEBUG org.hibernate.engine.transaction.internal.TransactionImpl - committing
11:49:35.001 [Test worker] DEBUG org.hibernate.event.internal.AbstractFlushingEventListener - Processing flush-time cascades
11:49:35.001 [Test worker] DEBUG org.hibernate.event.internal.AbstractFlushingEventListener - Dirty checking collections
11:49:35.001 [Test worker] DEBUG org.hibernate.event.internal.AbstractFlushingEventListener - Flushed: 0 insertions, 0 updates, 0 deletions to 1 objects
11:49:35.001 [Test worker] DEBUG org.hibernate.event.internal.AbstractFlushingEventListener - Flushed: 0 (re)creations, 0 updates, 0 removals to 0 collections
11:49:35.001 [Test worker] DEBUG org.hibernate.internal.util.EntityPrinter - Listing entities:
11:49:35.001 [Test worker] DEBUG org.hibernate.internal.util.EntityPrinter - web_prak.java.classes.Products{measure=штук, quantity=5, expiration_date_to=2022-08-01, product_id=426, expiration_date_from=2021-08-01, type=Ноутбуки, product_name=Asus Rog Strix, place_id=web_prak.java.classes.Register_place#530}
11:49:35.015 [Test worker] DEBUG org.hibernate.resource.jdbc.internal.LogicalConnectionManagedImpl - Initiating JDBC connection release from afterTransaction
11:49:35.016 [Test worker] DEBUG org.hibernate.resource.jdbc.internal.LogicalConnectionManagedImpl - Initiating JDBC connection release from afterTransaction
11:49:35.016 [Test worker] DEBUG org.hibernate.SQL - select products0_.product_id as product_1_3_0_, products0_.expiration_date_from as expirati2_3_0_, products0_.expiration_date_to as expirati3_3_0_, products0_.measure as measure4_3_0_, products0_.place_id as place_id8_3_0_, products0_.product_name as product_5_3_0_, products0_.quantity as quantity6_3_0_, products0_.type as type7_3_0_, register_p1_.place_id as place_id1_4_1_, register_p1_.free as free2_4_1_, register_p1_.storage_location as storage_3_4_1_ from products products0_ left outer join register_place register_p1_ on products0_.place_id=register_p1_.place_id where products0_.product_id=?
Hibernate: select products0_.product_id as product_1_3_0_, products0_.expiration_date_from as expirati2_3_0_, products0_.expiration_date_to as expirati3_3_0_, products0_.measure as measure4_3_0_, products0_.place_id as place_id8_3_0_, products0_.product_name as product_5_3_0_, products0_.quantity as quantity6_3_0_, products0_.type as type7_3_0_, register_p1_.place_id as place_id1_4_1_, register_p1_.free as free2_4_1_, register_p1_.storage_location as storage_3_4_1_ from products products0_ left outer join register_place register_p1_ on products0_.place_id=register_p1_.place_id where products0_.product_id=?
11:49:35.016 [Test worker] DEBUG org.hibernate.loader.plan.exec.process.internal.EntityReferenceInitializerImpl - On call to EntityIdentifierReaderImpl#resolve, EntityKey was already known; should only happen on root returns with an optional identifier specified
11:49:35.017 [Test worker] DEBUG org.hibernate.engine.internal.TwoPhaseLoad - Resolving attributes for [web_prak.java.classes.Products#426]
11:49:35.017 [Test worker] DEBUG org.hibernate.engine.internal.TwoPhaseLoad - Processing attribute `expiration_date_from` : value = 2021-08-01
11:49:35.017 [Test worker] DEBUG org.hibernate.engine.internal.TwoPhaseLoad - Attribute (`expiration_date_from`)  - enhanced for lazy-loading? - false
11:49:35.017 [Test worker] DEBUG org.hibernate.engine.internal.TwoPhaseLoad - Processing attribute `expiration_date_to` : value = 2022-08-01
11:49:35.017 [Test worker] DEBUG org.hibernate.engine.internal.TwoPhaseLoad - Attribute (`expiration_date_to`)  - enhanced for lazy-loading? - false
11:49:35.017 [Test worker] DEBUG org.hibernate.engine.internal.TwoPhaseLoad - Processing attribute `measure` : value = штук
11:49:35.017 [Test worker] DEBUG org.hibernate.engine.internal.TwoPhaseLoad - Attribute (`measure`)  - enhanced for lazy-loading? - false
11:49:35.017 [Test worker] DEBUG org.hibernate.engine.internal.TwoPhaseLoad - Processing attribute `place_id` : value = 530
11:49:35.017 [Test worker] DEBUG org.hibernate.engine.internal.TwoPhaseLoad - Attribute (`place_id`)  - enhanced for lazy-loading? - false
11:49:35.017 [Test worker] DEBUG org.hibernate.engine.internal.TwoPhaseLoad - Processing attribute `product_name` : value = Asus Rog Strix
11:49:35.017 [Test worker] DEBUG org.hibernate.engine.internal.TwoPhaseLoad - Attribute (`product_name`)  - enhanced for lazy-loading? - false
11:49:35.017 [Test worker] DEBUG org.hibernate.engine.internal.TwoPhaseLoad - Processing attribute `quantity` : value = 5
11:49:35.017 [Test worker] DEBUG org.hibernate.engine.internal.TwoPhaseLoad - Attribute (`quantity`)  - enhanced for lazy-loading? - false
11:49:35.017 [Test worker] DEBUG org.hibernate.engine.internal.TwoPhaseLoad - Processing attribute `type` : value = Ноутбуки
11:49:35.017 [Test worker] DEBUG org.hibernate.engine.internal.TwoPhaseLoad - Attribute (`type`)  - enhanced for lazy-loading? - false
11:49:35.017 [Test worker] DEBUG org.hibernate.engine.internal.TwoPhaseLoad - Done materializing entity [web_prak.java.classes.Products#426]
11:49:35.017 [Test worker] DEBUG org.hibernate.engine.internal.TwoPhaseLoad - Resolving attributes for [web_prak.java.classes.Register_place#530]
11:49:35.017 [Test worker] DEBUG org.hibernate.engine.internal.TwoPhaseLoad - Processing attribute `free` : value = нет
11:49:35.017 [Test worker] DEBUG org.hibernate.engine.internal.TwoPhaseLoad - Attribute (`free`)  - enhanced for lazy-loading? - false
11:49:35.017 [Test worker] DEBUG org.hibernate.engine.internal.TwoPhaseLoad - Processing attribute `storage_location` : value = 02 10 03
11:49:35.017 [Test worker] DEBUG org.hibernate.engine.internal.TwoPhaseLoad - Attribute (`storage_location`)  - enhanced for lazy-loading? - false
11:49:35.017 [Test worker] DEBUG org.hibernate.engine.internal.TwoPhaseLoad - Done materializing entity [web_prak.java.classes.Register_place#530]
11:49:35.017 [Test worker] DEBUG org.hibernate.loader.entity.plan.AbstractLoadPlanBasedEntityLoader - Done entity load : web_prak.java.classes.Products#426
11:49:35.017 [Test worker] DEBUG org.hibernate.resource.jdbc.internal.LogicalConnectionManagedImpl - Initiating JDBC connection release from afterTransaction
11:49:35.018 [Test worker] DEBUG org.hibernate.engine.transaction.internal.TransactionImpl - On TransactionImpl creation, JpaCompliance#isJpaTransactionComplianceEnabled == false
11:49:35.018 [Test worker] DEBUG org.hibernate.engine.transaction.internal.TransactionImpl - begin
11:49:35.018 [Test worker] DEBUG org.hibernate.engine.transaction.internal.TransactionImpl - committing
11:49:35.018 [Test worker] DEBUG org.hibernate.event.internal.AbstractFlushingEventListener - Processing flush-time cascades
11:49:35.018 [Test worker] DEBUG org.hibernate.event.internal.AbstractFlushingEventListener - Dirty checking collections
11:49:35.018 [Test worker] DEBUG org.hibernate.event.internal.AbstractFlushingEventListener - Flushed: 0 insertions, 0 updates, 1 deletions to 1 objects
11:49:35.018 [Test worker] DEBUG org.hibernate.event.internal.AbstractFlushingEventListener - Flushed: 0 (re)creations, 0 updates, 0 removals to 0 collections
11:49:35.018 [Test worker] DEBUG org.hibernate.internal.util.EntityPrinter - Listing entities:
11:49:35.018 [Test worker] DEBUG org.hibernate.internal.util.EntityPrinter - web_prak.java.classes.Products{measure=штук, quantity=5, expiration_date_to=2022-08-01, product_id=426, expiration_date_from=2021-08-01, type=Ноутбуки, product_name=Asus Rog Strix, place_id=web_prak.java.classes.Register_place#530}
11:49:35.018 [Test worker] DEBUG org.hibernate.SQL - delete from products where product_id=?
Hibernate: delete from products where product_id=?
11:49:35.033 [Test worker] DEBUG org.hibernate.resource.jdbc.internal.LogicalConnectionManagedImpl - Initiating JDBC connection release from afterTransaction
11:49:35.033 [Test worker] DEBUG org.hibernate.resource.jdbc.internal.LogicalConnectionManagedImpl - Initiating JDBC connection release from afterTransaction
11:49:35.033 [Test worker] DEBUG org.hibernate.engine.jdbc.internal.JdbcCoordinatorImpl - HHH000420: Closing un-released batch
11:49:35.033 [Test worker] DEBUG org.hibernate.engine.transaction.internal.TransactionImpl - On TransactionImpl creation, JpaCompliance#isJpaTransactionComplianceEnabled == false
11:49:35.033 [Test worker] DEBUG org.hibernate.engine.transaction.internal.TransactionImpl - begin
11:49:35.033 [Test worker] DEBUG org.hibernate.engine.transaction.internal.TransactionImpl - committing
11:49:35.033 [Test worker] DEBUG org.hibernate.event.internal.AbstractFlushingEventListener - Processing flush-time cascades
11:49:35.033 [Test worker] DEBUG org.hibernate.event.internal.AbstractFlushingEventListener - Dirty checking collections
11:49:35.033 [Test worker] DEBUG org.hibernate.event.internal.AbstractFlushingEventListener - Flushed: 0 insertions, 0 updates, 1 deletions to 1 objects
11:49:35.033 [Test worker] DEBUG org.hibernate.event.internal.AbstractFlushingEventListener - Flushed: 0 (re)creations, 0 updates, 0 removals to 0 collections
11:49:35.033 [Test worker] DEBUG org.hibernate.internal.util.EntityPrinter - Listing entities:
11:49:35.033 [Test worker] DEBUG org.hibernate.internal.util.EntityPrinter - web_prak.java.classes.Register_place{storage_location=02 10 03, free=нет, place_id=530}
11:49:35.034 [Test worker] DEBUG org.hibernate.SQL - delete from register_place where place_id=?
Hibernate: delete from register_place where place_id=?
11:49:35.049 [Test worker] DEBUG org.hibernate.resource.jdbc.internal.LogicalConnectionManagedImpl - Initiating JDBC connection release from afterTransaction
11:49:35.049 [Test worker] DEBUG org.hibernate.resource.jdbc.internal.LogicalConnectionManagedImpl - Initiating JDBC connection release from afterTransaction
11:49:35.049 [Test worker] DEBUG org.hibernate.engine.jdbc.internal.JdbcCoordinatorImpl - HHH000420: Closing un-released batch
11:49:35.049 [Test worker] DEBUG org.hibernate.SQL - select products0_.product_id as product_1_3_0_, products0_.expiration_date_from as expirati2_3_0_, products0_.expiration_date_to as expirati3_3_0_, products0_.measure as measure4_3_0_, products0_.place_id as place_id8_3_0_, products0_.product_name as product_5_3_0_, products0_.quantity as quantity6_3_0_, products0_.type as type7_3_0_, register_p1_.place_id as place_id1_4_1_, register_p1_.free as free2_4_1_, register_p1_.storage_location as storage_3_4_1_ from products products0_ left outer join register_place register_p1_ on products0_.place_id=register_p1_.place_id where products0_.product_id=?
Hibernate: select products0_.product_id as product_1_3_0_, products0_.expiration_date_from as expirati2_3_0_, products0_.expiration_date_to as expirati3_3_0_, products0_.measure as measure4_3_0_, products0_.place_id as place_id8_3_0_, products0_.product_name as product_5_3_0_, products0_.quantity as quantity6_3_0_, products0_.type as type7_3_0_, register_p1_.place_id as place_id1_4_1_, register_p1_.free as free2_4_1_, register_p1_.storage_location as storage_3_4_1_ from products products0_ left outer join register_place register_p1_ on products0_.place_id=register_p1_.place_id where products0_.product_id=?
11:49:35.050 [Test worker] DEBUG org.hibernate.loader.entity.plan.AbstractLoadPlanBasedEntityLoader - Done entity load : web_prak.java.classes.Products#426
11:49:35.050 [Test worker] DEBUG org.hibernate.resource.jdbc.internal.LogicalConnectionManagedImpl - Initiating JDBC connection release from afterTransaction
11:49:35.051 [Test worker] DEBUG org.hibernate.engine.transaction.internal.TransactionImpl - On TransactionImpl creation, JpaCompliance#isJpaTransactionComplianceEnabled == false
11:49:35.051 [Test worker] DEBUG org.hibernate.engine.transaction.internal.TransactionImpl - begin
11:49:35.051 [Test worker] DEBUG org.hibernate.engine.spi.ActionQueue - Executing identity-insert immediately
11:49:35.051 [Test worker] DEBUG org.hibernate.SQL - insert into register_place (free, storage_location) values (?, ?)
Hibernate: insert into register_place (free, storage_location) values (?, ?)
11:49:35.052 [Test worker] DEBUG org.hibernate.id.IdentifierGeneratorHelper - Natively generated identity: 531
11:49:35.052 [Test worker] DEBUG org.hibernate.resource.jdbc.internal.ResourceRegistryStandardImpl - HHH000387: ResultSet's statement was not registered
11:49:35.052 [Test worker] DEBUG org.hibernate.engine.transaction.internal.TransactionImpl - committing
11:49:35.052 [Test worker] DEBUG org.hibernate.event.internal.AbstractFlushingEventListener - Processing flush-time cascades
11:49:35.052 [Test worker] DEBUG org.hibernate.event.internal.AbstractFlushingEventListener - Dirty checking collections
11:49:35.052 [Test worker] DEBUG org.hibernate.event.internal.AbstractFlushingEventListener - Flushed: 0 insertions, 0 updates, 0 deletions to 1 objects
11:49:35.052 [Test worker] DEBUG org.hibernate.event.internal.AbstractFlushingEventListener - Flushed: 0 (re)creations, 0 updates, 0 removals to 0 collections
11:49:35.052 [Test worker] DEBUG org.hibernate.internal.util.EntityPrinter - Listing entities:
11:49:35.052 [Test worker] DEBUG org.hibernate.internal.util.EntityPrinter - web_prak.java.classes.Register_place{storage_location=02 10 03, free=нет, place_id=531}
11:49:35.067 [Test worker] DEBUG org.hibernate.resource.jdbc.internal.LogicalConnectionManagedImpl - Initiating JDBC connection release from afterTransaction
11:49:35.067 [Test worker] DEBUG org.hibernate.resource.jdbc.internal.LogicalConnectionManagedImpl - Initiating JDBC connection release from afterTransaction
11:49:35.067 [Test worker] DEBUG org.hibernate.engine.transaction.internal.TransactionImpl - On TransactionImpl creation, JpaCompliance#isJpaTransactionComplianceEnabled == false
11:49:35.067 [Test worker] DEBUG org.hibernate.engine.transaction.internal.TransactionImpl - begin
11:49:35.067 [Test worker] DEBUG org.hibernate.engine.spi.ActionQueue - Executing identity-insert immediately
11:49:35.067 [Test worker] DEBUG org.hibernate.SQL - insert into register_place (free, storage_location) values (?, ?)
Hibernate: insert into register_place (free, storage_location) values (?, ?)
11:49:35.068 [Test worker] DEBUG org.hibernate.id.IdentifierGeneratorHelper - Natively generated identity: 532
11:49:35.068 [Test worker] DEBUG org.hibernate.resource.jdbc.internal.ResourceRegistryStandardImpl - HHH000387: ResultSet's statement was not registered
11:49:35.068 [Test worker] DEBUG org.hibernate.engine.transaction.internal.TransactionImpl - committing
11:49:35.068 [Test worker] DEBUG org.hibernate.event.internal.AbstractFlushingEventListener - Processing flush-time cascades
11:49:35.068 [Test worker] DEBUG org.hibernate.event.internal.AbstractFlushingEventListener - Dirty checking collections
11:49:35.068 [Test worker] DEBUG org.hibernate.event.internal.AbstractFlushingEventListener - Flushed: 0 insertions, 0 updates, 0 deletions to 1 objects
11:49:35.068 [Test worker] DEBUG org.hibernate.event.internal.AbstractFlushingEventListener - Flushed: 0 (re)creations, 0 updates, 0 removals to 0 collections
11:49:35.068 [Test worker] DEBUG org.hibernate.internal.util.EntityPrinter - Listing entities:
11:49:35.068 [Test worker] DEBUG org.hibernate.internal.util.EntityPrinter - web_prak.java.classes.Register_place{storage_location=03 03 04, free=нет, place_id=532}
11:49:35.083 [Test worker] DEBUG org.hibernate.resource.jdbc.internal.LogicalConnectionManagedImpl - Initiating JDBC connection release from afterTransaction
11:49:35.083 [Test worker] DEBUG org.hibernate.resource.jdbc.internal.LogicalConnectionManagedImpl - Initiating JDBC connection release from afterTransaction
11:49:35.083 [Test worker] DEBUG org.hibernate.engine.transaction.internal.TransactionImpl - On TransactionImpl creation, JpaCompliance#isJpaTransactionComplianceEnabled == false
11:49:35.083 [Test worker] DEBUG org.hibernate.engine.transaction.internal.TransactionImpl - begin
11:49:35.083 [Test worker] DEBUG org.hibernate.engine.spi.ActionQueue - Executing identity-insert immediately
11:49:35.083 [Test worker] DEBUG org.hibernate.SQL - insert into products (expiration_date_from, expiration_date_to, measure, place_id, product_name, quantity, type) values (?, ?, ?, ?, ?, ?, ?)
Hibernate: insert into products (expiration_date_from, expiration_date_to, measure, place_id, product_name, quantity, type) values (?, ?, ?, ?, ?, ?, ?)
11:49:35.084 [Test worker] DEBUG org.hibernate.id.IdentifierGeneratorHelper - Natively generated identity: 427
11:49:35.084 [Test worker] DEBUG org.hibernate.resource.jdbc.internal.ResourceRegistryStandardImpl - HHH000387: ResultSet's statement was not registered
11:49:35.084 [Test worker] DEBUG org.hibernate.engine.transaction.internal.TransactionImpl - committing
11:49:35.084 [Test worker] DEBUG org.hibernate.event.internal.AbstractFlushingEventListener - Processing flush-time cascades
11:49:35.084 [Test worker] DEBUG org.hibernate.event.internal.AbstractFlushingEventListener - Dirty checking collections
11:49:35.085 [Test worker] DEBUG org.hibernate.event.internal.AbstractFlushingEventListener - Flushed: 0 insertions, 0 updates, 0 deletions to 1 objects
11:49:35.085 [Test worker] DEBUG org.hibernate.event.internal.AbstractFlushingEventListener - Flushed: 0 (re)creations, 0 updates, 0 removals to 0 collections
11:49:35.085 [Test worker] DEBUG org.hibernate.internal.util.EntityPrinter - Listing entities:
11:49:35.085 [Test worker] DEBUG org.hibernate.internal.util.EntityPrinter - web_prak.java.classes.Products{measure=штук, quantity=5, expiration_date_to=2022-08-01, product_id=427, expiration_date_from=2021-08-01, type=Ноутбуки, product_name=Asus Rog Strix, place_id=web_prak.java.classes.Register_place#531}
11:49:35.100 [Test worker] DEBUG org.hibernate.resource.jdbc.internal.LogicalConnectionManagedImpl - Initiating JDBC connection release from afterTransaction
11:49:35.100 [Test worker] DEBUG org.hibernate.resource.jdbc.internal.LogicalConnectionManagedImpl - Initiating JDBC connection release from afterTransaction
11:49:35.100 [Test worker] DEBUG org.hibernate.engine.transaction.internal.TransactionImpl - On TransactionImpl creation, JpaCompliance#isJpaTransactionComplianceEnabled == false
11:49:35.100 [Test worker] DEBUG org.hibernate.engine.transaction.internal.TransactionImpl - begin
11:49:35.100 [Test worker] DEBUG org.hibernate.engine.spi.ActionQueue - Executing identity-insert immediately
11:49:35.100 [Test worker] DEBUG org.hibernate.SQL - insert into products (expiration_date_from, expiration_date_to, measure, place_id, product_name, quantity, type) values (?, ?, ?, ?, ?, ?, ?)
Hibernate: insert into products (expiration_date_from, expiration_date_to, measure, place_id, product_name, quantity, type) values (?, ?, ?, ?, ?, ?, ?)
11:49:35.101 [Test worker] DEBUG org.hibernate.id.IdentifierGeneratorHelper - Natively generated identity: 428
11:49:35.101 [Test worker] DEBUG org.hibernate.resource.jdbc.internal.ResourceRegistryStandardImpl - HHH000387: ResultSet's statement was not registered
11:49:35.102 [Test worker] DEBUG org.hibernate.engine.transaction.internal.TransactionImpl - committing
11:49:35.102 [Test worker] DEBUG org.hibernate.event.internal.AbstractFlushingEventListener - Processing flush-time cascades
11:49:35.102 [Test worker] DEBUG org.hibernate.event.internal.AbstractFlushingEventListener - Dirty checking collections
11:49:35.102 [Test worker] DEBUG org.hibernate.event.internal.AbstractFlushingEventListener - Flushed: 0 insertions, 0 updates, 0 deletions to 1 objects
11:49:35.102 [Test worker] DEBUG org.hibernate.event.internal.AbstractFlushingEventListener - Flushed: 0 (re)creations, 0 updates, 0 removals to 0 collections
11:49:35.102 [Test worker] DEBUG org.hibernate.internal.util.EntityPrinter - Listing entities:
11:49:35.102 [Test worker] DEBUG org.hibernate.internal.util.EntityPrinter - web_prak.java.classes.Products{measure=штук, quantity=5, expiration_date_to=2022-08-01, product_id=428, expiration_date_from=2021-08-01, type=Ноутбуки, product_name=Asus Rog Strix, place_id=web_prak.java.classes.Register_place#532}
11:49:35.116 [Test worker] DEBUG org.hibernate.resource.jdbc.internal.LogicalConnectionManagedImpl - Initiating JDBC connection release from afterTransaction
11:49:35.117 [Test worker] DEBUG org.hibernate.resource.jdbc.internal.LogicalConnectionManagedImpl - Initiating JDBC connection release from afterTransaction
11:49:35.117 [Test worker] DEBUG org.hibernate.query.criteria.internal.CriteriaQueryImpl - Rendered criteria query -> select generatedAlias0 from Products as generatedAlias0
11:49:35.118 [Test worker] DEBUG org.hibernate.hql.internal.ast.QueryTranslatorImpl - parse() - HQL: select generatedAlias0 from web_prak.java.classes.Products as generatedAlias0
11:49:35.119 [Test worker] DEBUG org.hibernate.hql.internal.ast.ErrorTracker - throwQueryException() : no errors
11:49:35.120 [Test worker] DEBUG org.hibernate.hql.internal.ast.QueryTranslatorImpl - --- HQL AST ---
 \-[QUERY] Node: 'query'
    \-[SELECT_FROM] Node: 'SELECT_FROM'
       +-[FROM] Node: 'from'
       |  \-[RANGE] Node: 'RANGE'
       |     +-[DOT] Node: '.'
       |     |  +-[DOT] Node: '.'
       |     |  |  +-[DOT] Node: '.'
       |     |  |  |  +-[IDENT] Node: 'web_prak'
       |     |  |  |  \-[IDENT] Node: 'java'
       |     |  |  \-[IDENT] Node: 'classes'
       |     |  \-[IDENT] Node: 'Products'
       |     \-[ALIAS] Node: 'generatedAlias0'
       \-[SELECT] Node: 'select'
          \-[IDENT] Node: 'generatedAlias0'

11:49:35.121 [Test worker] DEBUG org.hibernate.hql.internal.antlr.HqlSqlBaseWalker - select << begin [level=1, statement=select]
11:49:35.121 [Test worker] DEBUG org.hibernate.hql.internal.ast.tree.FromElement - FromClause{level=1} : web_prak.java.classes.Products (generatedAlias0) -> products0_
11:49:35.122 [Test worker] DEBUG org.hibernate.hql.internal.ast.tree.FromReferenceNode - Resolved : generatedAlias0 -> products0_.product_id
11:49:35.122 [Test worker] DEBUG org.hibernate.hql.internal.antlr.HqlSqlBaseWalker - select : finishing up [level=1, statement=select]
11:49:35.122 [Test worker] DEBUG org.hibernate.hql.internal.ast.HqlSqlWalker - processQuery() :  ( SELECT ( {select clause} products0_.product_id ) ( FromClause{level=1} products products0_ ) )
11:49:35.123 [Test worker] DEBUG org.hibernate.hql.internal.ast.util.JoinProcessor - Tables referenced from query nodes:
 \-QueryNode
    +-SelectClause
    | referencedTables(entity Products): [products]
    |  +-IdentNode
    |  | persister: SingleTableEntityPersister(web_prak.java.classes.Products)
    |  | originalText: generatedAlias0
    |  \-SqlFragment
    \-FromClause
       \-FromElement

11:49:35.124 [Test worker] DEBUG org.hibernate.hql.internal.ast.util.JoinProcessor - Using FROM fragment [products products0_]
11:49:35.124 [Test worker] DEBUG org.hibernate.hql.internal.antlr.HqlSqlBaseWalker - select >> end [level=1, statement=select]
11:49:35.125 [Test worker] DEBUG org.hibernate.hql.internal.ast.QueryTranslatorImpl - --- SQL AST ---
 \-[SELECT] QueryNode: 'SELECT'  querySpaces (products)
    +-[SELECT_CLAUSE] SelectClause: '{select clause}'
    |  +-[ALIAS_REF] IdentNode: 'products0_.product_id as product_1_3_' {alias=generatedAlias0, className=web_prak.java.classes.Products, tableAlias=products0_}
    |  \-[SQL_TOKEN] SqlFragment: 'products0_.expiration_date_from as expirati2_3_, products0_.expiration_date_to as expirati3_3_, products0_.measure as measure4_3_, products0_.place_id as place_id8_3_, products0_.product_name as product_5_3_, products0_.quantity as quantity6_3_, products0_.type as type7_3_'
    \-[FROM] FromClause: 'from' FromClause{level=1, fromElementCounter=1, fromElements=1, fromElementByClassAlias=[generatedAlias0], fromElementByTableAlias=[products0_], fromElementsByPath=[], collectionJoinFromElementsByPath=[], impliedElements=[]}
       \-[FROM_FRAGMENT] FromElement: 'products products0_' FromElement{explicit,not a collection join,not a fetch join,fetch non-lazy properties,classAlias=generatedAlias0,role=null,tableName=products,tableAlias=products0_,origin=null,columns={,className=web_prak.java.classes.Products}}

11:49:35.125 [Test worker] DEBUG org.hibernate.hql.internal.ast.ErrorTracker - throwQueryException() : no errors
11:49:35.125 [Test worker] DEBUG org.hibernate.hql.internal.ast.QueryTranslatorImpl - HQL: select generatedAlias0 from web_prak.java.classes.Products as generatedAlias0
11:49:35.125 [Test worker] DEBUG org.hibernate.hql.internal.ast.QueryTranslatorImpl - SQL: select products0_.product_id as product_1_3_, products0_.expiration_date_from as expirati2_3_, products0_.expiration_date_to as expirati3_3_, products0_.measure as measure4_3_, products0_.place_id as place_id8_3_, products0_.product_name as product_5_3_, products0_.quantity as quantity6_3_, products0_.type as type7_3_ from products products0_
11:49:35.125 [Test worker] DEBUG org.hibernate.hql.internal.ast.ErrorTracker - throwQueryException() : no errors
11:49:35.126 [Test worker] DEBUG org.hibernate.SQL - select products0_.product_id as product_1_3_, products0_.expiration_date_from as expirati2_3_, products0_.expiration_date_to as expirati3_3_, products0_.measure as measure4_3_, products0_.place_id as place_id8_3_, products0_.product_name as product_5_3_, products0_.quantity as quantity6_3_, products0_.type as type7_3_ from products products0_
Hibernate: select products0_.product_id as product_1_3_, products0_.expiration_date_from as expirati2_3_, products0_.expiration_date_to as expirati3_3_, products0_.measure as measure4_3_, products0_.place_id as place_id8_3_, products0_.product_name as product_5_3_, products0_.quantity as quantity6_3_, products0_.type as type7_3_ from products products0_
11:49:35.129 [Test worker] DEBUG org.hibernate.loader.Loader - Result set row: 0
11:49:35.129 [Test worker] DEBUG org.hibernate.loader.Loader - Result row: EntityKey[web_prak.java.classes.Products#427]
11:49:35.130 [Test worker] DEBUG org.hibernate.loader.Loader - Result set row: 1
11:49:35.130 [Test worker] DEBUG org.hibernate.loader.Loader - Result row: EntityKey[web_prak.java.classes.Products#428]
11:49:35.131 [Test worker] DEBUG org.hibernate.engine.internal.TwoPhaseLoad - Resolving attributes for [web_prak.java.classes.Products#427]
11:49:35.131 [Test worker] DEBUG org.hibernate.engine.internal.TwoPhaseLoad - Processing attribute `expiration_date_from` : value = 2021-08-01
11:49:35.131 [Test worker] DEBUG org.hibernate.engine.internal.TwoPhaseLoad - Attribute (`expiration_date_from`)  - enhanced for lazy-loading? - false
11:49:35.131 [Test worker] DEBUG org.hibernate.engine.internal.TwoPhaseLoad - Processing attribute `expiration_date_to` : value = 2022-08-01
11:49:35.132 [Test worker] DEBUG org.hibernate.engine.internal.TwoPhaseLoad - Attribute (`expiration_date_to`)  - enhanced for lazy-loading? - false
11:49:35.132 [Test worker] DEBUG org.hibernate.engine.internal.TwoPhaseLoad - Processing attribute `measure` : value = штук
11:49:35.132 [Test worker] DEBUG org.hibernate.engine.internal.TwoPhaseLoad - Attribute (`measure`)  - enhanced for lazy-loading? - false
11:49:35.132 [Test worker] DEBUG org.hibernate.engine.internal.TwoPhaseLoad - Processing attribute `place_id` : value = 531
11:49:35.132 [Test worker] DEBUG org.hibernate.engine.internal.TwoPhaseLoad - Attribute (`place_id`)  - enhanced for lazy-loading? - false
11:49:35.132 [Test worker] DEBUG org.hibernate.SQL - select register_p0_.place_id as place_id1_4_0_, register_p0_.free as free2_4_0_, register_p0_.storage_location as storage_3_4_0_ from register_place register_p0_ where register_p0_.place_id=?
Hibernate: select register_p0_.place_id as place_id1_4_0_, register_p0_.free as free2_4_0_, register_p0_.storage_location as storage_3_4_0_ from register_place register_p0_ where register_p0_.place_id=?
11:49:35.134 [Test worker] DEBUG org.hibernate.loader.plan.exec.process.internal.EntityReferenceInitializerImpl - On call to EntityIdentifierReaderImpl#resolve, EntityKey was already known; should only happen on root returns with an optional identifier specified
11:49:35.135 [Test worker] DEBUG org.hibernate.engine.internal.TwoPhaseLoad - Resolving attributes for [web_prak.java.classes.Register_place#531]
11:49:35.135 [Test worker] DEBUG org.hibernate.engine.internal.TwoPhaseLoad - Processing attribute `free` : value = нет
11:49:35.135 [Test worker] DEBUG org.hibernate.engine.internal.TwoPhaseLoad - Attribute (`free`)  - enhanced for lazy-loading? - false
11:49:35.135 [Test worker] DEBUG org.hibernate.engine.internal.TwoPhaseLoad - Processing attribute `storage_location` : value = 02 10 03
11:49:35.135 [Test worker] DEBUG org.hibernate.engine.internal.TwoPhaseLoad - Attribute (`storage_location`)  - enhanced for lazy-loading? - false
11:49:35.135 [Test worker] DEBUG org.hibernate.engine.internal.TwoPhaseLoad - Done materializing entity [web_prak.java.classes.Register_place#531]
11:49:35.136 [Test worker] DEBUG org.hibernate.loader.entity.plan.AbstractLoadPlanBasedEntityLoader - Done entity load : web_prak.java.classes.Register_place#531
11:49:35.136 [Test worker] DEBUG org.hibernate.engine.internal.TwoPhaseLoad - Processing attribute `product_name` : value = Asus Rog Strix
11:49:35.136 [Test worker] DEBUG org.hibernate.engine.internal.TwoPhaseLoad - Attribute (`product_name`)  - enhanced for lazy-loading? - false
11:49:35.136 [Test worker] DEBUG org.hibernate.engine.internal.TwoPhaseLoad - Processing attribute `quantity` : value = 5
11:49:35.136 [Test worker] DEBUG org.hibernate.engine.internal.TwoPhaseLoad - Attribute (`quantity`)  - enhanced for lazy-loading? - false
11:49:35.136 [Test worker] DEBUG org.hibernate.engine.internal.TwoPhaseLoad - Processing attribute `type` : value = Ноутбуки
11:49:35.136 [Test worker] DEBUG org.hibernate.engine.internal.TwoPhaseLoad - Attribute (`type`)  - enhanced for lazy-loading? - false
11:49:35.136 [Test worker] DEBUG org.hibernate.engine.internal.TwoPhaseLoad - Done materializing entity [web_prak.java.classes.Products#427]
11:49:35.136 [Test worker] DEBUG org.hibernate.engine.internal.TwoPhaseLoad - Resolving attributes for [web_prak.java.classes.Products#428]
11:49:35.136 [Test worker] DEBUG org.hibernate.engine.internal.TwoPhaseLoad - Processing attribute `expiration_date_from` : value = 2021-08-01
11:49:35.136 [Test worker] DEBUG org.hibernate.engine.internal.TwoPhaseLoad - Attribute (`expiration_date_from`)  - enhanced for lazy-loading? - false
11:49:35.137 [Test worker] DEBUG org.hibernate.engine.internal.TwoPhaseLoad - Processing attribute `expiration_date_to` : value = 2022-08-01
11:49:35.137 [Test worker] DEBUG org.hibernate.engine.internal.TwoPhaseLoad - Attribute (`expiration_date_to`)  - enhanced for lazy-loading? - false
11:49:35.137 [Test worker] DEBUG org.hibernate.engine.internal.TwoPhaseLoad - Processing attribute `measure` : value = штук
11:49:35.137 [Test worker] DEBUG org.hibernate.engine.internal.TwoPhaseLoad - Attribute (`measure`)  - enhanced for lazy-loading? - false
11:49:35.137 [Test worker] DEBUG org.hibernate.engine.internal.TwoPhaseLoad - Processing attribute `place_id` : value = 532
11:49:35.137 [Test worker] DEBUG org.hibernate.engine.internal.TwoPhaseLoad - Attribute (`place_id`)  - enhanced for lazy-loading? - false
11:49:35.137 [Test worker] DEBUG org.hibernate.SQL - select register_p0_.place_id as place_id1_4_0_, register_p0_.free as free2_4_0_, register_p0_.storage_location as storage_3_4_0_ from register_place register_p0_ where register_p0_.place_id=?
Hibernate: select register_p0_.place_id as place_id1_4_0_, register_p0_.free as free2_4_0_, register_p0_.storage_location as storage_3_4_0_ from register_place register_p0_ where register_p0_.place_id=?
11:49:35.138 [Test worker] DEBUG org.hibernate.loader.plan.exec.process.internal.EntityReferenceInitializerImpl - On call to EntityIdentifierReaderImpl#resolve, EntityKey was already known; should only happen on root returns with an optional identifier specified
11:49:35.139 [Test worker] DEBUG org.hibernate.engine.internal.TwoPhaseLoad - Resolving attributes for [web_prak.java.classes.Register_place#532]
11:49:35.139 [Test worker] DEBUG org.hibernate.engine.internal.TwoPhaseLoad - Processing attribute `free` : value = нет
11:49:35.139 [Test worker] DEBUG org.hibernate.engine.internal.TwoPhaseLoad - Attribute (`free`)  - enhanced for lazy-loading? - false
11:49:35.139 [Test worker] DEBUG org.hibernate.engine.internal.TwoPhaseLoad - Processing attribute `storage_location` : value = 03 03 04
11:49:35.139 [Test worker] DEBUG org.hibernate.engine.internal.TwoPhaseLoad - Attribute (`storage_location`)  - enhanced for lazy-loading? - false
11:49:35.139 [Test worker] DEBUG org.hibernate.engine.internal.TwoPhaseLoad - Done materializing entity [web_prak.java.classes.Register_place#532]
11:49:35.139 [Test worker] DEBUG org.hibernate.loader.entity.plan.AbstractLoadPlanBasedEntityLoader - Done entity load : web_prak.java.classes.Register_place#532
11:49:35.140 [Test worker] DEBUG org.hibernate.engine.internal.TwoPhaseLoad - Processing attribute `product_name` : value = Asus Rog Strix
11:49:35.140 [Test worker] DEBUG org.hibernate.engine.internal.TwoPhaseLoad - Attribute (`product_name`)  - enhanced for lazy-loading? - false
11:49:35.140 [Test worker] DEBUG org.hibernate.engine.internal.TwoPhaseLoad - Processing attribute `quantity` : value = 5
11:49:35.140 [Test worker] DEBUG org.hibernate.engine.internal.TwoPhaseLoad - Attribute (`quantity`)  - enhanced for lazy-loading? - false
11:49:35.140 [Test worker] DEBUG org.hibernate.engine.internal.TwoPhaseLoad - Processing attribute `type` : value = Ноутбуки
11:49:35.140 [Test worker] DEBUG org.hibernate.engine.internal.TwoPhaseLoad - Attribute (`type`)  - enhanced for lazy-loading? - false
11:49:35.140 [Test worker] DEBUG org.hibernate.engine.internal.TwoPhaseLoad - Done materializing entity [web_prak.java.classes.Products#428]
11:49:35.140 [Test worker] DEBUG org.hibernate.resource.jdbc.internal.LogicalConnectionManagedImpl - Initiating JDBC connection release from afterTransaction
11:49:35.141 [Test worker] DEBUG org.hibernate.engine.transaction.internal.TransactionImpl - On TransactionImpl creation, JpaCompliance#isJpaTransactionComplianceEnabled == false
11:49:35.142 [Test worker] DEBUG org.hibernate.engine.transaction.internal.TransactionImpl - begin
11:49:35.142 [Test worker] DEBUG org.hibernate.engine.transaction.internal.TransactionImpl - committing
11:49:35.142 [Test worker] DEBUG org.hibernate.event.internal.AbstractFlushingEventListener - Processing flush-time cascades
11:49:35.142 [Test worker] DEBUG org.hibernate.event.internal.AbstractFlushingEventListener - Dirty checking collections
11:49:35.142 [Test worker] DEBUG org.hibernate.event.internal.AbstractFlushingEventListener - Flushed: 0 insertions, 0 updates, 1 deletions to 1 objects
11:49:35.142 [Test worker] DEBUG org.hibernate.event.internal.AbstractFlushingEventListener - Flushed: 0 (re)creations, 0 updates, 0 removals to 0 collections
11:49:35.142 [Test worker] DEBUG org.hibernate.internal.util.EntityPrinter - Listing entities:
11:49:35.143 [Test worker] DEBUG org.hibernate.internal.util.EntityPrinter - web_prak.java.classes.Products{measure=штук, quantity=5, expiration_date_to=2022-08-01, product_id=427, expiration_date_from=2021-08-01, type=Ноутбуки, product_name=Asus Rog Strix, place_id=web_prak.java.classes.Register_place#531}
11:49:35.143 [Test worker] DEBUG org.hibernate.SQL - delete from products where product_id=?
Hibernate: delete from products where product_id=?
11:49:35.156 [Test worker] DEBUG org.hibernate.resource.jdbc.internal.LogicalConnectionManagedImpl - Initiating JDBC connection release from afterTransaction
11:49:35.156 [Test worker] DEBUG org.hibernate.resource.jdbc.internal.LogicalConnectionManagedImpl - Initiating JDBC connection release from afterTransaction
11:49:35.156 [Test worker] DEBUG org.hibernate.engine.jdbc.internal.JdbcCoordinatorImpl - HHH000420: Closing un-released batch
11:49:35.156 [Test worker] DEBUG org.hibernate.engine.transaction.internal.TransactionImpl - On TransactionImpl creation, JpaCompliance#isJpaTransactionComplianceEnabled == false
11:49:35.156 [Test worker] DEBUG org.hibernate.engine.transaction.internal.TransactionImpl - begin
11:49:35.157 [Test worker] DEBUG org.hibernate.engine.transaction.internal.TransactionImpl - committing
11:49:35.157 [Test worker] DEBUG org.hibernate.event.internal.AbstractFlushingEventListener - Processing flush-time cascades
11:49:35.157 [Test worker] DEBUG org.hibernate.event.internal.AbstractFlushingEventListener - Dirty checking collections
11:49:35.157 [Test worker] DEBUG org.hibernate.event.internal.AbstractFlushingEventListener - Flushed: 0 insertions, 0 updates, 1 deletions to 1 objects
11:49:35.157 [Test worker] DEBUG org.hibernate.event.internal.AbstractFlushingEventListener - Flushed: 0 (re)creations, 0 updates, 0 removals to 0 collections
11:49:35.157 [Test worker] DEBUG org.hibernate.internal.util.EntityPrinter - Listing entities:
11:49:35.157 [Test worker] DEBUG org.hibernate.internal.util.EntityPrinter - web_prak.java.classes.Products{measure=штук, quantity=5, expiration_date_to=2022-08-01, product_id=428, expiration_date_from=2021-08-01, type=Ноутбуки, product_name=Asus Rog Strix, place_id=web_prak.java.classes.Register_place#532}
11:49:35.158 [Test worker] DEBUG org.hibernate.SQL - delete from products where product_id=?
Hibernate: delete from products where product_id=?
11:49:35.172 [Test worker] DEBUG org.hibernate.resource.jdbc.internal.LogicalConnectionManagedImpl - Initiating JDBC connection release from afterTransaction
11:49:35.172 [Test worker] DEBUG org.hibernate.resource.jdbc.internal.LogicalConnectionManagedImpl - Initiating JDBC connection release from afterTransaction
11:49:35.172 [Test worker] DEBUG org.hibernate.engine.jdbc.internal.JdbcCoordinatorImpl - HHH000420: Closing un-released batch
11:49:35.173 [Test worker] DEBUG org.hibernate.engine.transaction.internal.TransactionImpl - On TransactionImpl creation, JpaCompliance#isJpaTransactionComplianceEnabled == false
11:49:35.173 [Test worker] DEBUG org.hibernate.engine.transaction.internal.TransactionImpl - begin
11:49:35.173 [Test worker] DEBUG org.hibernate.engine.transaction.internal.TransactionImpl - committing
11:49:35.173 [Test worker] DEBUG org.hibernate.event.internal.AbstractFlushingEventListener - Processing flush-time cascades
11:49:35.173 [Test worker] DEBUG org.hibernate.event.internal.AbstractFlushingEventListener - Dirty checking collections
11:49:35.174 [Test worker] DEBUG org.hibernate.event.internal.AbstractFlushingEventListener - Flushed: 0 insertions, 0 updates, 1 deletions to 1 objects
11:49:35.174 [Test worker] DEBUG org.hibernate.event.internal.AbstractFlushingEventListener - Flushed: 0 (re)creations, 0 updates, 0 removals to 0 collections
11:49:35.174 [Test worker] DEBUG org.hibernate.internal.util.EntityPrinter - Listing entities:
11:49:35.174 [Test worker] DEBUG org.hibernate.internal.util.EntityPrinter - web_prak.java.classes.Register_place{storage_location=02 10 03, free=нет, place_id=531}
11:49:35.174 [Test worker] DEBUG org.hibernate.SQL - delete from register_place where place_id=?
Hibernate: delete from register_place where place_id=?
11:49:35.189 [Test worker] DEBUG org.hibernate.resource.jdbc.internal.LogicalConnectionManagedImpl - Initiating JDBC connection release from afterTransaction
11:49:35.190 [Test worker] DEBUG org.hibernate.resource.jdbc.internal.LogicalConnectionManagedImpl - Initiating JDBC connection release from afterTransaction
11:49:35.190 [Test worker] DEBUG org.hibernate.engine.jdbc.internal.JdbcCoordinatorImpl - HHH000420: Closing un-released batch
11:49:35.190 [Test worker] DEBUG org.hibernate.engine.transaction.internal.TransactionImpl - On TransactionImpl creation, JpaCompliance#isJpaTransactionComplianceEnabled == false
11:49:35.190 [Test worker] DEBUG org.hibernate.engine.transaction.internal.TransactionImpl - begin
11:49:35.190 [Test worker] DEBUG org.hibernate.engine.transaction.internal.TransactionImpl - committing
11:49:35.190 [Test worker] DEBUG org.hibernate.event.internal.AbstractFlushingEventListener - Processing flush-time cascades
11:49:35.190 [Test worker] DEBUG org.hibernate.event.internal.AbstractFlushingEventListener - Dirty checking collections
11:49:35.191 [Test worker] DEBUG org.hibernate.event.internal.AbstractFlushingEventListener - Flushed: 0 insertions, 0 updates, 1 deletions to 1 objects
11:49:35.191 [Test worker] DEBUG org.hibernate.event.internal.AbstractFlushingEventListener - Flushed: 0 (re)creations, 0 updates, 0 removals to 0 collections
11:49:35.191 [Test worker] DEBUG org.hibernate.internal.util.EntityPrinter - Listing entities:
11:49:35.191 [Test worker] DEBUG org.hibernate.internal.util.EntityPrinter - web_prak.java.classes.Register_place{storage_location=03 03 04, free=нет, place_id=532}
11:49:35.191 [Test worker] DEBUG org.hibernate.SQL - delete from register_place where place_id=?
Hibernate: delete from register_place where place_id=?
11:49:35.206 [Test worker] DEBUG org.hibernate.resource.jdbc.internal.LogicalConnectionManagedImpl - Initiating JDBC connection release from afterTransaction
11:49:35.206 [Test worker] DEBUG org.hibernate.resource.jdbc.internal.LogicalConnectionManagedImpl - Initiating JDBC connection release from afterTransaction
11:49:35.206 [Test worker] DEBUG org.hibernate.engine.jdbc.internal.JdbcCoordinatorImpl - HHH000420: Closing un-released batch
11:49:35.208 [Test worker] DEBUG org.hibernate.engine.transaction.internal.TransactionImpl - On TransactionImpl creation, JpaCompliance#isJpaTransactionComplianceEnabled == false
11:49:35.208 [Test worker] DEBUG org.hibernate.engine.transaction.internal.TransactionImpl - begin
11:49:35.208 [Test worker] DEBUG org.hibernate.engine.spi.ActionQueue - Executing identity-insert immediately
11:49:35.208 [Test worker] DEBUG org.hibernate.SQL - insert into register_place (free, storage_location) values (?, ?)
Hibernate: insert into register_place (free, storage_location) values (?, ?)
11:49:35.209 [Test worker] DEBUG org.hibernate.id.IdentifierGeneratorHelper - Natively generated identity: 533
11:49:35.209 [Test worker] DEBUG org.hibernate.resource.jdbc.internal.ResourceRegistryStandardImpl - HHH000387: ResultSet's statement was not registered
11:49:35.210 [Test worker] DEBUG org.hibernate.engine.transaction.internal.TransactionImpl - committing
11:49:35.210 [Test worker] DEBUG org.hibernate.event.internal.AbstractFlushingEventListener - Processing flush-time cascades
11:49:35.210 [Test worker] DEBUG org.hibernate.event.internal.AbstractFlushingEventListener - Dirty checking collections
11:49:35.210 [Test worker] DEBUG org.hibernate.event.internal.AbstractFlushingEventListener - Flushed: 0 insertions, 0 updates, 0 deletions to 1 objects
11:49:35.210 [Test worker] DEBUG org.hibernate.event.internal.AbstractFlushingEventListener - Flushed: 0 (re)creations, 0 updates, 0 removals to 0 collections
11:49:35.210 [Test worker] DEBUG org.hibernate.internal.util.EntityPrinter - Listing entities:
11:49:35.210 [Test worker] DEBUG org.hibernate.internal.util.EntityPrinter - web_prak.java.classes.Register_place{storage_location=02 10 03, free=нет, place_id=533}
11:49:35.223 [Test worker] DEBUG org.hibernate.resource.jdbc.internal.LogicalConnectionManagedImpl - Initiating JDBC connection release from afterTransaction
11:49:35.223 [Test worker] DEBUG org.hibernate.resource.jdbc.internal.LogicalConnectionManagedImpl - Initiating JDBC connection release from afterTransaction
11:49:35.223 [Test worker] DEBUG org.hibernate.engine.transaction.internal.TransactionImpl - On TransactionImpl creation, JpaCompliance#isJpaTransactionComplianceEnabled == false
11:49:35.223 [Test worker] DEBUG org.hibernate.engine.transaction.internal.TransactionImpl - begin
11:49:35.223 [Test worker] DEBUG org.hibernate.engine.spi.ActionQueue - Executing identity-insert immediately
11:49:35.223 [Test worker] DEBUG org.hibernate.SQL - insert into register_place (free, storage_location) values (?, ?)
Hibernate: insert into register_place (free, storage_location) values (?, ?)
11:49:35.224 [Test worker] DEBUG org.hibernate.id.IdentifierGeneratorHelper - Natively generated identity: 534
11:49:35.225 [Test worker] DEBUG org.hibernate.resource.jdbc.internal.ResourceRegistryStandardImpl - HHH000387: ResultSet's statement was not registered
11:49:35.225 [Test worker] DEBUG org.hibernate.engine.transaction.internal.TransactionImpl - committing
11:49:35.225 [Test worker] DEBUG org.hibernate.event.internal.AbstractFlushingEventListener - Processing flush-time cascades
11:49:35.225 [Test worker] DEBUG org.hibernate.event.internal.AbstractFlushingEventListener - Dirty checking collections
11:49:35.225 [Test worker] DEBUG org.hibernate.event.internal.AbstractFlushingEventListener - Flushed: 0 insertions, 0 updates, 0 deletions to 1 objects
11:49:35.225 [Test worker] DEBUG org.hibernate.event.internal.AbstractFlushingEventListener - Flushed: 0 (re)creations, 0 updates, 0 removals to 0 collections
11:49:35.225 [Test worker] DEBUG org.hibernate.internal.util.EntityPrinter - Listing entities:
11:49:35.225 [Test worker] DEBUG org.hibernate.internal.util.EntityPrinter - web_prak.java.classes.Register_place{storage_location=03 03 04, free=нет, place_id=534}
11:49:35.239 [Test worker] DEBUG org.hibernate.resource.jdbc.internal.LogicalConnectionManagedImpl - Initiating JDBC connection release from afterTransaction
11:49:35.239 [Test worker] DEBUG org.hibernate.resource.jdbc.internal.LogicalConnectionManagedImpl - Initiating JDBC connection release from afterTransaction
11:49:35.239 [Test worker] DEBUG org.hibernate.engine.transaction.internal.TransactionImpl - On TransactionImpl creation, JpaCompliance#isJpaTransactionComplianceEnabled == false
11:49:35.239 [Test worker] DEBUG org.hibernate.engine.transaction.internal.TransactionImpl - begin
11:49:35.239 [Test worker] DEBUG org.hibernate.engine.spi.ActionQueue - Executing identity-insert immediately
11:49:35.240 [Test worker] DEBUG org.hibernate.SQL - insert into products (expiration_date_from, expiration_date_to, measure, place_id, product_name, quantity, type) values (?, ?, ?, ?, ?, ?, ?)
Hibernate: insert into products (expiration_date_from, expiration_date_to, measure, place_id, product_name, quantity, type) values (?, ?, ?, ?, ?, ?, ?)
11:49:35.240 [Test worker] DEBUG org.hibernate.id.IdentifierGeneratorHelper - Natively generated identity: 429
11:49:35.240 [Test worker] DEBUG org.hibernate.resource.jdbc.internal.ResourceRegistryStandardImpl - HHH000387: ResultSet's statement was not registered
11:49:35.241 [Test worker] DEBUG org.hibernate.engine.transaction.internal.TransactionImpl - committing
11:49:35.241 [Test worker] DEBUG org.hibernate.event.internal.AbstractFlushingEventListener - Processing flush-time cascades
11:49:35.241 [Test worker] DEBUG org.hibernate.event.internal.AbstractFlushingEventListener - Dirty checking collections
11:49:35.241 [Test worker] DEBUG org.hibernate.event.internal.AbstractFlushingEventListener - Flushed: 0 insertions, 0 updates, 0 deletions to 1 objects
11:49:35.241 [Test worker] DEBUG org.hibernate.event.internal.AbstractFlushingEventListener - Flushed: 0 (re)creations, 0 updates, 0 removals to 0 collections
11:49:35.241 [Test worker] DEBUG org.hibernate.internal.util.EntityPrinter - Listing entities:
11:49:35.241 [Test worker] DEBUG org.hibernate.internal.util.EntityPrinter - web_prak.java.classes.Products{measure=штук, quantity=5, expiration_date_to=2022-08-01, product_id=429, expiration_date_from=2021-08-01, type=Ноутбуки, product_name=Asus Rog Strix, place_id=web_prak.java.classes.Register_place#533}
11:49:35.508 [Test worker] DEBUG org.hibernate.resource.jdbc.internal.LogicalConnectionManagedImpl - Initiating JDBC connection release from afterTransaction
11:49:35.508 [Test worker] DEBUG org.hibernate.resource.jdbc.internal.LogicalConnectionManagedImpl - Initiating JDBC connection release from afterTransaction
11:49:35.509 [Test worker] DEBUG org.hibernate.engine.transaction.internal.TransactionImpl - On TransactionImpl creation, JpaCompliance#isJpaTransactionComplianceEnabled == false
11:49:35.509 [Test worker] DEBUG org.hibernate.engine.transaction.internal.TransactionImpl - begin
11:49:35.509 [Test worker] DEBUG org.hibernate.engine.spi.ActionQueue - Executing identity-insert immediately
11:49:35.509 [Test worker] DEBUG org.hibernate.SQL - insert into products (expiration_date_from, expiration_date_to, measure, place_id, product_name, quantity, type) values (?, ?, ?, ?, ?, ?, ?)
Hibernate: insert into products (expiration_date_from, expiration_date_to, measure, place_id, product_name, quantity, type) values (?, ?, ?, ?, ?, ?, ?)
11:49:35.512 [Test worker] DEBUG org.hibernate.id.IdentifierGeneratorHelper - Natively generated identity: 430
11:49:35.512 [Test worker] DEBUG org.hibernate.resource.jdbc.internal.ResourceRegistryStandardImpl - HHH000387: ResultSet's statement was not registered
11:49:35.512 [Test worker] DEBUG org.hibernate.engine.transaction.internal.TransactionImpl - committing
11:49:35.512 [Test worker] DEBUG org.hibernate.event.internal.AbstractFlushingEventListener - Processing flush-time cascades
11:49:35.512 [Test worker] DEBUG org.hibernate.event.internal.AbstractFlushingEventListener - Dirty checking collections
11:49:35.512 [Test worker] DEBUG org.hibernate.event.internal.AbstractFlushingEventListener - Flushed: 0 insertions, 0 updates, 0 deletions to 1 objects
11:49:35.512 [Test worker] DEBUG org.hibernate.event.internal.AbstractFlushingEventListener - Flushed: 0 (re)creations, 0 updates, 0 removals to 0 collections
11:49:35.512 [Test worker] DEBUG org.hibernate.internal.util.EntityPrinter - Listing entities:
11:49:35.513 [Test worker] DEBUG org.hibernate.internal.util.EntityPrinter - web_prak.java.classes.Products{measure=штук, quantity=5, expiration_date_to=2023-09-11, product_id=430, expiration_date_from=2021-08-01, type=Ноутбуки, product_name=Asus Rog Strix, place_id=web_prak.java.classes.Register_place#534}
11:49:35.777 [Test worker] DEBUG org.hibernate.resource.jdbc.internal.LogicalConnectionManagedImpl - Initiating JDBC connection release from afterTransaction
11:49:35.777 [Test worker] DEBUG org.hibernate.resource.jdbc.internal.LogicalConnectionManagedImpl - Initiating JDBC connection release from afterTransaction
11:49:35.778 [Test worker] DEBUG org.hibernate.hql.internal.ast.QueryTranslatorImpl - parse() - HQL: FROM web_prak.java.classes.Products WHERE expiration_date_from = :param
11:49:35.779 [Test worker] DEBUG org.hibernate.hql.internal.ast.ErrorTracker - throwQueryException() : no errors
11:49:35.780 [Test worker] DEBUG org.hibernate.hql.internal.ast.QueryTranslatorImpl - --- HQL AST ---
 \-[QUERY] Node: 'query'
    +-[SELECT_FROM] Node: 'SELECT_FROM'
    |  \-[FROM] Node: 'FROM'
    |     \-[RANGE] Node: 'RANGE'
    |        \-[DOT] Node: '.'
    |           +-[DOT] Node: '.'
    |           |  +-[DOT] Node: '.'
    |           |  |  +-[IDENT] Node: 'web_prak'
    |           |  |  \-[IDENT] Node: 'java'
    |           |  \-[IDENT] Node: 'classes'
    |           \-[IDENT] Node: 'Products'
    \-[WHERE] Node: 'WHERE'
       \-[EQ] Node: '='
          +-[IDENT] Node: 'expiration_date_from'
          \-[COLON] Node: ':'
             \-[IDENT] Node: 'param'

11:49:35.781 [Test worker] DEBUG org.hibernate.hql.internal.antlr.HqlSqlBaseWalker - select << begin [level=1, statement=select]
11:49:35.782 [Test worker] DEBUG org.hibernate.hql.internal.ast.tree.FromElement - FromClause{level=1} : web_prak.java.classes.Products (<no alias>) -> products0_
11:49:35.782 [Test worker] DEBUG org.hibernate.hql.internal.ast.tree.FromReferenceNode - Resolved : {synthetic-alias} -> {synthetic-alias}
11:49:35.782 [Test worker] DEBUG org.hibernate.hql.internal.ast.tree.DotNode - getDataType() : expiration_date_from -> org.hibernate.type.DateType@64bba0eb
11:49:35.782 [Test worker] DEBUG org.hibernate.hql.internal.ast.tree.FromReferenceNode - Resolved : {synthetic-alias}.expiration_date_from -> products0_.expiration_date_from
11:49:35.782 [Test worker] DEBUG org.hibernate.hql.internal.antlr.HqlSqlBaseWalker - select : finishing up [level=1, statement=select]
11:49:35.782 [Test worker] DEBUG org.hibernate.hql.internal.ast.HqlSqlWalker - processQuery() :  ( SELECT ( FromClause{level=1} products products0_ ) ( WHERE ( = ( products0_.expiration_date_from {synthetic-alias} expiration_date_from ) ? ) ) )
11:49:35.783 [Test worker] DEBUG org.hibernate.hql.internal.ast.HqlSqlWalker - Derived SELECT clause created.
11:49:35.783 [Test worker] DEBUG org.hibernate.hql.internal.ast.util.JoinProcessor - Tables referenced from query nodes:
 \-QueryNode
    +-SelectClause
    | referencedTables(entity Products): [products]
    |  +-SelectExpressionImpl
    |  | persister: SingleTableEntityPersister(web_prak.java.classes.Products)
    |  \-SqlFragment
    +-FromClause
    |  \-FromElement
    \-SqlNode
       \-BinaryLogicOperatorNode
          +-DotNode
          | persister: SingleTableEntityPersister(web_prak.java.classes.Products)
          | path: {synthetic-alias}.expiration_date_from
          |  +-IdentNode
          |  | persister: SingleTableEntityPersister(web_prak.java.classes.Products)
          |  | originalText: {synthetic-alias}
          |  \-IdentNode
          |    persister: null
          |    originalText: expiration_date_from
          \-ParameterNode

11:49:35.783 [Test worker] DEBUG org.hibernate.hql.internal.ast.util.JoinProcessor - Using FROM fragment [products products0_]
11:49:35.783 [Test worker] DEBUG org.hibernate.hql.internal.antlr.HqlSqlBaseWalker - select >> end [level=1, statement=select]
11:49:35.783 [Test worker] DEBUG org.hibernate.hql.internal.ast.QueryTranslatorImpl - --- SQL AST ---
 \-[SELECT] QueryNode: 'SELECT'  querySpaces (products)
    +-[SELECT_CLAUSE] SelectClause: '{derived select clause}'
    |  +-[SELECT_EXPR] SelectExpressionImpl: 'products0_.product_id as product_1_3_' {FromElement{explicit,not a collection join,not a fetch join,fetch non-lazy properties,classAlias=null,role=null,tableName=products,tableAlias=products0_,origin=null,columns={,className=web_prak.java.classes.Products}}}
    |  \-[SQL_TOKEN] SqlFragment: 'products0_.expiration_date_from as expirati2_3_, products0_.expiration_date_to as expirati3_3_, products0_.measure as measure4_3_, products0_.place_id as place_id8_3_, products0_.product_name as product_5_3_, products0_.quantity as quantity6_3_, products0_.type as type7_3_'
    +-[FROM] FromClause: 'FROM' FromClause{level=1, fromElementCounter=1, fromElements=1, fromElementByClassAlias=[], fromElementByTableAlias=[products0_], fromElementsByPath=[], collectionJoinFromElementsByPath=[], impliedElements=[]}
    |  \-[FROM_FRAGMENT] FromElement: 'products products0_' FromElement{explicit,not a collection join,not a fetch join,fetch non-lazy properties,classAlias=null,role=null,tableName=products,tableAlias=products0_,origin=null,columns={,className=web_prak.java.classes.Products}}
    \-[WHERE] SqlNode: 'WHERE'
       \-[EQ] BinaryLogicOperatorNode: '='
          +-[DOT] DotNode: 'products0_.expiration_date_from' {propertyName=expiration_date_from,dereferenceType=PRIMITIVE,getPropertyPath=expiration_date_from,path={synthetic-alias}.expiration_date_from,tableAlias=products0_,className=web_prak.java.classes.Products,classAlias=null}
          |  +-[IDENT] IdentNode: '{synthetic-alias}' {originalText={synthetic-alias}}
          |  \-[IDENT] IdentNode: 'expiration_date_from' {originalText=expiration_date_from}
          \-[NAMED_PARAM] ParameterNode: '?' {name=param, expectedType=org.hibernate.type.DateType@64bba0eb}

11:49:35.783 [Test worker] DEBUG org.hibernate.hql.internal.ast.ErrorTracker - throwQueryException() : no errors
11:49:35.784 [Test worker] DEBUG org.hibernate.hql.internal.ast.QueryTranslatorImpl - HQL: FROM web_prak.java.classes.Products WHERE expiration_date_from = :param
11:49:35.784 [Test worker] DEBUG org.hibernate.hql.internal.ast.QueryTranslatorImpl - SQL: select products0_.product_id as product_1_3_, products0_.expiration_date_from as expirati2_3_, products0_.expiration_date_to as expirati3_3_, products0_.measure as measure4_3_, products0_.place_id as place_id8_3_, products0_.product_name as product_5_3_, products0_.quantity as quantity6_3_, products0_.type as type7_3_ from products products0_ where products0_.expiration_date_from=?
11:49:35.784 [Test worker] DEBUG org.hibernate.hql.internal.ast.ErrorTracker - throwQueryException() : no errors
11:49:35.784 [Test worker] DEBUG org.hibernate.SQL - select products0_.product_id as product_1_3_, products0_.expiration_date_from as expirati2_3_, products0_.expiration_date_to as expirati3_3_, products0_.measure as measure4_3_, products0_.place_id as place_id8_3_, products0_.product_name as product_5_3_, products0_.quantity as quantity6_3_, products0_.type as type7_3_ from products products0_ where products0_.expiration_date_from=?
Hibernate: select products0_.product_id as product_1_3_, products0_.expiration_date_from as expirati2_3_, products0_.expiration_date_to as expirati3_3_, products0_.measure as measure4_3_, products0_.place_id as place_id8_3_, products0_.product_name as product_5_3_, products0_.quantity as quantity6_3_, products0_.type as type7_3_ from products products0_ where products0_.expiration_date_from=?
11:49:35.785 [Test worker] DEBUG org.hibernate.loader.Loader - Result set row: 0
11:49:35.785 [Test worker] DEBUG org.hibernate.loader.Loader - Result row: EntityKey[web_prak.java.classes.Products#429]
11:49:35.785 [Test worker] DEBUG org.hibernate.loader.Loader - Result set row: 1
11:49:35.785 [Test worker] DEBUG org.hibernate.loader.Loader - Result row: EntityKey[web_prak.java.classes.Products#430]
11:49:35.785 [Test worker] DEBUG org.hibernate.engine.internal.TwoPhaseLoad - Resolving attributes for [web_prak.java.classes.Products#429]
11:49:35.786 [Test worker] DEBUG org.hibernate.engine.internal.TwoPhaseLoad - Processing attribute `expiration_date_from` : value = 2021-08-01
11:49:35.786 [Test worker] DEBUG org.hibernate.engine.internal.TwoPhaseLoad - Attribute (`expiration_date_from`)  - enhanced for lazy-loading? - false
11:49:35.786 [Test worker] DEBUG org.hibernate.engine.internal.TwoPhaseLoad - Processing attribute `expiration_date_to` : value = 2022-08-01
11:49:35.786 [Test worker] DEBUG org.hibernate.engine.internal.TwoPhaseLoad - Attribute (`expiration_date_to`)  - enhanced for lazy-loading? - false
11:49:35.786 [Test worker] DEBUG org.hibernate.engine.internal.TwoPhaseLoad - Processing attribute `measure` : value = штук
11:49:35.786 [Test worker] DEBUG org.hibernate.engine.internal.TwoPhaseLoad - Attribute (`measure`)  - enhanced for lazy-loading? - false
11:49:35.786 [Test worker] DEBUG org.hibernate.engine.internal.TwoPhaseLoad - Processing attribute `place_id` : value = 533
11:49:35.786 [Test worker] DEBUG org.hibernate.engine.internal.TwoPhaseLoad - Attribute (`place_id`)  - enhanced for lazy-loading? - false
11:49:35.786 [Test worker] DEBUG org.hibernate.SQL - select register_p0_.place_id as place_id1_4_0_, register_p0_.free as free2_4_0_, register_p0_.storage_location as storage_3_4_0_ from register_place register_p0_ where register_p0_.place_id=?
Hibernate: select register_p0_.place_id as place_id1_4_0_, register_p0_.free as free2_4_0_, register_p0_.storage_location as storage_3_4_0_ from register_place register_p0_ where register_p0_.place_id=?
11:49:35.786 [Test worker] DEBUG org.hibernate.loader.plan.exec.process.internal.EntityReferenceInitializerImpl - On call to EntityIdentifierReaderImpl#resolve, EntityKey was already known; should only happen on root returns with an optional identifier specified
11:49:35.786 [Test worker] DEBUG org.hibernate.engine.internal.TwoPhaseLoad - Resolving attributes for [web_prak.java.classes.Register_place#533]
11:49:35.786 [Test worker] DEBUG org.hibernate.engine.internal.TwoPhaseLoad - Processing attribute `free` : value = нет
11:49:35.786 [Test worker] DEBUG org.hibernate.engine.internal.TwoPhaseLoad - Attribute (`free`)  - enhanced for lazy-loading? - false
11:49:35.786 [Test worker] DEBUG org.hibernate.engine.internal.TwoPhaseLoad - Processing attribute `storage_location` : value = 02 10 03
11:49:35.786 [Test worker] DEBUG org.hibernate.engine.internal.TwoPhaseLoad - Attribute (`storage_location`)  - enhanced for lazy-loading? - false
11:49:35.786 [Test worker] DEBUG org.hibernate.engine.internal.TwoPhaseLoad - Done materializing entity [web_prak.java.classes.Register_place#533]
11:49:35.787 [Test worker] DEBUG org.hibernate.loader.entity.plan.AbstractLoadPlanBasedEntityLoader - Done entity load : web_prak.java.classes.Register_place#533
11:49:35.787 [Test worker] DEBUG org.hibernate.engine.internal.TwoPhaseLoad - Processing attribute `product_name` : value = Asus Rog Strix
11:49:35.787 [Test worker] DEBUG org.hibernate.engine.internal.TwoPhaseLoad - Attribute (`product_name`)  - enhanced for lazy-loading? - false
11:49:35.787 [Test worker] DEBUG org.hibernate.engine.internal.TwoPhaseLoad - Processing attribute `quantity` : value = 5
11:49:35.787 [Test worker] DEBUG org.hibernate.engine.internal.TwoPhaseLoad - Attribute (`quantity`)  - enhanced for lazy-loading? - false
11:49:35.787 [Test worker] DEBUG org.hibernate.engine.internal.TwoPhaseLoad - Processing attribute `type` : value = Ноутбуки
11:49:35.787 [Test worker] DEBUG org.hibernate.engine.internal.TwoPhaseLoad - Attribute (`type`)  - enhanced for lazy-loading? - false
11:49:35.787 [Test worker] DEBUG org.hibernate.engine.internal.TwoPhaseLoad - Done materializing entity [web_prak.java.classes.Products#429]
11:49:35.787 [Test worker] DEBUG org.hibernate.engine.internal.TwoPhaseLoad - Resolving attributes for [web_prak.java.classes.Products#430]
11:49:35.787 [Test worker] DEBUG org.hibernate.engine.internal.TwoPhaseLoad - Processing attribute `expiration_date_from` : value = 2021-08-01
11:49:35.787 [Test worker] DEBUG org.hibernate.engine.internal.TwoPhaseLoad - Attribute (`expiration_date_from`)  - enhanced for lazy-loading? - false
11:49:35.787 [Test worker] DEBUG org.hibernate.engine.internal.TwoPhaseLoad - Processing attribute `expiration_date_to` : value = 2023-09-11
11:49:35.787 [Test worker] DEBUG org.hibernate.engine.internal.TwoPhaseLoad - Attribute (`expiration_date_to`)  - enhanced for lazy-loading? - false
[...]
11:49:37.241 [Test worker] DEBUG org.hibernate.engine.transaction.internal.TransactionImpl - begin
11:49:37.241 [Test worker] DEBUG org.hibernate.engine.spi.ActionQueue - Executing identity-insert immediately
11:49:37.241 [Test worker] DEBUG org.hibernate.SQL - insert into register_place (free, storage_location) values (?, ?)
Hibernate: insert into register_place (free, storage_location) values (?, ?)
11:49:37.241 [Test worker] DEBUG org.hibernate.id.IdentifierGeneratorHelper - Natively generated identity: 546
11:49:37.241 [Test worker] DEBUG org.hibernate.resource.jdbc.internal.ResourceRegistryStandardImpl - HHH000387: ResultSet's statement was not registered
11:49:37.241 [Test worker] DEBUG org.hibernate.engine.transaction.internal.TransactionImpl - committing
11:49:37.241 [Test worker] DEBUG org.hibernate.event.internal.AbstractFlushingEventListener - Processing flush-time cascades
11:49:37.241 [Test worker] DEBUG org.hibernate.event.internal.AbstractFlushingEventListener - Dirty checking collections
11:49:37.241 [Test worker] DEBUG org.hibernate.event.internal.AbstractFlushingEventListener - Flushed: 0 insertions, 0 updates, 0 deletions to 1 objects
11:49:37.241 [Test worker] DEBUG org.hibernate.event.internal.AbstractFlushingEventListener - Flushed: 0 (re)creations, 0 updates, 0 removals to 0 collections
11:49:37.241 [Test worker] DEBUG org.hibernate.internal.util.EntityPrinter - Listing entities:
11:49:37.241 [Test worker] DEBUG org.hibernate.internal.util.EntityPrinter - web_prak.java.classes.Register_place{storage_location=02 10 03, free=нет, place_id=546}
11:49:37.257 [Test worker] DEBUG org.hibernate.resource.jdbc.internal.LogicalConnectionManagedImpl - Initiating JDBC connection release from afterTransaction
11:49:37.257 [Test worker] DEBUG org.hibernate.resource.jdbc.internal.LogicalConnectionManagedImpl - Initiating JDBC connection release from afterTransaction
11:49:37.257 [Test worker] DEBUG org.hibernate.engine.transaction.internal.TransactionImpl - On TransactionImpl creation, JpaCompliance#isJpaTransactionComplianceEnabled == false
11:49:37.257 [Test worker] DEBUG org.hibernate.engine.transaction.internal.TransactionImpl - begin
11:49:37.257 [Test worker] DEBUG org.hibernate.engine.spi.ActionQueue - Executing identity-insert immediately
11:49:37.257 [Test worker] DEBUG org.hibernate.SQL - insert into products (expiration_date_from, expiration_date_to, measure, place_id, product_name, quantity, type) values (?, ?, ?, ?, ?, ?, ?)
Hibernate: insert into products (expiration_date_from, expiration_date_to, measure, place_id, product_name, quantity, type) values (?, ?, ?, ?, ?, ?, ?)
11:49:37.258 [Test worker] DEBUG org.hibernate.id.IdentifierGeneratorHelper - Natively generated identity: 442
11:49:37.258 [Test worker] DEBUG org.hibernate.resource.jdbc.internal.ResourceRegistryStandardImpl - HHH000387: ResultSet's statement was not registered
11:49:37.258 [Test worker] DEBUG org.hibernate.engine.transaction.internal.TransactionImpl - committing
11:49:37.258 [Test worker] DEBUG org.hibernate.event.internal.AbstractFlushingEventListener - Processing flush-time cascades
11:49:37.258 [Test worker] DEBUG org.hibernate.event.internal.AbstractFlushingEventListener - Dirty checking collections
11:49:37.258 [Test worker] DEBUG org.hibernate.event.internal.AbstractFlushingEventListener - Flushed: 0 insertions, 0 updates, 0 deletions to 1 objects
11:49:37.258 [Test worker] DEBUG org.hibernate.event.internal.AbstractFlushingEventListener - Flushed: 0 (re)creations, 0 updates, 0 removals to 0 collections
11:49:37.258 [Test worker] DEBUG org.hibernate.internal.util.EntityPrinter - Listing entities:
11:49:37.258 [Test worker] DEBUG org.hibernate.internal.util.EntityPrinter - web_prak.java.classes.Products{measure=штук, quantity=5, expiration_date_to=2022-08-01, product_id=442, expiration_date_from=2021-08-01, type=Ноутбуки, product_name=Asus Rog Strix, place_id=web_prak.java.classes.Register_place#546}
11:49:37.273 [Test worker] DEBUG org.hibernate.resource.jdbc.internal.LogicalConnectionManagedImpl - Initiating JDBC connection release from afterTransaction
11:49:37.273 [Test worker] DEBUG org.hibernate.resource.jdbc.internal.LogicalConnectionManagedImpl - Initiating JDBC connection release from afterTransaction
11:49:37.274 [Test worker] DEBUG org.hibernate.SQL - select products0_.product_id as product_1_3_0_, products0_.expiration_date_from as expirati2_3_0_, products0_.expiration_date_to as expirati3_3_0_, products0_.measure as measure4_3_0_, products0_.place_id as place_id8_3_0_, products0_.product_name as product_5_3_0_, products0_.quantity as quantity6_3_0_, products0_.type as type7_3_0_, register_p1_.place_id as place_id1_4_1_, register_p1_.free as free2_4_1_, register_p1_.storage_location as storage_3_4_1_ from products products0_ left outer join register_place register_p1_ on products0_.place_id=register_p1_.place_id where products0_.product_id=?
Hibernate: select products0_.product_id as product_1_3_0_, products0_.expiration_date_from as expirati2_3_0_, products0_.expiration_date_to as expirati3_3_0_, products0_.measure as measure4_3_0_, products0_.place_id as place_id8_3_0_, products0_.product_name as product_5_3_0_, products0_.quantity as quantity6_3_0_, products0_.type as type7_3_0_, register_p1_.place_id as place_id1_4_1_, register_p1_.free as free2_4_1_, register_p1_.storage_location as storage_3_4_1_ from products products0_ left outer join register_place register_p1_ on products0_.place_id=register_p1_.place_id where products0_.product_id=?
11:49:37.274 [Test worker] DEBUG org.hibernate.loader.plan.exec.process.internal.EntityReferenceInitializerImpl - On call to EntityIdentifierReaderImpl#resolve, EntityKey was already known; should only happen on root returns with an optional identifier specified
11:49:37.274 [Test worker] DEBUG org.hibernate.engine.internal.TwoPhaseLoad - Resolving attributes for [web_prak.java.classes.Products#442]
11:49:37.274 [Test worker] DEBUG org.hibernate.engine.internal.TwoPhaseLoad - Processing attribute `expiration_date_from` : value = 2021-08-01
11:49:37.274 [Test worker] DEBUG org.hibernate.engine.internal.TwoPhaseLoad - Attribute (`expiration_date_from`)  - enhanced for lazy-loading? - false
11:49:37.274 [Test worker] DEBUG org.hibernate.engine.internal.TwoPhaseLoad - Processing attribute `expiration_date_to` : value = 2022-08-01
11:49:37.274 [Test worker] DEBUG org.hibernate.engine.internal.TwoPhaseLoad - Attribute (`expiration_date_to`)  - enhanced for lazy-loading? - false
11:49:37.274 [Test worker] DEBUG org.hibernate.engine.internal.TwoPhaseLoad - Processing attribute `measure` : value = штук
11:49:37.274 [Test worker] DEBUG org.hibernate.engine.internal.TwoPhaseLoad - Attribute (`measure`)  - enhanced for lazy-loading? - false
11:49:37.274 [Test worker] DEBUG org.hibernate.engine.internal.TwoPhaseLoad - Processing attribute `place_id` : value = 546
11:49:37.275 [Test worker] DEBUG org.hibernate.engine.internal.TwoPhaseLoad - Attribute (`place_id`)  - enhanced for lazy-loading? - false
11:49:37.275 [Test worker] DEBUG org.hibernate.engine.internal.TwoPhaseLoad - Processing attribute `product_name` : value = Asus Rog Strix
11:49:37.275 [Test worker] DEBUG org.hibernate.engine.internal.TwoPhaseLoad - Attribute (`product_name`)  - enhanced for lazy-loading? - false
11:49:37.275 [Test worker] DEBUG org.hibernate.engine.internal.TwoPhaseLoad - Processing attribute `quantity` : value = 5
11:49:37.275 [Test worker] DEBUG org.hibernate.engine.internal.TwoPhaseLoad - Attribute (`quantity`)  - enhanced for lazy-loading? - false
11:49:37.275 [Test worker] DEBUG org.hibernate.engine.internal.TwoPhaseLoad - Processing attribute `type` : value = Ноутбуки
11:49:37.275 [Test worker] DEBUG org.hibernate.engine.internal.TwoPhaseLoad - Attribute (`type`)  - enhanced for lazy-loading? - false
11:49:37.275 [Test worker] DEBUG org.hibernate.engine.internal.TwoPhaseLoad - Done materializing entity [web_prak.java.classes.Products#442]
11:49:37.275 [Test worker] DEBUG org.hibernate.engine.internal.TwoPhaseLoad - Resolving attributes for [web_prak.java.classes.Register_place#546]
11:49:37.275 [Test worker] DEBUG org.hibernate.engine.internal.TwoPhaseLoad - Processing attribute `free` : value = нет
11:49:37.275 [Test worker] DEBUG org.hibernate.engine.internal.TwoPhaseLoad - Attribute (`free`)  - enhanced for lazy-loading? - false
11:49:37.275 [Test worker] DEBUG org.hibernate.engine.internal.TwoPhaseLoad - Processing attribute `storage_location` : value = 02 10 03
11:49:37.275 [Test worker] DEBUG org.hibernate.engine.internal.TwoPhaseLoad - Attribute (`storage_location`)  - enhanced for lazy-loading? - false
11:49:37.275 [Test worker] DEBUG org.hibernate.engine.internal.TwoPhaseLoad - Done materializing entity [web_prak.java.classes.Register_place#546]
11:49:37.275 [Test worker] DEBUG org.hibernate.loader.entity.plan.AbstractLoadPlanBasedEntityLoader - Done entity load : web_prak.java.classes.Products#442
11:49:37.275 [Test worker] DEBUG org.hibernate.resource.jdbc.internal.LogicalConnectionManagedImpl - Initiating JDBC connection release from afterTransaction
11:49:37.275 [Test worker] DEBUG org.hibernate.engine.transaction.internal.TransactionImpl - On TransactionImpl creation, JpaCompliance#isJpaTransactionComplianceEnabled == false
11:49:37.275 [Test worker] DEBUG org.hibernate.engine.transaction.internal.TransactionImpl - begin
11:49:37.275 [Test worker] DEBUG org.hibernate.engine.transaction.internal.TransactionImpl - committing
11:49:37.275 [Test worker] DEBUG org.hibernate.event.internal.AbstractFlushingEventListener - Processing flush-time cascades
11:49:37.275 [Test worker] DEBUG org.hibernate.event.internal.AbstractFlushingEventListener - Dirty checking collections
11:49:37.276 [Test worker] DEBUG org.hibernate.event.internal.AbstractFlushingEventListener - Flushed: 0 insertions, 1 updates, 0 deletions to 1 objects
11:49:37.276 [Test worker] DEBUG org.hibernate.event.internal.AbstractFlushingEventListener - Flushed: 0 (re)creations, 0 updates, 0 removals to 0 collections
11:49:37.276 [Test worker] DEBUG org.hibernate.internal.util.EntityPrinter - Listing entities:
11:49:37.276 [Test worker] DEBUG org.hibernate.internal.util.EntityPrinter - web_prak.java.classes.Products{measure=штук, quantity=5, expiration_date_to=2022-08-01, product_id=442, expiration_date_from=2021-08-01, type=Ультрабук, product_name=Asus Rog Strix, place_id=web_prak.java.classes.Register_place#546}
11:49:37.276 [Test worker] DEBUG org.hibernate.SQL - update products set expiration_date_from=?, expiration_date_to=?, measure=?, place_id=?, product_name=?, quantity=?, type=? where product_id=?
Hibernate: update products set expiration_date_from=?, expiration_date_to=?, measure=?, place_id=?, product_name=?, quantity=?, type=? where product_id=?
11:49:37.291 [Test worker] DEBUG org.hibernate.resource.jdbc.internal.LogicalConnectionManagedImpl - Initiating JDBC connection release from afterTransaction
11:49:37.291 [Test worker] DEBUG org.hibernate.resource.jdbc.internal.LogicalConnectionManagedImpl - Initiating JDBC connection release from afterTransaction
11:49:37.291 [Test worker] DEBUG org.hibernate.engine.jdbc.internal.JdbcCoordinatorImpl - HHH000420: Closing un-released batch
11:49:37.291 [Test worker] DEBUG org.hibernate.SQL - select products0_.product_id as product_1_3_0_, products0_.expiration_date_from as expirati2_3_0_, products0_.expiration_date_to as expirati3_3_0_, products0_.measure as measure4_3_0_, products0_.place_id as place_id8_3_0_, products0_.product_name as product_5_3_0_, products0_.quantity as quantity6_3_0_, products0_.type as type7_3_0_, register_p1_.place_id as place_id1_4_1_, register_p1_.free as free2_4_1_, register_p1_.storage_location as storage_3_4_1_ from products products0_ left outer join register_place register_p1_ on products0_.place_id=register_p1_.place_id where products0_.product_id=?
Hibernate: select products0_.product_id as product_1_3_0_, products0_.expiration_date_from as expirati2_3_0_, products0_.expiration_date_to as expirati3_3_0_, products0_.measure as measure4_3_0_, products0_.place_id as place_id8_3_0_, products0_.product_name as product_5_3_0_, products0_.quantity as quantity6_3_0_, products0_.type as type7_3_0_, register_p1_.place_id as place_id1_4_1_, register_p1_.free as free2_4_1_, register_p1_.storage_location as storage_3_4_1_ from products products0_ left outer join register_place register_p1_ on products0_.place_id=register_p1_.place_id where products0_.product_id=?
11:49:37.292 [Test worker] DEBUG org.hibernate.loader.plan.exec.process.internal.EntityReferenceInitializerImpl - On call to EntityIdentifierReaderImpl#resolve, EntityKey was already known; should only happen on root returns with an optional identifier specified
11:49:37.292 [Test worker] DEBUG org.hibernate.engine.internal.TwoPhaseLoad - Resolving attributes for [web_prak.java.classes.Products#442]
11:49:37.292 [Test worker] DEBUG org.hibernate.engine.internal.TwoPhaseLoad - Processing attribute `expiration_date_from` : value = 2021-08-01
11:49:37.292 [Test worker] DEBUG org.hibernate.engine.internal.TwoPhaseLoad - Attribute (`expiration_date_from`)  - enhanced for lazy-loading? - false
11:49:37.292 [Test worker] DEBUG org.hibernate.engine.internal.TwoPhaseLoad - Processing attribute `expiration_date_to` : value = 2022-08-01
11:49:37.292 [Test worker] DEBUG org.hibernate.engine.internal.TwoPhaseLoad - Attribute (`expiration_date_to`)  - enhanced for lazy-loading? - false
11:49:37.292 [Test worker] DEBUG org.hibernate.engine.internal.TwoPhaseLoad - Processing attribute `measure` : value = штук
11:49:37.292 [Test worker] DEBUG org.hibernate.engine.internal.TwoPhaseLoad - Attribute (`measure`)  - enhanced for lazy-loading? - false
11:49:37.292 [Test worker] DEBUG org.hibernate.engine.internal.TwoPhaseLoad - Processing attribute `place_id` : value = 546
11:49:37.292 [Test worker] DEBUG org.hibernate.engine.internal.TwoPhaseLoad - Attribute (`place_id`)  - enhanced for lazy-loading? - false
11:49:37.292 [Test worker] DEBUG org.hibernate.engine.internal.TwoPhaseLoad - Processing attribute `product_name` : value = Asus Rog Strix
11:49:37.292 [Test worker] DEBUG org.hibernate.engine.internal.TwoPhaseLoad - Attribute (`product_name`)  - enhanced for lazy-loading? - false
11:49:37.292 [Test worker] DEBUG org.hibernate.engine.internal.TwoPhaseLoad - Processing attribute `quantity` : value = 5
11:49:37.292 [Test worker] DEBUG org.hibernate.engine.internal.TwoPhaseLoad - Attribute (`quantity`)  - enhanced for lazy-loading? - false
11:49:37.292 [Test worker] DEBUG org.hibernate.engine.internal.TwoPhaseLoad - Processing attribute `type` : value = Ультрабук
11:49:37.292 [Test worker] DEBUG org.hibernate.engine.internal.TwoPhaseLoad - Attribute (`type`)  - enhanced for lazy-loading? - false
11:49:37.292 [Test worker] DEBUG org.hibernate.engine.internal.TwoPhaseLoad - Done materializing entity [web_prak.java.classes.Products#442]
11:49:37.292 [Test worker] DEBUG org.hibernate.engine.internal.TwoPhaseLoad - Resolving attributes for [web_prak.java.classes.Register_place#546]
11:49:37.292 [Test worker] DEBUG org.hibernate.engine.internal.TwoPhaseLoad - Processing attribute `free` : value = нет
11:49:37.292 [Test worker] DEBUG org.hibernate.engine.internal.TwoPhaseLoad - Attribute (`free`)  - enhanced for lazy-loading? - false
11:49:37.292 [Test worker] DEBUG org.hibernate.engine.internal.TwoPhaseLoad - Processing attribute `storage_location` : value = 02 10 03
11:49:37.292 [Test worker] DEBUG org.hibernate.engine.internal.TwoPhaseLoad - Attribute (`storage_location`)  - enhanced for lazy-loading? - false
11:49:37.292 [Test worker] DEBUG org.hibernate.engine.internal.TwoPhaseLoad - Done materializing entity [web_prak.java.classes.Register_place#546]
11:49:37.292 [Test worker] DEBUG org.hibernate.loader.entity.plan.AbstractLoadPlanBasedEntityLoader - Done entity load : web_prak.java.classes.Products#442
11:49:37.292 [Test worker] DEBUG org.hibernate.resource.jdbc.internal.LogicalConnectionManagedImpl - Initiating JDBC connection release from afterTransaction
11:49:37.292 [Test worker] DEBUG org.hibernate.engine.transaction.internal.TransactionImpl - On TransactionImpl creation, JpaCompliance#isJpaTransactionComplianceEnabled == false
11:49:37.293 [Test worker] DEBUG org.hibernate.engine.transaction.internal.TransactionImpl - begin
11:49:37.293 [Test worker] DEBUG org.hibernate.engine.transaction.internal.TransactionImpl - committing
11:49:37.293 [Test worker] DEBUG org.hibernate.event.internal.AbstractFlushingEventListener - Processing flush-time cascades
11:49:37.293 [Test worker] DEBUG org.hibernate.event.internal.AbstractFlushingEventListener - Dirty checking collections
11:49:37.293 [Test worker] DEBUG org.hibernate.event.internal.AbstractFlushingEventListener - Flushed: 0 insertions, 0 updates, 1 deletions to 1 objects
11:49:37.293 [Test worker] DEBUG org.hibernate.event.internal.AbstractFlushingEventListener - Flushed: 0 (re)creations, 0 updates, 0 removals to 0 collections
11:49:37.293 [Test worker] DEBUG org.hibernate.internal.util.EntityPrinter - Listing entities:
11:49:37.293 [Test worker] DEBUG org.hibernate.internal.util.EntityPrinter - web_prak.java.classes.Products{measure=штук, quantity=5, expiration_date_to=2022-08-01, product_id=442, expiration_date_from=2021-08-01, type=Ультрабук, product_name=Asus Rog Strix, place_id=web_prak.java.classes.Register_place#546}
11:49:37.293 [Test worker] DEBUG org.hibernate.SQL - delete from products where product_id=?
Hibernate: delete from products where product_id=?
11:49:37.307 [Test worker] DEBUG org.hibernate.resource.jdbc.internal.LogicalConnectionManagedImpl - Initiating JDBC connection release from afterTransaction
11:49:37.307 [Test worker] DEBUG org.hibernate.resource.jdbc.internal.LogicalConnectionManagedImpl - Initiating JDBC connection release from afterTransaction
11:49:37.307 [Test worker] DEBUG org.hibernate.engine.jdbc.internal.JdbcCoordinatorImpl - HHH000420: Closing un-released batch
11:49:37.307 [Test worker] DEBUG org.hibernate.engine.transaction.internal.TransactionImpl - On TransactionImpl creation, JpaCompliance#isJpaTransactionComplianceEnabled == false
11:49:37.307 [Test worker] DEBUG org.hibernate.engine.transaction.internal.TransactionImpl - begin
11:49:37.307 [Test worker] DEBUG org.hibernate.engine.transaction.internal.TransactionImpl - committing
11:49:37.307 [Test worker] DEBUG org.hibernate.event.internal.AbstractFlushingEventListener - Processing flush-time cascades
11:49:37.307 [Test worker] DEBUG org.hibernate.event.internal.AbstractFlushingEventListener - Dirty checking collections
11:49:37.307 [Test worker] DEBUG org.hibernate.event.internal.AbstractFlushingEventListener - Flushed: 0 insertions, 0 updates, 1 deletions to 1 objects
11:49:37.307 [Test worker] DEBUG org.hibernate.event.internal.AbstractFlushingEventListener - Flushed: 0 (re)creations, 0 updates, 0 removals to 0 collections
11:49:37.307 [Test worker] DEBUG org.hibernate.internal.util.EntityPrinter - Listing entities:
11:49:37.307 [Test worker] DEBUG org.hibernate.internal.util.EntityPrinter - web_prak.java.classes.Register_place{storage_location=02 10 03, free=нет, place_id=546}
11:49:37.308 [Test worker] DEBUG org.hibernate.SQL - delete from register_place where place_id=?
Hibernate: delete from register_place where place_id=?
11:49:37.324 [Test worker] DEBUG org.hibernate.resource.jdbc.internal.LogicalConnectionManagedImpl - Initiating JDBC connection release from afterTransaction
11:49:37.324 [Test worker] DEBUG org.hibernate.resource.jdbc.internal.LogicalConnectionManagedImpl - Initiating JDBC connection release from afterTransaction
11:49:37.324 [Test worker] DEBUG org.hibernate.engine.jdbc.internal.JdbcCoordinatorImpl - HHH000420: Closing un-released batch
]]></system-out>
  <system-err><![CDATA[]]></system-err>
</testsuite>
